<?xml version="1.0" encoding="utf-8"?>
<TestRun id="673d5bad-1388-41c4-ac94-5a6135dfc9ae" name="pnaro@LAPTOP-35RG0TO8 2020-12-26 18:06:43" runUser="LAPTOP-35RG0TO8\pnaro" xmlns="http://microsoft.com/schemas/VisualStudio/TeamTest/2010">
  <Times creation="2020-12-26T18:06:43.2172886+01:00" queuing="2020-12-26T18:06:43.2172895+01:00" start="2020-12-26T18:06:41.7725994+01:00" finish="2020-12-26T18:07:23.4659941+01:00" />
  <TestSettings name="default" id="aac3cb0c-11f7-4a60-8089-7bd782bf40ae">
    <Deployment runDeploymentRoot="pnaro_LAPTOP-35RG0TO8_2020-12-26_18_06_43" />
  </TestSettings>
  <Results>
    <UnitTestResult executionId="5059e031-a633-40b0-8757-53a5e1a42948" testId="69421f74-dab9-7682-2157-83ab4af72623" testName="_2020.Tests.Days.Day15Tests.Part2_Pack(testCaseName: &quot;example4&quot;, _: &quot;27&quot;, expectedResult: &quot;261214&quot;, fileContent: &quot;1,2,3&quot;)" computerName="LAPTOP-35RG0TO8" duration="00:00:04.2749617" startTime="2020-12-26T18:07:15.6478542+01:00" endTime="2020-12-26T18:07:15.6478610+01:00" testType="13cdc9d9-ddb5-4fa4-a97d-d965ccfc6d4b" outcome="Passed" testListId="8c84fa94-04c1-424b-9868-57a2d4851a1d" relativeResultsDirectory="5059e031-a633-40b0-8757-53a5e1a42948" />
    <UnitTestResult executionId="d7a42f43-3368-4b9a-b7ab-25c51326d89a" testId="5e9fd67a-100d-f0f8-28f8-739d3a791929" testName="_2020.Tests.Days.Day19Tests.Part1_pack(testCaseName: &quot;example2&quot;, expectedResult: &quot;3&quot;, _: &quot;12&quot;, fileContent: &quot;42: 9 14 | 10 1\r\n9: 14 27 | 1 26\r\n10: 23 14 | &quot;...)" computerName="LAPTOP-35RG0TO8" duration="00:00:00.0057807" startTime="2020-12-26T18:06:43.3818489+01:00" endTime="2020-12-26T18:06:43.3818507+01:00" testType="13cdc9d9-ddb5-4fa4-a97d-d965ccfc6d4b" outcome="Passed" testListId="8c84fa94-04c1-424b-9868-57a2d4851a1d" relativeResultsDirectory="d7a42f43-3368-4b9a-b7ab-25c51326d89a" />
    <UnitTestResult executionId="3eec8ea0-d279-486c-98f1-9570497fe62b" testId="160b6563-2105-ca70-48f4-f9c0ddc5ea76" testName="_2020.Tests.Days.Day19Tests.Part1_pack(testCaseName: &quot;puzzleexample&quot;, expectedResult: &quot;147&quot;, _: &quot;263&quot;, fileContent: &quot;90: 86 86\r\n122: 86 1 | 99 20\r\n116: 86 58 | 99 &quot;...)" computerName="LAPTOP-35RG0TO8" duration="00:00:00.1583932" startTime="2020-12-26T18:06:43.3699401+01:00" endTime="2020-12-26T18:06:43.3699438+01:00" testType="13cdc9d9-ddb5-4fa4-a97d-d965ccfc6d4b" outcome="Passed" testListId="8c84fa94-04c1-424b-9868-57a2d4851a1d" relativeResultsDirectory="3eec8ea0-d279-486c-98f1-9570497fe62b" />
    <UnitTestResult executionId="449abdb6-5a17-479f-85e4-7a93a2766b1b" testId="e3b45518-8d0a-2cd6-89ed-a43178b94cdf" testName="_2020.Tests.Days.Day9Tests.Part2_Pack(testCaseName: &quot;example1&quot;, _: &quot;127&quot;, preamble: &quot;5&quot;, expectedResult: &quot;62&quot;, fileContent: &quot;35\r\n20\r\n15\r\n25\r\n47\r\n40\r\n62\r\n55\r\n65&quot;...)" computerName="LAPTOP-35RG0TO8" duration="00:00:00.0000639" startTime="2020-12-26T18:06:43.3344153+01:00" endTime="2020-12-26T18:06:43.3344163+01:00" testType="13cdc9d9-ddb5-4fa4-a97d-d965ccfc6d4b" outcome="Passed" testListId="8c84fa94-04c1-424b-9868-57a2d4851a1d" relativeResultsDirectory="449abdb6-5a17-479f-85e4-7a93a2766b1b" />
    <UnitTestResult executionId="83734fb1-71c3-421f-b2ec-4774a682cb3c" testId="d612b35d-eb74-c9d6-7c08-b6087fbf724b" testName="_2020.Tests.Days.Day13Tests.Part1_pack(testCaseName: &quot;puzzleinput&quot;, expectedResult: &quot;4135&quot;, _: &quot;640856202464541&quot;, fileContent: &quot;1011416\r\n41,x,x,x,x,x,x,x,x,x,x,x,x,x,x,x,x,x,x,&quot;...)" computerName="LAPTOP-35RG0TO8" duration="00:00:00.0363916" startTime="2020-12-26T18:06:43.3026142+01:00" endTime="2020-12-26T18:06:43.3026148+01:00" testType="13cdc9d9-ddb5-4fa4-a97d-d965ccfc6d4b" outcome="Passed" testListId="8c84fa94-04c1-424b-9868-57a2d4851a1d" relativeResultsDirectory="83734fb1-71c3-421f-b2ec-4774a682cb3c" />
    <UnitTestResult executionId="81767e05-246f-4db0-9cce-1aa598da60bd" testId="8bad9a6e-64b2-6364-8b28-5b3c61b85444" testName="_2020.Tests.Days.Day19Tests.Part2_Pack(testCaseName: &quot;example2&quot;, _: &quot;3&quot;, expectedResult: &quot;12&quot;, fileContent: &quot;42: 9 14 | 10 1\r\n9: 14 27 | 1 26\r\n10: 23 14 | &quot;...)" computerName="LAPTOP-35RG0TO8" duration="00:00:00.0375339" startTime="2020-12-26T18:06:43.8318623+01:00" endTime="2020-12-26T18:06:43.8318662+01:00" testType="13cdc9d9-ddb5-4fa4-a97d-d965ccfc6d4b" outcome="Passed" testListId="8c84fa94-04c1-424b-9868-57a2d4851a1d" relativeResultsDirectory="81767e05-246f-4db0-9cce-1aa598da60bd" />
    <UnitTestResult executionId="27a235b9-0c4a-4843-a1c7-1aecbf65ab1d" testId="844a928f-443a-c27a-8ee8-10b193eadc8b" testName="_2020.Tests.Days.Day7Tests.Part2_Pack(testCaseName: &quot;example2&quot;, _: &quot;&quot;, expectedResult: &quot;126&quot;, fileContent: &quot;shiny gold bags contain 2 dark red bags.\r\ndark r&quot;...)" computerName="LAPTOP-35RG0TO8" duration="00:00:00.0378425" startTime="2020-12-26T18:06:43.2319390+01:00" endTime="2020-12-26T18:06:43.2319403+01:00" testType="13cdc9d9-ddb5-4fa4-a97d-d965ccfc6d4b" outcome="Passed" testListId="8c84fa94-04c1-424b-9868-57a2d4851a1d" relativeResultsDirectory="27a235b9-0c4a-4843-a1c7-1aecbf65ab1d" />
    <UnitTestResult executionId="2a60dfd9-bc61-4745-af60-df4540a99a3c" testId="334e5607-9cdb-e672-5c7f-406da37d6d7e" testName="_2020.Tests.Days.Day18Tests.Part1_Calculates_AsExpectedResult(testCase: &quot;5 + (8 * 3 + 9 + 3 * 4 * 3)&quot;, expectedResult: 437)" computerName="LAPTOP-35RG0TO8" duration="00:00:00.0001938" startTime="2020-12-26T18:06:43.2436327+01:00" endTime="2020-12-26T18:06:43.2436340+01:00" testType="13cdc9d9-ddb5-4fa4-a97d-d965ccfc6d4b" outcome="Passed" testListId="8c84fa94-04c1-424b-9868-57a2d4851a1d" relativeResultsDirectory="2a60dfd9-bc61-4745-af60-df4540a99a3c" />
    <UnitTestResult executionId="f6569af4-c361-4fac-acdc-375cf4363128" testId="16df4b72-a1be-7d8a-175c-1e6c5237fc4e" testName="_2020.Tests.Days.Day14Tests.Part1_pack(testCaseName: &quot;example1&quot;, expectedResult: &quot;165&quot;, _: &quot;&quot;, fileContent: &quot;mask = XXXXXXXXXXXXXXXXXXXXXXXXXXXXX1XXXX0X\r\nmem&quot;...)" computerName="LAPTOP-35RG0TO8" duration="00:00:00.0000573" startTime="2020-12-26T18:06:43.2105477+01:00" endTime="2020-12-26T18:06:43.2105489+01:00" testType="13cdc9d9-ddb5-4fa4-a97d-d965ccfc6d4b" outcome="Passed" testListId="8c84fa94-04c1-424b-9868-57a2d4851a1d" relativeResultsDirectory="f6569af4-c361-4fac-acdc-375cf4363128" />
    <UnitTestResult executionId="f1e0bc8c-c40f-4cea-9dc1-440b834d7810" testId="f0d3000f-be7b-27df-36a0-5c04859590b9" testName="_2020.Tests.Days.Day18Tests.Part1_pack(testCaseName: &quot;puzzleinput&quot;, expectedResult: &quot;3885386961962&quot;, _: &quot;112899558798666&quot;, fileContent: &quot;2 + (2 + 6 * (4 * 5 * 8 * 7) + 3) * (9 + (4 * 3 * &quot;...)" computerName="LAPTOP-35RG0TO8" duration="00:00:00.5035929" startTime="2020-12-26T18:06:43.6381244+01:00" endTime="2020-12-26T18:06:43.6381281+01:00" testType="13cdc9d9-ddb5-4fa4-a97d-d965ccfc6d4b" outcome="Passed" testListId="8c84fa94-04c1-424b-9868-57a2d4851a1d" relativeResultsDirectory="f1e0bc8c-c40f-4cea-9dc1-440b834d7810" />
    <UnitTestResult executionId="b2b8cd4a-680b-4783-bb79-bc5bcaafd39b" testId="2de34128-cf23-033a-0c60-b9a1ffa1dd89" testName="_2020.Tests.Days.Day15Tests.Part1_pack(testCaseName: &quot;example4&quot;, expectedResult: &quot;27&quot;, _: &quot;261214&quot;, fileContent: &quot;1,2,3&quot;)" computerName="LAPTOP-35RG0TO8" duration="00:00:00.0002722" startTime="2020-12-26T18:06:43.3273524+01:00" endTime="2020-12-26T18:06:43.3273526+01:00" testType="13cdc9d9-ddb5-4fa4-a97d-d965ccfc6d4b" outcome="Passed" testListId="8c84fa94-04c1-424b-9868-57a2d4851a1d" relativeResultsDirectory="b2b8cd4a-680b-4783-bb79-bc5bcaafd39b" />
    <UnitTestResult executionId="cc0f3425-f3bd-45ca-97a8-0cc6fa8c8a75" testId="216f5805-6dfd-d79f-4066-e2138129ea68" testName="_2020.Tests.Days.Day5Tests.Part1_pack(testCaseName: &quot;mydata&quot;, expectedResult: &quot;998&quot;, _: &quot;676&quot;, fileContent: &quot;BFBBBBBLLR\r\nBBFFBBFRRL\r\nFBFBFFFRRL\r\nBBFFFBFR&quot;...)" computerName="LAPTOP-35RG0TO8" duration="00:00:00.0086761" startTime="2020-12-26T18:06:43.3027291+01:00" endTime="2020-12-26T18:06:43.3027292+01:00" testType="13cdc9d9-ddb5-4fa4-a97d-d965ccfc6d4b" outcome="Passed" testListId="8c84fa94-04c1-424b-9868-57a2d4851a1d" relativeResultsDirectory="cc0f3425-f3bd-45ca-97a8-0cc6fa8c8a75" />
    <UnitTestResult executionId="f72f4e93-63d6-4506-9044-b646729dc619" testId="1bd4918e-984f-4b09-f089-8b165ff131a6" testName="_2020.Tests.Days.Day12Tests.Part2_Pack(testCaseName: &quot;puzzleinput&quot;, _: &quot;1565&quot;, expectedResult: &quot;78883&quot;, fileContent: &quot;E5\r\nR90\r\nE5\r\nL90\r\nF80\r\nL90\r\nE3\r\nN5\r&quot;...)" computerName="LAPTOP-35RG0TO8" duration="00:00:00.0117380" startTime="2020-12-26T18:06:43.2559765+01:00" endTime="2020-12-26T18:06:43.2559769+01:00" testType="13cdc9d9-ddb5-4fa4-a97d-d965ccfc6d4b" outcome="Passed" testListId="8c84fa94-04c1-424b-9868-57a2d4851a1d" relativeResultsDirectory="f72f4e93-63d6-4506-9044-b646729dc619" />
    <UnitTestResult executionId="9a55905b-0e56-42cf-ad5b-e10e9d6e1f0a" testId="99b22c00-0b2b-9e79-261c-dcb39b52aa8e" testName="_2020.Tests.Days.Day3Tests.Part1(fileContent: &quot;.#.......#...........#.........\r\n..##.......#.#.&quot;...)" computerName="LAPTOP-35RG0TO8" duration="00:00:00.0003343" startTime="2020-12-26T18:06:43.2758274+01:00" endTime="2020-12-26T18:06:43.2758278+01:00" testType="13cdc9d9-ddb5-4fa4-a97d-d965ccfc6d4b" outcome="Passed" testListId="8c84fa94-04c1-424b-9868-57a2d4851a1d" relativeResultsDirectory="9a55905b-0e56-42cf-ad5b-e10e9d6e1f0a">
      <Output>
        <StdOut>answer for part 1 is: 209</StdOut>
      </Output>
    </UnitTestResult>
    <UnitTestResult executionId="ebd72723-23e9-44ad-874d-2bc63d6dacaf" testId="ead7075b-f824-edda-74c3-54f68b078b04" testName="_2020.Tests.Days.Day15Tests.Part2_Pack(testCaseName: &quot;example7&quot;, _: &quot;1836&quot;, expectedResult: &quot;362&quot;, fileContent: &quot;3,1,2&quot;)" computerName="LAPTOP-35RG0TO8" duration="00:00:03.9950837" startTime="2020-12-26T18:07:11.3726476+01:00" endTime="2020-12-26T18:07:11.3726536+01:00" testType="13cdc9d9-ddb5-4fa4-a97d-d965ccfc6d4b" outcome="Passed" testListId="8c84fa94-04c1-424b-9868-57a2d4851a1d" relativeResultsDirectory="ebd72723-23e9-44ad-874d-2bc63d6dacaf" />
    <UnitTestResult executionId="6d3d1219-4c47-4ce1-85eb-748e992d8526" testId="c1bf15e1-6fa1-858b-9ba8-a53ccc8ed266" testName="_2020.Tests.Days.Day18Tests.Part2_Calculates_AsExpectedResult(testCase: &quot;((2 + 4 * 9) * (6 + 9 * 8 + 6) + 6) + 2 + 4 * 2&quot;, expectedResult: 23340)" computerName="LAPTOP-35RG0TO8" duration="00:00:00.0002257" startTime="2020-12-26T18:06:43.2219776+01:00" endTime="2020-12-26T18:06:43.2219779+01:00" testType="13cdc9d9-ddb5-4fa4-a97d-d965ccfc6d4b" outcome="Passed" testListId="8c84fa94-04c1-424b-9868-57a2d4851a1d" relativeResultsDirectory="6d3d1219-4c47-4ce1-85eb-748e992d8526" />
    <UnitTestResult executionId="10aedcab-b3b5-435f-9e6f-47a3c919b111" testId="b75d5504-15c9-62e2-7727-b66d1b06fae6" testName="_2020.Tests.Days.Day18Tests.Part2_Calculates_AsExpectedResult(testCase: &quot;5 * 9 * (7 * 3 * 3 + 9 * 3 + (8 + 6 * 4))&quot;, expectedResult: 669060)" computerName="LAPTOP-35RG0TO8" duration="00:00:00.0001776" startTime="2020-12-26T18:06:43.2218048+01:00" endTime="2020-12-26T18:06:43.2218050+01:00" testType="13cdc9d9-ddb5-4fa4-a97d-d965ccfc6d4b" outcome="Passed" testListId="8c84fa94-04c1-424b-9868-57a2d4851a1d" relativeResultsDirectory="10aedcab-b3b5-435f-9e6f-47a3c919b111" />
    <UnitTestResult executionId="70bf2a11-0eff-476c-b3f5-0fa92d5beb78" testId="9d63c5ca-cd81-dfa2-45c3-bef99b47c927" testName="_2020.Tests.Days.Day3Tests.Part2_TC3(fileContent: &quot;..##.......\r\n#...#...#..\r\n.#....#..#.\r\n..#.#&quot;...)" computerName="LAPTOP-35RG0TO8" duration="00:00:00.0002059" startTime="2020-12-26T18:06:43.2759280+01:00" endTime="2020-12-26T18:06:43.2759286+01:00" testType="13cdc9d9-ddb5-4fa4-a97d-d965ccfc6d4b" outcome="Passed" testListId="8c84fa94-04c1-424b-9868-57a2d4851a1d" relativeResultsDirectory="70bf2a11-0eff-476c-b3f5-0fa92d5beb78" />
    <UnitTestResult executionId="dfa04bd5-d060-4a06-8fcc-3e4ba0d94740" testId="edfee89c-6991-817a-4b5f-507b7c5607c8" testName="_2020.Tests.Days.Day8Tests.Part1_pack(testCaseName: &quot;example1&quot;, expectedResult: &quot;5&quot;, _: &quot;8&quot;, fileContent: &quot;nop +0\r\nacc +1\r\njmp +4\r\nacc +3\r\njmp -3\r\n&quot;...)" computerName="LAPTOP-35RG0TO8" duration="00:00:00.0004001" startTime="2020-12-26T18:06:43.2957718+01:00" endTime="2020-12-26T18:06:43.2957727+01:00" testType="13cdc9d9-ddb5-4fa4-a97d-d965ccfc6d4b" outcome="Passed" testListId="8c84fa94-04c1-424b-9868-57a2d4851a1d" relativeResultsDirectory="dfa04bd5-d060-4a06-8fcc-3e4ba0d94740" />
    <UnitTestResult executionId="04b41d6c-b183-421e-bd4c-3690acb0e8c7" testId="01c6738e-928f-12e9-002b-a3010d7f109b" testName="_2020.Tests.Days.Day8Tests.Part2_Pack(testCaseName: &quot;puzzleinput&quot;, _: &quot;2051&quot;, expectedResult: &quot;2304&quot;, fileContent: &quot;jmp +583\r\nacc +9\r\njmp +525\r\njmp +302\r\njmp &quot;...)" computerName="LAPTOP-35RG0TO8" duration="00:00:00.0529031" startTime="2020-12-26T18:06:43.2956612+01:00" endTime="2020-12-26T18:06:43.2956626+01:00" testType="13cdc9d9-ddb5-4fa4-a97d-d965ccfc6d4b" outcome="Passed" testListId="8c84fa94-04c1-424b-9868-57a2d4851a1d" relativeResultsDirectory="04b41d6c-b183-421e-bd4c-3690acb0e8c7" />
    <UnitTestResult executionId="1a5bcaaf-9417-4022-a48c-aee90975a2ad" testId="0d9d879c-a85a-bdc6-b8ff-9a6ab509a103" testName="_2020.Tests.Days.Day16Tests.Part1_pack(testCaseName: &quot;example1&quot;, expectedResult: &quot;71&quot;, _: &quot;0&quot;, fileContent: &quot;class: 1-3 or 5-7\r\nrow: 6-11 or 33-44\r\nseat: 1&quot;...)" computerName="LAPTOP-35RG0TO8" duration="00:00:00.0001476" startTime="2020-12-26T18:06:43.3114507+01:00" endTime="2020-12-26T18:06:43.3114509+01:00" testType="13cdc9d9-ddb5-4fa4-a97d-d965ccfc6d4b" outcome="Passed" testListId="8c84fa94-04c1-424b-9868-57a2d4851a1d" relativeResultsDirectory="1a5bcaaf-9417-4022-a48c-aee90975a2ad" />
    <UnitTestResult executionId="406ba93d-8f1c-41a5-a571-8017084a27b3" testId="5fa2b639-d7d3-7e54-f35e-518a5bab3568" testName="_2020.Tests.Days.Day17Tests.Part1_pack(testCaseName: &quot;puzzleinput&quot;, expectedResult: &quot;338&quot;, _: &quot;2440&quot;, fileContent: &quot;.#.##..#\r\n....#.##\r\n##.###..\r\n.#.#.###\r\n#.&quot;...)" computerName="LAPTOP-35RG0TO8" duration="00:00:00.1011867" startTime="2020-12-26T18:07:07.1397640+01:00" endTime="2020-12-26T18:07:07.1397733+01:00" testType="13cdc9d9-ddb5-4fa4-a97d-d965ccfc6d4b" outcome="Passed" testListId="8c84fa94-04c1-424b-9868-57a2d4851a1d" relativeResultsDirectory="406ba93d-8f1c-41a5-a571-8017084a27b3" />
    <UnitTestResult executionId="3e2e2a89-5797-4b21-b0db-451b9ba17ed3" testId="d87515a5-cd25-21bb-1381-51ed2081f274" testName="_2020.Tests.Days.Day8Tests.Part2_Pack(testCaseName: &quot;example1&quot;, _: &quot;5&quot;, expectedResult: &quot;8&quot;, fileContent: &quot;nop +0\r\nacc +1\r\njmp +4\r\nacc +3\r\njmp -3\r\n&quot;...)" computerName="LAPTOP-35RG0TO8" duration="00:00:00.0065892" startTime="2020-12-26T18:06:43.2852807+01:00" endTime="2020-12-26T18:06:43.2852809+01:00" testType="13cdc9d9-ddb5-4fa4-a97d-d965ccfc6d4b" outcome="Passed" testListId="8c84fa94-04c1-424b-9868-57a2d4851a1d" relativeResultsDirectory="3e2e2a89-5797-4b21-b0db-451b9ba17ed3" />
    <UnitTestResult executionId="7e984ae4-3ca7-4f4b-949d-4810b371f026" testId="1f5e50cb-54fd-2c1d-5c96-c69e9c09c257" testName="_2020.Tests.Days.Day15Tests.Part2_Pack(testCaseName: &quot;puzzleinput&quot;, _: &quot;700&quot;, expectedResult: &quot;51358&quot;, fileContent: &quot;6,3,15,13,1,0&quot;)" computerName="LAPTOP-35RG0TO8" duration="00:00:03.7304824" startTime="2020-12-26T18:07:23.3359170+01:00" endTime="2020-12-26T18:07:23.3359195+01:00" testType="13cdc9d9-ddb5-4fa4-a97d-d965ccfc6d4b" outcome="Passed" testListId="8c84fa94-04c1-424b-9868-57a2d4851a1d" relativeResultsDirectory="7e984ae4-3ca7-4f4b-949d-4810b371f026" />
    <UnitTestResult executionId="63ceecad-64c0-471f-91d5-0e67030bc614" testId="4884422f-a201-6166-d234-44d86f6dd8d3" testName="_2020.Tests.Days.Day3Tests.Move_Works(fileContent: &quot;.......\r\n...X...\r\n......X&quot;, coordinates: [3, 1, 6, 2], isTree: False)" computerName="LAPTOP-35RG0TO8" duration="00:00:00.0000106" startTime="2020-12-26T18:06:43.2218269+01:00" endTime="2020-12-26T18:06:43.2218271+01:00" testType="13cdc9d9-ddb5-4fa4-a97d-d965ccfc6d4b" outcome="Passed" testListId="8c84fa94-04c1-424b-9868-57a2d4851a1d" relativeResultsDirectory="63ceecad-64c0-471f-91d5-0e67030bc614" />
    <UnitTestResult executionId="d5dea647-be89-4bd7-9a4f-c2cfeed0fd12" testId="7df7f244-2fd3-a955-75ef-80b7d924f8e2" testName="_2020.Tests.Days.Day14Tests.Part2_Pack(testCaseName: &quot;example2&quot;, _: &quot;51&quot;, expectedResult: &quot;208&quot;, fileContent: &quot;mask = 000000000000000000000000000000X1001X\r\nmem&quot;...)" computerName="LAPTOP-35RG0TO8" duration="00:00:00.0000779" startTime="2020-12-26T18:06:43.9613875+01:00" endTime="2020-12-26T18:06:43.9613885+01:00" testType="13cdc9d9-ddb5-4fa4-a97d-d965ccfc6d4b" outcome="Passed" testListId="8c84fa94-04c1-424b-9868-57a2d4851a1d" relativeResultsDirectory="d5dea647-be89-4bd7-9a4f-c2cfeed0fd12" />
    <UnitTestResult executionId="963bc1e5-b971-4b05-b121-11e0515ec177" testId="db94a0d2-a22c-8314-89a3-1a38e815913a" testName="_2020.Tests.Days.Day1Tests.Part2(lines: &quot;1753\r\n1976\r\n1574\r\n308\r\n1384\r\n1191\r\n173&quot;...)" computerName="LAPTOP-35RG0TO8" duration="00:00:00.0191454" startTime="2020-12-26T18:06:43.3027384+01:00" endTime="2020-12-26T18:06:43.3027385+01:00" testType="13cdc9d9-ddb5-4fa4-a97d-d965ccfc6d4b" outcome="Passed" testListId="8c84fa94-04c1-424b-9868-57a2d4851a1d" relativeResultsDirectory="963bc1e5-b971-4b05-b121-11e0515ec177" />
    <UnitTestResult executionId="2c9cdef3-229b-4f55-97d9-bce99df06d66" testId="6c7ab625-d6dc-0b1e-f7ad-fc94ba9002b5" testName="_2020.Tests.Days.Day18Tests.Part1_Calculates_AsExpectedResult(testCase: &quot;1 + 2 * 3 + 4 * 5 + 6&quot;, expectedResult: 71)" computerName="LAPTOP-35RG0TO8" duration="00:00:00.0001267" startTime="2020-12-26T18:06:43.2437161+01:00" endTime="2020-12-26T18:06:43.2437165+01:00" testType="13cdc9d9-ddb5-4fa4-a97d-d965ccfc6d4b" outcome="Passed" testListId="8c84fa94-04c1-424b-9868-57a2d4851a1d" relativeResultsDirectory="2c9cdef3-229b-4f55-97d9-bce99df06d66" />
    <UnitTestResult executionId="83a78bef-02e0-4cd6-90d8-cd2d2cc3af93" testId="02ecd7ab-bcdf-e3ce-73c4-60d49e1f8cf1" testName="_2020.Tests.Days.Day12Tests.Part2_Pack(testCaseName: &quot;example1&quot;, _: &quot;25&quot;, expectedResult: &quot;286&quot;, fileContent: &quot;F10\r\nN3\r\nF7\r\nR90\r\nF11&quot;)" computerName="LAPTOP-35RG0TO8" duration="00:00:00.0000517" startTime="2020-12-26T18:06:43.2560521+01:00" endTime="2020-12-26T18:06:43.2560526+01:00" testType="13cdc9d9-ddb5-4fa4-a97d-d965ccfc6d4b" outcome="Passed" testListId="8c84fa94-04c1-424b-9868-57a2d4851a1d" relativeResultsDirectory="83a78bef-02e0-4cd6-90d8-cd2d2cc3af93" />
    <UnitTestResult executionId="a612a7b7-f05a-4da9-8b86-a92f2e14ec24" testId="ef12b05a-db9c-a4d1-6bf6-f50fcc998ceb" testName="_2020.Tests.Days.Day15Tests.Part1_pack(testCaseName: &quot;example6&quot;, expectedResult: &quot;438&quot;, _: &quot;18&quot;, fileContent: &quot;3,2,1&quot;)" computerName="LAPTOP-35RG0TO8" duration="00:00:00.0003793" startTime="2020-12-26T18:06:43.3111503+01:00" endTime="2020-12-26T18:06:43.3111518+01:00" testType="13cdc9d9-ddb5-4fa4-a97d-d965ccfc6d4b" outcome="Passed" testListId="8c84fa94-04c1-424b-9868-57a2d4851a1d" relativeResultsDirectory="a612a7b7-f05a-4da9-8b86-a92f2e14ec24" />
    <UnitTestResult executionId="74e4ba0d-e202-46f1-9529-f699acaed8cb" testId="90af8466-2ea2-b30d-8b80-8f3acbcf1032" testName="_2020.Tests.Days.Day15Tests.Part1_pack(testCaseName: &quot;puzzleinput&quot;, expectedResult: &quot;700&quot;, _: &quot;51358&quot;, fileContent: &quot;6,3,15,13,1,0&quot;)" computerName="LAPTOP-35RG0TO8" duration="00:00:00.0002624" startTime="2020-12-26T18:06:43.3272858+01:00" endTime="2020-12-26T18:06:43.3272867+01:00" testType="13cdc9d9-ddb5-4fa4-a97d-d965ccfc6d4b" outcome="Passed" testListId="8c84fa94-04c1-424b-9868-57a2d4851a1d" relativeResultsDirectory="74e4ba0d-e202-46f1-9529-f699acaed8cb" />
    <UnitTestResult executionId="008850ab-8454-4d0d-99a1-44f563323f99" testId="0621e765-88ea-dc42-5665-bfda0b35c593" testName="_2020.Tests.Days.Day20Tests.Part1_example1(testCaseName: &quot;example&quot;, expectedResult: &quot;20899048083289&quot;, _: &quot;2&quot;, fileContent: &quot;Tile 2311:\r\n..##.#..#.\r\n##..#.....\r\n#...##..&quot;...)" computerName="LAPTOP-35RG0TO8" duration="00:00:00.0003886" startTime="2020-12-26T18:06:43.3636719+01:00" endTime="2020-12-26T18:06:43.3636730+01:00" testType="13cdc9d9-ddb5-4fa4-a97d-d965ccfc6d4b" outcome="Passed" testListId="8c84fa94-04c1-424b-9868-57a2d4851a1d" relativeResultsDirectory="008850ab-8454-4d0d-99a1-44f563323f99" />
    <UnitTestResult executionId="00cdc9ea-ca4e-4b44-b334-4c24d59508c7" testId="26e5e629-8263-4046-5e10-c84b3539586e" testName="_2020.Tests.Days.Day2Tests.Part2(fileContent: &quot;1-5 k: kkkkhkkkkkkkkkk\r\n5-7 k: blkqhtxfgktdkxzkk&quot;...)" computerName="LAPTOP-35RG0TO8" duration="00:00:00.0101885" startTime="2020-12-26T18:06:43.2438427+01:00" endTime="2020-12-26T18:06:43.2438434+01:00" testType="13cdc9d9-ddb5-4fa4-a97d-d965ccfc6d4b" outcome="Passed" testListId="8c84fa94-04c1-424b-9868-57a2d4851a1d" relativeResultsDirectory="00cdc9ea-ca4e-4b44-b334-4c24d59508c7">
      <Output>
        <StdOut>answer for part 2 is: 708</StdOut>
      </Output>
    </UnitTestResult>
    <UnitTestResult executionId="132b3117-6a3c-470d-84e7-486845d3053e" testId="f628c761-3433-71e0-dc9a-7aeaf5162951" testName="_2020.Tests.Days.Day18Tests.Part2_Calculates_AsExpectedResult(testCase: &quot;1 + (2 * 3) + (4 * (5 + 6))&quot;, expectedResult: 51)" computerName="LAPTOP-35RG0TO8" duration="00:00:00.0301390" startTime="2020-12-26T18:06:43.1319128+01:00" endTime="2020-12-26T18:06:43.1319131+01:00" testType="13cdc9d9-ddb5-4fa4-a97d-d965ccfc6d4b" outcome="Passed" testListId="8c84fa94-04c1-424b-9868-57a2d4851a1d" relativeResultsDirectory="132b3117-6a3c-470d-84e7-486845d3053e" />
    <UnitTestResult executionId="5f690de6-fdd9-40b5-b10a-0ddac2502e35" testId="67ca508f-a17c-3db3-c22c-394aa968c00c" testName="_2020.Tests.Days.Day15Tests.Part2_Pack(testCaseName: &quot;example6&quot;, _: &quot;438&quot;, expectedResult: &quot;18&quot;, fileContent: &quot;3,2,1&quot;)" computerName="LAPTOP-35RG0TO8" duration="00:00:05.3520946" startTime="2020-12-26T18:07:01.9850062+01:00" endTime="2020-12-26T18:07:01.9850168+01:00" testType="13cdc9d9-ddb5-4fa4-a97d-d965ccfc6d4b" outcome="Passed" testListId="8c84fa94-04c1-424b-9868-57a2d4851a1d" relativeResultsDirectory="5f690de6-fdd9-40b5-b10a-0ddac2502e35" />
    <UnitTestResult executionId="ab17650e-2837-4d90-9584-365ef1c83d8b" testId="de573764-ea0d-8509-05be-8709ab895a61" testName="_2020.Tests.Days.Day4Tests.Part1(fileContent: &quot;eyr:2027\r\nhcl:#602927\r\nhgt:186cm byr:1939 iyr:&quot;...)" computerName="LAPTOP-35RG0TO8" duration="00:00:00.0096135" startTime="2020-12-26T18:06:43.2854349+01:00" endTime="2020-12-26T18:06:43.2854351+01:00" testType="13cdc9d9-ddb5-4fa4-a97d-d965ccfc6d4b" outcome="Passed" testListId="8c84fa94-04c1-424b-9868-57a2d4851a1d" relativeResultsDirectory="ab17650e-2837-4d90-9584-365ef1c83d8b">
      <Output>
        <StdOut>answer for part 1 is: 235</StdOut>
      </Output>
    </UnitTestResult>
    <UnitTestResult executionId="39ed5f83-548f-4092-b912-03e9d361d6da" testId="ac7e7db2-01de-f348-0757-1a5540553b98" testName="_2020.Tests.Days.Day15Tests.Part2_Pack(testCaseName: &quot;example5&quot;, _: &quot;78&quot;, expectedResult: &quot;6895259&quot;, fileContent: &quot;2,3,1&quot;)" computerName="LAPTOP-35RG0TO8" duration="00:00:05.3919597" startTime="2020-12-26T18:07:07.3773103+01:00" endTime="2020-12-26T18:07:07.3773160+01:00" testType="13cdc9d9-ddb5-4fa4-a97d-d965ccfc6d4b" outcome="Passed" testListId="8c84fa94-04c1-424b-9868-57a2d4851a1d" relativeResultsDirectory="39ed5f83-548f-4092-b912-03e9d361d6da" />
    <UnitTestResult executionId="de8edc93-2c6f-4218-b883-a8ac45f349c6" testId="6b95806a-569f-591e-33c5-cf371e97a169" testName="_2020.Tests.Days.Day7Tests.Part1_pack(testCaseName: &quot;puzzleinput&quot;, expectedResult: &quot;335&quot;, _: &quot;2431&quot;, fileContent: &quot;dim silver bags contain 3 posh fuchsia bags.\r\nwa&quot;...)" computerName="LAPTOP-35RG0TO8" duration="00:00:00.0485174" startTime="2020-12-26T18:06:43.2952360+01:00" endTime="2020-12-26T18:06:43.2952370+01:00" testType="13cdc9d9-ddb5-4fa4-a97d-d965ccfc6d4b" outcome="Passed" testListId="8c84fa94-04c1-424b-9868-57a2d4851a1d" relativeResultsDirectory="de8edc93-2c6f-4218-b883-a8ac45f349c6" />
    <UnitTestResult executionId="087898da-6514-41c8-ba66-2df0c99fa05e" testId="375e425c-9b53-a326-01d6-888b92935a87" testName="_2020.Tests.Days.Day7Tests.Part1_pack(testCaseName: &quot;example1&quot;, expectedResult: &quot;4&quot;, _: &quot;&quot;, fileContent: &quot;light red bags contain 1 bright white bag, 2 muted&quot;...)" computerName="LAPTOP-35RG0TO8" duration="00:00:00.0001907" startTime="2020-12-26T18:06:43.2953278+01:00" endTime="2020-12-26T18:06:43.2953287+01:00" testType="13cdc9d9-ddb5-4fa4-a97d-d965ccfc6d4b" outcome="Passed" testListId="8c84fa94-04c1-424b-9868-57a2d4851a1d" relativeResultsDirectory="087898da-6514-41c8-ba66-2df0c99fa05e" />
    <UnitTestResult executionId="a0e4a37e-5b7f-4bce-8b19-42aad6c2819e" testId="ec5f10ca-3aba-60b0-6d4f-6390df8262d9" testName="_2020.Tests.Days.Day18Tests.Part2_Calculates_AsExpectedResult(testCase: &quot;2 * 3 + (4 * 5)&quot;, expectedResult: 46)" computerName="LAPTOP-35RG0TO8" duration="00:00:00.0000777" startTime="2020-12-26T18:06:43.2220994+01:00" endTime="2020-12-26T18:06:43.2220997+01:00" testType="13cdc9d9-ddb5-4fa4-a97d-d965ccfc6d4b" outcome="Passed" testListId="8c84fa94-04c1-424b-9868-57a2d4851a1d" relativeResultsDirectory="a0e4a37e-5b7f-4bce-8b19-42aad6c2819e" />
    <UnitTestResult executionId="3c334584-4b5b-402e-aeee-ae2c87d6743f" testId="5d9c47dd-439e-67ac-b1d4-8dc742348d44" testName="_2020.Tests.Days.Day10Tests.Part1_pack(testCaseName: &quot;example2&quot;, expectedResult: &quot;220&quot;, _: &quot;19208&quot;, fileContent: &quot;28\r\n33\r\n18\r\n42\r\n31\r\n14\r\n46\r\n20\r\n48&quot;...)" computerName="LAPTOP-35RG0TO8" duration="00:00:00.0000312" startTime="2020-12-26T18:06:43.1843831+01:00" endTime="2020-12-26T18:06:43.1843835+01:00" testType="13cdc9d9-ddb5-4fa4-a97d-d965ccfc6d4b" outcome="Passed" testListId="8c84fa94-04c1-424b-9868-57a2d4851a1d" relativeResultsDirectory="3c334584-4b5b-402e-aeee-ae2c87d6743f" />
    <UnitTestResult executionId="16479646-699d-403a-8f53-cf832586b947" testId="de8b5722-7c80-d4eb-b97c-ebe57717fb6c" testName="_2020.Tests.Days.Day5Tests.Part1_pack(testCaseName: &quot;example1&quot;, expectedResult: &quot;820&quot;, _: &quot;&quot;, fileContent: &quot;BFFFBBFRRR\r\nFFFBBBFRRR\r\nBBFFBBFRLL&quot;)" computerName="LAPTOP-35RG0TO8" duration="00:00:00.0000402" startTime="2020-12-26T18:06:43.3028017+01:00" endTime="2020-12-26T18:06:43.3028018+01:00" testType="13cdc9d9-ddb5-4fa4-a97d-d965ccfc6d4b" outcome="Passed" testListId="8c84fa94-04c1-424b-9868-57a2d4851a1d" relativeResultsDirectory="16479646-699d-403a-8f53-cf832586b947" />
    <UnitTestResult executionId="16ddc424-9821-4786-8614-cfa693948118" testId="30095335-3fb4-95a2-ad29-54c3877d53e3" testName="_2020.Tests.Days.Day24Tests.Part1_pack(testCaseName: &quot;example&quot;, expectedResult: &quot;14897079&quot;, _: &quot;&quot;, fileContent: &quot;5764801\r\n17807724&quot;)" computerName="LAPTOP-35RG0TO8" duration="00:00:00.0085202" startTime="2020-12-26T18:06:43.2757456+01:00" endTime="2020-12-26T18:06:43.2757461+01:00" testType="13cdc9d9-ddb5-4fa4-a97d-d965ccfc6d4b" outcome="Passed" testListId="8c84fa94-04c1-424b-9868-57a2d4851a1d" relativeResultsDirectory="16ddc424-9821-4786-8614-cfa693948118" />
    <UnitTestResult executionId="d9a52609-bb01-41e7-b2bb-6bf447534503" testId="5cb521d9-b508-87d2-d6b3-9430721a3a5b" testName="_2020.Tests.Days.Day11Tests.Part2_Pack(testCaseName: &quot;puzzleinput&quot;, _: &quot;2310&quot;, expectedResult: &quot;2074&quot;, fileContent: &quot;LLLLLLLLLL.LLLLLLLL.LLLLLLLLLLLLL.LLLLL.LLLL.LL.L.&quot;...)" computerName="LAPTOP-35RG0TO8" duration="00:00:01.7469865" startTime="2020-12-26T18:06:45.0422151+01:00" endTime="2020-12-26T18:06:45.0422265+01:00" testType="13cdc9d9-ddb5-4fa4-a97d-d965ccfc6d4b" outcome="Passed" testListId="8c84fa94-04c1-424b-9868-57a2d4851a1d" relativeResultsDirectory="d9a52609-bb01-41e7-b2bb-6bf447534503" />
    <UnitTestResult executionId="b731834d-54d9-440d-8521-24a258e6fe1d" testId="0f9af31d-0f66-fa47-7811-06be3c347ad8" testName="_2020.Tests.Days.Day4Tests.Part2_Pack(testCaseName: &quot;invalid&quot;, _: &quot;4&quot;, expectedResult: &quot;0&quot;, fileContent: &quot;eyr:1972 cid:100\r\nhcl:#18171d ecl:amb hgt:170 pi&quot;...)" computerName="LAPTOP-35RG0TO8" duration="00:00:00.0152280" startTime="2020-12-26T18:06:43.2761081+01:00" endTime="2020-12-26T18:06:43.2761086+01:00" testType="13cdc9d9-ddb5-4fa4-a97d-d965ccfc6d4b" outcome="Passed" testListId="8c84fa94-04c1-424b-9868-57a2d4851a1d" relativeResultsDirectory="b731834d-54d9-440d-8521-24a258e6fe1d" />
    <UnitTestResult executionId="f25e7d8f-a965-4c8a-a8a6-ab107b19de8b" testId="0e0b30c5-6422-25c8-2172-d67c44a7d25d" testName="_2020.Tests.Days.Day10Tests.Part1_pack(testCaseName: &quot;puzzleinput&quot;, expectedResult: &quot;2059&quot;, _: &quot;86812553324672&quot;, fileContent: &quot;77\r\n58\r\n25\r\n92\r\n14\r\n154\r\n105\r\n112\r\&quot;...)" computerName="LAPTOP-35RG0TO8" duration="00:00:00.0000803" startTime="2020-12-26T18:06:43.1842401+01:00" endTime="2020-12-26T18:06:43.1842404+01:00" testType="13cdc9d9-ddb5-4fa4-a97d-d965ccfc6d4b" outcome="Passed" testListId="8c84fa94-04c1-424b-9868-57a2d4851a1d" relativeResultsDirectory="f25e7d8f-a965-4c8a-a8a6-ab107b19de8b" />
    <UnitTestResult executionId="37d9b295-9a35-4fb2-962b-4a8d31060df3" testId="6d960990-c3fd-9f28-bdad-0681fd0a7d6b" testName="_2020.Tests.Days.Day15Tests.Part2_Pack(testCaseName: &quot;example3&quot;, _: &quot;10&quot;, expectedResult: &quot;3544142&quot;, fileContent: &quot;2,1,3&quot;)" computerName="LAPTOP-35RG0TO8" duration="00:00:03.9571244" startTime="2020-12-26T18:07:19.6052307+01:00" endTime="2020-12-26T18:07:19.6052388+01:00" testType="13cdc9d9-ddb5-4fa4-a97d-d965ccfc6d4b" outcome="Passed" testListId="8c84fa94-04c1-424b-9868-57a2d4851a1d" relativeResultsDirectory="37d9b295-9a35-4fb2-962b-4a8d31060df3" />
    <UnitTestResult executionId="1088d91d-77f7-4a95-92cb-40756c56c88b" testId="f6865024-5e66-1a8c-8eaa-13d5eb300007" testName="_2020.Tests.Days.Day6Tests.Part1_pack(testCaseName: &quot;puzzleinput&quot;, expectedResult: &quot;6551&quot;, _: &quot;3358&quot;, fileContent: &quot;nvlyak\r\nnyvha\r\nyaen\r\nqynia\r\n\r\nkend\r\nen&quot;...)" computerName="LAPTOP-35RG0TO8" duration="00:00:00.0203576" startTime="2020-12-26T18:06:43.2558035+01:00" endTime="2020-12-26T18:06:43.2558039+01:00" testType="13cdc9d9-ddb5-4fa4-a97d-d965ccfc6d4b" outcome="Passed" testListId="8c84fa94-04c1-424b-9868-57a2d4851a1d" relativeResultsDirectory="1088d91d-77f7-4a95-92cb-40756c56c88b" />
    <UnitTestResult executionId="f43c8b5e-d113-4186-86e8-70c3555f2484" testId="59db20d0-347c-a453-444e-683e23e9a040" testName="_2020.Tests.Days.Day15Tests.Part1_pack(testCaseName: &quot;example5&quot;, expectedResult: &quot;78&quot;, _: &quot;6895259&quot;, fileContent: &quot;2,3,1&quot;)" computerName="LAPTOP-35RG0TO8" duration="00:00:00.0088294" startTime="2020-12-26T18:06:43.3112697+01:00" endTime="2020-12-26T18:06:43.3112698+01:00" testType="13cdc9d9-ddb5-4fa4-a97d-d965ccfc6d4b" outcome="Passed" testListId="8c84fa94-04c1-424b-9868-57a2d4851a1d" relativeResultsDirectory="f43c8b5e-d113-4186-86e8-70c3555f2484" />
    <UnitTestResult executionId="633b2621-7a0a-4219-9421-d92a1195b703" testId="9fcb3a2b-27f0-5f22-0206-56c0549b9a84" testName="_2020.Tests.Days.Day6Tests.Part2_Pack(testCaseName: &quot;example1&quot;, _: &quot;11&quot;, expectedResult: &quot;6&quot;, fileContent: &quot;abc\r\n\r\na\r\nb\r\nc\r\n\r\nab\r\nac\r\n\r\na\r\&quot;...)" computerName="LAPTOP-35RG0TO8" duration="00:00:00.0231989" startTime="2020-12-26T18:06:43.1128253+01:00" endTime="2020-12-26T18:06:43.1132552+01:00" testType="13cdc9d9-ddb5-4fa4-a97d-d965ccfc6d4b" outcome="Passed" testListId="8c84fa94-04c1-424b-9868-57a2d4851a1d" relativeResultsDirectory="633b2621-7a0a-4219-9421-d92a1195b703" />
    <UnitTestResult executionId="967b6b19-976a-4d22-af4b-ec24ef5ba8a5" testId="e7fe6284-3fcb-b9cb-9a4e-f74cf392b140" testName="_2020.Tests.Days.Day3Tests.Part1_case3(fileContent: &quot;..##.......\r\n#...#...#..\r\n.#....#..#.\r\n..#.#&quot;...)" computerName="LAPTOP-35RG0TO8" duration="00:00:00.0002897" startTime="2020-12-26T18:06:43.2756584+01:00" endTime="2020-12-26T18:06:43.2756596+01:00" testType="13cdc9d9-ddb5-4fa4-a97d-d965ccfc6d4b" outcome="Passed" testListId="8c84fa94-04c1-424b-9868-57a2d4851a1d" relativeResultsDirectory="967b6b19-976a-4d22-af4b-ec24ef5ba8a5" />
    <UnitTestResult executionId="245fea4b-d40b-47ac-a9dc-a92d07455e06" testId="3313912d-5a78-642f-b1f1-ec6ce77d37ce" testName="_2020.Tests.Days.Day18Tests.Part1_Calculates_AsExpectedResult(testCase: &quot;((2 + 4 * 9) * (6 + 9 * 8 + 6) + 6) + 2 + 4 * 2&quot;, expectedResult: 13632)" computerName="LAPTOP-35RG0TO8" duration="00:00:00.0008548" startTime="2020-12-26T18:06:43.2349340+01:00" endTime="2020-12-26T18:06:43.2349343+01:00" testType="13cdc9d9-ddb5-4fa4-a97d-d965ccfc6d4b" outcome="Passed" testListId="8c84fa94-04c1-424b-9868-57a2d4851a1d" relativeResultsDirectory="245fea4b-d40b-47ac-a9dc-a92d07455e06" />
    <UnitTestResult executionId="70e5b5c4-fc4a-4409-9509-a9dfc3444b76" testId="2c83aeec-41f1-c9e6-9c5b-7d5ecf29ccdd" testName="_2020.Tests.Days.Day15Tests.Part1_pack(testCaseName: &quot;example1&quot;, expectedResult: &quot;436&quot;, _: &quot;175594&quot;, fileContent: &quot;0,3,6&quot;)" computerName="LAPTOP-35RG0TO8" duration="00:00:00.0002815" startTime="2020-12-26T18:06:43.3114979+01:00" endTime="2020-12-26T18:06:43.3114981+01:00" testType="13cdc9d9-ddb5-4fa4-a97d-d965ccfc6d4b" outcome="Passed" testListId="8c84fa94-04c1-424b-9868-57a2d4851a1d" relativeResultsDirectory="70e5b5c4-fc4a-4409-9509-a9dfc3444b76" />
    <UnitTestResult executionId="1bb6c86c-8935-4391-a539-db409dfba0e3" testId="2aa3cc9c-1e67-63fe-0e48-b59a2268710d" testName="_2020.Tests.Days.Day15Tests.Part1_pack(testCaseName: &quot;example3&quot;, expectedResult: &quot;10&quot;, _: &quot;3544142&quot;, fileContent: &quot;2,1,3&quot;)" computerName="LAPTOP-35RG0TO8" duration="00:00:00.0002936" startTime="2020-12-26T18:06:43.3273994+01:00" endTime="2020-12-26T18:06:43.3273997+01:00" testType="13cdc9d9-ddb5-4fa4-a97d-d965ccfc6d4b" outcome="Passed" testListId="8c84fa94-04c1-424b-9868-57a2d4851a1d" relativeResultsDirectory="1bb6c86c-8935-4391-a539-db409dfba0e3" />
    <UnitTestResult executionId="89a7a651-dc18-4c06-9591-000c689f66b0" testId="8616f313-0874-0a03-7810-4f3d3de80c81" testName="_2020.Tests.Days.Day18Tests.Part2_Calculates_AsExpectedResult(testCase: &quot;5 + (8 * 3 + 9 + 3 * 4 * 3)&quot;, expectedResult: 1445)" computerName="LAPTOP-35RG0TO8" duration="00:00:00.0001550" startTime="2020-12-26T18:06:43.1844078+01:00" endTime="2020-12-26T18:06:43.1844080+01:00" testType="13cdc9d9-ddb5-4fa4-a97d-d965ccfc6d4b" outcome="Passed" testListId="8c84fa94-04c1-424b-9868-57a2d4851a1d" relativeResultsDirectory="89a7a651-dc18-4c06-9591-000c689f66b0" />
    <UnitTestResult executionId="cbc1b7f7-a1b3-4c9e-bbae-6e679a8946af" testId="7b22ac76-e28b-d566-054d-8cca4f51f9c4" testName="_2020.Tests.Days.Day22Tests.Part1_pack(testCaseName: &quot;puzzleinput&quot;, expectedResult: &quot;32102&quot;, _: &quot;&quot;, fileContent: &quot;Player 1:\r\n38\r\n1\r\n28\r\n32\r\n43\r\n21\r\n42&quot;...)" computerName="LAPTOP-35RG0TO8" duration="00:00:00.0001544" startTime="2020-12-26T18:06:43.2108845+01:00" endTime="2020-12-26T18:06:43.2108850+01:00" testType="13cdc9d9-ddb5-4fa4-a97d-d965ccfc6d4b" outcome="Passed" testListId="8c84fa94-04c1-424b-9868-57a2d4851a1d" relativeResultsDirectory="cbc1b7f7-a1b3-4c9e-bbae-6e679a8946af" />
    <UnitTestResult executionId="6ac4d1ba-3849-40c2-8a38-b05d2d259129" testId="36215da0-52f5-a57a-5cb4-ff033b29d94a" testName="_2020.Tests.Days.Day16Tests.Part2_Pack(testCaseName: &quot;puzzleinput&quot;, _: &quot;20060&quot;, expectedResult: &quot;1213906609901&quot;, fileContent: &quot;departure location: 37-594 or 615-952\r\ndeparture&quot;...)" computerName="LAPTOP-35RG0TO8" duration="00:00:00.0135390" startTime="2020-12-26T18:06:43.3346284+01:00" endTime="2020-12-26T18:06:43.3346287+01:00" testType="13cdc9d9-ddb5-4fa4-a97d-d965ccfc6d4b" outcome="Passed" testListId="8c84fa94-04c1-424b-9868-57a2d4851a1d" relativeResultsDirectory="6ac4d1ba-3849-40c2-8a38-b05d2d259129" />
    <UnitTestResult executionId="ac781c61-42e2-4f2a-9452-fcc0a09b2aa1" testId="02be2eb2-b9b7-27e5-1198-908b3671a59d" testName="_2020.Tests.Days.Day16Tests.Part1_pack(testCaseName: &quot;puzzleinput&quot;, expectedResult: &quot;20060&quot;, _: &quot;1213906609901&quot;, fileContent: &quot;departure location: 37-594 or 615-952\r\ndeparture&quot;...)" computerName="LAPTOP-35RG0TO8" duration="00:00:00.1144666" startTime="2020-12-26T18:06:43.3113166+01:00" endTime="2020-12-26T18:06:43.3113168+01:00" testType="13cdc9d9-ddb5-4fa4-a97d-d965ccfc6d4b" outcome="Passed" testListId="8c84fa94-04c1-424b-9868-57a2d4851a1d" relativeResultsDirectory="ac781c61-42e2-4f2a-9452-fcc0a09b2aa1" />
    <UnitTestResult executionId="6d2db4bd-8f16-41ef-961d-48c3019a63e4" testId="b9a0883d-021b-16e7-be90-275f6000cc9d" testName="_2020.Tests.Days.Day2Tests.Part1(fileContent: &quot;1-5 k: kkkkhkkkkkkkkkk\r\n5-7 k: blkqhtxfgktdkxzkk&quot;...)" computerName="LAPTOP-35RG0TO8" duration="00:00:00.0222567" startTime="2020-12-26T18:06:43.1312520+01:00" endTime="2020-12-26T18:06:43.1312543+01:00" testType="13cdc9d9-ddb5-4fa4-a97d-d965ccfc6d4b" outcome="Passed" testListId="8c84fa94-04c1-424b-9868-57a2d4851a1d" relativeResultsDirectory="6d2db4bd-8f16-41ef-961d-48c3019a63e4">
      <Output>
        <StdOut>answer for part 1 is: 519</StdOut>
      </Output>
    </UnitTestResult>
    <UnitTestResult executionId="a78e2a48-1558-430e-9738-151a8d071552" testId="2cc010d6-e101-5b64-2847-d92eb3aca667" testName="_2020.Tests.Days.Day10Tests.Part2_Pack(testCaseName: &quot;puzzleinput&quot;, _: &quot;2059&quot;, expectedResult: &quot;86812553324672&quot;, fileContent: &quot;77\r\n58\r\n25\r\n92\r\n14\r\n154\r\n105\r\n112\r\&quot;...)" computerName="LAPTOP-35RG0TO8" duration="00:00:00.0001046" startTime="2020-12-26T18:06:43.2556080+01:00" endTime="2020-12-26T18:06:43.2556084+01:00" testType="13cdc9d9-ddb5-4fa4-a97d-d965ccfc6d4b" outcome="Passed" testListId="8c84fa94-04c1-424b-9868-57a2d4851a1d" relativeResultsDirectory="a78e2a48-1558-430e-9738-151a8d071552" />
    <UnitTestResult executionId="252dc3bc-b5ee-4a3e-8d1d-9953ba40b1d2" testId="6c059688-c465-f5a5-7144-0e70ce180f19" testName="_2020.Tests.Days.Day14Tests.Part1_pack(testCaseName: &quot;example2&quot;, expectedResult: &quot;51&quot;, _: &quot;208&quot;, fileContent: &quot;mask = 000000000000000000000000000000X1001X\r\nmem&quot;...)" computerName="LAPTOP-35RG0TO8" duration="00:00:00.0001101" startTime="2020-12-26T18:06:43.1842114+01:00" endTime="2020-12-26T18:06:43.1842117+01:00" testType="13cdc9d9-ddb5-4fa4-a97d-d965ccfc6d4b" outcome="Passed" testListId="8c84fa94-04c1-424b-9868-57a2d4851a1d" relativeResultsDirectory="252dc3bc-b5ee-4a3e-8d1d-9953ba40b1d2" />
    <UnitTestResult executionId="e154c19e-18a4-46d7-88f2-a167585fedba" testId="56b8ecc6-4451-516f-e6ef-1f4a55f10fe8" testName="_2020.Tests.Days.Day13Tests.Part2_Pack(testCaseName: &quot;example1&quot;, _: &quot;295&quot;, expectedResult: &quot;1068781&quot;, fileContent: &quot;939\r\n7,13,x,x,59,x,31,19&quot;)" computerName="LAPTOP-35RG0TO8" duration="00:00:00.0000963" startTime="2020-12-26T18:06:43.2888862+01:00" endTime="2020-12-26T18:06:43.2888872+01:00" testType="13cdc9d9-ddb5-4fa4-a97d-d965ccfc6d4b" outcome="Passed" testListId="8c84fa94-04c1-424b-9868-57a2d4851a1d" relativeResultsDirectory="e154c19e-18a4-46d7-88f2-a167585fedba" />
    <UnitTestResult executionId="5b88ebbe-dc18-4a4c-bfa6-739110bd0eaa" testId="e54c9d1d-98dd-6275-0956-10d352bdcd10" testName="_2020.Tests.Days.Day23Tests.Part2_Pack(testCaseName: &quot;puzzleinput&quot;, _: &quot;52937846&quot;, expectedResult: &quot;8456532414&quot;, fileContent: &quot;463528179&quot;)" computerName="LAPTOP-35RG0TO8" duration="00:00:06.2853180" startTime="2020-12-26T18:06:49.3981704+01:00" endTime="2020-12-26T18:06:49.3981862+01:00" testType="13cdc9d9-ddb5-4fa4-a97d-d965ccfc6d4b" outcome="Passed" testListId="8c84fa94-04c1-424b-9868-57a2d4851a1d" relativeResultsDirectory="5b88ebbe-dc18-4a4c-bfa6-739110bd0eaa" />
    <UnitTestResult executionId="e3fac8d0-339f-4c7b-90e9-ae7162144de5" testId="1c1396ca-dd46-e8f2-30c5-d6059029eee4" testName="_2020.Tests.Days.Day23Tests.Part1_pack(testCaseName: &quot;example&quot;, expectedResult: &quot;67384529&quot;, _: &quot;149245887792&quot;, fileContent: &quot;389125467&quot;)" computerName="LAPTOP-35RG0TO8" duration="00:00:00.0001220" startTime="2020-12-26T18:06:43.2110672+01:00" endTime="2020-12-26T18:06:43.2110676+01:00" testType="13cdc9d9-ddb5-4fa4-a97d-d965ccfc6d4b" outcome="Passed" testListId="8c84fa94-04c1-424b-9868-57a2d4851a1d" relativeResultsDirectory="e3fac8d0-339f-4c7b-90e9-ae7162144de5" />
    <UnitTestResult executionId="10d213be-7c85-42c9-a8b9-cd3bd3770442" testId="9cf0cba5-172e-c153-e796-92c43fe8b799" testName="_2020.Tests.Days.Day13Tests.Part2_Pack(testCaseName: &quot;puzzleinput&quot;, _: &quot;4135&quot;, expectedResult: &quot;640856202464541&quot;, fileContent: &quot;1011416\r\n41,x,x,x,x,x,x,x,x,x,x,x,x,x,x,x,x,x,x,&quot;...)" computerName="LAPTOP-35RG0TO8" duration="00:00:00.0649058" startTime="2020-12-26T18:06:43.2856499+01:00" endTime="2020-12-26T18:06:43.2856503+01:00" testType="13cdc9d9-ddb5-4fa4-a97d-d965ccfc6d4b" outcome="Passed" testListId="8c84fa94-04c1-424b-9868-57a2d4851a1d" relativeResultsDirectory="10d213be-7c85-42c9-a8b9-cd3bd3770442" />
    <UnitTestResult executionId="d40d0f4e-c5db-46a5-80a7-d33e7772e28d" testId="3e8c6d43-8d09-84bb-a295-43059662202b" testName="_2020.Tests.Days.Day15Tests.Part1_pack(testCaseName: &quot;example7&quot;, expectedResult: &quot;1836&quot;, _: &quot;362&quot;, fileContent: &quot;3,1,2&quot;)" computerName="LAPTOP-35RG0TO8" duration="00:00:00.0002893" startTime="2020-12-26T18:06:43.3112126+01:00" endTime="2020-12-26T18:06:43.3112128+01:00" testType="13cdc9d9-ddb5-4fa4-a97d-d965ccfc6d4b" outcome="Passed" testListId="8c84fa94-04c1-424b-9868-57a2d4851a1d" relativeResultsDirectory="d40d0f4e-c5db-46a5-80a7-d33e7772e28d" />
    <UnitTestResult executionId="a7792879-aa74-443d-aa7d-7feea0943403" testId="9b48be43-b6dc-ab4a-e9b5-a0f0a0083d37" testName="_2020.Tests.Days.Day3Tests.Move_Works(fileContent: &quot;...\r\n#..&quot;, coordinates: [0, 0, 0, 1], isTree: True)" computerName="LAPTOP-35RG0TO8" duration="00:00:00.0000120" startTime="2020-12-26T18:06:43.2107913+01:00" endTime="2020-12-26T18:06:43.2107916+01:00" testType="13cdc9d9-ddb5-4fa4-a97d-d965ccfc6d4b" outcome="Passed" testListId="8c84fa94-04c1-424b-9868-57a2d4851a1d" relativeResultsDirectory="a7792879-aa74-443d-aa7d-7feea0943403" />
    <UnitTestResult executionId="acb47874-0179-47a1-ab0a-3e8692015e87" testId="43fceb6b-5881-924d-7b07-52e97ea431fb" testName="_2020.Tests.Days.Day23Tests.Part2_Pack(testCaseName: &quot;example&quot;, _: &quot;67384529&quot;, expectedResult: &quot;149245887792&quot;, fileContent: &quot;389125467&quot;)" computerName="LAPTOP-35RG0TO8" duration="00:00:05.9869740" startTime="2020-12-26T18:06:55.3858734+01:00" endTime="2020-12-26T18:06:55.3858802+01:00" testType="13cdc9d9-ddb5-4fa4-a97d-d965ccfc6d4b" outcome="Passed" testListId="8c84fa94-04c1-424b-9868-57a2d4851a1d" relativeResultsDirectory="acb47874-0179-47a1-ab0a-3e8692015e87" />
    <UnitTestResult executionId="5c35eeac-ccaf-4209-b455-8ab8aaa10b66" testId="dce4b7c0-81f4-b41c-94b9-afb06d0ad99d" testName="_2020.Tests.Days.Day6Tests.Part1_pack(testCaseName: &quot;example1&quot;, expectedResult: &quot;11&quot;, _: &quot;6&quot;, fileContent: &quot;abc\r\n\r\na\r\nb\r\nc\r\n\r\nab\r\nac\r\n\r\na\r\&quot;...)" computerName="LAPTOP-35RG0TO8" duration="00:00:00.0000398" startTime="2020-12-26T18:06:43.2558680+01:00" endTime="2020-12-26T18:06:43.2558684+01:00" testType="13cdc9d9-ddb5-4fa4-a97d-d965ccfc6d4b" outcome="Passed" testListId="8c84fa94-04c1-424b-9868-57a2d4851a1d" relativeResultsDirectory="5c35eeac-ccaf-4209-b455-8ab8aaa10b66" />
    <UnitTestResult executionId="f55571d5-a2a5-4c20-9610-2d4dd6ae4897" testId="f7e40ddb-a284-7426-9379-70e1c4cc7afa" testName="_2020.Tests.Days.Day12Tests.Part1_pack(testCaseName: &quot;puzzleinput&quot;, expectedResult: &quot;1565&quot;, _: &quot;78883&quot;, fileContent: &quot;E5\r\nR90\r\nE5\r\nL90\r\nF80\r\nL90\r\nE3\r\nN5\r&quot;...)" computerName="LAPTOP-35RG0TO8" duration="00:00:00.0006122" startTime="2020-12-26T18:06:43.2660628+01:00" endTime="2020-12-26T18:06:43.2660632+01:00" testType="13cdc9d9-ddb5-4fa4-a97d-d965ccfc6d4b" outcome="Passed" testListId="8c84fa94-04c1-424b-9868-57a2d4851a1d" relativeResultsDirectory="f55571d5-a2a5-4c20-9610-2d4dd6ae4897" />
    <UnitTestResult executionId="94d7590e-1434-4dc2-8eeb-8242247224f4" testId="d36ee119-83d8-bc35-7ac6-7f5ac328dab5" testName="_2020.Tests.Days.Day3Tests.Move_Works(fileContent: &quot;.......\r\n...#...\r\n......#&quot;, coordinates: [0, 0, 3, 1], isTree: True)" computerName="LAPTOP-35RG0TO8" duration="00:00:00.0000090" startTime="2020-12-26T18:06:43.2109391+01:00" endTime="2020-12-26T18:06:43.2109394+01:00" testType="13cdc9d9-ddb5-4fa4-a97d-d965ccfc6d4b" outcome="Passed" testListId="8c84fa94-04c1-424b-9868-57a2d4851a1d" relativeResultsDirectory="94d7590e-1434-4dc2-8eeb-8242247224f4" />
    <UnitTestResult executionId="7ad2a641-0ee7-4a57-b446-7682bb869a5b" testId="ea350fd8-4960-b90d-698c-7f319b46d10e" testName="_2020.Tests.Days.Day11Tests.Part1_pack(testCaseName: &quot;puzzleinput&quot;, expectedResult: &quot;2310&quot;, _: &quot;2074&quot;, fileContent: &quot;LLLLLLLLLL.LLLLLLLL.LLLLLLLLLLLLL.LLLLL.LLLL.LL.L.&quot;...)" computerName="LAPTOP-35RG0TO8" duration="00:00:01.4600434" startTime="2020-12-26T18:06:46.5048156+01:00" endTime="2020-12-26T18:06:46.5048308+01:00" testType="13cdc9d9-ddb5-4fa4-a97d-d965ccfc6d4b" outcome="Passed" testListId="8c84fa94-04c1-424b-9868-57a2d4851a1d" relativeResultsDirectory="7ad2a641-0ee7-4a57-b446-7682bb869a5b" />
    <UnitTestResult executionId="5fadcdda-cde3-4b47-bdec-2b91691bc585" testId="0b60d97b-b22a-43f0-3b65-c801f8f15e8d" testName="_2020.Tests.Days.Day9Tests.Part2_Pack(testCaseName: &quot;puzzleinput&quot;, _: &quot;41682220&quot;, preamble: &quot;25&quot;, expectedResult: &quot;5388976&quot;, fileContent: &quot;23\r\n3\r\n36\r\n14\r\n50\r\n8\r\n2\r\n44\r\n30\r\&quot;...)" computerName="LAPTOP-35RG0TO8" duration="00:00:00.0080064" startTime="2020-12-26T18:06:43.3276165+01:00" endTime="2020-12-26T18:06:43.3276168+01:00" testType="13cdc9d9-ddb5-4fa4-a97d-d965ccfc6d4b" outcome="Passed" testListId="8c84fa94-04c1-424b-9868-57a2d4851a1d" relativeResultsDirectory="5fadcdda-cde3-4b47-bdec-2b91691bc585" />
    <UnitTestResult executionId="72f58b1b-6013-43ec-a1c1-6e1ebef0dfe9" testId="e1d927d7-1291-e12a-bf18-839c35a2f680" testName="_2020.Tests.Days.Day21Tests.Part2_Pack(testCaseName: &quot;puzzleexample&quot;, _: &quot;2176&quot;, expectedResult: &quot;lvv,xblchx,tr,gzvsg,jlsqx,fnntr,pmz,csqc&quot;, fileContent: &quot;hptqj nsmzxmb fzrl dqzqc lpdzt jlsqx hxppxj thfxd &quot;...)" computerName="LAPTOP-35RG0TO8" duration="00:00:00.0267892" startTime="2020-12-26T18:06:43.2663811+01:00" endTime="2020-12-26T18:06:43.2663816+01:00" testType="13cdc9d9-ddb5-4fa4-a97d-d965ccfc6d4b" outcome="Passed" testListId="8c84fa94-04c1-424b-9868-57a2d4851a1d" relativeResultsDirectory="72f58b1b-6013-43ec-a1c1-6e1ebef0dfe9" />
    <UnitTestResult executionId="11657174-f53c-433e-b975-b9c05b6d14ae" testId="a4cd1902-2540-f6fa-9160-be37d82d086c" testName="_2020.Tests.Days.Day21Tests.Part2_Pack(testCaseName: &quot;example&quot;, _: &quot;5&quot;, expectedResult: &quot;mxmxvkd,sqjhc,fvjkl&quot;, fileContent: &quot;mxmxvkd kfcds sqjhc nhms (contains dairy, fish)\r\&quot;...)" computerName="LAPTOP-35RG0TO8" duration="00:00:00.0557250" startTime="2020-12-26T18:06:43.2441193+01:00" endTime="2020-12-26T18:06:43.2441200+01:00" testType="13cdc9d9-ddb5-4fa4-a97d-d965ccfc6d4b" outcome="Passed" testListId="8c84fa94-04c1-424b-9868-57a2d4851a1d" relativeResultsDirectory="11657174-f53c-433e-b975-b9c05b6d14ae" />
    <UnitTestResult executionId="0de01409-4d5f-4ee7-9341-26c34ebdbd87" testId="32ed6bd8-e0af-dd5c-7f74-96ea03b7cf74" testName="_2020.Tests.Days.Day11Tests.Part2_Pack(testCaseName: &quot;example1&quot;, _: &quot;37&quot;, expectedResult: &quot;26&quot;, fileContent: &quot;L.LL.LL.LL\r\nLLLLLLL.LL\r\nL.L.L..L..\r\nLLLL.LL.&quot;...)" computerName="LAPTOP-35RG0TO8" duration="00:00:00.0394496" startTime="2020-12-26T18:06:43.3345744+01:00" endTime="2020-12-26T18:06:43.3345747+01:00" testType="13cdc9d9-ddb5-4fa4-a97d-d965ccfc6d4b" outcome="Passed" testListId="8c84fa94-04c1-424b-9868-57a2d4851a1d" relativeResultsDirectory="0de01409-4d5f-4ee7-9341-26c34ebdbd87" />
    <UnitTestResult executionId="a05baa82-c689-4240-b258-07e5f2c3be97" testId="854f4902-0945-d06b-12ec-30d497dc6ec6" testName="_2020.Tests.Days.Day20Tests.Part2_Pack" computerName="LAPTOP-35RG0TO8" duration="00:00:00.0010000" startTime="2020-12-26T18:06:43.3640756+01:00" endTime="2020-12-26T18:06:43.3640768+01:00" testType="13cdc9d9-ddb5-4fa4-a97d-d965ccfc6d4b" outcome="NotExecuted" testListId="8c84fa94-04c1-424b-9868-57a2d4851a1d" relativeResultsDirectory="a05baa82-c689-4240-b258-07e5f2c3be97">
      <Output>
        <StdOut>Only running in interactive mode.</StdOut>
      </Output>
    </UnitTestResult>
    <UnitTestResult executionId="882d190f-d556-4e47-badb-d573658cd496" testId="0ae8165c-5db8-2151-c07c-655806764c15" testName="_2020.Tests.Days.Day6Tests.Part2_Pack(testCaseName: &quot;puzzleinput&quot;, _: &quot;6551&quot;, expectedResult: &quot;3358&quot;, fileContent: &quot;nvlyak\r\nnyvha\r\nyaen\r\nqynia\r\n\r\nkend\r\nen&quot;...)" computerName="LAPTOP-35RG0TO8" duration="00:00:00.0072853" startTime="2020-12-26T18:06:43.2347015+01:00" endTime="2020-12-26T18:06:43.2347020+01:00" testType="13cdc9d9-ddb5-4fa4-a97d-d965ccfc6d4b" outcome="Passed" testListId="8c84fa94-04c1-424b-9868-57a2d4851a1d" relativeResultsDirectory="882d190f-d556-4e47-badb-d573658cd496" />
    <UnitTestResult executionId="9ffc9909-d41c-4b3c-83f4-d2153794f1c8" testId="babf93f6-1c89-9c1d-499b-7212ab41b8fb" testName="_2020.Tests.Days.Day17Tests.Part2_Pack(testCaseName: &quot;example1&quot;, _: &quot;112&quot;, expectedResult: &quot;848&quot;, fileContent: &quot;.#.\r\n..#\r\n###&quot;)" computerName="LAPTOP-35RG0TO8" duration="00:00:07.7808817" startTime="2020-12-26T18:06:50.8566694+01:00" endTime="2020-12-26T18:06:50.8566799+01:00" testType="13cdc9d9-ddb5-4fa4-a97d-d965ccfc6d4b" outcome="Passed" testListId="8c84fa94-04c1-424b-9868-57a2d4851a1d" relativeResultsDirectory="9ffc9909-d41c-4b3c-83f4-d2153794f1c8" />
    <UnitTestResult executionId="3bd41f95-818c-40ef-8557-2a60fe413f50" testId="ec7478bc-4a20-3d74-98c7-efac9e3c0b10" testName="_2020.Tests.Days.Day18Tests.Part1_Calculates_AsExpectedResult(testCase: &quot;5 * 9 * (7 * 3 * 3 + 9 * 3 + (8 + 6 * 4))&quot;, expectedResult: 12240)" computerName="LAPTOP-35RG0TO8" duration="00:00:00.0003697" startTime="2020-12-26T18:06:43.2347981+01:00" endTime="2020-12-26T18:06:43.2347984+01:00" testType="13cdc9d9-ddb5-4fa4-a97d-d965ccfc6d4b" outcome="Passed" testListId="8c84fa94-04c1-424b-9868-57a2d4851a1d" relativeResultsDirectory="3bd41f95-818c-40ef-8557-2a60fe413f50" />
    <UnitTestResult executionId="313e0952-16a3-4e94-97d1-78473279a07e" testId="efa601cc-54d7-c236-5a09-1fc8039d2d61" testName="_2020.Tests.Days.Day21Tests.Part1_pack(testCaseName: &quot;example&quot;, expectedResult: &quot;5&quot;, _: &quot;mxmxvkd,sqjhc,fvjkl&quot;, fileContent: &quot;mxmxvkd kfcds sqjhc nhms (contains dairy, fish)\r\&quot;...)" computerName="LAPTOP-35RG0TO8" duration="00:00:00.0001239" startTime="2020-12-26T18:06:43.2855518+01:00" endTime="2020-12-26T18:06:43.2855523+01:00" testType="13cdc9d9-ddb5-4fa4-a97d-d965ccfc6d4b" outcome="Passed" testListId="8c84fa94-04c1-424b-9868-57a2d4851a1d" relativeResultsDirectory="313e0952-16a3-4e94-97d1-78473279a07e" />
    <UnitTestResult executionId="ba16efaa-47fd-457e-8f22-9ab2134b5f08" testId="fc6461b5-e450-3964-c0c6-8dde33d0fbf9" testName="_2020.Tests.Days.Day4Tests.Part1Example(fileContent: &quot;ecl:gry pid:860033327 eyr:2020 hcl:#fffffd\r\nbyr:&quot;...)" computerName="LAPTOP-35RG0TO8" duration="00:00:00.0052055" startTime="2020-12-26T18:06:43.2853616+01:00" endTime="2020-12-26T18:06:43.2853620+01:00" testType="13cdc9d9-ddb5-4fa4-a97d-d965ccfc6d4b" outcome="Passed" testListId="8c84fa94-04c1-424b-9868-57a2d4851a1d" relativeResultsDirectory="ba16efaa-47fd-457e-8f22-9ab2134b5f08">
      <Output>
        <StdOut>answer for part 1 is: 2</StdOut>
      </Output>
    </UnitTestResult>
    <UnitTestResult executionId="1556b9f7-0794-4212-9437-c4e0fe66a4e1" testId="f2b970e6-88ab-fc2f-c7a2-5625b601937f" testName="_2020.Tests.Days.Day23Tests.Part1_pack(testCaseName: &quot;puzzleinput&quot;, expectedResult: &quot;52937846&quot;, _: &quot;8456532414&quot;, fileContent: &quot;463528179&quot;)" computerName="LAPTOP-35RG0TO8" duration="00:00:00.0350455" startTime="2020-12-26T18:06:43.1375840+01:00" endTime="2020-12-26T18:06:43.1375871+01:00" testType="13cdc9d9-ddb5-4fa4-a97d-d965ccfc6d4b" outcome="Passed" testListId="8c84fa94-04c1-424b-9868-57a2d4851a1d" relativeResultsDirectory="1556b9f7-0794-4212-9437-c4e0fe66a4e1" />
    <UnitTestResult executionId="3d7fd95f-73b7-4a16-9cdd-b48385e70024" testId="7505053a-8388-b504-70a1-f4bcc9da9d25" testName="_2020.Tests.Days.Day4Tests.Part1_pack(testCaseName: &quot;invalid&quot;, expectedResult: &quot;4&quot;, _: &quot;0&quot;, fileContent: &quot;eyr:1972 cid:100\r\nhcl:#18171d ecl:amb hgt:170 pi&quot;...)" computerName="LAPTOP-35RG0TO8" duration="00:00:00.0000554" startTime="2020-12-26T18:06:43.2662691+01:00" endTime="2020-12-26T18:06:43.2662697+01:00" testType="13cdc9d9-ddb5-4fa4-a97d-d965ccfc6d4b" outcome="Passed" testListId="8c84fa94-04c1-424b-9868-57a2d4851a1d" relativeResultsDirectory="3d7fd95f-73b7-4a16-9cdd-b48385e70024" />
    <UnitTestResult executionId="63979805-0c4d-4d7b-8b84-868385c316bb" testId="4e787288-240c-d848-e3c2-d3a128fdd4ab" testName="_2020.Tests.Days.Day20Tests.Part1_example1(testCaseName: &quot;puzzleinput&quot;, expectedResult: &quot;2699020245973&quot;, _: &quot;263&quot;, fileContent: &quot;Tile 2729:\r\n.....#####\r\n##..##.#.#\r\n......#.&quot;...)" computerName="LAPTOP-35RG0TO8" duration="00:00:00.2870356" startTime="2020-12-26T18:06:43.3632445+01:00" endTime="2020-12-26T18:06:43.3632472+01:00" testType="13cdc9d9-ddb5-4fa4-a97d-d965ccfc6d4b" outcome="Passed" testListId="8c84fa94-04c1-424b-9868-57a2d4851a1d" relativeResultsDirectory="63979805-0c4d-4d7b-8b84-868385c316bb" />
    <UnitTestResult executionId="90fba553-41c5-45b4-b301-492686c6ae4e" testId="4dc9e345-1e1c-7c56-ffd6-51f432d6c33b" testName="_2020.Tests.Days.Day9Tests.Part1_pack(testCaseName: &quot;example1&quot;, expectedResult: &quot;127&quot;, preamble: &quot;5&quot;, _: &quot;62&quot;, fileContent: &quot;35\r\n20\r\n15\r\n25\r\n47\r\n40\r\n62\r\n55\r\n65&quot;...)" computerName="LAPTOP-35RG0TO8" duration="00:00:00.0609543" startTime="2020-12-26T18:06:43.3275062+01:00" endTime="2020-12-26T18:06:43.3275066+01:00" testType="13cdc9d9-ddb5-4fa4-a97d-d965ccfc6d4b" outcome="Passed" testListId="8c84fa94-04c1-424b-9868-57a2d4851a1d" relativeResultsDirectory="90fba553-41c5-45b4-b301-492686c6ae4e" />
    <UnitTestResult executionId="8c6eb0ca-e33b-44e3-b503-87180b532be0" testId="0a2c2f88-73a7-a432-398b-2f86564fd773" testName="_2020.Tests.Days.Day13Tests.Part1_pack(testCaseName: &quot;example1&quot;, expectedResult: &quot;295&quot;, _: &quot;1068781&quot;, fileContent: &quot;939\r\n7,13,x,x,59,x,31,19&quot;)" computerName="LAPTOP-35RG0TO8" duration="00:00:00.0000999" startTime="2020-12-26T18:06:43.3026691+01:00" endTime="2020-12-26T18:06:43.3026693+01:00" testType="13cdc9d9-ddb5-4fa4-a97d-d965ccfc6d4b" outcome="Passed" testListId="8c84fa94-04c1-424b-9868-57a2d4851a1d" relativeResultsDirectory="8c6eb0ca-e33b-44e3-b503-87180b532be0" />
    <UnitTestResult executionId="288394e3-fb17-471c-8e34-f82f6a0d7506" testId="080b3b6b-2753-c9a6-9f1e-0b651fcd9c49" testName="_2020.Tests.Days.Day18Tests.Part2_Pack(testCaseName: &quot;puzzleinput&quot;, _: &quot;3885386961962&quot;, expectedResult: &quot;112899558798666&quot;, fileContent: &quot;2 + (2 + 6 * (4 * 5 * 8 * 7) + 3) * (9 + (4 * 3 * &quot;...)" computerName="LAPTOP-35RG0TO8" duration="00:00:00.2035457" startTime="2020-12-26T18:06:43.8418072+01:00" endTime="2020-12-26T18:06:43.8418101+01:00" testType="13cdc9d9-ddb5-4fa4-a97d-d965ccfc6d4b" outcome="Passed" testListId="8c84fa94-04c1-424b-9868-57a2d4851a1d" relativeResultsDirectory="288394e3-fb17-471c-8e34-f82f6a0d7506" />
    <UnitTestResult executionId="fcd97605-e0bf-46d8-937b-680a84fe99d4" testId="7e2b291f-4d36-b74a-6972-5466517a8596" testName="_2020.Tests.Days.Day10Tests.Part2_Pack(testCaseName: &quot;example2&quot;, _: &quot;220&quot;, expectedResult: &quot;19208&quot;, fileContent: &quot;28\r\n33\r\n18\r\n42\r\n31\r\n14\r\n46\r\n20\r\n48&quot;...)" computerName="LAPTOP-35RG0TO8" duration="00:00:00.0000334" startTime="2020-12-26T18:06:43.2556761+01:00" endTime="2020-12-26T18:06:43.2556764+01:00" testType="13cdc9d9-ddb5-4fa4-a97d-d965ccfc6d4b" outcome="Passed" testListId="8c84fa94-04c1-424b-9868-57a2d4851a1d" relativeResultsDirectory="fcd97605-e0bf-46d8-937b-680a84fe99d4" />
    <UnitTestResult executionId="ae7b1a55-723c-418a-9702-a8ccfa2f2c4f" testId="a6bc7069-b162-23bc-232a-4d44be2a9196" testName="_2020.Tests.Days.Day22Tests.Part1_pack(testCaseName: &quot;example&quot;, expectedResult: &quot;306&quot;, _: &quot;&quot;, fileContent: &quot;Player 1:\r\n9\r\n2\r\n6\r\n3\r\n1\r\n\r\nPlayer 2&quot;...)" computerName="LAPTOP-35RG0TO8" duration="00:00:00.0334568" startTime="2020-12-26T18:06:43.1319440+01:00" endTime="2020-12-26T18:06:43.1319443+01:00" testType="13cdc9d9-ddb5-4fa4-a97d-d965ccfc6d4b" outcome="Passed" testListId="8c84fa94-04c1-424b-9868-57a2d4851a1d" relativeResultsDirectory="ae7b1a55-723c-418a-9702-a8ccfa2f2c4f" />
    <UnitTestResult executionId="00b1580f-0a13-4ce0-803b-06ae581d69a2" testId="dffdb84d-1db1-5f4c-67d3-f3140d14b547" testName="_2020.Tests.Days.Day16Tests.Part2_Pack(testCaseName: &quot;example1&quot;, _: &quot;71&quot;, expectedResult: &quot;0&quot;, fileContent: &quot;class: 1-3 or 5-7\r\nrow: 6-11 or 33-44\r\nseat: 1&quot;...)" computerName="LAPTOP-35RG0TO8" duration="00:00:00.0001208" startTime="2020-12-26T18:06:43.3345238+01:00" endTime="2020-12-26T18:06:43.3345241+01:00" testType="13cdc9d9-ddb5-4fa4-a97d-d965ccfc6d4b" outcome="Passed" testListId="8c84fa94-04c1-424b-9868-57a2d4851a1d" relativeResultsDirectory="00b1580f-0a13-4ce0-803b-06ae581d69a2" />
    <UnitTestResult executionId="ae89eb69-0d15-40cb-bef8-d0f4cb87037c" testId="b27c9020-e789-a65d-c36f-5611503fe0b7" testName="_2020.Tests.Days.Day8Tests.Part1_pack(testCaseName: &quot;puzzleinput&quot;, expectedResult: &quot;2051&quot;, _: &quot;2304&quot;, fileContent: &quot;jmp +583\r\nacc +9\r\njmp +525\r\njmp +302\r\njmp &quot;...)" computerName="LAPTOP-35RG0TO8" duration="00:00:00.0002969" startTime="2020-12-26T18:06:43.3025019+01:00" endTime="2020-12-26T18:06:43.3025031+01:00" testType="13cdc9d9-ddb5-4fa4-a97d-d965ccfc6d4b" outcome="Passed" testListId="8c84fa94-04c1-424b-9868-57a2d4851a1d" relativeResultsDirectory="ae89eb69-0d15-40cb-bef8-d0f4cb87037c" />
    <UnitTestResult executionId="8661dd15-757f-478d-bc16-ce810eb2b7de" testId="159d3ea9-44fc-4aaa-9da0-18c06a48805e" testName="_2020.Tests.Days.Day4Tests.Part2_Pack(testCaseName: &quot;valid&quot;, _: &quot;4&quot;, expectedResult: &quot;4&quot;, fileContent: &quot;pid:087499704 hgt:74in ecl:grn iyr:2012 eyr:2030 b&quot;...)" computerName="LAPTOP-35RG0TO8" duration="00:00:00.0001622" startTime="2020-12-26T18:06:43.2851873+01:00" endTime="2020-12-26T18:06:43.2851882+01:00" testType="13cdc9d9-ddb5-4fa4-a97d-d965ccfc6d4b" outcome="Passed" testListId="8c84fa94-04c1-424b-9868-57a2d4851a1d" relativeResultsDirectory="8661dd15-757f-478d-bc16-ce810eb2b7de" />
    <UnitTestResult executionId="9c0e7ced-4541-48e5-b211-717911c68172" testId="ac5db98b-95ab-8428-6c0e-9c3d2b01381d" testName="_2020.Tests.Days.Day19Tests.Part1_pack(testCaseName: &quot;example&quot;, expectedResult: &quot;2&quot;, _: &quot;2&quot;, fileContent: &quot;0: 4 1 5\r\n1: 2 3 | 3 2\r\n2: 4 4 | 5 5\r\n3: 4 5&quot;...)" computerName="LAPTOP-35RG0TO8" duration="00:00:00.0002098" startTime="2020-12-26T18:06:43.3819145+01:00" endTime="2020-12-26T18:06:43.3819148+01:00" testType="13cdc9d9-ddb5-4fa4-a97d-d965ccfc6d4b" outcome="Passed" testListId="8c84fa94-04c1-424b-9868-57a2d4851a1d" relativeResultsDirectory="9c0e7ced-4541-48e5-b211-717911c68172" />
    <UnitTestResult executionId="ab6c3f85-f3d8-47da-8c3f-2deca9166b65" testId="b2758025-0ea6-8920-1ed3-b47e23fd5591" testName="_2020.Tests.Days.Day10Tests.Part2_Pack(testCaseName: &quot;example1&quot;, _: &quot;35&quot;, expectedResult: &quot;8&quot;, fileContent: &quot;16\r\n10\r\n15\r\n5\r\n1\r\n11\r\n7\r\n19\r\n6\r\n&quot;...)" computerName="LAPTOP-35RG0TO8" duration="00:00:00.0257054" startTime="2020-12-26T18:06:43.2555140+01:00" endTime="2020-12-26T18:06:43.2555150+01:00" testType="13cdc9d9-ddb5-4fa4-a97d-d965ccfc6d4b" outcome="Passed" testListId="8c84fa94-04c1-424b-9868-57a2d4851a1d" relativeResultsDirectory="ab6c3f85-f3d8-47da-8c3f-2deca9166b65" />
    <UnitTestResult executionId="e10eed30-4fe8-44e4-a1cd-9341029d530a" testId="0bed3344-fa0a-42d1-498c-c81531501fe8" testName="_2020.Tests.Days.Day21Tests.Part1_pack(testCaseName: &quot;puzzleexample&quot;, expectedResult: &quot;2176&quot;, _: &quot;lvv,xblchx,tr,gzvsg,jlsqx,fnntr,pmz,csqc&quot;, fileContent: &quot;hptqj nsmzxmb fzrl dqzqc lpdzt jlsqx hxppxj thfxd &quot;...)" computerName="LAPTOP-35RG0TO8" duration="00:00:00.0260004" startTime="2020-12-26T18:06:43.2854972+01:00" endTime="2020-12-26T18:06:43.2854975+01:00" testType="13cdc9d9-ddb5-4fa4-a97d-d965ccfc6d4b" outcome="Passed" testListId="8c84fa94-04c1-424b-9868-57a2d4851a1d" relativeResultsDirectory="e10eed30-4fe8-44e4-a1cd-9341029d530a" />
    <UnitTestResult executionId="66b22cae-ece5-4070-9980-4a172b8fd4a4" testId="9f0ccaf6-c07d-b20e-be6b-7733f88e5aab" testName="_2020.Tests.Days.Day11Tests.Part1_pack(testCaseName: &quot;example1&quot;, expectedResult: &quot;37&quot;, _: &quot;26&quot;, fileContent: &quot;L.LL.LL.LL\r\nLLLLLLL.LL\r\nL.L.L..L..\r\nLLLL.LL.&quot;...)" computerName="LAPTOP-35RG0TO8" duration="00:00:00.0006493" startTime="2020-12-26T18:06:46.5060052+01:00" endTime="2020-12-26T18:06:46.5060179+01:00" testType="13cdc9d9-ddb5-4fa4-a97d-d965ccfc6d4b" outcome="Passed" testListId="8c84fa94-04c1-424b-9868-57a2d4851a1d" relativeResultsDirectory="66b22cae-ece5-4070-9980-4a172b8fd4a4" />
    <UnitTestResult executionId="6332c5ed-4fe6-4f15-958a-c1fae5971866" testId="2457c214-d49a-003d-4e5f-ffc3d1c0b075" testName="_2020.Tests.Days.Day19Tests.Part2_Pack(testCaseName: &quot;puzzleexample&quot;, _: &quot;147&quot;, expectedResult: &quot;263&quot;, fileContent: &quot;90: 86 86\r\n122: 86 1 | 99 20\r\n116: 86 58 | 99 &quot;...)" computerName="LAPTOP-35RG0TO8" duration="00:00:00.4180386" startTime="2020-12-26T18:06:43.7942386+01:00" endTime="2020-12-26T18:06:43.7942421+01:00" testType="13cdc9d9-ddb5-4fa4-a97d-d965ccfc6d4b" outcome="Passed" testListId="8c84fa94-04c1-424b-9868-57a2d4851a1d" relativeResultsDirectory="6332c5ed-4fe6-4f15-958a-c1fae5971866" />
    <UnitTestResult executionId="5eda2e63-20cd-4837-af04-827fe8b3d1b3" testId="48579821-f4ae-154d-3b8b-9d6778d19e79" testName="_2020.Tests.Days.Day24Tests.Part1_pack(testCaseName: &quot;puzzleinput&quot;, expectedResult: &quot;17032383&quot;, _: &quot;&quot;, fileContent: &quot;10441485\r\n1004920&quot;)" computerName="LAPTOP-35RG0TO8" duration="00:00:00.9143718" startTime="2020-12-26T18:06:44.0757655+01:00" endTime="2020-12-26T18:06:44.0757689+01:00" testType="13cdc9d9-ddb5-4fa4-a97d-d965ccfc6d4b" outcome="Passed" testListId="8c84fa94-04c1-424b-9868-57a2d4851a1d" relativeResultsDirectory="5eda2e63-20cd-4837-af04-827fe8b3d1b3" />
    <UnitTestResult executionId="6988fd75-160e-4f29-a088-2fcb65862631" testId="bfaca6be-0b52-deae-c673-4467abedb8b9" testName="_2020.Tests.Days.Day18Tests.Part1_Calculates_AsExpectedResult(testCase: &quot;2 * 3 + (4 * 5)&quot;, expectedResult: 26)" computerName="LAPTOP-35RG0TO8" duration="00:00:00.0061102" startTime="2020-12-26T18:06:43.2346654+01:00" endTime="2020-12-26T18:06:43.2346660+01:00" testType="13cdc9d9-ddb5-4fa4-a97d-d965ccfc6d4b" outcome="Passed" testListId="8c84fa94-04c1-424b-9868-57a2d4851a1d" relativeResultsDirectory="6988fd75-160e-4f29-a088-2fcb65862631" />
    <UnitTestResult executionId="1edf1f1f-7e21-4826-90dd-01931458fd30" testId="91762290-c3ef-cb33-7393-5016aef0e9d9" testName="_2020.Tests.Days.Day24Tests.Part2_Pack" computerName="LAPTOP-35RG0TO8" duration="00:00:00.0010000" startTime="2020-12-26T18:06:44.0793350+01:00" endTime="2020-12-26T18:06:44.0793363+01:00" testType="13cdc9d9-ddb5-4fa4-a97d-d965ccfc6d4b" outcome="NotExecuted" testListId="8c84fa94-04c1-424b-9868-57a2d4851a1d" relativeResultsDirectory="1edf1f1f-7e21-4826-90dd-01931458fd30">
      <Output>
        <StdOut>Only running in interactive mode.</StdOut>
      </Output>
    </UnitTestResult>
    <UnitTestResult executionId="323b4620-2aaf-4c06-8d5e-8c67646c6c91" testId="355791e2-453d-1a99-4de5-71823162968c" testName="_2020.Tests.Days.Day19Tests.Part2_Pack(testCaseName: &quot;example&quot;, _: &quot;2&quot;, expectedResult: &quot;2&quot;, fileContent: &quot;0: 4 1 5\r\n1: 2 3 | 3 2\r\n2: 4 4 | 5 5\r\n3: 4 5&quot;...)" computerName="LAPTOP-35RG0TO8" duration="00:00:00.0002183" startTime="2020-12-26T18:06:43.8321307+01:00" endTime="2020-12-26T18:06:43.8321326+01:00" testType="13cdc9d9-ddb5-4fa4-a97d-d965ccfc6d4b" outcome="Passed" testListId="8c84fa94-04c1-424b-9868-57a2d4851a1d" relativeResultsDirectory="323b4620-2aaf-4c06-8d5e-8c67646c6c91" />
    <UnitTestResult executionId="c2bbd422-e555-49ff-8724-a00658af8acf" testId="31e4599a-6dad-6e73-df11-b7eddbe65212" testName="_2020.Tests.Days.Day17Tests.Part2_Pack(testCaseName: &quot;puzzleinput&quot;, _: &quot;338&quot;, expectedResult: &quot;2440&quot;, fileContent: &quot;.#.##..#\r\n....#.##\r\n##.###..\r\n.#.#.###\r\n#.&quot;...)" computerName="LAPTOP-35RG0TO8" duration="00:00:16.1811167" startTime="2020-12-26T18:07:07.0382422+01:00" endTime="2020-12-26T18:07:07.0382491+01:00" testType="13cdc9d9-ddb5-4fa4-a97d-d965ccfc6d4b" outcome="Passed" testListId="8c84fa94-04c1-424b-9868-57a2d4851a1d" relativeResultsDirectory="c2bbd422-e555-49ff-8724-a00658af8acf" />
    <UnitTestResult executionId="b686a23b-e5f8-4f7a-b58d-a06896d497d0" testId="b73fc7b5-5c4f-ce2b-029f-5099fc932df8" testName="_2020.Tests.Days.Day9Tests.Part1_pack(testCaseName: &quot;puzzleinput&quot;, expectedResult: &quot;41682220&quot;, preamble: &quot;25&quot;, _: &quot;5388976&quot;, fileContent: &quot;23\r\n3\r\n36\r\n14\r\n50\r\n8\r\n2\r\n44\r\n30\r\&quot;...)" computerName="LAPTOP-35RG0TO8" duration="00:00:00.0017550" startTime="2020-12-26T18:06:43.3275565+01:00" endTime="2020-12-26T18:06:43.3275568+01:00" testType="13cdc9d9-ddb5-4fa4-a97d-d965ccfc6d4b" outcome="Passed" testListId="8c84fa94-04c1-424b-9868-57a2d4851a1d" relativeResultsDirectory="b686a23b-e5f8-4f7a-b58d-a06896d497d0" />
    <UnitTestResult executionId="b9142126-5a2a-497c-8714-78b4c4cd0bbf" testId="43631560-4363-7ae1-1dad-8677710aa43a" testName="_2020.Tests.Days.Day18Tests.Part2_Calculates_AsExpectedResult(testCase: &quot;1 + 2 * 3 + 4 * 5 + 6&quot;, expectedResult: 231)" computerName="LAPTOP-35RG0TO8" duration="00:00:00.0001111" startTime="2020-12-26T18:06:43.2220396+01:00" endTime="2020-12-26T18:06:43.2220399+01:00" testType="13cdc9d9-ddb5-4fa4-a97d-d965ccfc6d4b" outcome="Passed" testListId="8c84fa94-04c1-424b-9868-57a2d4851a1d" relativeResultsDirectory="b9142126-5a2a-497c-8714-78b4c4cd0bbf" />
    <UnitTestResult executionId="1cef7a44-581b-42b1-bcb3-c8e7c5b881b4" testId="c8eb35de-3806-7a84-c356-ef8a1ba0e171" testName="_2020.Tests.Days.Day14Tests.Part2_Pack(testCaseName: &quot;puzzleinput&quot;, _: &quot;13496669152158&quot;, expectedResult: &quot;3278997609887&quot;, fileContent: &quot;mask = 01111X0011X11110XX11X110111001X00001\r\nmem&quot;...)" computerName="LAPTOP-35RG0TO8" duration="00:00:00.8473952" startTime="2020-12-26T18:06:43.9612729+01:00" endTime="2020-12-26T18:06:43.9612756+01:00" testType="13cdc9d9-ddb5-4fa4-a97d-d965ccfc6d4b" outcome="Passed" testListId="8c84fa94-04c1-424b-9868-57a2d4851a1d" relativeResultsDirectory="1cef7a44-581b-42b1-bcb3-c8e7c5b881b4" />
    <UnitTestResult executionId="db8deabf-5836-4d32-980b-1d3194d60535" testId="04f07e51-e06f-f9ef-687e-27f8f50cd69c" testName="_2020.Tests.Days.Day10Tests.Part1_pack(testCaseName: &quot;example_small&quot;, expectedResult: &quot;12&quot;, _: &quot;4&quot;, fileContent: &quot;3\r\n4\r\n5\r\n8\r\n9\r\n10&quot;)" computerName="LAPTOP-35RG0TO8" duration="00:00:00.0000865" startTime="2020-12-26T18:06:43.1840988+01:00" endTime="2020-12-26T18:06:43.1840999+01:00" testType="13cdc9d9-ddb5-4fa4-a97d-d965ccfc6d4b" outcome="Passed" testListId="8c84fa94-04c1-424b-9868-57a2d4851a1d" relativeResultsDirectory="db8deabf-5836-4d32-980b-1d3194d60535" />
    <UnitTestResult executionId="a0fa0271-20bd-4db9-8017-8b388630e50a" testId="4d95249a-c4ec-74a6-909c-c074eed39474" testName="_2020.Tests.Days.Day10Tests.Part1_pack(testCaseName: &quot;example1&quot;, expectedResult: &quot;35&quot;, _: &quot;8&quot;, fileContent: &quot;16\r\n10\r\n15\r\n5\r\n1\r\n11\r\n7\r\n19\r\n6\r\n&quot;...)" computerName="LAPTOP-35RG0TO8" duration="00:00:00.0311886" startTime="2020-12-26T18:06:43.1319628+01:00" endTime="2020-12-26T18:06:43.1319631+01:00" testType="13cdc9d9-ddb5-4fa4-a97d-d965ccfc6d4b" outcome="Passed" testListId="8c84fa94-04c1-424b-9868-57a2d4851a1d" relativeResultsDirectory="a0fa0271-20bd-4db9-8017-8b388630e50a" />
    <UnitTestResult executionId="7523fe9a-c6a0-4076-8687-0ca6281d0dce" testId="bdaba18c-2c59-04ae-e240-7ebf7e7a64fb" testName="_2020.Tests.Days.Day7Tests.Part2_Pack(testCaseName: &quot;puzzleinput&quot;, _: &quot;335&quot;, expectedResult: &quot;2431&quot;, fileContent: &quot;dim silver bags contain 3 posh fuchsia bags.\r\nwa&quot;...)" computerName="LAPTOP-35RG0TO8" duration="00:00:00.0435624" startTime="2020-12-26T18:06:43.2760264+01:00" endTime="2020-12-26T18:06:43.2760268+01:00" testType="13cdc9d9-ddb5-4fa4-a97d-d965ccfc6d4b" outcome="Passed" testListId="8c84fa94-04c1-424b-9868-57a2d4851a1d" relativeResultsDirectory="7523fe9a-c6a0-4076-8687-0ca6281d0dce" />
    <UnitTestResult executionId="1c0102dd-cbc8-46a3-9c98-f6577d0913d0" testId="21cf7987-0bbe-7998-2a6a-b62be16638fd" testName="_2020.Tests.Days.Day16Tests.Part2_Pack(testCaseName: &quot;example2&quot;, _: &quot;0&quot;, expectedResult: &quot;1716&quot;, fileContent: &quot;departure class: 0-1 or 4-19\r\ndeparture row: 0-5&quot;...)" computerName="LAPTOP-35RG0TO8" duration="00:00:00.0336848" startTime="2020-12-26T18:06:43.3344726+01:00" endTime="2020-12-26T18:06:43.3344729+01:00" testType="13cdc9d9-ddb5-4fa4-a97d-d965ccfc6d4b" outcome="Passed" testListId="8c84fa94-04c1-424b-9868-57a2d4851a1d" relativeResultsDirectory="1c0102dd-cbc8-46a3-9c98-f6577d0913d0" />
    <UnitTestResult executionId="28fe829f-2f58-4c4f-a6da-aab0fce40135" testId="7deeee6f-5f68-e96c-55d2-19a70aab7c3d" testName="_2020.Tests.Days.Day3Tests.Move_Works(fileContent: &quot;.......\r\n...#...\r\n......#&quot;, coordinates: [3, 1, 6, 2], isTree: True)" computerName="LAPTOP-35RG0TO8" duration="00:00:00.0000472" startTime="2020-12-26T18:06:43.2107076+01:00" endTime="2020-12-26T18:06:43.2107081+01:00" testType="13cdc9d9-ddb5-4fa4-a97d-d965ccfc6d4b" outcome="Passed" testListId="8c84fa94-04c1-424b-9868-57a2d4851a1d" relativeResultsDirectory="28fe829f-2f58-4c4f-a6da-aab0fce40135" />
    <UnitTestResult executionId="a88af388-3a82-4728-bb85-1df7d423b9ec" testId="db9d81cc-9f3b-68f2-2d29-410e4425b6d1" testName="_2020.Tests.Days.Day10Tests.Part2_Pack(testCaseName: &quot;example_small&quot;, _: &quot;12&quot;, expectedResult: &quot;4&quot;, fileContent: &quot;3\r\n4\r\n5\r\n8\r\n9\r\n10&quot;)" computerName="LAPTOP-35RG0TO8" duration="00:00:00.0000163" startTime="2020-12-26T18:06:43.2557168+01:00" endTime="2020-12-26T18:06:43.2557170+01:00" testType="13cdc9d9-ddb5-4fa4-a97d-d965ccfc6d4b" outcome="Passed" testListId="8c84fa94-04c1-424b-9868-57a2d4851a1d" relativeResultsDirectory="a88af388-3a82-4728-bb85-1df7d423b9ec" />
    <UnitTestResult executionId="43808c68-9354-4bab-bee9-e0c2429f61d4" testId="821db9cf-a5c7-f686-a035-a78be04f731f" testName="_2020.Tests.Days.Day16Tests.Part1_pack(testCaseName: &quot;example2&quot;, expectedResult: &quot;0&quot;, _: &quot;1716&quot;, fileContent: &quot;departure class: 0-1 or 4-19\r\ndeparture row: 0-5&quot;...)" computerName="LAPTOP-35RG0TO8" duration="00:00:00.0000449" startTime="2020-12-26T18:06:43.3115300+01:00" endTime="2020-12-26T18:06:43.3115302+01:00" testType="13cdc9d9-ddb5-4fa4-a97d-d965ccfc6d4b" outcome="Passed" testListId="8c84fa94-04c1-424b-9868-57a2d4851a1d" relativeResultsDirectory="43808c68-9354-4bab-bee9-e0c2429f61d4" />
    <UnitTestResult executionId="058ce0eb-cdc0-4b21-a249-d3f3e29c8522" testId="5a6838e8-c034-4ac2-cf4a-650d8f91ee6f" testName="_2020.Tests.Days.Day15Tests.Part2_Pack(testCaseName: &quot;example1&quot;, _: &quot;436&quot;, expectedResult: &quot;175594&quot;, fileContent: &quot;0,3,6&quot;)" computerName="LAPTOP-35RG0TO8" duration="00:00:07.1680146" startTime="2020-12-26T18:06:50.4257727+01:00" endTime="2020-12-26T18:06:50.4257835+01:00" testType="13cdc9d9-ddb5-4fa4-a97d-d965ccfc6d4b" outcome="Passed" testListId="8c84fa94-04c1-424b-9868-57a2d4851a1d" relativeResultsDirectory="058ce0eb-cdc0-4b21-a249-d3f3e29c8522" />
    <UnitTestResult executionId="78dbf7a0-d640-47c2-8d9f-9200b48375c3" testId="5670067d-1cf3-a96b-1c13-3fd4f02d341b" testName="_2020.Tests.Days.Day5Tests.Part2_Pack(testCaseName: &quot;mydata&quot;, _: &quot;998&quot;, expectedResult: &quot;676&quot;, fileContent: &quot;BFBBBBBLLR\r\nBBFFBBFRRL\r\nFBFBFFFRRL\r\nBBFFFBFR&quot;...)" computerName="LAPTOP-35RG0TO8" duration="00:00:00.0147022" startTime="2020-12-26T18:06:43.3274578+01:00" endTime="2020-12-26T18:06:43.3274580+01:00" testType="13cdc9d9-ddb5-4fa4-a97d-d965ccfc6d4b" outcome="Passed" testListId="8c84fa94-04c1-424b-9868-57a2d4851a1d" relativeResultsDirectory="78dbf7a0-d640-47c2-8d9f-9200b48375c3" />
    <UnitTestResult executionId="74154833-959f-4f69-82fb-2d1a63bb35d5" testId="de2d88b7-cfd9-036b-e718-618c36e4686c" testName="_2020.Tests.Days.Day4Tests.Part2(fileContent: &quot;eyr:2027\r\nhcl:#602927\r\nhgt:186cm byr:1939 iyr:&quot;...)" computerName="LAPTOP-35RG0TO8" duration="00:00:00.0202316" startTime="2020-12-26T18:06:43.2950527+01:00" endTime="2020-12-26T18:06:43.2950556+01:00" testType="13cdc9d9-ddb5-4fa4-a97d-d965ccfc6d4b" outcome="Passed" testListId="8c84fa94-04c1-424b-9868-57a2d4851a1d" relativeResultsDirectory="74154833-959f-4f69-82fb-2d1a63bb35d5">
      <Output>
        <StdOut>answer for part 2 is: 194</StdOut>
      </Output>
    </UnitTestResult>
    <UnitTestResult executionId="5c7c7985-b0fa-449f-81cc-8202f759f6e6" testId="15c14f8d-8822-958b-82c7-410f02f8a203" testName="_2020.Tests.Days.Day22Tests.Part2_Pack" computerName="LAPTOP-35RG0TO8" duration="00:00:00.0010000" startTime="2020-12-26T18:06:43.2344865+01:00" endTime="2020-12-26T18:06:43.2344887+01:00" testType="13cdc9d9-ddb5-4fa4-a97d-d965ccfc6d4b" outcome="NotExecuted" testListId="8c84fa94-04c1-424b-9868-57a2d4851a1d" relativeResultsDirectory="5c7c7985-b0fa-449f-81cc-8202f759f6e6">
      <Output>
        <StdOut>Only running in interactive mode.</StdOut>
      </Output>
    </UnitTestResult>
    <UnitTestResult executionId="8149af66-1011-487b-97b0-8002354ec6d0" testId="8aed83a5-1388-ee14-1e01-687801be888e" testName="_2020.Tests.Days.Day4Tests.Part1_pack(testCaseName: &quot;valid&quot;, expectedResult: &quot;4&quot;, _: &quot;4&quot;, fileContent: &quot;pid:087499704 hgt:74in ecl:grn iyr:2012 eyr:2030 b&quot;...)" computerName="LAPTOP-35RG0TO8" duration="00:00:00.0211817" startTime="2020-12-26T18:06:43.2661501+01:00" endTime="2020-12-26T18:06:43.2661506+01:00" testType="13cdc9d9-ddb5-4fa4-a97d-d965ccfc6d4b" outcome="Passed" testListId="8c84fa94-04c1-424b-9868-57a2d4851a1d" relativeResultsDirectory="8149af66-1011-487b-97b0-8002354ec6d0" />
    <UnitTestResult executionId="9c0b74dc-4e6b-4de8-957c-2e9589914c54" testId="5b9149bb-3a0e-df91-0be0-26f9f7da6a9a" testName="_2020.Tests.Days.Day18Tests.Part1_Calculates_AsExpectedResult(testCase: &quot;1 + (2 * 3) + (4 * (5 + 6))&quot;, expectedResult: 51)" computerName="LAPTOP-35RG0TO8" duration="00:00:00.0004419" startTime="2020-12-26T18:06:43.2348575+01:00" endTime="2020-12-26T18:06:43.2348578+01:00" testType="13cdc9d9-ddb5-4fa4-a97d-d965ccfc6d4b" outcome="Passed" testListId="8c84fa94-04c1-424b-9868-57a2d4851a1d" relativeResultsDirectory="9c0b74dc-4e6b-4de8-957c-2e9589914c54" />
    <UnitTestResult executionId="4a0f1843-2b31-4cd3-9d0d-55a54047a0d6" testId="26f20c36-20b3-9005-cb04-ee3276a58fd4" testName="_2020.Tests.Days.Day1Tests.Part1(lines: &quot;1753\r\n1976\r\n1574\r\n308\r\n1384\r\n1191\r\n173&quot;...)" computerName="LAPTOP-35RG0TO8" duration="00:00:00.0125596" startTime="2020-12-26T18:06:43.3113771+01:00" endTime="2020-12-26T18:06:43.3113774+01:00" testType="13cdc9d9-ddb5-4fa4-a97d-d965ccfc6d4b" outcome="Passed" testListId="8c84fa94-04c1-424b-9868-57a2d4851a1d" relativeResultsDirectory="4a0f1843-2b31-4cd3-9d0d-55a54047a0d6">
      <Output>
        <StdOut>answer for part 1 is: 989824</StdOut>
      </Output>
    </UnitTestResult>
    <UnitTestResult executionId="c8b341fe-c188-47ec-9447-26b393888cf9" testId="9e27424c-7bf4-a54a-a23f-62f6c33d62bb" testName="_2020.Tests.Days.Day3Tests.Part2(fileContent: &quot;.#.......#...........#.........\r\n..##.......#.#.&quot;...)" computerName="LAPTOP-35RG0TO8" duration="00:00:00.0230048" startTime="2020-12-26T18:06:43.2665068+01:00" endTime="2020-12-26T18:06:43.2665077+01:00" testType="13cdc9d9-ddb5-4fa4-a97d-d965ccfc6d4b" outcome="Passed" testListId="8c84fa94-04c1-424b-9868-57a2d4851a1d" relativeResultsDirectory="c8b341fe-c188-47ec-9447-26b393888cf9">
      <Output>
        <StdOut>answer for part 2 is: 1574890240</StdOut>
      </Output>
    </UnitTestResult>
    <UnitTestResult executionId="71d95752-4f03-424c-a53a-e7110a8cc63e" testId="d950a7c4-72e5-0b34-aa9c-ed718050682b" testName="_2020.Tests.Days.Day15Tests.Part1_pack(testCaseName: &quot;example2&quot;, expectedResult: &quot;1&quot;, _: &quot;2578&quot;, fileContent: &quot;1,3,2&quot;)" computerName="LAPTOP-35RG0TO8" duration="00:00:00.0487607" startTime="2020-12-26T18:06:43.3028427+01:00" endTime="2020-12-26T18:06:43.3028428+01:00" testType="13cdc9d9-ddb5-4fa4-a97d-d965ccfc6d4b" outcome="Passed" testListId="8c84fa94-04c1-424b-9868-57a2d4851a1d" relativeResultsDirectory="71d95752-4f03-424c-a53a-e7110a8cc63e" />
[...]
    <TestEntry testId="5fa2b639-d7d3-7e54-f35e-518a5bab3568" executionId="406ba93d-8f1c-41a5-a571-8017084a27b3" testListId="8c84fa94-04c1-424b-9868-57a2d4851a1d" />
    <TestEntry testId="d87515a5-cd25-21bb-1381-51ed2081f274" executionId="3e2e2a89-5797-4b21-b0db-451b9ba17ed3" testListId="8c84fa94-04c1-424b-9868-57a2d4851a1d" />
    <TestEntry testId="1f5e50cb-54fd-2c1d-5c96-c69e9c09c257" executionId="7e984ae4-3ca7-4f4b-949d-4810b371f026" testListId="8c84fa94-04c1-424b-9868-57a2d4851a1d" />
    <TestEntry testId="4884422f-a201-6166-d234-44d86f6dd8d3" executionId="63ceecad-64c0-471f-91d5-0e67030bc614" testListId="8c84fa94-04c1-424b-9868-57a2d4851a1d" />
    <TestEntry testId="7df7f244-2fd3-a955-75ef-80b7d924f8e2" executionId="d5dea647-be89-4bd7-9a4f-c2cfeed0fd12" testListId="8c84fa94-04c1-424b-9868-57a2d4851a1d" />
    <TestEntry testId="db94a0d2-a22c-8314-89a3-1a38e815913a" executionId="963bc1e5-b971-4b05-b121-11e0515ec177" testListId="8c84fa94-04c1-424b-9868-57a2d4851a1d" />
    <TestEntry testId="6c7ab625-d6dc-0b1e-f7ad-fc94ba9002b5" executionId="2c9cdef3-229b-4f55-97d9-bce99df06d66" testListId="8c84fa94-04c1-424b-9868-57a2d4851a1d" />
    <TestEntry testId="02ecd7ab-bcdf-e3ce-73c4-60d49e1f8cf1" executionId="83a78bef-02e0-4cd6-90d8-cd2d2cc3af93" testListId="8c84fa94-04c1-424b-9868-57a2d4851a1d" />
    <TestEntry testId="ef12b05a-db9c-a4d1-6bf6-f50fcc998ceb" executionId="a612a7b7-f05a-4da9-8b86-a92f2e14ec24" testListId="8c84fa94-04c1-424b-9868-57a2d4851a1d" />
    <TestEntry testId="90af8466-2ea2-b30d-8b80-8f3acbcf1032" executionId="74e4ba0d-e202-46f1-9529-f699acaed8cb" testListId="8c84fa94-04c1-424b-9868-57a2d4851a1d" />
    <TestEntry testId="0621e765-88ea-dc42-5665-bfda0b35c593" executionId="008850ab-8454-4d0d-99a1-44f563323f99" testListId="8c84fa94-04c1-424b-9868-57a2d4851a1d" />
    <TestEntry testId="26e5e629-8263-4046-5e10-c84b3539586e" executionId="00cdc9ea-ca4e-4b44-b334-4c24d59508c7" testListId="8c84fa94-04c1-424b-9868-57a2d4851a1d" />
    <TestEntry testId="f628c761-3433-71e0-dc9a-7aeaf5162951" executionId="132b3117-6a3c-470d-84e7-486845d3053e" testListId="8c84fa94-04c1-424b-9868-57a2d4851a1d" />
    <TestEntry testId="67ca508f-a17c-3db3-c22c-394aa968c00c" executionId="5f690de6-fdd9-40b5-b10a-0ddac2502e35" testListId="8c84fa94-04c1-424b-9868-57a2d4851a1d" />
    <TestEntry testId="de573764-ea0d-8509-05be-8709ab895a61" executionId="ab17650e-2837-4d90-9584-365ef1c83d8b" testListId="8c84fa94-04c1-424b-9868-57a2d4851a1d" />
    <TestEntry testId="ac7e7db2-01de-f348-0757-1a5540553b98" executionId="39ed5f83-548f-4092-b912-03e9d361d6da" testListId="8c84fa94-04c1-424b-9868-57a2d4851a1d" />
    <TestEntry testId="6b95806a-569f-591e-33c5-cf371e97a169" executionId="de8edc93-2c6f-4218-b883-a8ac45f349c6" testListId="8c84fa94-04c1-424b-9868-57a2d4851a1d" />
    <TestEntry testId="375e425c-9b53-a326-01d6-888b92935a87" executionId="087898da-6514-41c8-ba66-2df0c99fa05e" testListId="8c84fa94-04c1-424b-9868-57a2d4851a1d" />
    <TestEntry testId="ec5f10ca-3aba-60b0-6d4f-6390df8262d9" executionId="a0e4a37e-5b7f-4bce-8b19-42aad6c2819e" testListId="8c84fa94-04c1-424b-9868-57a2d4851a1d" />
    <TestEntry testId="5d9c47dd-439e-67ac-b1d4-8dc742348d44" executionId="3c334584-4b5b-402e-aeee-ae2c87d6743f" testListId="8c84fa94-04c1-424b-9868-57a2d4851a1d" />
    <TestEntry testId="de8b5722-7c80-d4eb-b97c-ebe57717fb6c" executionId="16479646-699d-403a-8f53-cf832586b947" testListId="8c84fa94-04c1-424b-9868-57a2d4851a1d" />
    <TestEntry testId="30095335-3fb4-95a2-ad29-54c3877d53e3" executionId="16ddc424-9821-4786-8614-cfa693948118" testListId="8c84fa94-04c1-424b-9868-57a2d4851a1d" />
    <TestEntry testId="5cb521d9-b508-87d2-d6b3-9430721a3a5b" executionId="d9a52609-bb01-41e7-b2bb-6bf447534503" testListId="8c84fa94-04c1-424b-9868-57a2d4851a1d" />
    <TestEntry testId="0f9af31d-0f66-fa47-7811-06be3c347ad8" executionId="b731834d-54d9-440d-8521-24a258e6fe1d" testListId="8c84fa94-04c1-424b-9868-57a2d4851a1d" />
    <TestEntry testId="0e0b30c5-6422-25c8-2172-d67c44a7d25d" executionId="f25e7d8f-a965-4c8a-a8a6-ab107b19de8b" testListId="8c84fa94-04c1-424b-9868-57a2d4851a1d" />
    <TestEntry testId="6d960990-c3fd-9f28-bdad-0681fd0a7d6b" executionId="37d9b295-9a35-4fb2-962b-4a8d31060df3" testListId="8c84fa94-04c1-424b-9868-57a2d4851a1d" />
    <TestEntry testId="f6865024-5e66-1a8c-8eaa-13d5eb300007" executionId="1088d91d-77f7-4a95-92cb-40756c56c88b" testListId="8c84fa94-04c1-424b-9868-57a2d4851a1d" />
    <TestEntry testId="59db20d0-347c-a453-444e-683e23e9a040" executionId="f43c8b5e-d113-4186-86e8-70c3555f2484" testListId="8c84fa94-04c1-424b-9868-57a2d4851a1d" />
    <TestEntry testId="9fcb3a2b-27f0-5f22-0206-56c0549b9a84" executionId="633b2621-7a0a-4219-9421-d92a1195b703" testListId="8c84fa94-04c1-424b-9868-57a2d4851a1d" />
    <TestEntry testId="e7fe6284-3fcb-b9cb-9a4e-f74cf392b140" executionId="967b6b19-976a-4d22-af4b-ec24ef5ba8a5" testListId="8c84fa94-04c1-424b-9868-57a2d4851a1d" />
    <TestEntry testId="3313912d-5a78-642f-b1f1-ec6ce77d37ce" executionId="245fea4b-d40b-47ac-a9dc-a92d07455e06" testListId="8c84fa94-04c1-424b-9868-57a2d4851a1d" />
    <TestEntry testId="2c83aeec-41f1-c9e6-9c5b-7d5ecf29ccdd" executionId="70e5b5c4-fc4a-4409-9509-a9dfc3444b76" testListId="8c84fa94-04c1-424b-9868-57a2d4851a1d" />
    <TestEntry testId="2aa3cc9c-1e67-63fe-0e48-b59a2268710d" executionId="1bb6c86c-8935-4391-a539-db409dfba0e3" testListId="8c84fa94-04c1-424b-9868-57a2d4851a1d" />
    <TestEntry testId="8616f313-0874-0a03-7810-4f3d3de80c81" executionId="89a7a651-dc18-4c06-9591-000c689f66b0" testListId="8c84fa94-04c1-424b-9868-57a2d4851a1d" />
    <TestEntry testId="7b22ac76-e28b-d566-054d-8cca4f51f9c4" executionId="cbc1b7f7-a1b3-4c9e-bbae-6e679a8946af" testListId="8c84fa94-04c1-424b-9868-57a2d4851a1d" />
    <TestEntry testId="36215da0-52f5-a57a-5cb4-ff033b29d94a" executionId="6ac4d1ba-3849-40c2-8a38-b05d2d259129" testListId="8c84fa94-04c1-424b-9868-57a2d4851a1d" />
    <TestEntry testId="02be2eb2-b9b7-27e5-1198-908b3671a59d" executionId="ac781c61-42e2-4f2a-9452-fcc0a09b2aa1" testListId="8c84fa94-04c1-424b-9868-57a2d4851a1d" />
    <TestEntry testId="b9a0883d-021b-16e7-be90-275f6000cc9d" executionId="6d2db4bd-8f16-41ef-961d-48c3019a63e4" testListId="8c84fa94-04c1-424b-9868-57a2d4851a1d" />
    <TestEntry testId="2cc010d6-e101-5b64-2847-d92eb3aca667" executionId="a78e2a48-1558-430e-9738-151a8d071552" testListId="8c84fa94-04c1-424b-9868-57a2d4851a1d" />
    <TestEntry testId="6c059688-c465-f5a5-7144-0e70ce180f19" executionId="252dc3bc-b5ee-4a3e-8d1d-9953ba40b1d2" testListId="8c84fa94-04c1-424b-9868-57a2d4851a1d" />
    <TestEntry testId="56b8ecc6-4451-516f-e6ef-1f4a55f10fe8" executionId="e154c19e-18a4-46d7-88f2-a167585fedba" testListId="8c84fa94-04c1-424b-9868-57a2d4851a1d" />
    <TestEntry testId="e54c9d1d-98dd-6275-0956-10d352bdcd10" executionId="5b88ebbe-dc18-4a4c-bfa6-739110bd0eaa" testListId="8c84fa94-04c1-424b-9868-57a2d4851a1d" />
    <TestEntry testId="1c1396ca-dd46-e8f2-30c5-d6059029eee4" executionId="e3fac8d0-339f-4c7b-90e9-ae7162144de5" testListId="8c84fa94-04c1-424b-9868-57a2d4851a1d" />
    <TestEntry testId="9cf0cba5-172e-c153-e796-92c43fe8b799" executionId="10d213be-7c85-42c9-a8b9-cd3bd3770442" testListId="8c84fa94-04c1-424b-9868-57a2d4851a1d" />
    <TestEntry testId="3e8c6d43-8d09-84bb-a295-43059662202b" executionId="d40d0f4e-c5db-46a5-80a7-d33e7772e28d" testListId="8c84fa94-04c1-424b-9868-57a2d4851a1d" />
    <TestEntry testId="9b48be43-b6dc-ab4a-e9b5-a0f0a0083d37" executionId="a7792879-aa74-443d-aa7d-7feea0943403" testListId="8c84fa94-04c1-424b-9868-57a2d4851a1d" />
    <TestEntry testId="43fceb6b-5881-924d-7b07-52e97ea431fb" executionId="acb47874-0179-47a1-ab0a-3e8692015e87" testListId="8c84fa94-04c1-424b-9868-57a2d4851a1d" />
    <TestEntry testId="dce4b7c0-81f4-b41c-94b9-afb06d0ad99d" executionId="5c35eeac-ccaf-4209-b455-8ab8aaa10b66" testListId="8c84fa94-04c1-424b-9868-57a2d4851a1d" />
    <TestEntry testId="f7e40ddb-a284-7426-9379-70e1c4cc7afa" executionId="f55571d5-a2a5-4c20-9610-2d4dd6ae4897" testListId="8c84fa94-04c1-424b-9868-57a2d4851a1d" />
    <TestEntry testId="d36ee119-83d8-bc35-7ac6-7f5ac328dab5" executionId="94d7590e-1434-4dc2-8eeb-8242247224f4" testListId="8c84fa94-04c1-424b-9868-57a2d4851a1d" />
    <TestEntry testId="ea350fd8-4960-b90d-698c-7f319b46d10e" executionId="7ad2a641-0ee7-4a57-b446-7682bb869a5b" testListId="8c84fa94-04c1-424b-9868-57a2d4851a1d" />
    <TestEntry testId="0b60d97b-b22a-43f0-3b65-c801f8f15e8d" executionId="5fadcdda-cde3-4b47-bdec-2b91691bc585" testListId="8c84fa94-04c1-424b-9868-57a2d4851a1d" />
    <TestEntry testId="e1d927d7-1291-e12a-bf18-839c35a2f680" executionId="72f58b1b-6013-43ec-a1c1-6e1ebef0dfe9" testListId="8c84fa94-04c1-424b-9868-57a2d4851a1d" />
    <TestEntry testId="a4cd1902-2540-f6fa-9160-be37d82d086c" executionId="11657174-f53c-433e-b975-b9c05b6d14ae" testListId="8c84fa94-04c1-424b-9868-57a2d4851a1d" />
    <TestEntry testId="32ed6bd8-e0af-dd5c-7f74-96ea03b7cf74" executionId="0de01409-4d5f-4ee7-9341-26c34ebdbd87" testListId="8c84fa94-04c1-424b-9868-57a2d4851a1d" />
    <TestEntry testId="854f4902-0945-d06b-12ec-30d497dc6ec6" executionId="a05baa82-c689-4240-b258-07e5f2c3be97" testListId="8c84fa94-04c1-424b-9868-57a2d4851a1d" />
    <TestEntry testId="0ae8165c-5db8-2151-c07c-655806764c15" executionId="882d190f-d556-4e47-badb-d573658cd496" testListId="8c84fa94-04c1-424b-9868-57a2d4851a1d" />
    <TestEntry testId="babf93f6-1c89-9c1d-499b-7212ab41b8fb" executionId="9ffc9909-d41c-4b3c-83f4-d2153794f1c8" testListId="8c84fa94-04c1-424b-9868-57a2d4851a1d" />
    <TestEntry testId="ec7478bc-4a20-3d74-98c7-efac9e3c0b10" executionId="3bd41f95-818c-40ef-8557-2a60fe413f50" testListId="8c84fa94-04c1-424b-9868-57a2d4851a1d" />
    <TestEntry testId="efa601cc-54d7-c236-5a09-1fc8039d2d61" executionId="313e0952-16a3-4e94-97d1-78473279a07e" testListId="8c84fa94-04c1-424b-9868-57a2d4851a1d" />
    <TestEntry testId="fc6461b5-e450-3964-c0c6-8dde33d0fbf9" executionId="ba16efaa-47fd-457e-8f22-9ab2134b5f08" testListId="8c84fa94-04c1-424b-9868-57a2d4851a1d" />
    <TestEntry testId="f2b970e6-88ab-fc2f-c7a2-5625b601937f" executionId="1556b9f7-0794-4212-9437-c4e0fe66a4e1" testListId="8c84fa94-04c1-424b-9868-57a2d4851a1d" />
    <TestEntry testId="7505053a-8388-b504-70a1-f4bcc9da9d25" executionId="3d7fd95f-73b7-4a16-9cdd-b48385e70024" testListId="8c84fa94-04c1-424b-9868-57a2d4851a1d" />
    <TestEntry testId="4e787288-240c-d848-e3c2-d3a128fdd4ab" executionId="63979805-0c4d-4d7b-8b84-868385c316bb" testListId="8c84fa94-04c1-424b-9868-57a2d4851a1d" />
    <TestEntry testId="4dc9e345-1e1c-7c56-ffd6-51f432d6c33b" executionId="90fba553-41c5-45b4-b301-492686c6ae4e" testListId="8c84fa94-04c1-424b-9868-57a2d4851a1d" />
    <TestEntry testId="0a2c2f88-73a7-a432-398b-2f86564fd773" executionId="8c6eb0ca-e33b-44e3-b503-87180b532be0" testListId="8c84fa94-04c1-424b-9868-57a2d4851a1d" />
    <TestEntry testId="080b3b6b-2753-c9a6-9f1e-0b651fcd9c49" executionId="288394e3-fb17-471c-8e34-f82f6a0d7506" testListId="8c84fa94-04c1-424b-9868-57a2d4851a1d" />
    <TestEntry testId="7e2b291f-4d36-b74a-6972-5466517a8596" executionId="fcd97605-e0bf-46d8-937b-680a84fe99d4" testListId="8c84fa94-04c1-424b-9868-57a2d4851a1d" />
    <TestEntry testId="a6bc7069-b162-23bc-232a-4d44be2a9196" executionId="ae7b1a55-723c-418a-9702-a8ccfa2f2c4f" testListId="8c84fa94-04c1-424b-9868-57a2d4851a1d" />
    <TestEntry testId="dffdb84d-1db1-5f4c-67d3-f3140d14b547" executionId="00b1580f-0a13-4ce0-803b-06ae581d69a2" testListId="8c84fa94-04c1-424b-9868-57a2d4851a1d" />
    <TestEntry testId="b27c9020-e789-a65d-c36f-5611503fe0b7" executionId="ae89eb69-0d15-40cb-bef8-d0f4cb87037c" testListId="8c84fa94-04c1-424b-9868-57a2d4851a1d" />
    <TestEntry testId="159d3ea9-44fc-4aaa-9da0-18c06a48805e" executionId="8661dd15-757f-478d-bc16-ce810eb2b7de" testListId="8c84fa94-04c1-424b-9868-57a2d4851a1d" />
    <TestEntry testId="ac5db98b-95ab-8428-6c0e-9c3d2b01381d" executionId="9c0e7ced-4541-48e5-b211-717911c68172" testListId="8c84fa94-04c1-424b-9868-57a2d4851a1d" />
    <TestEntry testId="b2758025-0ea6-8920-1ed3-b47e23fd5591" executionId="ab6c3f85-f3d8-47da-8c3f-2deca9166b65" testListId="8c84fa94-04c1-424b-9868-57a2d4851a1d" />
    <TestEntry testId="0bed3344-fa0a-42d1-498c-c81531501fe8" executionId="e10eed30-4fe8-44e4-a1cd-9341029d530a" testListId="8c84fa94-04c1-424b-9868-57a2d4851a1d" />
    <TestEntry testId="9f0ccaf6-c07d-b20e-be6b-7733f88e5aab" executionId="66b22cae-ece5-4070-9980-4a172b8fd4a4" testListId="8c84fa94-04c1-424b-9868-57a2d4851a1d" />
    <TestEntry testId="2457c214-d49a-003d-4e5f-ffc3d1c0b075" executionId="6332c5ed-4fe6-4f15-958a-c1fae5971866" testListId="8c84fa94-04c1-424b-9868-57a2d4851a1d" />
    <TestEntry testId="48579821-f4ae-154d-3b8b-9d6778d19e79" executionId="5eda2e63-20cd-4837-af04-827fe8b3d1b3" testListId="8c84fa94-04c1-424b-9868-57a2d4851a1d" />
    <TestEntry testId="bfaca6be-0b52-deae-c673-4467abedb8b9" executionId="6988fd75-160e-4f29-a088-2fcb65862631" testListId="8c84fa94-04c1-424b-9868-57a2d4851a1d" />
    <TestEntry testId="91762290-c3ef-cb33-7393-5016aef0e9d9" executionId="1edf1f1f-7e21-4826-90dd-01931458fd30" testListId="8c84fa94-04c1-424b-9868-57a2d4851a1d" />
    <TestEntry testId="355791e2-453d-1a99-4de5-71823162968c" executionId="323b4620-2aaf-4c06-8d5e-8c67646c6c91" testListId="8c84fa94-04c1-424b-9868-57a2d4851a1d" />
    <TestEntry testId="31e4599a-6dad-6e73-df11-b7eddbe65212" executionId="c2bbd422-e555-49ff-8724-a00658af8acf" testListId="8c84fa94-04c1-424b-9868-57a2d4851a1d" />
    <TestEntry testId="b73fc7b5-5c4f-ce2b-029f-5099fc932df8" executionId="b686a23b-e5f8-4f7a-b58d-a06896d497d0" testListId="8c84fa94-04c1-424b-9868-57a2d4851a1d" />
    <TestEntry testId="43631560-4363-7ae1-1dad-8677710aa43a" executionId="b9142126-5a2a-497c-8714-78b4c4cd0bbf" testListId="8c84fa94-04c1-424b-9868-57a2d4851a1d" />
    <TestEntry testId="c8eb35de-3806-7a84-c356-ef8a1ba0e171" executionId="1cef7a44-581b-42b1-bcb3-c8e7c5b881b4" testListId="8c84fa94-04c1-424b-9868-57a2d4851a1d" />
    <TestEntry testId="04f07e51-e06f-f9ef-687e-27f8f50cd69c" executionId="db8deabf-5836-4d32-980b-1d3194d60535" testListId="8c84fa94-04c1-424b-9868-57a2d4851a1d" />
    <TestEntry testId="4d95249a-c4ec-74a6-909c-c074eed39474" executionId="a0fa0271-20bd-4db9-8017-8b388630e50a" testListId="8c84fa94-04c1-424b-9868-57a2d4851a1d" />
    <TestEntry testId="bdaba18c-2c59-04ae-e240-7ebf7e7a64fb" executionId="7523fe9a-c6a0-4076-8687-0ca6281d0dce" testListId="8c84fa94-04c1-424b-9868-57a2d4851a1d" />
    <TestEntry testId="21cf7987-0bbe-7998-2a6a-b62be16638fd" executionId="1c0102dd-cbc8-46a3-9c98-f6577d0913d0" testListId="8c84fa94-04c1-424b-9868-57a2d4851a1d" />
    <TestEntry testId="7deeee6f-5f68-e96c-55d2-19a70aab7c3d" executionId="28fe829f-2f58-4c4f-a6da-aab0fce40135" testListId="8c84fa94-04c1-424b-9868-57a2d4851a1d" />
    <TestEntry testId="db9d81cc-9f3b-68f2-2d29-410e4425b6d1" executionId="a88af388-3a82-4728-bb85-1df7d423b9ec" testListId="8c84fa94-04c1-424b-9868-57a2d4851a1d" />
    <TestEntry testId="821db9cf-a5c7-f686-a035-a78be04f731f" executionId="43808c68-9354-4bab-bee9-e0c2429f61d4" testListId="8c84fa94-04c1-424b-9868-57a2d4851a1d" />
    <TestEntry testId="5a6838e8-c034-4ac2-cf4a-650d8f91ee6f" executionId="058ce0eb-cdc0-4b21-a249-d3f3e29c8522" testListId="8c84fa94-04c1-424b-9868-57a2d4851a1d" />
    <TestEntry testId="5670067d-1cf3-a96b-1c13-3fd4f02d341b" executionId="78dbf7a0-d640-47c2-8d9f-9200b48375c3" testListId="8c84fa94-04c1-424b-9868-57a2d4851a1d" />
    <TestEntry testId="de2d88b7-cfd9-036b-e718-618c36e4686c" executionId="74154833-959f-4f69-82fb-2d1a63bb35d5" testListId="8c84fa94-04c1-424b-9868-57a2d4851a1d" />
    <TestEntry testId="15c14f8d-8822-958b-82c7-410f02f8a203" executionId="5c7c7985-b0fa-449f-81cc-8202f759f6e6" testListId="8c84fa94-04c1-424b-9868-57a2d4851a1d" />
    <TestEntry testId="8aed83a5-1388-ee14-1e01-687801be888e" executionId="8149af66-1011-487b-97b0-8002354ec6d0" testListId="8c84fa94-04c1-424b-9868-57a2d4851a1d" />
    <TestEntry testId="5b9149bb-3a0e-df91-0be0-26f9f7da6a9a" executionId="9c0b74dc-4e6b-4de8-957c-2e9589914c54" testListId="8c84fa94-04c1-424b-9868-57a2d4851a1d" />
    <TestEntry testId="26f20c36-20b3-9005-cb04-ee3276a58fd4" executionId="4a0f1843-2b31-4cd3-9d0d-55a54047a0d6" testListId="8c84fa94-04c1-424b-9868-57a2d4851a1d" />
    <TestEntry testId="9e27424c-7bf4-a54a-a23f-62f6c33d62bb" executionId="c8b341fe-c188-47ec-9447-26b393888cf9" testListId="8c84fa94-04c1-424b-9868-57a2d4851a1d" />
    <TestEntry testId="d950a7c4-72e5-0b34-aa9c-ed718050682b" executionId="71d95752-4f03-424c-a53a-e7110a8cc63e" testListId="8c84fa94-04c1-424b-9868-57a2d4851a1d" />
    <TestEntry testId="136cf6b3-49e2-8bb0-486f-d1f9a3983f12" executionId="1cae9651-e5ab-4e76-8507-8eecc111515c" testListId="8c84fa94-04c1-424b-9868-57a2d4851a1d" />
    <TestEntry testId="9c6adfa0-dd3c-9e72-a127-4e1805362479" executionId="606d6103-f98a-43cd-b8e6-e178426cb6ac" testListId="8c84fa94-04c1-424b-9868-57a2d4851a1d" />
    <TestEntry testId="c1b39591-e148-1ede-3450-ca36e80a70b0" executionId="c1ee000f-f083-40df-8d9f-bb4ff7b117e0" testListId="8c84fa94-04c1-424b-9868-57a2d4851a1d" />
    <TestEntry testId="d07cd30b-d230-d13b-93e4-5f93de4f56b2" executionId="f8fe2667-9542-4aff-9268-f9edfa669ea5" testListId="8c84fa94-04c1-424b-9868-57a2d4851a1d" />
    <TestEntry testId="3e90431b-d28c-c271-ef23-978dcb2898e8" executionId="bcd9abfb-a913-44c8-8e23-f2cd0b42b978" testListId="8c84fa94-04c1-424b-9868-57a2d4851a1d" />
    <TestEntry testId="90e894cc-e9f5-0b66-7327-41b15f453ed9" executionId="4536c909-8576-4966-94a8-2986dbdcd174" testListId="8c84fa94-04c1-424b-9868-57a2d4851a1d" />
    <TestEntry testId="8146e86e-cd6b-cf36-e743-61cfc2778296" executionId="29435cec-8308-4d0a-9176-dfc89b7a1bd5" testListId="8c84fa94-04c1-424b-9868-57a2d4851a1d" />
  </TestEntries>
  <TestLists>
    <TestList name="Wyniki, których nie ma na liście" id="8c84fa94-04c1-424b-9868-57a2d4851a1d" />
    <TestList name="Wszystkie załadowane wyniki" id="19431567-8539-422a-85d7-44ee4e166bda" />
  </TestLists>
  <ResultSummary outcome="Completed">
    <Counters total="129" executed="126" passed="126" failed="0" error="0" timeout="0" aborted="0" inconclusive="0" passedButRunAborted="0" notRunnable="0" notExecuted="0" disconnected="0" warning="0" completed="0" inProgress="0" pending="0" />
    <Output>
      <StdOut>[xUnit.net 00:00:00.00] xUnit.net VSTest Adapter v2.4.3+1b45f5407b (64-bit .NET Core 3.1.10)&#xD;
[xUnit.net 00:00:00.43]   Discovering: 2020.Tests&#xD;
[xUnit.net 00:00:00.55]   Discovered:  2020.Tests&#xD;
[xUnit.net 00:00:00.55]   Starting:    2020.Tests&#xD;
[xUnit.net 00:00:00.77]       Only running in interactive mode.&#xD;
Test „_2020.Tests.Days.Day22Tests.Part2_Pack” został pominięty w przebiegu testu.&#xD;
[xUnit.net 00:00:00.90]       Only running in interactive mode.&#xD;
Test „_2020.Tests.Days.Day20Tests.Part2_Pack” został pominięty w przebiegu testu.&#xD;
[xUnit.net 00:00:01.62]       Only running in interactive mode.&#xD;
Test „_2020.Tests.Days.Day24Tests.Part2_Pack” został pominięty w przebiegu testu.&#xD;
[xUnit.net 00:00:40.88]   Finished:    2020.Tests&#xD;
</StdOut>
    </Output>
    <RunInfos>
      <RunInfo computerName="LAPTOP-35RG0TO8" outcome="Warning" timestamp="2020-12-26T18:06:43.2395620+01:00">
        <Text>[xUnit.net 00:00:00.77]     _2020.Tests.Days.Day22Tests.Part2_Pack [SKIP]</Text>
      </RunInfo>
      <RunInfo computerName="LAPTOP-35RG0TO8" outcome="Warning" timestamp="2020-12-26T18:06:43.3641762+01:00">
        <Text>[xUnit.net 00:00:00.90]     _2020.Tests.Days.Day20Tests.Part2_Pack [SKIP]</Text>
      </RunInfo>
      <RunInfo computerName="LAPTOP-35RG0TO8" outcome="Warning" timestamp="2020-12-26T18:06:44.0841766+01:00">
        <Text>[xUnit.net 00:00:01.62]     _2020.Tests.Days.Day24Tests.Part2_Pack [SKIP]</Text>
      </RunInfo>
    </RunInfos>
  </ResultSummary>
</TestRun>