<?xml version="1.0" encoding="utf-8"?>
<TestRun id="aa9de31d-a3eb-4b05-a32f-db620392f082" name="pnaro@LAPTOP-35RG0TO8 2020-12-19 12:48:58" runUser="LAPTOP-35RG0TO8\pnaro" xmlns="http://microsoft.com/schemas/VisualStudio/TeamTest/2010">
  <Times creation="2020-12-19T12:48:58.6096690+01:00" queuing="2020-12-19T12:48:58.6096697+01:00" start="2020-12-19T12:48:57.3117299+01:00" finish="2020-12-19T12:49:37.9865142+01:00" />
  <TestSettings name="default" id="5e245785-ea01-4249-b6ae-e825bbe516bb">
    <Deployment runDeploymentRoot="pnaro_LAPTOP-35RG0TO8_2020-12-19_12_48_58" />
  </TestSettings>
  <Results>
    <UnitTestResult executionId="c6556240-4798-41b4-8b33-99ca0b0118a4" testId="080b3b6b-2753-c9a6-9f1e-0b651fcd9c49" testName="_2020.Tests.Days.Day18Tests.Part2_Pack(testCaseName: &quot;puzzleinput&quot;, _: &quot;3885386961962&quot;, expectedResult: &quot;112899558798666&quot;, fileContent: &quot;2 + (2 + 6 * (4 * 5 * 8 * 7) + 3) * (9 + (4 * 3 * &quot;...)" computerName="LAPTOP-35RG0TO8" duration="00:00:00.0741675" startTime="2020-12-19T12:48:58.9403628+01:00" endTime="2020-12-19T12:48:58.9403649+01:00" testType="13cdc9d9-ddb5-4fa4-a97d-d965ccfc6d4b" outcome="Passed" testListId="8c84fa94-04c1-424b-9868-57a2d4851a1d" relativeResultsDirectory="c6556240-4798-41b4-8b33-99ca0b0118a4" />
    <UnitTestResult executionId="afc64889-3d48-4b2f-97db-d93e3905d246" testId="7df7f244-2fd3-a955-75ef-80b7d924f8e2" testName="_2020.Tests.Days.Day14Tests.Part2_Pack(testCaseName: &quot;example2&quot;, _: &quot;51&quot;, expectedResult: &quot;208&quot;, fileContent: &quot;mask = 000000000000000000000000000000X1001X\r\nmem&quot;...)" computerName="LAPTOP-35RG0TO8" duration="00:00:00.0000632" startTime="2020-12-19T12:48:58.9977202+01:00" endTime="2020-12-19T12:48:58.9977212+01:00" testType="13cdc9d9-ddb5-4fa4-a97d-d965ccfc6d4b" outcome="Passed" testListId="8c84fa94-04c1-424b-9868-57a2d4851a1d" relativeResultsDirectory="afc64889-3d48-4b2f-97db-d93e3905d246" />
    <UnitTestResult executionId="755bdb46-179b-4a40-811e-c6bb3b9a9fe7" testId="4d95249a-c4ec-74a6-909c-c074eed39474" testName="_2020.Tests.Days.Day10Tests.Part1_pack(testCaseName: &quot;example1&quot;, expectedResult: &quot;35&quot;, _: &quot;8&quot;, fileContent: &quot;16\r\n10\r\n15\r\n5\r\n1\r\n11\r\n7\r\n19\r\n6\r\n&quot;...)" computerName="LAPTOP-35RG0TO8" duration="00:00:00.0293150" startTime="2020-12-19T12:48:58.5411853+01:00" endTime="2020-12-19T12:48:58.5411863+01:00" testType="13cdc9d9-ddb5-4fa4-a97d-d965ccfc6d4b" outcome="Passed" testListId="8c84fa94-04c1-424b-9868-57a2d4851a1d" relativeResultsDirectory="755bdb46-179b-4a40-811e-c6bb3b9a9fe7" />
    <UnitTestResult executionId="0a0b7d2a-bf19-4cf1-851d-03adab03301b" testId="c8eb35de-3806-7a84-c356-ef8a1ba0e171" testName="_2020.Tests.Days.Day14Tests.Part2_Pack(testCaseName: &quot;puzzleinput&quot;, _: &quot;13496669152158&quot;, expectedResult: &quot;3278997609887&quot;, fileContent: &quot;mask = 01111X0011X11110XX11X110111001X00001\r\nmem&quot;...)" computerName="LAPTOP-35RG0TO8" duration="00:00:00.4211477" startTime="2020-12-19T12:48:58.9934768+01:00" endTime="2020-12-19T12:48:58.9934814+01:00" testType="13cdc9d9-ddb5-4fa4-a97d-d965ccfc6d4b" outcome="Passed" testListId="8c84fa94-04c1-424b-9868-57a2d4851a1d" relativeResultsDirectory="0a0b7d2a-bf19-4cf1-851d-03adab03301b" />
    <UnitTestResult executionId="eb6a5fc6-f124-4a5e-8568-67f78d595834" testId="0b60d97b-b22a-43f0-3b65-c801f8f15e8d" testName="_2020.Tests.Days.Day9Tests.Part2_Pack(testCaseName: &quot;puzzleinput&quot;, _: &quot;41682220&quot;, preamble: &quot;25&quot;, expectedResult: &quot;5388976&quot;, fileContent: &quot;23\r\n3\r\n36\r\n14\r\n50\r\n8\r\n2\r\n44\r\n30\r\&quot;...)" computerName="LAPTOP-35RG0TO8" duration="00:00:00.0049808" startTime="2020-12-19T12:48:58.5847034+01:00" endTime="2020-12-19T12:48:58.5847038+01:00" testType="13cdc9d9-ddb5-4fa4-a97d-d965ccfc6d4b" outcome="Passed" testListId="8c84fa94-04c1-424b-9868-57a2d4851a1d" relativeResultsDirectory="eb6a5fc6-f124-4a5e-8568-67f78d595834" />
    <UnitTestResult executionId="bce3fd55-4b0a-451e-b292-abff774aa32a" testId="b73fc7b5-5c4f-ce2b-029f-5099fc932df8" testName="_2020.Tests.Days.Day9Tests.Part1_pack(testCaseName: &quot;puzzleinput&quot;, expectedResult: &quot;41682220&quot;, preamble: &quot;25&quot;, _: &quot;5388976&quot;, fileContent: &quot;23\r\n3\r\n36\r\n14\r\n50\r\n8\r\n2\r\n44\r\n30\r\&quot;...)" computerName="LAPTOP-35RG0TO8" duration="00:00:00.0005786" startTime="2020-12-19T12:48:58.5844669+01:00" endTime="2020-12-19T12:48:58.5844675+01:00" testType="13cdc9d9-ddb5-4fa4-a97d-d965ccfc6d4b" outcome="Passed" testListId="8c84fa94-04c1-424b-9868-57a2d4851a1d" relativeResultsDirectory="bce3fd55-4b0a-451e-b292-abff774aa32a" />
    <UnitTestResult executionId="e00b8917-0404-4e67-a5db-0d3c4b3307e2" testId="d36ee119-83d8-bc35-7ac6-7f5ac328dab5" testName="_2020.Tests.Days.Day3Tests.Move_Works(fileContent: &quot;.......\r\n...#...\r\n......#&quot;, coordinates: [0, 0, 3, 1], isTree: True)" computerName="LAPTOP-35RG0TO8" duration="00:00:00.0000106" startTime="2020-12-19T12:48:58.5744981+01:00" endTime="2020-12-19T12:48:58.5744989+01:00" testType="13cdc9d9-ddb5-4fa4-a97d-d965ccfc6d4b" outcome="Passed" testListId="8c84fa94-04c1-424b-9868-57a2d4851a1d" relativeResultsDirectory="e00b8917-0404-4e67-a5db-0d3c4b3307e2" />
    <UnitTestResult executionId="c4ddafe1-2469-4d9f-a5c7-b71bf9126ae4" testId="ec7478bc-4a20-3d74-98c7-efac9e3c0b10" testName="_2020.Tests.Days.Day18Tests.Part1_Calculates_AsExpectedResult(testCase: &quot;5 * 9 * (7 * 3 * 3 + 9 * 3 + (8 + 6 * 4))&quot;, expectedResult: 12240)" computerName="LAPTOP-35RG0TO8" duration="00:00:00.0004014" startTime="2020-12-19T12:48:58.6400121+01:00" endTime="2020-12-19T12:48:58.6400123+01:00" testType="13cdc9d9-ddb5-4fa4-a97d-d965ccfc6d4b" outcome="Passed" testListId="8c84fa94-04c1-424b-9868-57a2d4851a1d" relativeResultsDirectory="c4ddafe1-2469-4d9f-a5c7-b71bf9126ae4" />
    <UnitTestResult executionId="c1db017a-2007-4cb4-9860-2f49ab809b9b" testId="9c6adfa0-dd3c-9e72-a127-4e1805362479" testName="_2020.Tests.Days.Day14Tests.Part1_pack(testCaseName: &quot;puzzleinput&quot;, expectedResult: &quot;13496669152158&quot;, _: &quot;3278997609887&quot;, fileContent: &quot;mask = 01111X0011X11110XX11X110111001X00001\r\nmem&quot;...)" computerName="LAPTOP-35RG0TO8" duration="00:00:00.0286396" startTime="2020-12-19T12:48:58.6296698+01:00" endTime="2020-12-19T12:48:58.6296702+01:00" testType="13cdc9d9-ddb5-4fa4-a97d-d965ccfc6d4b" outcome="Passed" testListId="8c84fa94-04c1-424b-9868-57a2d4851a1d" relativeResultsDirectory="c1db017a-2007-4cb4-9860-2f49ab809b9b" />
    <UnitTestResult executionId="692d09b1-191e-4291-838a-97aa1fbed15c" testId="7e2b291f-4d36-b74a-6972-5466517a8596" testName="_2020.Tests.Days.Day10Tests.Part2_Pack(testCaseName: &quot;example2&quot;, _: &quot;220&quot;, expectedResult: &quot;19208&quot;, fileContent: &quot;28\r\n33\r\n18\r\n42\r\n31\r\n14\r\n46\r\n20\r\n48&quot;...)" computerName="LAPTOP-35RG0TO8" duration="00:00:00.0000243" startTime="2020-12-19T12:48:58.6042459+01:00" endTime="2020-12-19T12:48:58.6042463+01:00" testType="13cdc9d9-ddb5-4fa4-a97d-d965ccfc6d4b" outcome="Passed" testListId="8c84fa94-04c1-424b-9868-57a2d4851a1d" relativeResultsDirectory="692d09b1-191e-4291-838a-97aa1fbed15c" />
    <UnitTestResult executionId="790b6ca6-ca8b-43bf-a55c-ec90917e57f9" testId="f7e40ddb-a284-7426-9379-70e1c4cc7afa" testName="_2020.Tests.Days.Day12Tests.Part1_pack(testCaseName: &quot;puzzleinput&quot;, expectedResult: &quot;1565&quot;, _: &quot;78883&quot;, fileContent: &quot;E5\r\nR90\r\nE5\r\nL90\r\nF80\r\nL90\r\nE3\r\nN5\r&quot;...)" computerName="LAPTOP-35RG0TO8" duration="00:00:00.0046686" startTime="2020-12-19T12:48:58.5845670+01:00" endTime="2020-12-19T12:48:58.5845675+01:00" testType="13cdc9d9-ddb5-4fa4-a97d-d965ccfc6d4b" outcome="Passed" testListId="8c84fa94-04c1-424b-9868-57a2d4851a1d" relativeResultsDirectory="790b6ca6-ca8b-43bf-a55c-ec90917e57f9" />
    <UnitTestResult executionId="4db885ed-a248-48d2-888a-98d180870541" testId="8aed83a5-1388-ee14-1e01-687801be888e" testName="_2020.Tests.Days.Day4Tests.Part1_pack(testCaseName: &quot;valid&quot;, expectedResult: &quot;4&quot;, _: &quot;4&quot;, fileContent: &quot;pid:087499704 hgt:74in ecl:grn iyr:2012 eyr:2030 b&quot;...)" computerName="LAPTOP-35RG0TO8" duration="00:00:00.0164294" startTime="2020-12-19T12:48:58.5409489+01:00" endTime="2020-12-19T12:48:58.5409505+01:00" testType="13cdc9d9-ddb5-4fa4-a97d-d965ccfc6d4b" outcome="Passed" testListId="8c84fa94-04c1-424b-9868-57a2d4851a1d" relativeResultsDirectory="4db885ed-a248-48d2-888a-98d180870541" />
    <UnitTestResult executionId="05b6b47b-4176-4365-ad0b-f627f1459e99" testId="b75d5504-15c9-62e2-7727-b66d1b06fae6" testName="_2020.Tests.Days.Day18Tests.Part2_Calculates_AsExpectedResult(testCase: &quot;5 * 9 * (7 * 3 * 3 + 9 * 3 + (8 + 6 * 4))&quot;, expectedResult: 669060)" computerName="LAPTOP-35RG0TO8" duration="00:00:00.0002762" startTime="2020-12-19T12:48:58.6296174+01:00" endTime="2020-12-19T12:48:58.6296178+01:00" testType="13cdc9d9-ddb5-4fa4-a97d-d965ccfc6d4b" outcome="Passed" testListId="8c84fa94-04c1-424b-9868-57a2d4851a1d" relativeResultsDirectory="05b6b47b-4176-4365-ad0b-f627f1459e99" />
    <UnitTestResult executionId="e563fb85-199f-4093-843d-e12ea10c1c86" testId="b2758025-0ea6-8920-1ed3-b47e23fd5591" testName="_2020.Tests.Days.Day10Tests.Part2_Pack(testCaseName: &quot;example1&quot;, _: &quot;35&quot;, expectedResult: &quot;8&quot;, fileContent: &quot;16\r\n10\r\n15\r\n5\r\n1\r\n11\r\n7\r\n19\r\n6\r\n&quot;...)" computerName="LAPTOP-35RG0TO8" duration="00:00:00.0132861" startTime="2020-12-19T12:48:58.6041241+01:00" endTime="2020-12-19T12:48:58.6041251+01:00" testType="13cdc9d9-ddb5-4fa4-a97d-d965ccfc6d4b" outcome="Passed" testListId="8c84fa94-04c1-424b-9868-57a2d4851a1d" relativeResultsDirectory="e563fb85-199f-4093-843d-e12ea10c1c86" />
    <UnitTestResult executionId="085eca62-be2f-4a01-87e8-0d802fb8367b" testId="6d960990-c3fd-9f28-bdad-0681fd0a7d6b" testName="_2020.Tests.Days.Day15Tests.Part2_Pack(testCaseName: &quot;example3&quot;, _: &quot;10&quot;, expectedResult: &quot;3544142&quot;, fileContent: &quot;2,1,3&quot;)" computerName="LAPTOP-35RG0TO8" duration="00:00:04.0715346" startTime="2020-12-19T12:49:33.5480011+01:00" endTime="2020-12-19T12:49:33.5480065+01:00" testType="13cdc9d9-ddb5-4fa4-a97d-d965ccfc6d4b" outcome="Passed" testListId="8c84fa94-04c1-424b-9868-57a2d4851a1d" relativeResultsDirectory="085eca62-be2f-4a01-87e8-0d802fb8367b" />
    <UnitTestResult executionId="efe94107-a686-45a2-99dc-e3ec76eedb1f" testId="ead7075b-f824-edda-74c3-54f68b078b04" testName="_2020.Tests.Days.Day15Tests.Part2_Pack(testCaseName: &quot;example7&quot;, _: &quot;1836&quot;, expectedResult: &quot;362&quot;, fileContent: &quot;3,1,2&quot;)" computerName="LAPTOP-35RG0TO8" duration="00:00:04.1910419" startTime="2020-12-19T12:49:25.1012334+01:00" endTime="2020-12-19T12:49:25.1012401+01:00" testType="13cdc9d9-ddb5-4fa4-a97d-d965ccfc6d4b" outcome="Passed" testListId="8c84fa94-04c1-424b-9868-57a2d4851a1d" relativeResultsDirectory="efe94107-a686-45a2-99dc-e3ec76eedb1f" />
    <UnitTestResult executionId="8377ab86-1d70-43d1-bb31-2ace34eb3101" testId="2de34128-cf23-033a-0c60-b9a1ffa1dd89" testName="_2020.Tests.Days.Day15Tests.Part1_pack(testCaseName: &quot;example4&quot;, expectedResult: &quot;27&quot;, _: &quot;261214&quot;, fileContent: &quot;1,2,3&quot;)" computerName="LAPTOP-35RG0TO8" duration="00:00:00.0002762" startTime="2020-12-19T12:48:58.6212153+01:00" endTime="2020-12-19T12:48:58.6212155+01:00" testType="13cdc9d9-ddb5-4fa4-a97d-d965ccfc6d4b" outcome="Passed" testListId="8c84fa94-04c1-424b-9868-57a2d4851a1d" relativeResultsDirectory="8377ab86-1d70-43d1-bb31-2ace34eb3101" />
    <UnitTestResult executionId="bc0d96e8-44c9-4052-a3da-ed5f58cf45a5" testId="5d9c47dd-439e-67ac-b1d4-8dc742348d44" testName="_2020.Tests.Days.Day10Tests.Part1_pack(testCaseName: &quot;example2&quot;, expectedResult: &quot;220&quot;, _: &quot;19208&quot;, fileContent: &quot;28\r\n33\r\n18\r\n42\r\n31\r\n14\r\n46\r\n20\r\n48&quot;...)" computerName="LAPTOP-35RG0TO8" duration="00:00:00.0000254" startTime="2020-12-19T12:48:58.5707146+01:00" endTime="2020-12-19T12:48:58.5707150+01:00" testType="13cdc9d9-ddb5-4fa4-a97d-d965ccfc6d4b" outcome="Passed" testListId="8c84fa94-04c1-424b-9868-57a2d4851a1d" relativeResultsDirectory="bc0d96e8-44c9-4052-a3da-ed5f58cf45a5" />
    <UnitTestResult executionId="679d9bf9-7788-4679-97c7-3ac2db43ab24" testId="de573764-ea0d-8509-05be-8709ab895a61" testName="_2020.Tests.Days.Day4Tests.Part1(fileContent: &quot;eyr:2027\r\nhcl:#602927\r\nhgt:186cm byr:1939 iyr:&quot;...)" computerName="LAPTOP-35RG0TO8" duration="00:00:00.0020843" startTime="2020-12-19T12:48:58.6184795+01:00" endTime="2020-12-19T12:48:58.6184798+01:00" testType="13cdc9d9-ddb5-4fa4-a97d-d965ccfc6d4b" outcome="Passed" testListId="8c84fa94-04c1-424b-9868-57a2d4851a1d" relativeResultsDirectory="679d9bf9-7788-4679-97c7-3ac2db43ab24">
      <Output>
        <StdOut>answer for part 1 is: 235</StdOut>
      </Output>
    </UnitTestResult>
    <UnitTestResult executionId="f9fbbc0f-4c6d-4ace-a4b4-b7e15cf7300e" testId="136cf6b3-49e2-8bb0-486f-d1f9a3983f12" testName="_2020.Tests.Days.Day3Tests.Part1_case2(fileContent: &quot;...\r\n#..&quot;)" computerName="LAPTOP-35RG0TO8" duration="00:00:00.0105231" startTime="2020-12-19T12:48:58.5917030+01:00" endTime="2020-12-19T12:48:58.5917040+01:00" testType="13cdc9d9-ddb5-4fa4-a97d-d965ccfc6d4b" outcome="Passed" testListId="8c84fa94-04c1-424b-9868-57a2d4851a1d" relativeResultsDirectory="f9fbbc0f-4c6d-4ace-a4b4-b7e15cf7300e">
      <Output>
        <StdOut>answer for part 1 is: 1</StdOut>
      </Output>
    </UnitTestResult>
    <UnitTestResult executionId="cf29ff7b-ccdf-4bbf-a299-4a653197d9a0" testId="f6865024-5e66-1a8c-8eaa-13d5eb300007" testName="_2020.Tests.Days.Day6Tests.Part1_pack(testCaseName: &quot;puzzleinput&quot;, expectedResult: &quot;6551&quot;, _: &quot;3358&quot;, fileContent: &quot;nvlyak\r\nnyvha\r\nyaen\r\nqynia\r\n\r\nkend\r\nen&quot;...)" computerName="LAPTOP-35RG0TO8" duration="00:00:00.0132765" startTime="2020-12-19T12:48:58.6044043+01:00" endTime="2020-12-19T12:48:58.6044049+01:00" testType="13cdc9d9-ddb5-4fa4-a97d-d965ccfc6d4b" outcome="Passed" testListId="8c84fa94-04c1-424b-9868-57a2d4851a1d" relativeResultsDirectory="cf29ff7b-ccdf-4bbf-a299-4a653197d9a0" />
    <UnitTestResult executionId="d63a6334-d2b2-473a-a2f4-e0d596e442b2" testId="b9a0883d-021b-16e7-be90-275f6000cc9d" testName="_2020.Tests.Days.Day2Tests.Part1(fileContent: &quot;1-5 k: kkkkhkkkkkkkkkk\r\n5-7 k: blkqhtxfgktdkxzkk&quot;...)" computerName="LAPTOP-35RG0TO8" duration="00:00:00.0176938" startTime="2020-12-19T12:48:58.6186118+01:00" endTime="2020-12-19T12:48:58.6186122+01:00" testType="13cdc9d9-ddb5-4fa4-a97d-d965ccfc6d4b" outcome="Passed" testListId="8c84fa94-04c1-424b-9868-57a2d4851a1d" relativeResultsDirectory="d63a6334-d2b2-473a-a2f4-e0d596e442b2">
      <Output>
        <StdOut>answer for part 1 is: 519</StdOut>
      </Output>
    </UnitTestResult>
    <UnitTestResult executionId="91148bba-e0fe-4ebe-a0ce-f8ad0e070156" testId="2c83aeec-41f1-c9e6-9c5b-7d5ecf29ccdd" testName="_2020.Tests.Days.Day15Tests.Part1_pack(testCaseName: &quot;example1&quot;, expectedResult: &quot;436&quot;, _: &quot;175594&quot;, fileContent: &quot;0,3,6&quot;)" computerName="LAPTOP-35RG0TO8" duration="00:00:00.0002294" startTime="2020-12-19T12:48:58.6211372+01:00" endTime="2020-12-19T12:48:58.6211375+01:00" testType="13cdc9d9-ddb5-4fa4-a97d-d965ccfc6d4b" outcome="Passed" testListId="8c84fa94-04c1-424b-9868-57a2d4851a1d" relativeResultsDirectory="91148bba-e0fe-4ebe-a0ce-f8ad0e070156" />
    <UnitTestResult executionId="a99fb966-a1fc-46b9-8bfe-53cb5edec5ce" testId="67ca508f-a17c-3db3-c22c-394aa968c00c" testName="_2020.Tests.Days.Day15Tests.Part2_Pack(testCaseName: &quot;example6&quot;, _: &quot;438&quot;, expectedResult: &quot;18&quot;, fileContent: &quot;3,2,1&quot;)" computerName="LAPTOP-35RG0TO8" duration="00:00:05.5822801" startTime="2020-12-19T12:49:15.7034855+01:00" endTime="2020-12-19T12:49:15.7034939+01:00" testType="13cdc9d9-ddb5-4fa4-a97d-d965ccfc6d4b" outcome="Passed" testListId="8c84fa94-04c1-424b-9868-57a2d4851a1d" relativeResultsDirectory="a99fb966-a1fc-46b9-8bfe-53cb5edec5ce" />
    <UnitTestResult executionId="cfedd2a1-ca4c-4a32-a504-dee0d89eb293" testId="babf93f6-1c89-9c1d-499b-7212ab41b8fb" testName="_2020.Tests.Days.Day17Tests.Part2_Pack(testCaseName: &quot;example1&quot;, _: &quot;112&quot;, expectedResult: &quot;848&quot;, fileContent: &quot;.#.\r\n..#\r\n###&quot;)" computerName="LAPTOP-35RG0TO8" duration="00:00:05.8057505" startTime="2020-12-19T12:49:04.3493164+01:00" endTime="2020-12-19T12:49:04.3493292+01:00" testType="13cdc9d9-ddb5-4fa4-a97d-d965ccfc6d4b" outcome="Passed" testListId="8c84fa94-04c1-424b-9868-57a2d4851a1d" relativeResultsDirectory="cfedd2a1-ca4c-4a32-a504-dee0d89eb293" />
    <UnitTestResult executionId="202613cf-4cfb-4190-be8f-c3f5ccc4025e" testId="9cf0cba5-172e-c153-e796-92c43fe8b799" testName="_2020.Tests.Days.Day13Tests.Part2_Pack(testCaseName: &quot;puzzleinput&quot;, _: &quot;4135&quot;, expectedResult: &quot;640856202464541&quot;, fileContent: &quot;1011416\r\n41,x,x,x,x,x,x,x,x,x,x,x,x,x,x,x,x,x,x,&quot;...)" computerName="LAPTOP-35RG0TO8" duration="00:00:00.0424560" startTime="2020-12-19T12:48:58.5918043+01:00" endTime="2020-12-19T12:48:58.5918049+01:00" testType="13cdc9d9-ddb5-4fa4-a97d-d965ccfc6d4b" outcome="Passed" testListId="8c84fa94-04c1-424b-9868-57a2d4851a1d" relativeResultsDirectory="202613cf-4cfb-4190-be8f-c3f5ccc4025e" />
    <UnitTestResult executionId="ed507ff4-1b91-4a0a-a88e-511fedd4fe06" testId="bfaca6be-0b52-deae-c673-4467abedb8b9" testName="_2020.Tests.Days.Day18Tests.Part1_Calculates_AsExpectedResult(testCase: &quot;2 * 3 + (4 * 5)&quot;, expectedResult: 26)" computerName="LAPTOP-35RG0TO8" duration="00:00:00.0007268" startTime="2020-12-19T12:48:58.6399603+01:00" endTime="2020-12-19T12:48:58.6399605+01:00" testType="13cdc9d9-ddb5-4fa4-a97d-d965ccfc6d4b" outcome="Passed" testListId="8c84fa94-04c1-424b-9868-57a2d4851a1d" relativeResultsDirectory="ed507ff4-1b91-4a0a-a88e-511fedd4fe06" />
    <UnitTestResult executionId="6c19f609-0e20-4a14-9d68-f6799b256b36" testId="ac7e7db2-01de-f348-0757-1a5540553b98" testName="_2020.Tests.Days.Day15Tests.Part2_Pack(testCaseName: &quot;example5&quot;, _: &quot;78&quot;, expectedResult: &quot;6895259&quot;, fileContent: &quot;2,3,1&quot;)" computerName="LAPTOP-35RG0TO8" duration="00:00:05.2060975" startTime="2020-12-19T12:49:20.9099401+01:00" endTime="2020-12-19T12:49:20.9099474+01:00" testType="13cdc9d9-ddb5-4fa4-a97d-d965ccfc6d4b" outcome="Passed" testListId="8c84fa94-04c1-424b-9868-57a2d4851a1d" relativeResultsDirectory="6c19f609-0e20-4a14-9d68-f6799b256b36" />
    <UnitTestResult executionId="324752fa-8703-4321-9639-f984894b3a0b" testId="844a928f-443a-c27a-8ee8-10b193eadc8b" testName="_2020.Tests.Days.Day7Tests.Part2_Pack(testCaseName: &quot;example2&quot;, _: &quot;&quot;, expectedResult: &quot;126&quot;, fileContent: &quot;shiny gold bags contain 2 dark red bags.\r\ndark r&quot;...)" computerName="LAPTOP-35RG0TO8" duration="00:00:00.0407330" startTime="2020-12-19T12:48:58.5848325+01:00" endTime="2020-12-19T12:48:58.5848330+01:00" testType="13cdc9d9-ddb5-4fa4-a97d-d965ccfc6d4b" outcome="Passed" testListId="8c84fa94-04c1-424b-9868-57a2d4851a1d" relativeResultsDirectory="324752fa-8703-4321-9639-f984894b3a0b" />
    <UnitTestResult executionId="6ec283ff-1fd7-442f-a40f-bf5c85bcd632" testId="7deeee6f-5f68-e96c-55d2-19a70aab7c3d" testName="_2020.Tests.Days.Day3Tests.Move_Works(fileContent: &quot;.......\r\n...#...\r\n......#&quot;, coordinates: [3, 1, 6, 2], isTree: True)" computerName="LAPTOP-35RG0TO8" duration="00:00:00.0000372" startTime="2020-12-19T12:48:58.5705744+01:00" endTime="2020-12-19T12:48:58.5705747+01:00" testType="13cdc9d9-ddb5-4fa4-a97d-d965ccfc6d4b" outcome="Passed" testListId="8c84fa94-04c1-424b-9868-57a2d4851a1d" relativeResultsDirectory="6ec283ff-1fd7-442f-a40f-bf5c85bcd632" />
    <UnitTestResult executionId="8180c31b-d585-48fe-9b0c-ac5db506e843" testId="21cf7987-0bbe-7998-2a6a-b62be16638fd" testName="_2020.Tests.Days.Day16Tests.Part2_Pack(testCaseName: &quot;example2&quot;, _: &quot;0&quot;, expectedResult: &quot;1716&quot;, fileContent: &quot;departure class: 0-1 or 4-19\r\ndeparture row: 0-5&quot;...)" computerName="LAPTOP-35RG0TO8" duration="00:00:00.0297469" startTime="2020-12-19T12:48:58.6456457+01:00" endTime="2020-12-19T12:48:58.6456467+01:00" testType="13cdc9d9-ddb5-4fa4-a97d-d965ccfc6d4b" outcome="Passed" testListId="8c84fa94-04c1-424b-9868-57a2d4851a1d" relativeResultsDirectory="8180c31b-d585-48fe-9b0c-ac5db506e843" />
    <UnitTestResult executionId="550f5217-89ff-4c6b-9d7e-fd3a6bdaf4ce" testId="01c6738e-928f-12e9-002b-a3010d7f109b" testName="_2020.Tests.Days.Day8Tests.Part2_Pack(testCaseName: &quot;puzzleinput&quot;, _: &quot;2051&quot;, expectedResult: &quot;2304&quot;, fileContent: &quot;jmp +583\r\nacc +9\r\njmp +525\r\njmp +302\r\njmp &quot;...)" computerName="LAPTOP-35RG0TO8" duration="00:00:00.0124133" startTime="2020-12-19T12:48:58.5920141+01:00" endTime="2020-12-19T12:48:58.5920145+01:00" testType="13cdc9d9-ddb5-4fa4-a97d-d965ccfc6d4b" outcome="Passed" testListId="8c84fa94-04c1-424b-9868-57a2d4851a1d" relativeResultsDirectory="550f5217-89ff-4c6b-9d7e-fd3a6bdaf4ce" />
    <UnitTestResult executionId="04f76133-575e-460a-87be-b46f593fdab2" testId="334e5607-9cdb-e672-5c7f-406da37d6d7e" testName="_2020.Tests.Days.Day18Tests.Part1_Calculates_AsExpectedResult(testCase: &quot;5 + (8 * 3 + 9 + 3 * 4 * 3)&quot;, expectedResult: 437)" computerName="LAPTOP-35RG0TO8" duration="00:00:00.0001648" startTime="2020-12-19T12:48:58.6458101+01:00" endTime="2020-12-19T12:48:58.6458106+01:00" testType="13cdc9d9-ddb5-4fa4-a97d-d965ccfc6d4b" outcome="Passed" testListId="8c84fa94-04c1-424b-9868-57a2d4851a1d" relativeResultsDirectory="04f76133-575e-460a-87be-b46f593fdab2" />
    <UnitTestResult executionId="04a7d2d7-d158-4377-9dde-b5e10df45e36" testId="2cc010d6-e101-5b64-2847-d92eb3aca667" testName="_2020.Tests.Days.Day10Tests.Part2_Pack(testCaseName: &quot;puzzleinput&quot;, _: &quot;2059&quot;, expectedResult: &quot;86812553324672&quot;, fileContent: &quot;77\r\n58\r\n25\r\n92\r\n14\r\n154\r\n105\r\n112\r\&quot;...)" computerName="LAPTOP-35RG0TO8" duration="00:00:00.0000910" startTime="2020-12-19T12:48:58.6041905+01:00" endTime="2020-12-19T12:48:58.6041908+01:00" testType="13cdc9d9-ddb5-4fa4-a97d-d965ccfc6d4b" outcome="Passed" testListId="8c84fa94-04c1-424b-9868-57a2d4851a1d" relativeResultsDirectory="04a7d2d7-d158-4377-9dde-b5e10df45e36" />
    <UnitTestResult executionId="1f733790-bd5e-4ff5-a7ce-99a7823698da" testId="7505053a-8388-b504-70a1-f4bcc9da9d25" testName="_2020.Tests.Days.Day4Tests.Part1_pack(testCaseName: &quot;invalid&quot;, expectedResult: &quot;4&quot;, _: &quot;0&quot;, fileContent: &quot;eyr:1972 cid:100\r\nhcl:#18171d ecl:amb hgt:170 pi&quot;...)" computerName="LAPTOP-35RG0TO8" duration="00:00:00.0000649" startTime="2020-12-19T12:48:58.5704205+01:00" endTime="2020-12-19T12:48:58.5704210+01:00" testType="13cdc9d9-ddb5-4fa4-a97d-d965ccfc6d4b" outcome="Passed" testListId="8c84fa94-04c1-424b-9868-57a2d4851a1d" relativeResultsDirectory="1f733790-bd5e-4ff5-a7ce-99a7823698da" />
    <UnitTestResult executionId="cc781732-5db4-413b-ab73-ed2d595d6872" testId="32ed6bd8-e0af-dd5c-7f74-96ea03b7cf74" testName="_2020.Tests.Days.Day11Tests.Part2_Pack(testCaseName: &quot;example1&quot;, _: &quot;37&quot;, expectedResult: &quot;26&quot;, fileContent: &quot;L.LL.LL.LL\r\nLLLLLLL.LL\r\nL.L.L..L..\r\nLLLL.LL.&quot;...)" computerName="LAPTOP-35RG0TO8" duration="00:00:00.0257400" startTime="2020-12-19T12:48:58.6399070+01:00" endTime="2020-12-19T12:48:58.6399076+01:00" testType="13cdc9d9-ddb5-4fa4-a97d-d965ccfc6d4b" outcome="Passed" testListId="8c84fa94-04c1-424b-9868-57a2d4851a1d" relativeResultsDirectory="cc781732-5db4-413b-ab73-ed2d595d6872" />
    <UnitTestResult executionId="6a69c929-a1d5-41ec-989e-20eaf2f61c76" testId="5e9fd67a-100d-f0f8-28f8-739d3a791929" testName="_2020.Tests.Days.Day19Tests.Part1_pack(testCaseName: &quot;example2&quot;, expectedResult: &quot;3&quot;, _: &quot;12&quot;, fileContent: &quot;42: 9 14 | 10 1\r\n9: 14 27 | 1 26\r\n10: 23 14 | &quot;...)" computerName="LAPTOP-35RG0TO8" duration="00:00:00.0089689" startTime="2020-12-19T12:48:58.6460961+01:00" endTime="2020-12-19T12:48:58.6460965+01:00" testType="13cdc9d9-ddb5-4fa4-a97d-d965ccfc6d4b" outcome="Passed" testListId="8c84fa94-04c1-424b-9868-57a2d4851a1d" relativeResultsDirectory="6a69c929-a1d5-41ec-989e-20eaf2f61c76" />
    <UnitTestResult executionId="77d8ba12-384e-4be8-bece-32da462ca277" testId="de8b5722-7c80-d4eb-b97c-ebe57717fb6c" testName="_2020.Tests.Days.Day5Tests.Part1_pack(testCaseName: &quot;example1&quot;, expectedResult: &quot;820&quot;, _: &quot;&quot;, fileContent: &quot;BFFFBBFRRR\r\nFFFBBBFRRR\r\nBBFFBBFRLL&quot;)" computerName="LAPTOP-35RG0TO8" duration="00:00:00.0000303" startTime="2020-12-19T12:48:58.6133008+01:00" endTime="2020-12-19T12:48:58.6133012+01:00" testType="13cdc9d9-ddb5-4fa4-a97d-d965ccfc6d4b" outcome="Passed" testListId="8c84fa94-04c1-424b-9868-57a2d4851a1d" relativeResultsDirectory="77d8ba12-384e-4be8-bece-32da462ca277" />
    <UnitTestResult executionId="9c998fb2-7159-4f19-8aeb-29904c1eb470" testId="c1b39591-e148-1ede-3450-ca36e80a70b0" testName="_2020.Tests.Days.Day15Tests.Part2_Pack(testCaseName: &quot;example2&quot;, _: &quot;1&quot;, expectedResult: &quot;2578&quot;, fileContent: &quot;1,3,2&quot;)" computerName="LAPTOP-35RG0TO8" duration="00:00:05.5240596" startTime="2020-12-19T12:49:10.1207220+01:00" endTime="2020-12-19T12:49:10.1207364+01:00" testType="13cdc9d9-ddb5-4fa4-a97d-d965ccfc6d4b" outcome="Passed" testListId="8c84fa94-04c1-424b-9868-57a2d4851a1d" relativeResultsDirectory="9c998fb2-7159-4f19-8aeb-29904c1eb470" />
    <UnitTestResult executionId="8eb9a83b-1236-4b1c-8a3f-6c382562f04d" testId="355791e2-453d-1a99-4de5-71823162968c" testName="_2020.Tests.Days.Day19Tests.Part2_Pack(testCaseName: &quot;example&quot;, _: &quot;2&quot;, expectedResult: &quot;2&quot;, fileContent: &quot;0: 4 1 5\r\n1: 2 3 | 3 2\r\n2: 4 4 | 5 5\r\n3: 4 5&quot;...)" computerName="LAPTOP-35RG0TO8" duration="00:00:00.0001140" startTime="2020-12-19T12:48:58.8271504+01:00" endTime="2020-12-19T12:48:58.8271513+01:00" testType="13cdc9d9-ddb5-4fa4-a97d-d965ccfc6d4b" outcome="Passed" testListId="8c84fa94-04c1-424b-9868-57a2d4851a1d" relativeResultsDirectory="8eb9a83b-1236-4b1c-8a3f-6c382562f04d" />
    <UnitTestResult executionId="6800ae2a-5505-449e-a2df-6ffc1dadd7a3" testId="5a6838e8-c034-4ac2-cf4a-650d8f91ee6f" testName="_2020.Tests.Days.Day15Tests.Part2_Pack(testCaseName: &quot;example1&quot;, _: &quot;436&quot;, expectedResult: &quot;175594&quot;, fileContent: &quot;0,3,6&quot;)" computerName="LAPTOP-35RG0TO8" duration="00:00:06.0250268" startTime="2020-12-19T12:49:04.5964501+01:00" endTime="2020-12-19T12:49:04.5964522+01:00" testType="13cdc9d9-ddb5-4fa4-a97d-d965ccfc6d4b" outcome="Passed" testListId="8c84fa94-04c1-424b-9868-57a2d4851a1d" relativeResultsDirectory="6800ae2a-5505-449e-a2df-6ffc1dadd7a3" />
    <UnitTestResult executionId="bebdbda1-1dad-4c48-962f-6c52a1ec77ed" testId="1bd4918e-984f-4b09-f089-8b165ff131a6" testName="_2020.Tests.Days.Day12Tests.Part2_Pack(testCaseName: &quot;puzzleinput&quot;, _: &quot;1565&quot;, expectedResult: &quot;78883&quot;, fileContent: &quot;E5\r\nR90\r\nE5\r\nL90\r\nF80\r\nL90\r\nE3\r\nN5\r&quot;...)" computerName="LAPTOP-35RG0TO8" duration="00:00:00.0143731" startTime="2020-12-19T12:48:58.5306454+01:00" endTime="2020-12-19T12:48:58.5308876+01:00" testType="13cdc9d9-ddb5-4fa4-a97d-d965ccfc6d4b" outcome="Passed" testListId="8c84fa94-04c1-424b-9868-57a2d4851a1d" relativeResultsDirectory="bebdbda1-1dad-4c48-962f-6c52a1ec77ed" />
    <UnitTestResult executionId="8ea5fa7d-fe38-4dcc-8709-da7b9e6cc8db" testId="375e425c-9b53-a326-01d6-888b92935a87" testName="_2020.Tests.Days.Day7Tests.Part1_pack(testCaseName: &quot;example1&quot;, expectedResult: &quot;4&quot;, _: &quot;&quot;, fileContent: &quot;light red bags contain 1 bright white bag, 2 muted&quot;...)" computerName="LAPTOP-35RG0TO8" duration="00:00:00.0002286" startTime="2020-12-19T12:48:58.6493867+01:00" endTime="2020-12-19T12:48:58.6493874+01:00" testType="13cdc9d9-ddb5-4fa4-a97d-d965ccfc6d4b" outcome="Passed" testListId="8c84fa94-04c1-424b-9868-57a2d4851a1d" relativeResultsDirectory="8ea5fa7d-fe38-4dcc-8709-da7b9e6cc8db" />
    <UnitTestResult executionId="b57f9f7a-701e-4740-924f-92521ba6c30f" testId="26f20c36-20b3-9005-cb04-ee3276a58fd4" testName="_2020.Tests.Days.Day1Tests.Part1(lines: &quot;1753\r\n1976\r\n1574\r\n308\r\n1384\r\n1191\r\n173&quot;...)" computerName="LAPTOP-35RG0TO8" duration="00:00:00.0100050" startTime="2020-12-19T12:48:58.5912064+01:00" endTime="2020-12-19T12:48:58.5912083+01:00" testType="13cdc9d9-ddb5-4fa4-a97d-d965ccfc6d4b" outcome="Passed" testListId="8c84fa94-04c1-424b-9868-57a2d4851a1d" relativeResultsDirectory="b57f9f7a-701e-4740-924f-92521ba6c30f">
      <Output>
        <StdOut>answer for part 1 is: 989824</StdOut>
      </Output>
    </UnitTestResult>
    <UnitTestResult executionId="767fc907-62b4-4e57-938c-e5fafadf96f4" testId="0f9af31d-0f66-fa47-7811-06be3c347ad8" testName="_2020.Tests.Days.Day4Tests.Part2_Pack(testCaseName: &quot;invalid&quot;, _: &quot;4&quot;, expectedResult: &quot;0&quot;, fileContent: &quot;eyr:1972 cid:100\r\nhcl:#18171d ecl:amb hgt:170 pi&quot;...)" computerName="LAPTOP-35RG0TO8" duration="00:00:00.0062500" startTime="2020-12-19T12:48:58.5846258+01:00" endTime="2020-12-19T12:48:58.5846263+01:00" testType="13cdc9d9-ddb5-4fa4-a97d-d965ccfc6d4b" outcome="Passed" testListId="8c84fa94-04c1-424b-9868-57a2d4851a1d" relativeResultsDirectory="767fc907-62b4-4e57-938c-e5fafadf96f4" />
    <UnitTestResult executionId="fbc8a320-e1e2-4765-aecb-03628d8570ea" testId="bdaba18c-2c59-04ae-e240-7ebf7e7a64fb" testName="_2020.Tests.Days.Day7Tests.Part2_Pack(testCaseName: &quot;puzzleinput&quot;, _: &quot;335&quot;, expectedResult: &quot;2431&quot;, fileContent: &quot;dim silver bags contain 3 posh fuchsia bags.\r\nwa&quot;...)" computerName="LAPTOP-35RG0TO8" duration="00:00:00.0328940" startTime="2020-12-19T12:48:58.6212527+01:00" endTime="2020-12-19T12:48:58.6212529+01:00" testType="13cdc9d9-ddb5-4fa4-a97d-d965ccfc6d4b" outcome="Passed" testListId="8c84fa94-04c1-424b-9868-57a2d4851a1d" relativeResultsDirectory="fbc8a320-e1e2-4765-aecb-03628d8570ea" />
    <UnitTestResult executionId="c279c33a-49cb-421e-b3d4-7b480ee5e898" testId="216f5805-6dfd-d79f-4066-e2138129ea68" testName="_2020.Tests.Days.Day5Tests.Part1_pack(testCaseName: &quot;mydata&quot;, expectedResult: &quot;998&quot;, _: &quot;676&quot;, fileContent: &quot;BFBBBBBLLR\r\nBBFFBBFRRL\r\nFBFBFFFRRL\r\nBBFFFBFR&quot;...)" computerName="LAPTOP-35RG0TO8" duration="00:00:00.0093619" startTime="2020-12-19T12:48:58.6132455+01:00" endTime="2020-12-19T12:48:58.6132458+01:00" testType="13cdc9d9-ddb5-4fa4-a97d-d965ccfc6d4b" outcome="Passed" testListId="8c84fa94-04c1-424b-9868-57a2d4851a1d" relativeResultsDirectory="c279c33a-49cb-421e-b3d4-7b480ee5e898" />
    <UnitTestResult executionId="1cd62d3a-eaac-45e5-9f72-0f861cdb6df0" testId="6c059688-c465-f5a5-7144-0e70ce180f19" testName="_2020.Tests.Days.Day14Tests.Part1_pack(testCaseName: &quot;example2&quot;, expectedResult: &quot;51&quot;, _: &quot;208&quot;, fileContent: &quot;mask = 000000000000000000000000000000X1001X\r\nmem&quot;...)" computerName="LAPTOP-35RG0TO8" duration="00:00:00.0000722" startTime="2020-12-19T12:48:58.6297689+01:00" endTime="2020-12-19T12:48:58.6297693+01:00" testType="13cdc9d9-ddb5-4fa4-a97d-d965ccfc6d4b" outcome="Passed" testListId="8c84fa94-04c1-424b-9868-57a2d4851a1d" relativeResultsDirectory="1cd62d3a-eaac-45e5-9f72-0f861cdb6df0" />
    <UnitTestResult executionId="e21a750e-1cae-46c0-affd-25d49d9edcba" testId="59db20d0-347c-a453-444e-683e23e9a040" testName="_2020.Tests.Days.Day15Tests.Part1_pack(testCaseName: &quot;example5&quot;, expectedResult: &quot;78&quot;, _: &quot;6895259&quot;, fileContent: &quot;2,3,1&quot;)" computerName="LAPTOP-35RG0TO8" duration="00:00:00.0003248" startTime="2020-12-19T12:48:58.6211030+01:00" endTime="2020-12-19T12:48:58.6211032+01:00" testType="13cdc9d9-ddb5-4fa4-a97d-d965ccfc6d4b" outcome="Passed" testListId="8c84fa94-04c1-424b-9868-57a2d4851a1d" relativeResultsDirectory="e21a750e-1cae-46c0-affd-25d49d9edcba" />
    <UnitTestResult executionId="34d2465c-63ac-479e-a7b5-4757d0735062" testId="ef12b05a-db9c-a4d1-6bf6-f50fcc998ceb" testName="_2020.Tests.Days.Day15Tests.Part1_pack(testCaseName: &quot;example6&quot;, expectedResult: &quot;438&quot;, _: &quot;18&quot;, fileContent: &quot;3,2,1&quot;)" computerName="LAPTOP-35RG0TO8" duration="00:00:00.0038547" startTime="2020-12-19T12:48:58.6209631+01:00" endTime="2020-12-19T12:48:58.6209639+01:00" testType="13cdc9d9-ddb5-4fa4-a97d-d965ccfc6d4b" outcome="Passed" testListId="8c84fa94-04c1-424b-9868-57a2d4851a1d" relativeResultsDirectory="34d2465c-63ac-479e-a7b5-4757d0735062" />
    <UnitTestResult executionId="a62d86ab-6abb-4ee0-9787-5cc9b853e592" testId="d612b35d-eb74-c9d6-7c08-b6087fbf724b" testName="_2020.Tests.Days.Day13Tests.Part1_pack(testCaseName: &quot;puzzleinput&quot;, expectedResult: &quot;4135&quot;, _: &quot;640856202464541&quot;, fileContent: &quot;1011416\r\n41,x,x,x,x,x,x,x,x,x,x,x,x,x,x,x,x,x,x,&quot;...)" computerName="LAPTOP-35RG0TO8" duration="00:00:00.0141900" startTime="2020-12-19T12:48:58.6134801+01:00" endTime="2020-12-19T12:48:58.6134804+01:00" testType="13cdc9d9-ddb5-4fa4-a97d-d965ccfc6d4b" outcome="Passed" testListId="8c84fa94-04c1-424b-9868-57a2d4851a1d" relativeResultsDirectory="a62d86ab-6abb-4ee0-9787-5cc9b853e592" />
    <UnitTestResult executionId="b52b0b4f-9a62-4834-8837-29157dfb314c" testId="6c7ab625-d6dc-0b1e-f7ad-fc94ba9002b5" testName="_2020.Tests.Days.Day18Tests.Part1_Calculates_AsExpectedResult(testCase: &quot;1 + 2 * 3 + 4 * 5 + 6&quot;, expectedResult: 71)" computerName="LAPTOP-35RG0TO8" duration="00:00:00.0001062" startTime="2020-12-19T12:48:58.6458979+01:00" endTime="2020-12-19T12:48:58.6458984+01:00" testType="13cdc9d9-ddb5-4fa4-a97d-d965ccfc6d4b" outcome="Passed" testListId="8c84fa94-04c1-424b-9868-57a2d4851a1d" relativeResultsDirectory="b52b0b4f-9a62-4834-8837-29157dfb314c" />
    <UnitTestResult executionId="bad136a7-7fcc-497b-8ac1-60427ba4a3b8" testId="dffdb84d-1db1-5f4c-67d3-f3140d14b547" testName="_2020.Tests.Days.Day16Tests.Part2_Pack(testCaseName: &quot;example1&quot;, _: &quot;71&quot;, expectedResult: &quot;0&quot;, fileContent: &quot;class: 1-3 or 5-7\r\nrow: 6-11 or 33-44\r\nseat: 1&quot;...)" computerName="LAPTOP-35RG0TO8" duration="00:00:00.0001030" startTime="2020-12-19T12:48:58.6457075+01:00" endTime="2020-12-19T12:48:58.6457077+01:00" testType="13cdc9d9-ddb5-4fa4-a97d-d965ccfc6d4b" outcome="Passed" testListId="8c84fa94-04c1-424b-9868-57a2d4851a1d" relativeResultsDirectory="bad136a7-7fcc-497b-8ac1-60427ba4a3b8" />
    <UnitTestResult executionId="7d51bc1c-e6ed-4a15-9376-0c3774c76340" testId="5b9149bb-3a0e-df91-0be0-26f9f7da6a9a" testName="_2020.Tests.Days.Day18Tests.Part1_Calculates_AsExpectedResult(testCase: &quot;1 + (2 * 3) + (4 * (5 + 6))&quot;, expectedResult: 51)" computerName="LAPTOP-35RG0TO8" duration="00:00:00.0003265" startTime="2020-12-19T12:48:58.6400448+01:00" endTime="2020-12-19T12:48:58.6400450+01:00" testType="13cdc9d9-ddb5-4fa4-a97d-d965ccfc6d4b" outcome="Passed" testListId="8c84fa94-04c1-424b-9868-57a2d4851a1d" relativeResultsDirectory="7d51bc1c-e6ed-4a15-9376-0c3774c76340" />
    <UnitTestResult executionId="fc49bb07-0c15-4357-ae96-63fd075c8121" testId="0d9d879c-a85a-bdc6-b8ff-9a6ab509a103" testName="_2020.Tests.Days.Day16Tests.Part1_pack(testCaseName: &quot;example1&quot;, expectedResult: &quot;71&quot;, _: &quot;0&quot;, fileContent: &quot;class: 1-3 or 5-7\r\nrow: 6-11 or 33-44\r\nseat: 1&quot;...)" computerName="LAPTOP-35RG0TO8" duration="00:00:00.0028390" startTime="2020-12-19T12:48:58.6103270+01:00" endTime="2020-12-19T12:48:58.6103275+01:00" testType="13cdc9d9-ddb5-4fa4-a97d-d965ccfc6d4b" outcome="Passed" testListId="8c84fa94-04c1-424b-9868-57a2d4851a1d" relativeResultsDirectory="fc49bb07-0c15-4357-ae96-63fd075c8121" />
    <UnitTestResult executionId="11a4c01a-0f8e-4f9d-99f2-e8fa9199fdb3" testId="8bad9a6e-64b2-6364-8b28-5b3c61b85444" testName="_2020.Tests.Days.Day19Tests.Part2_Pack(testCaseName: &quot;example2&quot;, _: &quot;3&quot;, expectedResult: &quot;12&quot;, fileContent: &quot;42: 9 14 | 10 1\r\n9: 14 27 | 1 26\r\n10: 23 14 | &quot;...)" computerName="LAPTOP-35RG0TO8" duration="00:00:00.0196121" startTime="2020-12-19T12:48:58.8270140+01:00" endTime="2020-12-19T12:48:58.8270162+01:00" testType="13cdc9d9-ddb5-4fa4-a97d-d965ccfc6d4b" outcome="Passed" testListId="8c84fa94-04c1-424b-9868-57a2d4851a1d" relativeResultsDirectory="11a4c01a-0f8e-4f9d-99f2-e8fa9199fdb3" />
    <UnitTestResult executionId="438fbc96-4433-4146-b59f-1e434d1fa4f8" testId="04f07e51-e06f-f9ef-687e-27f8f50cd69c" testName="_2020.Tests.Days.Day10Tests.Part1_pack(testCaseName: &quot;example_small&quot;, expectedResult: &quot;12&quot;, _: &quot;4&quot;, fileContent: &quot;3\r\n4\r\n5\r\n8\r\n9\r\n10&quot;)" computerName="LAPTOP-35RG0TO8" duration="00:00:00.0000764" startTime="2020-12-19T12:48:58.5704728+01:00" endTime="2020-12-19T12:48:58.5704733+01:00" testType="13cdc9d9-ddb5-4fa4-a97d-d965ccfc6d4b" outcome="Passed" testListId="8c84fa94-04c1-424b-9868-57a2d4851a1d" relativeResultsDirectory="438fbc96-4433-4146-b59f-1e434d1fa4f8" />
    <UnitTestResult executionId="6227498c-1840-4973-ba87-8c104e3c464b" testId="b27c9020-e789-a65d-c36f-5611503fe0b7" testName="_2020.Tests.Days.Day8Tests.Part1_pack(testCaseName: &quot;puzzleinput&quot;, expectedResult: &quot;2051&quot;, _: &quot;2304&quot;, fileContent: &quot;jmp +583\r\nacc +9\r\njmp +525\r\njmp +302\r\njmp &quot;...)" computerName="LAPTOP-35RG0TO8" duration="00:00:00.0002236" startTime="2020-12-19T12:48:58.5921834+01:00" endTime="2020-12-19T12:48:58.5921838+01:00" testType="13cdc9d9-ddb5-4fa4-a97d-d965ccfc6d4b" outcome="Passed" testListId="8c84fa94-04c1-424b-9868-57a2d4851a1d" relativeResultsDirectory="6227498c-1840-4973-ba87-8c104e3c464b" />
    <UnitTestResult executionId="6b2b9e8a-aa21-45e4-a0f7-e16fcb25f7a5" testId="3e8c6d43-8d09-84bb-a295-43059662202b" testName="_2020.Tests.Days.Day15Tests.Part1_pack(testCaseName: &quot;example7&quot;, expectedResult: &quot;1836&quot;, _: &quot;362&quot;, fileContent: &quot;3,1,2&quot;)" computerName="LAPTOP-35RG0TO8" duration="00:00:00.0002728" startTime="2020-12-19T12:48:58.6210104+01:00" endTime="2020-12-19T12:48:58.6210106+01:00" testType="13cdc9d9-ddb5-4fa4-a97d-d965ccfc6d4b" outcome="Passed" testListId="8c84fa94-04c1-424b-9868-57a2d4851a1d" relativeResultsDirectory="6b2b9e8a-aa21-45e4-a0f7-e16fcb25f7a5" />
    <UnitTestResult executionId="100dba6c-9713-4976-a73f-572dac64b976" testId="8146e86e-cd6b-cf36-e743-61cfc2778296" testName="_2020.Tests.Days.Day3Tests.Move_Works(fileContent: &quot;.......\r\n...X...\r\n......X&quot;, coordinates: [0, 0, 3, 1], isTree: False)" computerName="LAPTOP-35RG0TO8" duration="00:00:00.0000085" startTime="2020-12-19T12:48:58.5746917+01:00" endTime="2020-12-19T12:48:58.5746923+01:00" testType="13cdc9d9-ddb5-4fa4-a97d-d965ccfc6d4b" outcome="Passed" testListId="8c84fa94-04c1-424b-9868-57a2d4851a1d" relativeResultsDirectory="100dba6c-9713-4976-a73f-572dac64b976" />
    <UnitTestResult executionId="3d0ab09f-beb8-4648-881e-8e99d7256e63" testId="0ae8165c-5db8-2151-c07c-655806764c15" testName="_2020.Tests.Days.Day6Tests.Part2_Pack(testCaseName: &quot;puzzleinput&quot;, _: &quot;6551&quot;, expectedResult: &quot;3358&quot;, fileContent: &quot;nvlyak\r\nnyvha\r\nyaen\r\nqynia\r\n\r\nkend\r\nen&quot;...)" computerName="LAPTOP-35RG0TO8" duration="00:00:00.0021755" startTime="2020-12-19T12:48:58.5751437+01:00" endTime="2020-12-19T12:48:58.5751443+01:00" testType="13cdc9d9-ddb5-4fa4-a97d-d965ccfc6d4b" outcome="Passed" testListId="8c84fa94-04c1-424b-9868-57a2d4851a1d" relativeResultsDirectory="3d0ab09f-beb8-4648-881e-8e99d7256e63" />
    <UnitTestResult executionId="582b8852-2628-498d-9713-015ab4205fa6" testId="1f5e50cb-54fd-2c1d-5c96-c69e9c09c257" testName="_2020.Tests.Days.Day15Tests.Part2_Pack(testCaseName: &quot;puzzleinput&quot;, _: &quot;700&quot;, expectedResult: &quot;51358&quot;, fileContent: &quot;6,3,15,13,1,0&quot;)" computerName="LAPTOP-35RG0TO8" duration="00:00:04.3042348" startTime="2020-12-19T12:49:37.8525803+01:00" endTime="2020-12-19T12:49:37.8525887+01:00" testType="13cdc9d9-ddb5-4fa4-a97d-d965ccfc6d4b" outcome="Passed" testListId="8c84fa94-04c1-424b-9868-57a2d4851a1d" relativeResultsDirectory="582b8852-2628-498d-9713-015ab4205fa6" />
    <UnitTestResult executionId="cb8aa930-fba3-49bb-9c3e-e0fbd23b818b" testId="16df4b72-a1be-7d8a-175c-1e6c5237fc4e" testName="_2020.Tests.Days.Day14Tests.Part1_pack(testCaseName: &quot;example1&quot;, expectedResult: &quot;165&quot;, _: &quot;&quot;, fileContent: &quot;mask = XXXXXXXXXXXXXXXXXXXXXXXXXXXXX1XXXX0X\r\nmem&quot;...)" computerName="LAPTOP-35RG0TO8" duration="00:00:00.0000329" startTime="2020-12-19T12:48:58.6396202+01:00" endTime="2020-12-19T12:48:58.6396220+01:00" testType="13cdc9d9-ddb5-4fa4-a97d-d965ccfc6d4b" outcome="Passed" testListId="8c84fa94-04c1-424b-9868-57a2d4851a1d" relativeResultsDirectory="cb8aa930-fba3-49bb-9c3e-e0fbd23b818b" />
    <UnitTestResult executionId="148c3715-18ad-470d-b3ba-24f76ee747c3" testId="99b22c00-0b2b-9e79-261c-dcb39b52aa8e" testName="_2020.Tests.Days.Day3Tests.Part1(fileContent: &quot;.#.......#...........#.........\r\n..##.......#.#.&quot;...)" computerName="LAPTOP-35RG0TO8" duration="00:00:00.0004635" startTime="2020-12-19T12:48:58.6134232+01:00" endTime="2020-12-19T12:48:58.6134236+01:00" testType="13cdc9d9-ddb5-4fa4-a97d-d965ccfc6d4b" outcome="Passed" testListId="8c84fa94-04c1-424b-9868-57a2d4851a1d" relativeResultsDirectory="148c3715-18ad-470d-b3ba-24f76ee747c3">
      <Output>
        <StdOut>answer for part 1 is: 209</StdOut>
      </Output>
    </UnitTestResult>
    <UnitTestResult executionId="29984adc-cdc0-432e-88d3-725987a4ea12" testId="3313912d-5a78-642f-b1f1-ec6ce77d37ce" testName="_2020.Tests.Days.Day18Tests.Part1_Calculates_AsExpectedResult(testCase: &quot;((2 + 4 * 9) * (6 + 9 * 8 + 6) + 6) + 2 + 4 * 2&quot;, expectedResult: 13632)" computerName="LAPTOP-35RG0TO8" duration="00:00:00.0003769" startTime="2020-12-19T12:48:58.6457574+01:00" endTime="2020-12-19T12:48:58.6457576+01:00" testType="13cdc9d9-ddb5-4fa4-a97d-d965ccfc6d4b" outcome="Passed" testListId="8c84fa94-04c1-424b-9868-57a2d4851a1d" relativeResultsDirectory="29984adc-cdc0-432e-88d3-725987a4ea12" />
    <UnitTestResult executionId="5cf4fc41-65b4-4362-af4f-8f3c61b66c09" testId="9b48be43-b6dc-ab4a-e9b5-a0f0a0083d37" testName="_2020.Tests.Days.Day3Tests.Move_Works(fileContent: &quot;...\r\n#..&quot;, coordinates: [0, 0, 0, 1], isTree: True)" computerName="LAPTOP-35RG0TO8" duration="00:00:00.0000116" startTime="2020-12-19T12:48:58.5706785+01:00" endTime="2020-12-19T12:48:58.5706792+01:00" testType="13cdc9d9-ddb5-4fa4-a97d-d965ccfc6d4b" outcome="Passed" testListId="8c84fa94-04c1-424b-9868-57a2d4851a1d" relativeResultsDirectory="5cf4fc41-65b4-4362-af4f-8f3c61b66c09" />
    <UnitTestResult executionId="d0703116-6ebb-40e7-9e95-a5abb8d4ec8f" testId="90e894cc-e9f5-0b66-7327-41b15f453ed9" testName="_2020.Tests.Days.Day17Tests.Part1_pack(testCaseName: &quot;example1&quot;, expectedResult: &quot;112&quot;, _: &quot;848&quot;, fileContent: &quot;.#.\r\n..#\r\n###&quot;)" computerName="LAPTOP-35RG0TO8" duration="00:00:00.0243995" startTime="2020-12-19T12:49:19.6110203+01:00" endTime="2020-12-19T12:49:19.6110265+01:00" testType="13cdc9d9-ddb5-4fa4-a97d-d965ccfc6d4b" outcome="Passed" testListId="8c84fa94-04c1-424b-9868-57a2d4851a1d" relativeResultsDirectory="d0703116-6ebb-40e7-9e95-a5abb8d4ec8f" />
    <UnitTestResult executionId="294a668f-c1e5-47a7-900f-3c5351277c3a" testId="4dc9e345-1e1c-7c56-ffd6-51f432d6c33b" testName="_2020.Tests.Days.Day9Tests.Part1_pack(testCaseName: &quot;example1&quot;, expectedResult: &quot;127&quot;, preamble: &quot;5&quot;, _: &quot;62&quot;, fileContent: &quot;35\r\n20\r\n15\r\n25\r\n47\r\n40\r\n62\r\n55\r\n65&quot;...)" computerName="LAPTOP-35RG0TO8" duration="00:00:00.0325407" startTime="2020-12-19T12:48:58.5843263+01:00" endTime="2020-12-19T12:48:58.5843276+01:00" testType="13cdc9d9-ddb5-4fa4-a97d-d965ccfc6d4b" outcome="Passed" testListId="8c84fa94-04c1-424b-9868-57a2d4851a1d" relativeResultsDirectory="294a668f-c1e5-47a7-900f-3c5351277c3a" />
    <UnitTestResult executionId="9cf115b1-7a5e-4d22-9459-87ab7d5ad188" testId="d87515a5-cd25-21bb-1381-51ed2081f274" testName="_2020.Tests.Days.Day8Tests.Part2_Pack(testCaseName: &quot;example1&quot;, _: &quot;5&quot;, expectedResult: &quot;8&quot;, fileContent: &quot;nop +0\r\nacc +1\r\njmp +4\r\nacc +3\r\njmp -3\r\n&quot;...)" computerName="LAPTOP-35RG0TO8" duration="00:00:00.0180511" startTime="2020-12-19T12:48:58.5410149+01:00" endTime="2020-12-19T12:48:58.5410155+01:00" testType="13cdc9d9-ddb5-4fa4-a97d-d965ccfc6d4b" outcome="Passed" testListId="8c84fa94-04c1-424b-9868-57a2d4851a1d" relativeResultsDirectory="9cf115b1-7a5e-4d22-9459-87ab7d5ad188" />
    <UnitTestResult executionId="26fd9975-78a2-4910-adb8-db9f8668578d" testId="9f0ccaf6-c07d-b20e-be6b-7733f88e5aab" testName="_2020.Tests.Days.Day11Tests.Part1_pack(testCaseName: &quot;example1&quot;, expectedResult: &quot;37&quot;, _: &quot;26&quot;, fileContent: &quot;L.LL.LL.LL\r\nLLLLLLL.LL\r\nL.L.L..L..\r\nLLLL.LL.&quot;...)" computerName="LAPTOP-35RG0TO8" duration="00:00:00.0006546" startTime="2020-12-19T12:49:01.0690479+01:00" endTime="2020-12-19T12:49:01.0690573+01:00" testType="13cdc9d9-ddb5-4fa4-a97d-d965ccfc6d4b" outcome="Passed" testListId="8c84fa94-04c1-424b-9868-57a2d4851a1d" relativeResultsDirectory="26fd9975-78a2-4910-adb8-db9f8668578d" />
    <UnitTestResult executionId="7c8779fd-6422-4018-8425-ddff087d39a1" testId="ea350fd8-4960-b90d-698c-7f319b46d10e" testName="_2020.Tests.Days.Day11Tests.Part1_pack(testCaseName: &quot;puzzleinput&quot;, expectedResult: &quot;2310&quot;, _: &quot;2074&quot;, fileContent: &quot;LLLLLLLLLL.LLLLLLLL.LLLLLLLLLLLLL.LLLLL.LLLL.LL.L.&quot;...)" computerName="LAPTOP-35RG0TO8" duration="00:00:01.2572501" startTime="2020-12-19T12:49:01.0680092+01:00" endTime="2020-12-19T12:49:01.0680200+01:00" testType="13cdc9d9-ddb5-4fa4-a97d-d965ccfc6d4b" outcome="Passed" testListId="8c84fa94-04c1-424b-9868-57a2d4851a1d" relativeResultsDirectory="7c8779fd-6422-4018-8425-ddff087d39a1" />
    <UnitTestResult executionId="3374d6fe-ddaa-4426-a866-0ad1b208da3f" testId="ec5f10ca-3aba-60b0-6d4f-6390df8262d9" testName="_2020.Tests.Days.Day18Tests.Part2_Calculates_AsExpectedResult(testCase: &quot;2 * 3 + (4 * 5)&quot;, expectedResult: 46)" computerName="LAPTOP-35RG0TO8" duration="00:00:00.0000870" startTime="2020-12-19T12:48:58.6398049+01:00" endTime="2020-12-19T12:48:58.6398055+01:00" testType="13cdc9d9-ddb5-4fa4-a97d-d965ccfc6d4b" outcome="Passed" testListId="8c84fa94-04c1-424b-9868-57a2d4851a1d" relativeResultsDirectory="3374d6fe-ddaa-4426-a866-0ad1b208da3f" />
    <UnitTestResult executionId="d8311f8f-115a-4194-bd95-8d7bfb35a364" testId="dce4b7c0-81f4-b41c-94b9-afb06d0ad99d" testName="_2020.Tests.Days.Day6Tests.Part1_pack(testCaseName: &quot;example1&quot;, expectedResult: &quot;11&quot;, _: &quot;6&quot;, fileContent: &quot;abc\r\n\r\na\r\nb\r\nc\r\n\r\nab\r\nac\r\n\r\na\r\&quot;...)" computerName="LAPTOP-35RG0TO8" duration="00:00:00.0000340" startTime="2020-12-19T12:48:58.6044957+01:00" endTime="2020-12-19T12:48:58.6044960+01:00" testType="13cdc9d9-ddb5-4fa4-a97d-d965ccfc6d4b" outcome="Passed" testListId="8c84fa94-04c1-424b-9868-57a2d4851a1d" relativeResultsDirectory="d8311f8f-115a-4194-bd95-8d7bfb35a364" />
    <UnitTestResult executionId="6162e67d-806a-49b3-9106-42b3c07f6c15" testId="2457c214-d49a-003d-4e5f-ffc3d1c0b075" testName="_2020.Tests.Days.Day19Tests.Part2_Pack(testCaseName: &quot;puzzleexample&quot;, _: &quot;147&quot;, expectedResult: &quot;263&quot;, fileContent: &quot;90: 86 86\r\n122: 86 1 | 99 20\r\n116: 86 58 | 99 &quot;...)" computerName="LAPTOP-35RG0TO8" duration="00:00:00.2202540" startTime="2020-12-19T12:48:58.8048826+01:00" endTime="2020-12-19T12:48:58.8048901+01:00" testType="13cdc9d9-ddb5-4fa4-a97d-d965ccfc6d4b" outcome="Passed" testListId="8c84fa94-04c1-424b-9868-57a2d4851a1d" relativeResultsDirectory="6162e67d-806a-49b3-9106-42b3c07f6c15" />
    <UnitTestResult executionId="962c7455-21c7-43e9-b327-e53d85f4c9fd" testId="56b8ecc6-4451-516f-e6ef-1f4a55f10fe8" testName="_2020.Tests.Days.Day13Tests.Part2_Pack(testCaseName: &quot;example1&quot;, _: &quot;295&quot;, expectedResult: &quot;1068781&quot;, fileContent: &quot;939\r\n7,13,x,x,59,x,31,19&quot;)" computerName="LAPTOP-35RG0TO8" duration="00:00:00.0000922" startTime="2020-12-19T12:48:58.5919011+01:00" endTime="2020-12-19T12:48:58.5919017+01:00" testType="13cdc9d9-ddb5-4fa4-a97d-d965ccfc6d4b" outcome="Passed" testListId="8c84fa94-04c1-424b-9868-57a2d4851a1d" relativeResultsDirectory="962c7455-21c7-43e9-b327-e53d85f4c9fd" />
    <UnitTestResult executionId="26d659b7-cd77-4240-beee-a632e908ea17" testId="d07cd30b-d230-d13b-93e4-5f93de4f56b2" testName="_2020.Tests.Days.Day12Tests.Part1_pack(testCaseName: &quot;example1&quot;, expectedResult: &quot;25&quot;, _: &quot;286&quot;, fileContent: &quot;F10\r\nN3\r\nF7\r\nR90\r\nF11&quot;)" computerName="LAPTOP-35RG0TO8" duration="00:00:00.0013986" startTime="2020-12-19T12:48:58.5750555+01:00" endTime="2020-12-19T12:48:58.5750562+01:00" testType="13cdc9d9-ddb5-4fa4-a97d-d965ccfc6d4b" outcome="Passed" testListId="8c84fa94-04c1-424b-9868-57a2d4851a1d" relativeResultsDirectory="26d659b7-cd77-4240-beee-a632e908ea17" />
    <UnitTestResult executionId="61539249-5c7d-43b7-b27a-24986e19e510" testId="02ecd7ab-bcdf-e3ce-73c4-60d49e1f8cf1" testName="_2020.Tests.Days.Day12Tests.Part2_Pack(testCaseName: &quot;example1&quot;, _: &quot;25&quot;, expectedResult: &quot;286&quot;, fileContent: &quot;F10\r\nN3\r\nF7\r\nR90\r\nF11&quot;)" computerName="LAPTOP-35RG0TO8" duration="00:00:00.0000351" startTime="2020-12-19T12:48:58.5703740+01:00" endTime="2020-12-19T12:48:58.5703751+01:00" testType="13cdc9d9-ddb5-4fa4-a97d-d965ccfc6d4b" outcome="Passed" testListId="8c84fa94-04c1-424b-9868-57a2d4851a1d" relativeResultsDirectory="61539249-5c7d-43b7-b27a-24986e19e510" />
    <UnitTestResult executionId="5e95ffd4-2d6f-4631-8921-3dc36a999c9d" testId="4884422f-a201-6166-d234-44d86f6dd8d3" testName="_2020.Tests.Days.Day3Tests.Move_Works(fileContent: &quot;.......\r\n...X...\r\n......X&quot;, coordinates: [3, 1, 6, 2], isTree: False)" computerName="LAPTOP-35RG0TO8" duration="00:00:00.0000083" startTime="2020-12-19T12:48:58.5747637+01:00" endTime="2020-12-19T12:48:58.5747642+01:00" testType="13cdc9d9-ddb5-4fa4-a97d-d965ccfc6d4b" outcome="Passed" testListId="8c84fa94-04c1-424b-9868-57a2d4851a1d" relativeResultsDirectory="5e95ffd4-2d6f-4631-8921-3dc36a999c9d" />
    <UnitTestResult executionId="6f033f70-a4df-493e-839e-fff9ab4cb91b" testId="36215da0-52f5-a57a-5cb4-ff033b29d94a" testName="_2020.Tests.Days.Day16Tests.Part2_Pack(testCaseName: &quot;puzzleinput&quot;, _: &quot;20060&quot;, expectedResult: &quot;1213906609901&quot;, fileContent: &quot;departure location: 37-594 or 615-952\r\ndeparture&quot;...)" computerName="LAPTOP-35RG0TO8" duration="00:00:00.0093156" startTime="2020-12-19T12:48:58.6460403+01:00" endTime="2020-12-19T12:48:58.6460406+01:00" testType="13cdc9d9-ddb5-4fa4-a97d-d965ccfc6d4b" outcome="Passed" testListId="8c84fa94-04c1-424b-9868-57a2d4851a1d" relativeResultsDirectory="6f033f70-a4df-493e-839e-fff9ab4cb91b" />
    <UnitTestResult executionId="64ffc095-597b-4809-8404-ae4d597a1ee1" testId="e3b45518-8d0a-2cd6-89ed-a43178b94cdf" testName="_2020.Tests.Days.Day9Tests.Part2_Pack(testCaseName: &quot;example1&quot;, _: &quot;127&quot;, preamble: &quot;5&quot;, expectedResult: &quot;62&quot;, fileContent: &quot;35\r\n20\r\n15\r\n25\r\n47\r\n40\r\n62\r\n55\r\n65&quot;...)" computerName="LAPTOP-35RG0TO8" duration="00:00:00.0000463" startTime="2020-12-19T12:48:58.5847789+01:00" endTime="2020-12-19T12:48:58.5847794+01:00" testType="13cdc9d9-ddb5-4fa4-a97d-d965ccfc6d4b" outcome="Passed" testListId="8c84fa94-04c1-424b-9868-57a2d4851a1d" relativeResultsDirectory="64ffc095-597b-4809-8404-ae4d597a1ee1" />
    <UnitTestResult executionId="c9dd48d7-b185-47f7-a2e1-cc4f4ed96470" testId="c1bf15e1-6fa1-858b-9ba8-a53ccc8ed266" testName="_2020.Tests.Days.Day18Tests.Part2_Calculates_AsExpectedResult(testCase: &quot;((2 + 4 * 9) * (6 + 9 * 8 + 6) + 6) + 2 + 4 * 2&quot;, expectedResult: 23340)" computerName="LAPTOP-35RG0TO8" duration="00:00:00.0003101" startTime="2020-12-19T12:48:58.6297217+01:00" endTime="2020-12-19T12:48:58.6297221+01:00" testType="13cdc9d9-ddb5-4fa4-a97d-d965ccfc6d4b" outcome="Passed" testListId="8c84fa94-04c1-424b-9868-57a2d4851a1d" relativeResultsDirectory="c9dd48d7-b185-47f7-a2e1-cc4f4ed96470" />
    <UnitTestResult executionId="0ce8dfde-4aaf-43e4-9dc1-b1eeb2be39a7" testId="d950a7c4-72e5-0b34-aa9c-ed718050682b" testName="_2020.Tests.Days.Day15Tests.Part1_pack(testCaseName: &quot;example2&quot;, expectedResult: &quot;1&quot;, _: &quot;2578&quot;, fileContent: &quot;1,3,2&quot;)" computerName="LAPTOP-35RG0TO8" duration="00:00:00.0218510" startTime="2020-12-19T12:48:58.6187780+01:00" endTime="2020-12-19T12:48:58.6187784+01:00" testType="13cdc9d9-ddb5-4fa4-a97d-d965ccfc6d4b" outcome="Passed" testListId="8c84fa94-04c1-424b-9868-57a2d4851a1d" relativeResultsDirectory="0ce8dfde-4aaf-43e4-9dc1-b1eeb2be39a7" />
    <UnitTestResult executionId="1ab5d84a-437e-4d66-999e-66762c19aeff" testId="8616f313-0874-0a03-7810-4f3d3de80c81" testName="_2020.Tests.Days.Day18Tests.Part2_Calculates_AsExpectedResult(testCase: &quot;5 + (8 * 3 + 9 + 3 * 4 * 3)&quot;, expectedResult: 1445)" computerName="LAPTOP-35RG0TO8" duration="00:00:00.0001547" startTime="2020-12-19T12:48:58.6295643+01:00" endTime="2020-12-19T12:48:58.6295646+01:00" testType="13cdc9d9-ddb5-4fa4-a97d-d965ccfc6d4b" outcome="Passed" testListId="8c84fa94-04c1-424b-9868-57a2d4851a1d" relativeResultsDirectory="1ab5d84a-437e-4d66-999e-66762c19aeff" />
    <UnitTestResult executionId="adf03089-21d4-4dce-adec-906cf90601ac" testId="69421f74-dab9-7682-2157-83ab4af72623" testName="_2020.Tests.Days.Day15Tests.Part2_Pack(testCaseName: &quot;example4&quot;, _: &quot;27&quot;, expectedResult: &quot;261214&quot;, fileContent: &quot;1,2,3&quot;)" computerName="LAPTOP-35RG0TO8" duration="00:00:04.3746368" startTime="2020-12-19T12:49:29.4761491+01:00" endTime="2020-12-19T12:49:29.4761584+01:00" testType="13cdc9d9-ddb5-4fa4-a97d-d965ccfc6d4b" outcome="Passed" testListId="8c84fa94-04c1-424b-9868-57a2d4851a1d" relativeResultsDirectory="adf03089-21d4-4dce-adec-906cf90601ac" />
    <UnitTestResult executionId="e966e22b-908f-439f-980d-4eec731c259c" testId="db94a0d2-a22c-8314-89a3-1a38e815913a" testName="_2020.Tests.Days.Day1Tests.Part2(lines: &quot;1753\r\n1976\r\n1574\r\n308\r\n1384\r\n1191\r\n173&quot;...)" computerName="LAPTOP-35RG0TO8" duration="00:00:00.0173351" startTime="2020-12-19T12:48:58.5410721+01:00" endTime="2020-12-19T12:48:58.5410725+01:00" testType="13cdc9d9-ddb5-4fa4-a97d-d965ccfc6d4b" outcome="Passed" testListId="8c84fa94-04c1-424b-9868-57a2d4851a1d" relativeResultsDirectory="e966e22b-908f-439f-980d-4eec731c259c" />
    <UnitTestResult executionId="13feaec0-7458-45a7-9419-7e987d9b837c" testId="821db9cf-a5c7-f686-a035-a78be04f731f" testName="_2020.Tests.Days.Day16Tests.Part1_pack(testCaseName: &quot;example2&quot;, expectedResult: &quot;0&quot;, _: &quot;1716&quot;, fileContent: &quot;departure class: 0-1 or 4-19\r\ndeparture row: 0-5&quot;...)" computerName="LAPTOP-35RG0TO8" duration="00:00:00.0000862" startTime="2020-12-19T12:48:58.6103943+01:00" endTime="2020-12-19T12:48:58.6103947+01:00" testType="13cdc9d9-ddb5-4fa4-a97d-d965ccfc6d4b" outcome="Passed" testListId="8c84fa94-04c1-424b-9868-57a2d4851a1d" relativeResultsDirectory="13feaec0-7458-45a7-9419-7e987d9b837c" />
    <UnitTestResult executionId="ac41e491-bfd1-47cf-a183-12be7db69fdc" testId="159d3ea9-44fc-4aaa-9da0-18c06a48805e" testName="_2020.Tests.Days.Day4Tests.Part2_Pack(testCaseName: &quot;valid&quot;, _: &quot;4&quot;, expectedResult: &quot;4&quot;, fileContent: &quot;pid:087499704 hgt:74in ecl:grn iyr:2012 eyr:2030 b&quot;...)" computerName="LAPTOP-35RG0TO8" duration="00:00:00.0094355" startTime="2020-12-19T12:48:58.6102438+01:00" endTime="2020-12-19T12:48:58.6102448+01:00" testType="13cdc9d9-ddb5-4fa4-a97d-d965ccfc6d4b" outcome="Passed" testListId="8c84fa94-04c1-424b-9868-57a2d4851a1d" relativeResultsDirectory="ac41e491-bfd1-47cf-a183-12be7db69fdc" />
    <UnitTestResult executionId="877b9a14-961d-4524-a9f6-0dd029ed67f2" testId="02be2eb2-b9b7-27e5-1198-908b3671a59d" testName="_2020.Tests.Days.Day16Tests.Part1_pack(testCaseName: &quot;puzzleinput&quot;, expectedResult: &quot;20060&quot;, _: &quot;1213906609901&quot;, fileContent: &quot;departure location: 37-594 or 615-952\r\ndeparture&quot;...)" computerName="LAPTOP-35RG0TO8" duration="00:00:00.0440885" startTime="2020-12-19T12:48:58.5922256+01:00" endTime="2020-12-19T12:48:58.5922262+01:00" testType="13cdc9d9-ddb5-4fa4-a97d-d965ccfc6d4b" outcome="Passed" testListId="8c84fa94-04c1-424b-9868-57a2d4851a1d" relativeResultsDirectory="877b9a14-961d-4524-a9f6-0dd029ed67f2" />
    <UnitTestResult executionId="c211ef86-390c-4bce-915a-b2c9f4e5b9df" testId="2aa3cc9c-1e67-63fe-0e48-b59a2268710d" testName="_2020.Tests.Days.Day15Tests.Part1_pack(testCaseName: &quot;example3&quot;, expectedResult: &quot;10&quot;, _: &quot;3544142&quot;, fileContent: &quot;2,1,3&quot;)" computerName="LAPTOP-35RG0TO8" duration="00:00:00.0003722" startTime="2020-12-19T12:48:58.6294917+01:00" endTime="2020-12-19T12:48:58.6294922+01:00" testType="13cdc9d9-ddb5-4fa4-a97d-d965ccfc6d4b" outcome="Passed" testListId="8c84fa94-04c1-424b-9868-57a2d4851a1d" relativeResultsDirectory="c211ef86-390c-4bce-915a-b2c9f4e5b9df" />
    <UnitTestResult executionId="cd87afe6-d3f7-491c-9ff8-53cf92927130" testId="0e0b30c5-6422-25c8-2172-d67c44a7d25d" testName="_2020.Tests.Days.Day10Tests.Part1_pack(testCaseName: &quot;puzzleinput&quot;, expectedResult: &quot;2059&quot;, _: &quot;86812553324672&quot;, fileContent: &quot;77\r\n58\r\n25\r\n92\r\n14\r\n154\r\n105\r\n112\r\&quot;...)" computerName="LAPTOP-35RG0TO8" duration="00:00:00.0000662" startTime="2020-12-19T12:48:58.5705571+01:00" endTime="2020-12-19T12:48:58.5705576+01:00" testType="13cdc9d9-ddb5-4fa4-a97d-d965ccfc6d4b" outcome="Passed" testListId="8c84fa94-04c1-424b-9868-57a2d4851a1d" relativeResultsDirectory="cd87afe6-d3f7-491c-9ff8-53cf92927130" />
    <UnitTestResult executionId="0dc2cf55-2260-459d-a7f1-ff928e8ffa2e" testId="0a2c2f88-73a7-a432-398b-2f86564fd773" testName="_2020.Tests.Days.Day13Tests.Part1_pack(testCaseName: &quot;example1&quot;, expectedResult: &quot;295&quot;, _: &quot;1068781&quot;, fileContent: &quot;939\r\n7,13,x,x,59,x,31,19&quot;)" computerName="LAPTOP-35RG0TO8" duration="00:00:00.0001044" startTime="2020-12-19T12:48:58.6183625+01:00" endTime="2020-12-19T12:48:58.6183636+01:00" testType="13cdc9d9-ddb5-4fa4-a97d-d965ccfc6d4b" outcome="Passed" testListId="8c84fa94-04c1-424b-9868-57a2d4851a1d" relativeResultsDirectory="0dc2cf55-2260-459d-a7f1-ff928e8ffa2e" />
    <UnitTestResult executionId="7cf88d19-081a-4df2-9e93-d93be3d3b801" testId="e7fe6284-3fcb-b9cb-9a4e-f74cf392b140" testName="_2020.Tests.Days.Day3Tests.Part1_case3(fileContent: &quot;..##.......\r\n#...#...#..\r\n.#....#..#.\r\n..#.#&quot;...)" computerName="LAPTOP-35RG0TO8" duration="00:00:00.0013957" startTime="2020-12-19T12:48:58.6133579+01:00" endTime="2020-12-19T12:48:58.6133582+01:00" testType="13cdc9d9-ddb5-4fa4-a97d-d965ccfc6d4b" outcome="Passed" testListId="8c84fa94-04c1-424b-9868-57a2d4851a1d" relativeResultsDirectory="7cf88d19-081a-4df2-9e93-d93be3d3b801" />
    <UnitTestResult executionId="7bc2b288-cabd-4bb2-99ad-b0b7b00c43de" testId="5cb521d9-b508-87d2-d6b3-9430721a3a5b" testName="_2020.Tests.Days.Day11Tests.Part2_Pack(testCaseName: &quot;puzzleinput&quot;, _: &quot;2310&quot;, expectedResult: &quot;2074&quot;, fileContent: &quot;LLLLLLLLLL.LLLLLLLL.LLLLLLLLLLLLL.LLLLL.LLLL.LL.L.&quot;...)" computerName="LAPTOP-35RG0TO8" duration="00:00:01.2349500" startTime="2020-12-19T12:48:59.8100805+01:00" endTime="2020-12-19T12:48:59.8100945+01:00" testType="13cdc9d9-ddb5-4fa4-a97d-d965ccfc6d4b" outcome="Passed" testListId="8c84fa94-04c1-424b-9868-57a2d4851a1d" relativeResultsDirectory="7bc2b288-cabd-4bb2-99ad-b0b7b00c43de" />
    <UnitTestResult executionId="92382813-3139-4fb7-a33e-222ae505ff78" testId="f0d3000f-be7b-27df-36a0-5c04859590b9" testName="_2020.Tests.Days.Day18Tests.Part1_pack(testCaseName: &quot;puzzleinput&quot;, expectedResult: &quot;3885386961962&quot;, _: &quot;112899558798666&quot;, fileContent: &quot;2 + (2 + 6 * (4 * 5 * 8 * 7) + 3) * (9 + (4 * 3 * &quot;...)" computerName="LAPTOP-35RG0TO8" duration="00:00:00.2911297" startTime="2020-12-19T12:48:58.8660674+01:00" endTime="2020-12-19T12:48:58.8660724+01:00" testType="13cdc9d9-ddb5-4fa4-a97d-d965ccfc6d4b" outcome="Passed" testListId="8c84fa94-04c1-424b-9868-57a2d4851a1d" relativeResultsDirectory="92382813-3139-4fb7-a33e-222ae505ff78" />
    <UnitTestResult executionId="2dc8d2c6-60d3-4454-be0b-e24a6b686164" testId="9e27424c-7bf4-a54a-a23f-62f6c33d62bb" testName="_2020.Tests.Days.Day3Tests.Part2(fileContent: &quot;.#.......#...........#.........\r\n..##.......#.#.&quot;...)" computerName="LAPTOP-35RG0TO8" duration="00:00:00.0128293" startTime="2020-12-19T12:48:58.6105327+01:00" endTime="2020-12-19T12:48:58.6105333+01:00" testType="13cdc9d9-ddb5-4fa4-a97d-d965ccfc6d4b" outcome="Passed" testListId="8c84fa94-04c1-424b-9868-57a2d4851a1d" relativeResultsDirectory="2dc8d2c6-60d3-4454-be0b-e24a6b686164">
      <Output>
        <StdOut>answer for part 2 is: 1574890240</StdOut>
      </Output>
    </UnitTestResult>
    <UnitTestResult executionId="01e2f591-dd06-4e9e-8440-40f9d67ae773" testId="6b95806a-569f-591e-33c5-cf371e97a169" testName="_2020.Tests.Days.Day7Tests.Part1_pack(testCaseName: &quot;puzzleinput&quot;, expectedResult: &quot;335&quot;, _: &quot;2431&quot;, fileContent: &quot;dim silver bags contain 3 posh fuchsia bags.\r\nwa&quot;...)" computerName="LAPTOP-35RG0TO8" duration="00:00:00.0276383" startTime="2020-12-19T12:48:58.6493155+01:00" endTime="2020-12-19T12:48:58.6493159+01:00" testType="13cdc9d9-ddb5-4fa4-a97d-d965ccfc6d4b" outcome="Passed" testListId="8c84fa94-04c1-424b-9868-57a2d4851a1d" relativeResultsDirectory="01e2f591-dd06-4e9e-8440-40f9d67ae773" />
    <UnitTestResult executionId="fcc0ab28-8687-4980-b03f-1bcb3d8f8817" testId="9d63c5ca-cd81-dfa2-45c3-bef99b47c927" testName="_2020.Tests.Days.Day3Tests.Part2_TC3(fileContent: &quot;..##.......\r\n#...#...#..\r\n.#....#..#.\r\n..#.#&quot;...)" computerName="LAPTOP-35RG0TO8" duration="00:00:00.0012885" startTime="2020-12-19T12:48:58.6185501+01:00" endTime="2020-12-19T12:48:58.6185504+01:00" testType="13cdc9d9-ddb5-4fa4-a97d-d965ccfc6d4b" outcome="Passed" testListId="8c84fa94-04c1-424b-9868-57a2d4851a1d" relativeResultsDirectory="fcc0ab28-8687-4980-b03f-1bcb3d8f8817" />
    <UnitTestResult executionId="4dff183f-72eb-4283-be8f-8e36eb0edf96" testId="3e90431b-d28c-c271-ef23-978dcb2898e8" testName="_2020.Tests.Days.Day3Tests.Move_Works(fileContent: &quot;...\r\nX..&quot;, coordinates: [0, 0, 0, 1], isTree: False)" computerName="LAPTOP-35RG0TO8" duration="00:00:00.0144851" startTime="2020-12-19T12:48:58.5410506+01:00" endTime="2020-12-19T12:48:58.5410511+01:00" testType="13cdc9d9-ddb5-4fa4-a97d-d965ccfc6d4b" outcome="Passed" testListId="8c84fa94-04c1-424b-9868-57a2d4851a1d" relativeResultsDirectory="4dff183f-72eb-4283-be8f-8e36eb0edf96" />
    <UnitTestResult executionId="4d9bb5c8-748f-4414-ae29-4b07a33bc412" testId="fc6461b5-e450-3964-c0c6-8dde33d0fbf9" testName="_2020.Tests.Days.Day4Tests.Part1Example(fileContent: &quot;ecl:gry pid:860033327 eyr:2020 hcl:#fffffd\r\nbyr:&quot;...)" computerName="LAPTOP-35RG0TO8" duration="00:00:00.0083358" startTime="2020-12-19T12:48:58.6131715+01:00" endTime="2020-12-19T12:48:58.6131729+01:00" testType="13cdc9d9-ddb5-4fa4-a97d-d965ccfc6d4b" outcome="Passed" testListId="8c84fa94-04c1-424b-9868-57a2d4851a1d" relativeResultsDirectory="4d9bb5c8-748f-4414-ae29-4b07a33bc412">
      <Output>
        <StdOut>answer for part 1 is: 2</StdOut>
      </Output>
    </UnitTestResult>
    <UnitTestResult executionId="01931e7c-702d-45ea-a251-9766fa46266e" testId="edfee89c-6991-817a-4b5f-507b7c5607c8" testName="_2020.Tests.Days.Day8Tests.Part1_pack(testCaseName: &quot;example1&quot;, expectedResult: &quot;5&quot;, _: &quot;8&quot;, fileContent: &quot;nop +0\r\nacc +1\r\njmp +4\r\nacc +3\r\njmp -3\r\n&quot;...)" computerName="LAPTOP-35RG0TO8" duration="00:00:00.0003766" startTime="2020-12-19T12:48:58.5921272+01:00" endTime="2020-12-19T12:48:58.5921279+01:00" testType="13cdc9d9-ddb5-4fa4-a97d-d965ccfc6d4b" outcome="Passed" testListId="8c84fa94-04c1-424b-9868-57a2d4851a1d" relativeResultsDirectory="01931e7c-702d-45ea-a251-9766fa46266e" />
    <UnitTestResult executionId="770ff350-9a2c-4aa7-b05a-661dccaae52a" testId="5670067d-1cf3-a96b-1c13-3fd4f02d341b" testName="_2020.Tests.Days.Day5Tests.Part2_Pack(testCaseName: &quot;mydata&quot;, _: &quot;998&quot;, expectedResult: &quot;676&quot;, fileContent: &quot;BFBBBBBLLR\r\nBBFFBBFRRL\r\nFBFBFFFRRL\r\nBBFFFBFR&quot;...)" computerName="LAPTOP-35RG0TO8" duration="00:00:00.0106636" startTime="2020-12-19T12:48:58.6187283+01:00" endTime="2020-12-19T12:48:58.6187286+01:00" testType="13cdc9d9-ddb5-4fa4-a97d-d965ccfc6d4b" outcome="Passed" testListId="8c84fa94-04c1-424b-9868-57a2d4851a1d" relativeResultsDirectory="770ff350-9a2c-4aa7-b05a-661dccaae52a" />
    <UnitTestResult executionId="9fedfc66-e6e2-45ab-b238-126673160e88" testId="31e4599a-6dad-6e73-df11-b7eddbe65212" testName="_2020.Tests.Days.Day17Tests.Part2_Pack(testCaseName: &quot;puzzleinput&quot;, _: &quot;338&quot;, expectedResult: &quot;2440&quot;, fileContent: &quot;.#.##..#\r\n....#.##\r\n##.###..\r\n.#.#.###\r\n#.&quot;...)" computerName="LAPTOP-35RG0TO8" duration="00:00:15.1373251" startTime="2020-12-19T12:49:19.4869594+01:00" endTime="2020-12-19T12:49:19.4869708+01:00" testType="13cdc9d9-ddb5-4fa4-a97d-d965ccfc6d4b" outcome="Passed" testListId="8c84fa94-04c1-424b-9868-57a2d4851a1d" relativeResultsDirectory="9fedfc66-e6e2-45ab-b238-126673160e88" />
    <UnitTestResult executionId="62626e5f-9669-4986-a17a-982f6203caf7" testId="f628c761-3433-71e0-dc9a-7aeaf5162951" testName="_2020.Tests.Days.Day18Tests.Part2_Calculates_AsExpectedResult(testCase: &quot;1 + (2 * 3) + (4 * (5 + 6))&quot;, expectedResult: 51)" computerName="LAPTOP-35RG0TO8" duration="00:00:00.0165445" startTime="2020-12-19T12:48:58.6294255+01:00" endTime="2020-12-19T12:48:58.6294266+01:00" testType="13cdc9d9-ddb5-4fa4-a97d-d965ccfc6d4b" outcome="Passed" testListId="8c84fa94-04c1-424b-9868-57a2d4851a1d" relativeResultsDirectory="62626e5f-9669-4986-a17a-982f6203caf7" />
    <UnitTestResult executionId="7bb0627e-c649-4c13-8215-dd428c64d78d" testId="90af8466-2ea2-b30d-8b80-8f3acbcf1032" testName="_2020.Tests.Days.Day15Tests.Part1_pack(testCaseName: &quot;puzzleinput&quot;, expectedResult: &quot;700&quot;, _: &quot;51358&quot;, fileContent: &quot;6,3,15,13,1,0&quot;)" computerName="LAPTOP-35RG0TO8" duration="00:00:00.0002928" startTime="2020-12-19T12:48:58.6211799+01:00" endTime="2020-12-19T12:48:58.6211801+01:00" testType="13cdc9d9-ddb5-4fa4-a97d-d965ccfc6d4b" outcome="Passed" testListId="8c84fa94-04c1-424b-9868-57a2d4851a1d" relativeResultsDirectory="7bb0627e-c649-4c13-8215-dd428c64d78d" />
    <UnitTestResult executionId="9bcd122a-b67b-4a53-97bb-a40259ca9582" testId="db9d81cc-9f3b-68f2-2d29-410e4425b6d1" testName="_2020.Tests.Days.Day10Tests.Part2_Pack(testCaseName: &quot;example_small&quot;, _: &quot;12&quot;, expectedResult: &quot;4&quot;, fileContent: &quot;3\r\n4\r\n5\r\n8\r\n9\r\n10&quot;)" computerName="LAPTOP-35RG0TO8" duration="00:00:00.0000178" startTime="2020-12-19T12:48:58.6042986+01:00" endTime="2020-12-19T12:48:58.6042989+01:00" testType="13cdc9d9-ddb5-4fa4-a97d-d965ccfc6d4b" outcome="Passed" testListId="8c84fa94-04c1-424b-9868-57a2d4851a1d" relativeResultsDirectory="9bcd122a-b67b-4a53-97bb-a40259ca9582" />
    <UnitTestResult executionId="d1882784-ab4f-4365-84bc-00f1332a2e27" testId="ac5db98b-95ab-8428-6c0e-9c3d2b01381d" testName="_2020.Tests.Days.Day19Tests.Part1_pack(testCaseName: &quot;example&quot;, expectedResult: &quot;2&quot;, _: &quot;2&quot;, fileContent: &quot;0: 4 1 5\r\n1: 2 3 | 3 2\r\n2: 4 4 | 5 5\r\n3: 4 5&quot;...)" computerName="LAPTOP-35RG0TO8" duration="00:00:00.0002923" startTime="2020-12-19T12:48:58.6492248+01:00" endTime="2020-12-19T12:48:58.6492260+01:00" testType="13cdc9d9-ddb5-4fa4-a97d-d965ccfc6d4b" outcome="Passed" testListId="8c84fa94-04c1-424b-9868-57a2d4851a1d" relativeResultsDirectory="d1882784-ab4f-4365-84bc-00f1332a2e27" />
    <UnitTestResult executionId="a81c1810-b224-498d-ac71-e729c2df1047" testId="26e5e629-8263-4046-5e10-c84b3539586e" testName="_2020.Tests.Days.Day2Tests.Part2(fileContent: &quot;1-5 k: kkkkhkkkkkkkkkk\r\n5-7 k: blkqhtxfgktdkxzkk&quot;...)" computerName="LAPTOP-35RG0TO8" duration="00:00:00.0085998" startTime="2020-12-19T12:48:58.6210657+01:00" endTime="2020-12-19T12:48:58.6210660+01:00" testType="13cdc9d9-ddb5-4fa4-a97d-d965ccfc6d4b" outcome="Passed" testListId="8c84fa94-04c1-424b-9868-57a2d4851a1d" relativeResultsDirectory="a81c1810-b224-498d-ac71-e729c2df1047">
      <Output>
        <StdOut>answer for part 2 is: 708</StdOut>
      </Output>
    </UnitTestResult>
    <UnitTestResult executionId="38ca4087-33bd-4a61-b47d-23a75225ec3b" testId="160b6563-2105-ca70-48f4-f9c0ddc5ea76" testName="_2020.Tests.Days.Day19Tests.Part1_pack(testCaseName: &quot;puzzleexample&quot;, expectedResult: &quot;147&quot;, _: &quot;263&quot;, fileContent: &quot;90: 86 86\r\n122: 86 1 | 99 20\r\n116: 86 58 | 99 &quot;...)" computerName="LAPTOP-35RG0TO8" duration="00:00:00.0778747" startTime="2020-12-19T12:48:58.6459766+01:00" endTime="2020-12-19T12:48:58.6459770+01:00" testType="13cdc9d9-ddb5-4fa4-a97d-d965ccfc6d4b" outcome="Passed" testListId="8c84fa94-04c1-424b-9868-57a2d4851a1d" relativeResultsDirectory="38ca4087-33bd-4a61-b47d-23a75225ec3b" />
    <UnitTestResult executionId="fd51a12a-89cc-4bd4-89e9-bcd5547a6596" testId="43631560-4363-7ae1-1dad-8677710aa43a" testName="_2020.Tests.Days.Day18Tests.Part2_Calculates_AsExpectedResult(testCase: &quot;1 + 2 * 3 + 4 * 5 + 6&quot;, expectedResult: 231)" computerName="LAPTOP-35RG0TO8" duration="00:00:00.0001185" startTime="2020-12-19T12:48:58.6397228+01:00" endTime="2020-12-19T12:48:58.6397235+01:00" testType="13cdc9d9-ddb5-4fa4-a97d-d965ccfc6d4b" outcome="Passed" testListId="8c84fa94-04c1-424b-9868-57a2d4851a1d" relativeResultsDirectory="fd51a12a-89cc-4bd4-89e9-bcd5547a6596" />
    <UnitTestResult executionId="7290332b-aa4f-4792-ba29-02df6bae6ff6" testId="de2d88b7-cfd9-036b-e718-618c36e4686c" testName="_2020.Tests.Days.Day4Tests.Part2(fileContent: &quot;eyr:2027\r\nhcl:#602927\r\nhgt:186cm byr:1939 iyr:&quot;...)" computerName="LAPTOP-35RG0TO8" duration="00:00:00.0075842" startTime="2020-12-19T12:48:58.6186842+01:00" endTime="2020-12-19T12:48:58.6186846+01:00" testType="13cdc9d9-ddb5-4fa4-a97d-d965ccfc6d4b" outcome="Passed" testListId="8c84fa94-04c1-424b-9868-57a2d4851a1d" relativeResultsDirectory="7290332b-aa4f-4792-ba29-02df6bae6ff6">
      <Output>
        <StdOut>answer for part 2 is: 194</StdOut>
      </Output>
    </UnitTestResult>
    <UnitTestResult executionId="320765e8-8536-45c2-af15-a911aa9e85d0" testId="5fa2b639-d7d3-7e54-f35e-518a5bab3568" testName="_2020.Tests.Days.Day17Tests.Part1_pack(testCaseName: &quot;puzzleinput&quot;, expectedResult: &quot;338&quot;, _: &quot;2440&quot;, fileContent: &quot;.#.##..#\r\n....#.##\r\n##.###..\r\n.#.#.###\r\n#.&quot;...)" computerName="LAPTOP-35RG0TO8" duration="00:00:00.0989368" startTime="2020-12-19T12:49:19.5863613+01:00" endTime="2020-12-19T12:49:19.5863693+01:00" testType="13cdc9d9-ddb5-4fa4-a97d-d965ccfc6d4b" outcome="Passed" testListId="8c84fa94-04c1-424b-9868-57a2d4851a1d" relativeResultsDirectory="320765e8-8536-45c2-af15-a911aa9e85d0" />
    <UnitTestResult executionId="7218ee02-4fe5-4740-ad0e-80b152163874" testId="9fcb3a2b-27f0-5f22-0206-56c0549b9a84" testName="_2020.Tests.Days.Day6Tests.Part2_Pack(testCaseName: &quot;example1&quot;, _: &quot;11&quot;, expectedResult: &quot;6&quot;, fileContent: &quot;abc\r\n\r\na\r\nb\r\nc\r\n\r\nab\r\nac\r\n\r\na\r\&quot;...)" computerName="LAPTOP-35RG0TO8" duration="00:00:00.0204352" startTime="2020-12-19T12:48:58.5410921+01:00" endTime="2020-12-19T12:48:58.5410925+01:00" testType="13cdc9d9-ddb5-4fa4-a97d-d965ccfc6d4b" outcome="Passed" testListId="8c84fa94-04c1-424b-9868-57a2d4851a1d" relativeResultsDirectory="7218ee02-4fe5-4740-ad0e-80b152163874" />
  </Results>
  <TestDefinitions>
    <UnitTest name="_2020.Tests.Days.Day9Tests.Part1_pack(testCaseName: &quot;example1&quot;, expectedResult: &quot;127&quot;, preamble: &quot;5&quot;, _: &quot;62&quot;, fileContent: &quot;35\r\n20\r\n15\r\n25\r\n47\r\n40\r\n62\r\n55\r\n65&quot;...)" storage="c:\workspace\github\adventofcode\2020.tests\bin\debug\netcoreapp3.1\2020.tests.dll" id="4dc9e345-1e1c-7c56-ffd6-51f432d6c33b">
      <Execution id="294a668f-c1e5-47a7-900f-3c5351277c3a" />
      <TestMethod codeBase="C:\Workspace\GitHub\AdventOfCode\2020.Tests\bin\Debug\netcoreapp3.1\2020.Tests.dll" adapterTypeName="executor://xunit/VsTestRunner2/netcoreapp" className="_2020.Tests.Days.Day9Tests" name="Part1_pack" />
    </UnitTest>
    <UnitTest name="_2020.Tests.Days.Day7Tests.Part2_Pack(testCaseName: &quot;example2&quot;, _: &quot;&quot;, expectedResult: &quot;126&quot;, fileContent: &quot;shiny gold bags contain 2 dark red bags.\r\ndark r&quot;...)" storage="c:\workspace\github\adventofcode\2020.tests\bin\debug\netcoreapp3.1\2020.tests.dll" id="844a928f-443a-c27a-8ee8-10b193eadc8b">
      <Execution id="324752fa-8703-4321-9639-f984894b3a0b" />
      <TestMethod codeBase="C:\Workspace\GitHub\AdventOfCode\2020.Tests\bin\Debug\netcoreapp3.1\2020.Tests.dll" adapterTypeName="executor://xunit/VsTestRunner2/netcoreapp" className="_2020.Tests.Days.Day7Tests" name="Part2_Pack" />
    </UnitTest>
    <UnitTest name="_2020.Tests.Days.Day18Tests.Part2_Calculates_AsExpectedResult(testCase: &quot;5 + (8 * 3 + 9 + 3 * 4 * 3)&quot;, expectedResult: 1445)" storage="c:\workspace\github\adventofcode\2020.tests\bin\debug\netcoreapp3.1\2020.tests.dll" id="8616f313-0874-0a03-7810-4f3d3de80c81">
      <Execution id="1ab5d84a-437e-4d66-999e-66762c19aeff" />
      <TestMethod codeBase="C:\Workspace\GitHub\AdventOfCode\2020.Tests\bin\Debug\netcoreapp3.1\2020.Tests.dll" adapterTypeName="executor://xunit/VsTestRunner2/netcoreapp" className="_2020.Tests.Days.Day18Tests" name="Part2_Calculates_AsExpectedResult" />
    </UnitTest>
    <UnitTest name="_2020.Tests.Days.Day17Tests.Part2_Pack(testCaseName: &quot;example1&quot;, _: &quot;112&quot;, expectedResult: &quot;848&quot;, fileContent: &quot;.#.\r\n..#\r\n###&quot;)" storage="c:\workspace\github\adventofcode\2020.tests\bin\debug\netcoreapp3.1\2020.tests.dll" id="babf93f6-1c89-9c1d-499b-7212ab41b8fb">
      <Execution id="cfedd2a1-ca4c-4a32-a504-dee0d89eb293" />
      <TestMethod codeBase="C:\Workspace\GitHub\AdventOfCode\2020.Tests\bin\Debug\netcoreapp3.1\2020.Tests.dll" adapterTypeName="executor://xunit/VsTestRunner2/netcoreapp" className="_2020.Tests.Days.Day17Tests" name="Part2_Pack" />
    </UnitTest>
    <UnitTest name="_2020.Tests.Days.Day11Tests.Part1_pack(testCaseName: &quot;example1&quot;, expectedResult: &quot;37&quot;, _: &quot;26&quot;, fileContent: &quot;L.LL.LL.LL\r\nLLLLLLL.LL\r\nL.L.L..L..\r\nLLLL.LL.&quot;...)" storage="c:\workspace\github\adventofcode\2020.tests\bin\debug\netcoreapp3.1\2020.tests.dll" id="9f0ccaf6-c07d-b20e-be6b-7733f88e5aab">
      <Execution id="26fd9975-78a2-4910-adb8-db9f8668578d" />
      <TestMethod codeBase="C:\Workspace\GitHub\AdventOfCode\2020.Tests\bin\Debug\netcoreapp3.1\2020.Tests.dll" adapterTypeName="executor://xunit/VsTestRunner2/netcoreapp" className="_2020.Tests.Days.Day11Tests" name="Part1_pack" />
    </UnitTest>
    <UnitTest name="_2020.Tests.Days.Day10Tests.Part1_pack(testCaseName: &quot;example1&quot;, expectedResult: &quot;35&quot;, _: &quot;8&quot;, fileContent: &quot;16\r\n10\r\n15\r\n5\r\n1\r\n11\r\n7\r\n19\r\n6\r\n&quot;...)" storage="c:\workspace\github\adventofcode\2020.tests\bin\debug\netcoreapp3.1\2020.tests.dll" id="4d95249a-c4ec-74a6-909c-c074eed39474">
      <Execution id="755bdb46-179b-4a40-811e-c6bb3b9a9fe7" />
      <TestMethod codeBase="C:\Workspace\GitHub\AdventOfCode\2020.Tests\bin\Debug\netcoreapp3.1\2020.Tests.dll" adapterTypeName="executor://xunit/VsTestRunner2/netcoreapp" className="_2020.Tests.Days.Day10Tests" name="Part1_pack" />
    </UnitTest>
    <UnitTest name="_2020.Tests.Days.Day15Tests.Part2_Pack(testCaseName: &quot;example1&quot;, _: &quot;436&quot;, expectedResult: &quot;175594&quot;, fileContent: &quot;0,3,6&quot;)" storage="c:\workspace\github\adventofcode\2020.tests\bin\debug\netcoreapp3.1\2020.tests.dll" id="5a6838e8-c034-4ac2-cf4a-650d8f91ee6f">
      <Execution id="6800ae2a-5505-449e-a2df-6ffc1dadd7a3" />
      <TestMethod codeBase="C:\Workspace\GitHub\AdventOfCode\2020.Tests\bin\Debug\netcoreapp3.1\2020.Tests.dll" adapterTypeName="executor://xunit/VsTestRunner2/netcoreapp" className="_2020.Tests.Days.Day15Tests" name="Part2_Pack" />
    </UnitTest>
    <UnitTest name="_2020.Tests.Days.Day18Tests.Part1_Calculates_AsExpectedResult(testCase: &quot;5 * 9 * (7 * 3 * 3 + 9 * 3 + (8 + 6 * 4))&quot;, expectedResult: 12240)" storage="c:\workspace\github\adventofcode\2020.tests\bin\debug\netcoreapp3.1\2020.tests.dll" id="ec7478bc-4a20-3d74-98c7-efac9e3c0b10">
      <Execution id="c4ddafe1-2469-4d9f-a5c7-b71bf9126ae4" />
      <TestMethod codeBase="C:\Workspace\GitHub\AdventOfCode\2020.Tests\bin\Debug\netcoreapp3.1\2020.Tests.dll" adapterTypeName="executor://xunit/VsTestRunner2/netcoreapp" className="_2020.Tests.Days.Day18Tests" name="Part1_Calculates_AsExpectedResult" />
    </UnitTest>
    <UnitTest name="_2020.Tests.Days.Day3Tests.Part2_TC3(fileContent: &quot;..##.......\r\n#...#...#..\r\n.#....#..#.\r\n..#.#&quot;...)" storage="c:\workspace\github\adventofcode\2020.tests\bin\debug\netcoreapp3.1\2020.tests.dll" id="9d63c5ca-cd81-dfa2-45c3-bef99b47c927">
      <Execution id="fcc0ab28-8687-4980-b03f-1bcb3d8f8817" />
      <TestMethod codeBase="C:\Workspace\GitHub\AdventOfCode\2020.Tests\bin\Debug\netcoreapp3.1\2020.Tests.dll" adapterTypeName="executor://xunit/VsTestRunner2/netcoreapp" className="_2020.Tests.Days.Day3Tests" name="Part2_TC3" />
    </UnitTest>
    <UnitTest name="_2020.Tests.Days.Day5Tests.Part1_pack(testCaseName: &quot;example1&quot;, expectedResult: &quot;820&quot;, _: &quot;&quot;, fileContent: &quot;BFFFBBFRRR\r\nFFFBBBFRRR\r\nBBFFBBFRLL&quot;)" storage="c:\workspace\github\adventofcode\2020.tests\bin\debug\netcoreapp3.1\2020.tests.dll" id="de8b5722-7c80-d4eb-b97c-ebe57717fb6c">
      <Execution id="77d8ba12-384e-4be8-bece-32da462ca277" />
      <TestMethod codeBase="C:\Workspace\GitHub\AdventOfCode\2020.Tests\bin\Debug\netcoreapp3.1\2020.Tests.dll" adapterTypeName="executor://xunit/VsTestRunner2/netcoreapp" className="_2020.Tests.Days.Day5Tests" name="Part1_pack" />
    </UnitTest>
    <UnitTest name="_2020.Tests.Days.Day10Tests.Part2_Pack(testCaseName: &quot;puzzleinput&quot;, _: &quot;2059&quot;, expectedResult: &quot;86812553324672&quot;, fileContent: &quot;77\r\n58\r\n25\r\n92\r\n14\r\n154\r\n105\r\n112\r\&quot;...)" storage="c:\workspace\github\adventofcode\2020.tests\bin\debug\netcoreapp3.1\2020.tests.dll" id="2cc010d6-e101-5b64-2847-d92eb3aca667">
[...]
    </UnitTest>
    <UnitTest name="_2020.Tests.Days.Day3Tests.Part1_case2(fileContent: &quot;...\r\n#..&quot;)" storage="c:\workspace\github\adventofcode\2020.tests\bin\debug\netcoreapp3.1\2020.tests.dll" id="136cf6b3-49e2-8bb0-486f-d1f9a3983f12">
      <Execution id="f9fbbc0f-4c6d-4ace-a4b4-b7e15cf7300e" />
      <TestMethod codeBase="C:\Workspace\GitHub\AdventOfCode\2020.Tests\bin\Debug\netcoreapp3.1\2020.Tests.dll" adapterTypeName="executor://xunit/VsTestRunner2/netcoreapp" className="_2020.Tests.Days.Day3Tests" name="Part1_case2" />
    </UnitTest>
  </TestDefinitions>
  <TestEntries>
    <TestEntry testId="080b3b6b-2753-c9a6-9f1e-0b651fcd9c49" executionId="c6556240-4798-41b4-8b33-99ca0b0118a4" testListId="8c84fa94-04c1-424b-9868-57a2d4851a1d" />
    <TestEntry testId="7df7f244-2fd3-a955-75ef-80b7d924f8e2" executionId="afc64889-3d48-4b2f-97db-d93e3905d246" testListId="8c84fa94-04c1-424b-9868-57a2d4851a1d" />
    <TestEntry testId="4d95249a-c4ec-74a6-909c-c074eed39474" executionId="755bdb46-179b-4a40-811e-c6bb3b9a9fe7" testListId="8c84fa94-04c1-424b-9868-57a2d4851a1d" />
    <TestEntry testId="c8eb35de-3806-7a84-c356-ef8a1ba0e171" executionId="0a0b7d2a-bf19-4cf1-851d-03adab03301b" testListId="8c84fa94-04c1-424b-9868-57a2d4851a1d" />
    <TestEntry testId="0b60d97b-b22a-43f0-3b65-c801f8f15e8d" executionId="eb6a5fc6-f124-4a5e-8568-67f78d595834" testListId="8c84fa94-04c1-424b-9868-57a2d4851a1d" />
    <TestEntry testId="b73fc7b5-5c4f-ce2b-029f-5099fc932df8" executionId="bce3fd55-4b0a-451e-b292-abff774aa32a" testListId="8c84fa94-04c1-424b-9868-57a2d4851a1d" />
    <TestEntry testId="d36ee119-83d8-bc35-7ac6-7f5ac328dab5" executionId="e00b8917-0404-4e67-a5db-0d3c4b3307e2" testListId="8c84fa94-04c1-424b-9868-57a2d4851a1d" />
    <TestEntry testId="ec7478bc-4a20-3d74-98c7-efac9e3c0b10" executionId="c4ddafe1-2469-4d9f-a5c7-b71bf9126ae4" testListId="8c84fa94-04c1-424b-9868-57a2d4851a1d" />
    <TestEntry testId="9c6adfa0-dd3c-9e72-a127-4e1805362479" executionId="c1db017a-2007-4cb4-9860-2f49ab809b9b" testListId="8c84fa94-04c1-424b-9868-57a2d4851a1d" />
    <TestEntry testId="7e2b291f-4d36-b74a-6972-5466517a8596" executionId="692d09b1-191e-4291-838a-97aa1fbed15c" testListId="8c84fa94-04c1-424b-9868-57a2d4851a1d" />
    <TestEntry testId="f7e40ddb-a284-7426-9379-70e1c4cc7afa" executionId="790b6ca6-ca8b-43bf-a55c-ec90917e57f9" testListId="8c84fa94-04c1-424b-9868-57a2d4851a1d" />
    <TestEntry testId="8aed83a5-1388-ee14-1e01-687801be888e" executionId="4db885ed-a248-48d2-888a-98d180870541" testListId="8c84fa94-04c1-424b-9868-57a2d4851a1d" />
    <TestEntry testId="b75d5504-15c9-62e2-7727-b66d1b06fae6" executionId="05b6b47b-4176-4365-ad0b-f627f1459e99" testListId="8c84fa94-04c1-424b-9868-57a2d4851a1d" />
    <TestEntry testId="b2758025-0ea6-8920-1ed3-b47e23fd5591" executionId="e563fb85-199f-4093-843d-e12ea10c1c86" testListId="8c84fa94-04c1-424b-9868-57a2d4851a1d" />
    <TestEntry testId="6d960990-c3fd-9f28-bdad-0681fd0a7d6b" executionId="085eca62-be2f-4a01-87e8-0d802fb8367b" testListId="8c84fa94-04c1-424b-9868-57a2d4851a1d" />
    <TestEntry testId="ead7075b-f824-edda-74c3-54f68b078b04" executionId="efe94107-a686-45a2-99dc-e3ec76eedb1f" testListId="8c84fa94-04c1-424b-9868-57a2d4851a1d" />
    <TestEntry testId="2de34128-cf23-033a-0c60-b9a1ffa1dd89" executionId="8377ab86-1d70-43d1-bb31-2ace34eb3101" testListId="8c84fa94-04c1-424b-9868-57a2d4851a1d" />
    <TestEntry testId="5d9c47dd-439e-67ac-b1d4-8dc742348d44" executionId="bc0d96e8-44c9-4052-a3da-ed5f58cf45a5" testListId="8c84fa94-04c1-424b-9868-57a2d4851a1d" />
    <TestEntry testId="de573764-ea0d-8509-05be-8709ab895a61" executionId="679d9bf9-7788-4679-97c7-3ac2db43ab24" testListId="8c84fa94-04c1-424b-9868-57a2d4851a1d" />
    <TestEntry testId="136cf6b3-49e2-8bb0-486f-d1f9a3983f12" executionId="f9fbbc0f-4c6d-4ace-a4b4-b7e15cf7300e" testListId="8c84fa94-04c1-424b-9868-57a2d4851a1d" />
    <TestEntry testId="f6865024-5e66-1a8c-8eaa-13d5eb300007" executionId="cf29ff7b-ccdf-4bbf-a299-4a653197d9a0" testListId="8c84fa94-04c1-424b-9868-57a2d4851a1d" />
    <TestEntry testId="b9a0883d-021b-16e7-be90-275f6000cc9d" executionId="d63a6334-d2b2-473a-a2f4-e0d596e442b2" testListId="8c84fa94-04c1-424b-9868-57a2d4851a1d" />
    <TestEntry testId="2c83aeec-41f1-c9e6-9c5b-7d5ecf29ccdd" executionId="91148bba-e0fe-4ebe-a0ce-f8ad0e070156" testListId="8c84fa94-04c1-424b-9868-57a2d4851a1d" />
    <TestEntry testId="67ca508f-a17c-3db3-c22c-394aa968c00c" executionId="a99fb966-a1fc-46b9-8bfe-53cb5edec5ce" testListId="8c84fa94-04c1-424b-9868-57a2d4851a1d" />
    <TestEntry testId="babf93f6-1c89-9c1d-499b-7212ab41b8fb" executionId="cfedd2a1-ca4c-4a32-a504-dee0d89eb293" testListId="8c84fa94-04c1-424b-9868-57a2d4851a1d" />
    <TestEntry testId="9cf0cba5-172e-c153-e796-92c43fe8b799" executionId="202613cf-4cfb-4190-be8f-c3f5ccc4025e" testListId="8c84fa94-04c1-424b-9868-57a2d4851a1d" />
    <TestEntry testId="bfaca6be-0b52-deae-c673-4467abedb8b9" executionId="ed507ff4-1b91-4a0a-a88e-511fedd4fe06" testListId="8c84fa94-04c1-424b-9868-57a2d4851a1d" />
    <TestEntry testId="ac7e7db2-01de-f348-0757-1a5540553b98" executionId="6c19f609-0e20-4a14-9d68-f6799b256b36" testListId="8c84fa94-04c1-424b-9868-57a2d4851a1d" />
    <TestEntry testId="844a928f-443a-c27a-8ee8-10b193eadc8b" executionId="324752fa-8703-4321-9639-f984894b3a0b" testListId="8c84fa94-04c1-424b-9868-57a2d4851a1d" />
    <TestEntry testId="7deeee6f-5f68-e96c-55d2-19a70aab7c3d" executionId="6ec283ff-1fd7-442f-a40f-bf5c85bcd632" testListId="8c84fa94-04c1-424b-9868-57a2d4851a1d" />
    <TestEntry testId="21cf7987-0bbe-7998-2a6a-b62be16638fd" executionId="8180c31b-d585-48fe-9b0c-ac5db506e843" testListId="8c84fa94-04c1-424b-9868-57a2d4851a1d" />
    <TestEntry testId="01c6738e-928f-12e9-002b-a3010d7f109b" executionId="550f5217-89ff-4c6b-9d7e-fd3a6bdaf4ce" testListId="8c84fa94-04c1-424b-9868-57a2d4851a1d" />
    <TestEntry testId="334e5607-9cdb-e672-5c7f-406da37d6d7e" executionId="04f76133-575e-460a-87be-b46f593fdab2" testListId="8c84fa94-04c1-424b-9868-57a2d4851a1d" />
    <TestEntry testId="2cc010d6-e101-5b64-2847-d92eb3aca667" executionId="04a7d2d7-d158-4377-9dde-b5e10df45e36" testListId="8c84fa94-04c1-424b-9868-57a2d4851a1d" />
    <TestEntry testId="7505053a-8388-b504-70a1-f4bcc9da9d25" executionId="1f733790-bd5e-4ff5-a7ce-99a7823698da" testListId="8c84fa94-04c1-424b-9868-57a2d4851a1d" />
    <TestEntry testId="32ed6bd8-e0af-dd5c-7f74-96ea03b7cf74" executionId="cc781732-5db4-413b-ab73-ed2d595d6872" testListId="8c84fa94-04c1-424b-9868-57a2d4851a1d" />
    <TestEntry testId="5e9fd67a-100d-f0f8-28f8-739d3a791929" executionId="6a69c929-a1d5-41ec-989e-20eaf2f61c76" testListId="8c84fa94-04c1-424b-9868-57a2d4851a1d" />
    <TestEntry testId="de8b5722-7c80-d4eb-b97c-ebe57717fb6c" executionId="77d8ba12-384e-4be8-bece-32da462ca277" testListId="8c84fa94-04c1-424b-9868-57a2d4851a1d" />
    <TestEntry testId="c1b39591-e148-1ede-3450-ca36e80a70b0" executionId="9c998fb2-7159-4f19-8aeb-29904c1eb470" testListId="8c84fa94-04c1-424b-9868-57a2d4851a1d" />
    <TestEntry testId="355791e2-453d-1a99-4de5-71823162968c" executionId="8eb9a83b-1236-4b1c-8a3f-6c382562f04d" testListId="8c84fa94-04c1-424b-9868-57a2d4851a1d" />
    <TestEntry testId="5a6838e8-c034-4ac2-cf4a-650d8f91ee6f" executionId="6800ae2a-5505-449e-a2df-6ffc1dadd7a3" testListId="8c84fa94-04c1-424b-9868-57a2d4851a1d" />
    <TestEntry testId="1bd4918e-984f-4b09-f089-8b165ff131a6" executionId="bebdbda1-1dad-4c48-962f-6c52a1ec77ed" testListId="8c84fa94-04c1-424b-9868-57a2d4851a1d" />
    <TestEntry testId="375e425c-9b53-a326-01d6-888b92935a87" executionId="8ea5fa7d-fe38-4dcc-8709-da7b9e6cc8db" testListId="8c84fa94-04c1-424b-9868-57a2d4851a1d" />
    <TestEntry testId="26f20c36-20b3-9005-cb04-ee3276a58fd4" executionId="b57f9f7a-701e-4740-924f-92521ba6c30f" testListId="8c84fa94-04c1-424b-9868-57a2d4851a1d" />
    <TestEntry testId="0f9af31d-0f66-fa47-7811-06be3c347ad8" executionId="767fc907-62b4-4e57-938c-e5fafadf96f4" testListId="8c84fa94-04c1-424b-9868-57a2d4851a1d" />
    <TestEntry testId="bdaba18c-2c59-04ae-e240-7ebf7e7a64fb" executionId="fbc8a320-e1e2-4765-aecb-03628d8570ea" testListId="8c84fa94-04c1-424b-9868-57a2d4851a1d" />
    <TestEntry testId="216f5805-6dfd-d79f-4066-e2138129ea68" executionId="c279c33a-49cb-421e-b3d4-7b480ee5e898" testListId="8c84fa94-04c1-424b-9868-57a2d4851a1d" />
    <TestEntry testId="6c059688-c465-f5a5-7144-0e70ce180f19" executionId="1cd62d3a-eaac-45e5-9f72-0f861cdb6df0" testListId="8c84fa94-04c1-424b-9868-57a2d4851a1d" />
    <TestEntry testId="59db20d0-347c-a453-444e-683e23e9a040" executionId="e21a750e-1cae-46c0-affd-25d49d9edcba" testListId="8c84fa94-04c1-424b-9868-57a2d4851a1d" />
    <TestEntry testId="ef12b05a-db9c-a4d1-6bf6-f50fcc998ceb" executionId="34d2465c-63ac-479e-a7b5-4757d0735062" testListId="8c84fa94-04c1-424b-9868-57a2d4851a1d" />
    <TestEntry testId="d612b35d-eb74-c9d6-7c08-b6087fbf724b" executionId="a62d86ab-6abb-4ee0-9787-5cc9b853e592" testListId="8c84fa94-04c1-424b-9868-57a2d4851a1d" />
    <TestEntry testId="6c7ab625-d6dc-0b1e-f7ad-fc94ba9002b5" executionId="b52b0b4f-9a62-4834-8837-29157dfb314c" testListId="8c84fa94-04c1-424b-9868-57a2d4851a1d" />
    <TestEntry testId="dffdb84d-1db1-5f4c-67d3-f3140d14b547" executionId="bad136a7-7fcc-497b-8ac1-60427ba4a3b8" testListId="8c84fa94-04c1-424b-9868-57a2d4851a1d" />
    <TestEntry testId="5b9149bb-3a0e-df91-0be0-26f9f7da6a9a" executionId="7d51bc1c-e6ed-4a15-9376-0c3774c76340" testListId="8c84fa94-04c1-424b-9868-57a2d4851a1d" />
    <TestEntry testId="0d9d879c-a85a-bdc6-b8ff-9a6ab509a103" executionId="fc49bb07-0c15-4357-ae96-63fd075c8121" testListId="8c84fa94-04c1-424b-9868-57a2d4851a1d" />
    <TestEntry testId="8bad9a6e-64b2-6364-8b28-5b3c61b85444" executionId="11a4c01a-0f8e-4f9d-99f2-e8fa9199fdb3" testListId="8c84fa94-04c1-424b-9868-57a2d4851a1d" />
    <TestEntry testId="04f07e51-e06f-f9ef-687e-27f8f50cd69c" executionId="438fbc96-4433-4146-b59f-1e434d1fa4f8" testListId="8c84fa94-04c1-424b-9868-57a2d4851a1d" />
    <TestEntry testId="b27c9020-e789-a65d-c36f-5611503fe0b7" executionId="6227498c-1840-4973-ba87-8c104e3c464b" testListId="8c84fa94-04c1-424b-9868-57a2d4851a1d" />
    <TestEntry testId="3e8c6d43-8d09-84bb-a295-43059662202b" executionId="6b2b9e8a-aa21-45e4-a0f7-e16fcb25f7a5" testListId="8c84fa94-04c1-424b-9868-57a2d4851a1d" />
    <TestEntry testId="8146e86e-cd6b-cf36-e743-61cfc2778296" executionId="100dba6c-9713-4976-a73f-572dac64b976" testListId="8c84fa94-04c1-424b-9868-57a2d4851a1d" />
    <TestEntry testId="0ae8165c-5db8-2151-c07c-655806764c15" executionId="3d0ab09f-beb8-4648-881e-8e99d7256e63" testListId="8c84fa94-04c1-424b-9868-57a2d4851a1d" />
    <TestEntry testId="1f5e50cb-54fd-2c1d-5c96-c69e9c09c257" executionId="582b8852-2628-498d-9713-015ab4205fa6" testListId="8c84fa94-04c1-424b-9868-57a2d4851a1d" />
    <TestEntry testId="16df4b72-a1be-7d8a-175c-1e6c5237fc4e" executionId="cb8aa930-fba3-49bb-9c3e-e0fbd23b818b" testListId="8c84fa94-04c1-424b-9868-57a2d4851a1d" />
    <TestEntry testId="99b22c00-0b2b-9e79-261c-dcb39b52aa8e" executionId="148c3715-18ad-470d-b3ba-24f76ee747c3" testListId="8c84fa94-04c1-424b-9868-57a2d4851a1d" />
    <TestEntry testId="3313912d-5a78-642f-b1f1-ec6ce77d37ce" executionId="29984adc-cdc0-432e-88d3-725987a4ea12" testListId="8c84fa94-04c1-424b-9868-57a2d4851a1d" />
    <TestEntry testId="9b48be43-b6dc-ab4a-e9b5-a0f0a0083d37" executionId="5cf4fc41-65b4-4362-af4f-8f3c61b66c09" testListId="8c84fa94-04c1-424b-9868-57a2d4851a1d" />
    <TestEntry testId="90e894cc-e9f5-0b66-7327-41b15f453ed9" executionId="d0703116-6ebb-40e7-9e95-a5abb8d4ec8f" testListId="8c84fa94-04c1-424b-9868-57a2d4851a1d" />
    <TestEntry testId="4dc9e345-1e1c-7c56-ffd6-51f432d6c33b" executionId="294a668f-c1e5-47a7-900f-3c5351277c3a" testListId="8c84fa94-04c1-424b-9868-57a2d4851a1d" />
    <TestEntry testId="d87515a5-cd25-21bb-1381-51ed2081f274" executionId="9cf115b1-7a5e-4d22-9459-87ab7d5ad188" testListId="8c84fa94-04c1-424b-9868-57a2d4851a1d" />
    <TestEntry testId="9f0ccaf6-c07d-b20e-be6b-7733f88e5aab" executionId="26fd9975-78a2-4910-adb8-db9f8668578d" testListId="8c84fa94-04c1-424b-9868-57a2d4851a1d" />
    <TestEntry testId="ea350fd8-4960-b90d-698c-7f319b46d10e" executionId="7c8779fd-6422-4018-8425-ddff087d39a1" testListId="8c84fa94-04c1-424b-9868-57a2d4851a1d" />
    <TestEntry testId="ec5f10ca-3aba-60b0-6d4f-6390df8262d9" executionId="3374d6fe-ddaa-4426-a866-0ad1b208da3f" testListId="8c84fa94-04c1-424b-9868-57a2d4851a1d" />
    <TestEntry testId="dce4b7c0-81f4-b41c-94b9-afb06d0ad99d" executionId="d8311f8f-115a-4194-bd95-8d7bfb35a364" testListId="8c84fa94-04c1-424b-9868-57a2d4851a1d" />
    <TestEntry testId="2457c214-d49a-003d-4e5f-ffc3d1c0b075" executionId="6162e67d-806a-49b3-9106-42b3c07f6c15" testListId="8c84fa94-04c1-424b-9868-57a2d4851a1d" />
    <TestEntry testId="56b8ecc6-4451-516f-e6ef-1f4a55f10fe8" executionId="962c7455-21c7-43e9-b327-e53d85f4c9fd" testListId="8c84fa94-04c1-424b-9868-57a2d4851a1d" />
    <TestEntry testId="d07cd30b-d230-d13b-93e4-5f93de4f56b2" executionId="26d659b7-cd77-4240-beee-a632e908ea17" testListId="8c84fa94-04c1-424b-9868-57a2d4851a1d" />
    <TestEntry testId="02ecd7ab-bcdf-e3ce-73c4-60d49e1f8cf1" executionId="61539249-5c7d-43b7-b27a-24986e19e510" testListId="8c84fa94-04c1-424b-9868-57a2d4851a1d" />
    <TestEntry testId="4884422f-a201-6166-d234-44d86f6dd8d3" executionId="5e95ffd4-2d6f-4631-8921-3dc36a999c9d" testListId="8c84fa94-04c1-424b-9868-57a2d4851a1d" />
    <TestEntry testId="36215da0-52f5-a57a-5cb4-ff033b29d94a" executionId="6f033f70-a4df-493e-839e-fff9ab4cb91b" testListId="8c84fa94-04c1-424b-9868-57a2d4851a1d" />
    <TestEntry testId="e3b45518-8d0a-2cd6-89ed-a43178b94cdf" executionId="64ffc095-597b-4809-8404-ae4d597a1ee1" testListId="8c84fa94-04c1-424b-9868-57a2d4851a1d" />
    <TestEntry testId="c1bf15e1-6fa1-858b-9ba8-a53ccc8ed266" executionId="c9dd48d7-b185-47f7-a2e1-cc4f4ed96470" testListId="8c84fa94-04c1-424b-9868-57a2d4851a1d" />
    <TestEntry testId="d950a7c4-72e5-0b34-aa9c-ed718050682b" executionId="0ce8dfde-4aaf-43e4-9dc1-b1eeb2be39a7" testListId="8c84fa94-04c1-424b-9868-57a2d4851a1d" />
    <TestEntry testId="8616f313-0874-0a03-7810-4f3d3de80c81" executionId="1ab5d84a-437e-4d66-999e-66762c19aeff" testListId="8c84fa94-04c1-424b-9868-57a2d4851a1d" />
    <TestEntry testId="69421f74-dab9-7682-2157-83ab4af72623" executionId="adf03089-21d4-4dce-adec-906cf90601ac" testListId="8c84fa94-04c1-424b-9868-57a2d4851a1d" />
    <TestEntry testId="db94a0d2-a22c-8314-89a3-1a38e815913a" executionId="e966e22b-908f-439f-980d-4eec731c259c" testListId="8c84fa94-04c1-424b-9868-57a2d4851a1d" />
    <TestEntry testId="821db9cf-a5c7-f686-a035-a78be04f731f" executionId="13feaec0-7458-45a7-9419-7e987d9b837c" testListId="8c84fa94-04c1-424b-9868-57a2d4851a1d" />
    <TestEntry testId="159d3ea9-44fc-4aaa-9da0-18c06a48805e" executionId="ac41e491-bfd1-47cf-a183-12be7db69fdc" testListId="8c84fa94-04c1-424b-9868-57a2d4851a1d" />
    <TestEntry testId="02be2eb2-b9b7-27e5-1198-908b3671a59d" executionId="877b9a14-961d-4524-a9f6-0dd029ed67f2" testListId="8c84fa94-04c1-424b-9868-57a2d4851a1d" />
    <TestEntry testId="2aa3cc9c-1e67-63fe-0e48-b59a2268710d" executionId="c211ef86-390c-4bce-915a-b2c9f4e5b9df" testListId="8c84fa94-04c1-424b-9868-57a2d4851a1d" />
    <TestEntry testId="0e0b30c5-6422-25c8-2172-d67c44a7d25d" executionId="cd87afe6-d3f7-491c-9ff8-53cf92927130" testListId="8c84fa94-04c1-424b-9868-57a2d4851a1d" />
    <TestEntry testId="0a2c2f88-73a7-a432-398b-2f86564fd773" executionId="0dc2cf55-2260-459d-a7f1-ff928e8ffa2e" testListId="8c84fa94-04c1-424b-9868-57a2d4851a1d" />
    <TestEntry testId="e7fe6284-3fcb-b9cb-9a4e-f74cf392b140" executionId="7cf88d19-081a-4df2-9e93-d93be3d3b801" testListId="8c84fa94-04c1-424b-9868-57a2d4851a1d" />
    <TestEntry testId="5cb521d9-b508-87d2-d6b3-9430721a3a5b" executionId="7bc2b288-cabd-4bb2-99ad-b0b7b00c43de" testListId="8c84fa94-04c1-424b-9868-57a2d4851a1d" />
    <TestEntry testId="f0d3000f-be7b-27df-36a0-5c04859590b9" executionId="92382813-3139-4fb7-a33e-222ae505ff78" testListId="8c84fa94-04c1-424b-9868-57a2d4851a1d" />
    <TestEntry testId="9e27424c-7bf4-a54a-a23f-62f6c33d62bb" executionId="2dc8d2c6-60d3-4454-be0b-e24a6b686164" testListId="8c84fa94-04c1-424b-9868-57a2d4851a1d" />
    <TestEntry testId="6b95806a-569f-591e-33c5-cf371e97a169" executionId="01e2f591-dd06-4e9e-8440-40f9d67ae773" testListId="8c84fa94-04c1-424b-9868-57a2d4851a1d" />
    <TestEntry testId="9d63c5ca-cd81-dfa2-45c3-bef99b47c927" executionId="fcc0ab28-8687-4980-b03f-1bcb3d8f8817" testListId="8c84fa94-04c1-424b-9868-57a2d4851a1d" />
    <TestEntry testId="3e90431b-d28c-c271-ef23-978dcb2898e8" executionId="4dff183f-72eb-4283-be8f-8e36eb0edf96" testListId="8c84fa94-04c1-424b-9868-57a2d4851a1d" />
    <TestEntry testId="fc6461b5-e450-3964-c0c6-8dde33d0fbf9" executionId="4d9bb5c8-748f-4414-ae29-4b07a33bc412" testListId="8c84fa94-04c1-424b-9868-57a2d4851a1d" />
    <TestEntry testId="edfee89c-6991-817a-4b5f-507b7c5607c8" executionId="01931e7c-702d-45ea-a251-9766fa46266e" testListId="8c84fa94-04c1-424b-9868-57a2d4851a1d" />
    <TestEntry testId="5670067d-1cf3-a96b-1c13-3fd4f02d341b" executionId="770ff350-9a2c-4aa7-b05a-661dccaae52a" testListId="8c84fa94-04c1-424b-9868-57a2d4851a1d" />
    <TestEntry testId="31e4599a-6dad-6e73-df11-b7eddbe65212" executionId="9fedfc66-e6e2-45ab-b238-126673160e88" testListId="8c84fa94-04c1-424b-9868-57a2d4851a1d" />
    <TestEntry testId="f628c761-3433-71e0-dc9a-7aeaf5162951" executionId="62626e5f-9669-4986-a17a-982f6203caf7" testListId="8c84fa94-04c1-424b-9868-57a2d4851a1d" />
    <TestEntry testId="90af8466-2ea2-b30d-8b80-8f3acbcf1032" executionId="7bb0627e-c649-4c13-8215-dd428c64d78d" testListId="8c84fa94-04c1-424b-9868-57a2d4851a1d" />
    <TestEntry testId="db9d81cc-9f3b-68f2-2d29-410e4425b6d1" executionId="9bcd122a-b67b-4a53-97bb-a40259ca9582" testListId="8c84fa94-04c1-424b-9868-57a2d4851a1d" />
    <TestEntry testId="ac5db98b-95ab-8428-6c0e-9c3d2b01381d" executionId="d1882784-ab4f-4365-84bc-00f1332a2e27" testListId="8c84fa94-04c1-424b-9868-57a2d4851a1d" />
    <TestEntry testId="26e5e629-8263-4046-5e10-c84b3539586e" executionId="a81c1810-b224-498d-ac71-e729c2df1047" testListId="8c84fa94-04c1-424b-9868-57a2d4851a1d" />
    <TestEntry testId="160b6563-2105-ca70-48f4-f9c0ddc5ea76" executionId="38ca4087-33bd-4a61-b47d-23a75225ec3b" testListId="8c84fa94-04c1-424b-9868-57a2d4851a1d" />
    <TestEntry testId="43631560-4363-7ae1-1dad-8677710aa43a" executionId="fd51a12a-89cc-4bd4-89e9-bcd5547a6596" testListId="8c84fa94-04c1-424b-9868-57a2d4851a1d" />
    <TestEntry testId="de2d88b7-cfd9-036b-e718-618c36e4686c" executionId="7290332b-aa4f-4792-ba29-02df6bae6ff6" testListId="8c84fa94-04c1-424b-9868-57a2d4851a1d" />
    <TestEntry testId="5fa2b639-d7d3-7e54-f35e-518a5bab3568" executionId="320765e8-8536-45c2-af15-a911aa9e85d0" testListId="8c84fa94-04c1-424b-9868-57a2d4851a1d" />
    <TestEntry testId="9fcb3a2b-27f0-5f22-0206-56c0549b9a84" executionId="7218ee02-4fe5-4740-ad0e-80b152163874" testListId="8c84fa94-04c1-424b-9868-57a2d4851a1d" />
  </TestEntries>
  <TestLists>
    <TestList name="Wyniki, których nie ma na liście" id="8c84fa94-04c1-424b-9868-57a2d4851a1d" />
    <TestList name="Wszystkie załadowane wyniki" id="19431567-8539-422a-85d7-44ee4e166bda" />
  </TestLists>
  <ResultSummary outcome="Completed">
    <Counters total="112" executed="112" passed="112" failed="0" error="0" timeout="0" aborted="0" inconclusive="0" passedButRunAborted="0" notRunnable="0" notExecuted="0" disconnected="0" warning="0" completed="0" inProgress="0" pending="0" />
    <Output>
      <StdOut>[xUnit.net 00:00:00.00] xUnit.net VSTest Adapter v2.4.3+1b45f5407b (64-bit .NET Core 3.1.10)&#xD;
[xUnit.net 00:00:00.36]   Discovering: 2020.Tests&#xD;
[xUnit.net 00:00:00.46]   Discovered:  2020.Tests&#xD;
[xUnit.net 00:00:00.46]   Starting:    2020.Tests&#xD;
[xUnit.net 00:00:39.88]   Finished:    2020.Tests&#xD;
</StdOut>
    </Output>
  </ResultSummary>
</TestRun>