<?xml version="1.0" encoding="utf-8"?>
<TestRun id="ef4371e6-2584-4b69-9688-a252f44b6755" name="pnaro@LAPTOP-35RG0TO8 2020-12-22 00:07:19" runUser="LAPTOP-35RG0TO8\pnaro" xmlns="http://microsoft.com/schemas/VisualStudio/TeamTest/2010">
  <Times creation="2020-12-22T00:07:19.4114710+01:00" queuing="2020-12-22T00:07:19.4114717+01:00" start="2020-12-22T00:07:18.0666305+01:00" finish="2020-12-22T00:08:00.5826106+01:00" />
  <TestSettings name="default" id="66119ce6-075c-425a-aa25-581f6a844e58">
    <Deployment runDeploymentRoot="pnaro_LAPTOP-35RG0TO8_2020-12-22_00_07_19" />
  </TestSettings>
  <Results>
    <UnitTestResult executionId="34c85bd9-db4f-4e92-b6e1-320e2bf9967d" testId="1f5e50cb-54fd-2c1d-5c96-c69e9c09c257" testName="_2020.Tests.Days.Day15Tests.Part2_Pack(testCaseName: &quot;puzzleinput&quot;, _: &quot;700&quot;, expectedResult: &quot;51358&quot;, fileContent: &quot;6,3,15,13,1,0&quot;)" computerName="LAPTOP-35RG0TO8" duration="00:00:04.0267096" startTime="2020-12-22T00:08:00.4343727+01:00" endTime="2020-12-22T00:08:00.4343834+01:00" testType="13cdc9d9-ddb5-4fa4-a97d-d965ccfc6d4b" outcome="Passed" testListId="8c84fa94-04c1-424b-9868-57a2d4851a1d" relativeResultsDirectory="34c85bd9-db4f-4e92-b6e1-320e2bf9967d" />
    <UnitTestResult executionId="97a03db9-6e99-4dad-b630-00894a902926" testId="7505053a-8388-b504-70a1-f4bcc9da9d25" testName="_2020.Tests.Days.Day4Tests.Part1_pack(testCaseName: &quot;invalid&quot;, expectedResult: &quot;4&quot;, _: &quot;0&quot;, fileContent: &quot;eyr:1972 cid:100\r\nhcl:#18171d ecl:amb hgt:170 pi&quot;...)" computerName="LAPTOP-35RG0TO8" duration="00:00:00.0000718" startTime="2020-12-22T00:07:19.3688554+01:00" endTime="2020-12-22T00:07:19.3688564+01:00" testType="13cdc9d9-ddb5-4fa4-a97d-d965ccfc6d4b" outcome="Passed" testListId="8c84fa94-04c1-424b-9868-57a2d4851a1d" relativeResultsDirectory="97a03db9-6e99-4dad-b630-00894a902926" />
    <UnitTestResult executionId="63fde37e-860d-4bab-ba71-dc1f2ca1c1df" testId="9f0ccaf6-c07d-b20e-be6b-7733f88e5aab" testName="_2020.Tests.Days.Day11Tests.Part1_pack(testCaseName: &quot;example1&quot;, expectedResult: &quot;37&quot;, _: &quot;26&quot;, fileContent: &quot;L.LL.LL.LL\r\nLLLLLLL.LL\r\nL.L.L..L..\r\nLLLL.LL.&quot;...)" computerName="LAPTOP-35RG0TO8" duration="00:00:00.0013882" startTime="2020-12-22T00:07:22.0978388+01:00" endTime="2020-12-22T00:07:22.0978540+01:00" testType="13cdc9d9-ddb5-4fa4-a97d-d965ccfc6d4b" outcome="Passed" testListId="8c84fa94-04c1-424b-9868-57a2d4851a1d" relativeResultsDirectory="63fde37e-860d-4bab-ba71-dc1f2ca1c1df" />
    <UnitTestResult executionId="66208070-f8c4-4008-833b-533d20511cf6" testId="de573764-ea0d-8509-05be-8709ab895a61" testName="_2020.Tests.Days.Day4Tests.Part1(fileContent: &quot;eyr:2027\r\nhcl:#602927\r\nhgt:186cm byr:1939 iyr:&quot;...)" computerName="LAPTOP-35RG0TO8" duration="00:00:00.0025576" startTime="2020-12-22T00:07:19.4019636+01:00" endTime="2020-12-22T00:07:19.4019643+01:00" testType="13cdc9d9-ddb5-4fa4-a97d-d965ccfc6d4b" outcome="Passed" testListId="8c84fa94-04c1-424b-9868-57a2d4851a1d" relativeResultsDirectory="66208070-f8c4-4008-833b-533d20511cf6">
      <Output>
        <StdOut>answer for part 1 is: 235</StdOut>
      </Output>
    </UnitTestResult>
    <UnitTestResult executionId="a3642f43-99f5-4255-bd62-116b719ee1a6" testId="efa601cc-54d7-c236-5a09-1fc8039d2d61" testName="_2020.Tests.Days.Day21Tests.Part1_pack(testCaseName: &quot;example&quot;, expectedResult: &quot;5&quot;, _: &quot;mxmxvkd,sqjhc,fvjkl&quot;, fileContent: &quot;mxmxvkd kfcds sqjhc nhms (contains dairy, fish)\r\&quot;...)" computerName="LAPTOP-35RG0TO8" duration="00:00:00.0002844" startTime="2020-12-22T00:07:19.4525744+01:00" endTime="2020-12-22T00:07:19.4525746+01:00" testType="13cdc9d9-ddb5-4fa4-a97d-d965ccfc6d4b" outcome="Passed" testListId="8c84fa94-04c1-424b-9868-57a2d4851a1d" relativeResultsDirectory="a3642f43-99f5-4255-bd62-116b719ee1a6" />
    <UnitTestResult executionId="9befbf25-e650-4321-a602-5780cef605e6" testId="babf93f6-1c89-9c1d-499b-7212ab41b8fb" testName="_2020.Tests.Days.Day17Tests.Part2_Pack(testCaseName: &quot;example1&quot;, _: &quot;112&quot;, expectedResult: &quot;848&quot;, fileContent: &quot;.#.\r\n..#\r\n###&quot;)" computerName="LAPTOP-35RG0TO8" duration="00:00:06.3785731" startTime="2020-12-22T00:07:25.6392543+01:00" endTime="2020-12-22T00:07:25.6392665+01:00" testType="13cdc9d9-ddb5-4fa4-a97d-d965ccfc6d4b" outcome="Passed" testListId="8c84fa94-04c1-424b-9868-57a2d4851a1d" relativeResultsDirectory="9befbf25-e650-4321-a602-5780cef605e6" />
    <UnitTestResult executionId="7b6933e7-ea12-4a2d-9dd4-fad099a88bd8" testId="0d9d879c-a85a-bdc6-b8ff-9a6ab509a103" testName="_2020.Tests.Days.Day16Tests.Part1_pack(testCaseName: &quot;example1&quot;, expectedResult: &quot;71&quot;, _: &quot;0&quot;, fileContent: &quot;class: 1-3 or 5-7\r\nrow: 6-11 or 33-44\r\nseat: 1&quot;...)" computerName="LAPTOP-35RG0TO8" duration="00:00:00.0002064" startTime="2020-12-22T00:07:19.3912219+01:00" endTime="2020-12-22T00:07:19.3912230+01:00" testType="13cdc9d9-ddb5-4fa4-a97d-d965ccfc6d4b" outcome="Passed" testListId="8c84fa94-04c1-424b-9868-57a2d4851a1d" relativeResultsDirectory="7b6933e7-ea12-4a2d-9dd4-fad099a88bd8" />
    <UnitTestResult executionId="4b27d7b1-166f-4a29-b0ae-299e8bc9bbc6" testId="0e0b30c5-6422-25c8-2172-d67c44a7d25d" testName="_2020.Tests.Days.Day10Tests.Part1_pack(testCaseName: &quot;puzzleinput&quot;, expectedResult: &quot;2059&quot;, _: &quot;86812553324672&quot;, fileContent: &quot;77\r\n58\r\n25\r\n92\r\n14\r\n154\r\n105\r\n112\r\&quot;...)" computerName="LAPTOP-35RG0TO8" duration="00:00:00.0000831" startTime="2020-12-22T00:07:19.3696034+01:00" endTime="2020-12-22T00:07:19.3696039+01:00" testType="13cdc9d9-ddb5-4fa4-a97d-d965ccfc6d4b" outcome="Passed" testListId="8c84fa94-04c1-424b-9868-57a2d4851a1d" relativeResultsDirectory="4b27d7b1-166f-4a29-b0ae-299e8bc9bbc6" />
    <UnitTestResult executionId="603e48b4-2d8c-4f1f-a725-679a19463327" testId="ac7e7db2-01de-f348-0757-1a5540553b98" testName="_2020.Tests.Days.Day15Tests.Part2_Pack(testCaseName: &quot;example5&quot;, _: &quot;78&quot;, expectedResult: &quot;6895259&quot;, fileContent: &quot;2,3,1&quot;)" computerName="LAPTOP-35RG0TO8" duration="00:00:06.1707884" startTime="2020-12-22T00:07:43.8728424+01:00" endTime="2020-12-22T00:07:43.8728520+01:00" testType="13cdc9d9-ddb5-4fa4-a97d-d965ccfc6d4b" outcome="Passed" testListId="8c84fa94-04c1-424b-9868-57a2d4851a1d" relativeResultsDirectory="603e48b4-2d8c-4f1f-a725-679a19463327" />
    <UnitTestResult executionId="cdcd5e5d-ff32-40ce-83e7-cb66418ee60d" testId="69421f74-dab9-7682-2157-83ab4af72623" testName="_2020.Tests.Days.Day15Tests.Part2_Pack(testCaseName: &quot;example4&quot;, _: &quot;27&quot;, expectedResult: &quot;261214&quot;, fileContent: &quot;1,2,3&quot;)" computerName="LAPTOP-35RG0TO8" duration="00:00:04.4001320" startTime="2020-12-22T00:07:52.4227685+01:00" endTime="2020-12-22T00:07:52.4227760+01:00" testType="13cdc9d9-ddb5-4fa4-a97d-d965ccfc6d4b" outcome="Passed" testListId="8c84fa94-04c1-424b-9868-57a2d4851a1d" relativeResultsDirectory="cdcd5e5d-ff32-40ce-83e7-cb66418ee60d" />
    <UnitTestResult executionId="916c3897-a75d-48f0-8bbd-784ab31a2983" testId="fc6461b5-e450-3964-c0c6-8dde33d0fbf9" testName="_2020.Tests.Days.Day4Tests.Part1Example(fileContent: &quot;ecl:gry pid:860033327 eyr:2020 hcl:#fffffd\r\nbyr:&quot;...)" computerName="LAPTOP-35RG0TO8" duration="00:00:00.0089785" startTime="2020-12-22T00:07:19.3914109+01:00" endTime="2020-12-22T00:07:19.3914113+01:00" testType="13cdc9d9-ddb5-4fa4-a97d-d965ccfc6d4b" outcome="Passed" testListId="8c84fa94-04c1-424b-9868-57a2d4851a1d" relativeResultsDirectory="916c3897-a75d-48f0-8bbd-784ab31a2983">
      <Output>
        <StdOut>answer for part 1 is: 2</StdOut>
      </Output>
    </UnitTestResult>
    <UnitTestResult executionId="0e588ab9-4450-4e14-a7f7-ad8cde8a2487" testId="d36ee119-83d8-bc35-7ac6-7f5ac328dab5" testName="_2020.Tests.Days.Day3Tests.Move_Works(fileContent: &quot;.......\r\n...#...\r\n......#&quot;, coordinates: [0, 0, 3, 1], isTree: True)" computerName="LAPTOP-35RG0TO8" duration="00:00:00.0000133" startTime="2020-12-22T00:07:19.4082212+01:00" endTime="2020-12-22T00:07:19.4082216+01:00" testType="13cdc9d9-ddb5-4fa4-a97d-d965ccfc6d4b" outcome="Passed" testListId="8c84fa94-04c1-424b-9868-57a2d4851a1d" relativeResultsDirectory="0e588ab9-4450-4e14-a7f7-ad8cde8a2487" />
    <UnitTestResult executionId="2011a93a-660e-4c3d-b36d-c4395f91eb35" testId="136cf6b3-49e2-8bb0-486f-d1f9a3983f12" testName="_2020.Tests.Days.Day3Tests.Part1_case2(fileContent: &quot;...\r\n#..&quot;)" computerName="LAPTOP-35RG0TO8" duration="00:00:00.0087902" startTime="2020-12-22T00:07:19.4150006+01:00" endTime="2020-12-22T00:07:19.4150018+01:00" testType="13cdc9d9-ddb5-4fa4-a97d-d965ccfc6d4b" outcome="Passed" testListId="8c84fa94-04c1-424b-9868-57a2d4851a1d" relativeResultsDirectory="2011a93a-660e-4c3d-b36d-c4395f91eb35">
      <Output>
        <StdOut>answer for part 1 is: 1</StdOut>
      </Output>
    </UnitTestResult>
    <UnitTestResult executionId="60dcab4d-7a85-40ff-a8e8-4e88be75b4da" testId="43631560-4363-7ae1-1dad-8677710aa43a" testName="_2020.Tests.Days.Day18Tests.Part2_Calculates_AsExpectedResult(testCase: &quot;1 + 2 * 3 + 4 * 5 + 6&quot;, expectedResult: 231)" computerName="LAPTOP-35RG0TO8" duration="00:00:00.0001015" startTime="2020-12-22T00:07:19.4247709+01:00" endTime="2020-12-22T00:07:19.4247714+01:00" testType="13cdc9d9-ddb5-4fa4-a97d-d965ccfc6d4b" outcome="Passed" testListId="8c84fa94-04c1-424b-9868-57a2d4851a1d" relativeResultsDirectory="60dcab4d-7a85-40ff-a8e8-4e88be75b4da" />
    <UnitTestResult executionId="db00f96e-9dc5-4d46-862d-d9011eb7f5e0" testId="c1b39591-e148-1ede-3450-ca36e80a70b0" testName="_2020.Tests.Days.Day15Tests.Part2_Pack(testCaseName: &quot;example2&quot;, _: &quot;1&quot;, expectedResult: &quot;2578&quot;, fileContent: &quot;1,3,2&quot;)" computerName="LAPTOP-35RG0TO8" duration="00:00:05.9802029" startTime="2020-12-22T00:07:31.6468367+01:00" endTime="2020-12-22T00:07:31.6468468+01:00" testType="13cdc9d9-ddb5-4fa4-a97d-d965ccfc6d4b" outcome="Passed" testListId="8c84fa94-04c1-424b-9868-57a2d4851a1d" relativeResultsDirectory="db00f96e-9dc5-4d46-862d-d9011eb7f5e0" />
    <UnitTestResult executionId="cebb02b7-48d7-44d2-9b8d-a02de231c2d4" testId="7df7f244-2fd3-a955-75ef-80b7d924f8e2" testName="_2020.Tests.Days.Day14Tests.Part2_Pack(testCaseName: &quot;example2&quot;, _: &quot;51&quot;, expectedResult: &quot;208&quot;, fileContent: &quot;mask = 000000000000000000000000000000X1001X\r\nmem&quot;...)" computerName="LAPTOP-35RG0TO8" duration="00:00:00.0001570" startTime="2020-12-22T00:07:19.8244641+01:00" endTime="2020-12-22T00:07:19.8244659+01:00" testType="13cdc9d9-ddb5-4fa4-a97d-d965ccfc6d4b" outcome="Passed" testListId="8c84fa94-04c1-424b-9868-57a2d4851a1d" relativeResultsDirectory="cebb02b7-48d7-44d2-9b8d-a02de231c2d4" />
    <UnitTestResult executionId="ac4926a2-4dde-4a22-9989-13241b7f72f2" testId="c8eb35de-3806-7a84-c356-ef8a1ba0e171" testName="_2020.Tests.Days.Day14Tests.Part2_Pack(testCaseName: &quot;puzzleinput&quot;, _: &quot;13496669152158&quot;, expectedResult: &quot;3278997609887&quot;, fileContent: &quot;mask = 01111X0011X11110XX11X110111001X00001\r\nmem&quot;...)" computerName="LAPTOP-35RG0TO8" duration="00:00:00.4679121" startTime="2020-12-22T00:07:19.8240153+01:00" endTime="2020-12-22T00:07:19.8240409+01:00" testType="13cdc9d9-ddb5-4fa4-a97d-d965ccfc6d4b" outcome="Passed" testListId="8c84fa94-04c1-424b-9868-57a2d4851a1d" relativeResultsDirectory="ac4926a2-4dde-4a22-9989-13241b7f72f2" />
    <UnitTestResult executionId="34acd98c-66a8-4722-a815-4019cb8e58ee" testId="edfee89c-6991-817a-4b5f-507b7c5607c8" testName="_2020.Tests.Days.Day8Tests.Part1_pack(testCaseName: &quot;example1&quot;, expectedResult: &quot;5&quot;, _: &quot;8&quot;, fileContent: &quot;nop +0\r\nacc +1\r\njmp +4\r\nacc +3\r\njmp -3\r\n&quot;...)" computerName="LAPTOP-35RG0TO8" duration="00:00:00.0005808" startTime="2020-12-22T00:07:19.3915894+01:00" endTime="2020-12-22T00:07:19.3915898+01:00" testType="13cdc9d9-ddb5-4fa4-a97d-d965ccfc6d4b" outcome="Passed" testListId="8c84fa94-04c1-424b-9868-57a2d4851a1d" relativeResultsDirectory="34acd98c-66a8-4722-a815-4019cb8e58ee" />
    <UnitTestResult executionId="95a80c60-1477-4cf1-8590-9315af1c84cc" testId="de8b5722-7c80-d4eb-b97c-ebe57717fb6c" testName="_2020.Tests.Days.Day5Tests.Part1_pack(testCaseName: &quot;example1&quot;, expectedResult: &quot;820&quot;, _: &quot;&quot;, fileContent: &quot;BFFFBBFRRR\r\nFFFBBBFRRR\r\nBBFFBBFRLL&quot;)" computerName="LAPTOP-35RG0TO8" duration="00:00:00.0000362" startTime="2020-12-22T00:07:19.4021730+01:00" endTime="2020-12-22T00:07:19.4021734+01:00" testType="13cdc9d9-ddb5-4fa4-a97d-d965ccfc6d4b" outcome="Passed" testListId="8c84fa94-04c1-424b-9868-57a2d4851a1d" relativeResultsDirectory="95a80c60-1477-4cf1-8590-9315af1c84cc" />
    <UnitTestResult executionId="fefd15e3-d1b6-40ae-bf14-72a4ccafeaf2" testId="5cb521d9-b508-87d2-d6b3-9430721a3a5b" testName="_2020.Tests.Days.Day11Tests.Part2_Pack(testCaseName: &quot;puzzleinput&quot;, _: &quot;2310&quot;, expectedResult: &quot;2074&quot;, fileContent: &quot;LLLLLLLLLL.LLLLLLLL.LLLLLLLLLLLLL.LLLLL.LLLL.LL.L.&quot;...)" computerName="LAPTOP-35RG0TO8" duration="00:00:01.3748003" startTime="2020-12-22T00:07:20.6748862+01:00" endTime="2020-12-22T00:07:20.6748974+01:00" testType="13cdc9d9-ddb5-4fa4-a97d-d965ccfc6d4b" outcome="Passed" testListId="8c84fa94-04c1-424b-9868-57a2d4851a1d" relativeResultsDirectory="fefd15e3-d1b6-40ae-bf14-72a4ccafeaf2" />
    <UnitTestResult executionId="488f4472-8e41-4c4d-8e83-49af7211ae21" testId="844a928f-443a-c27a-8ee8-10b193eadc8b" testName="_2020.Tests.Days.Day7Tests.Part2_Pack(testCaseName: &quot;example2&quot;, _: &quot;&quot;, expectedResult: &quot;126&quot;, fileContent: &quot;shiny gold bags contain 2 dark red bags.\r\ndark r&quot;...)" computerName="LAPTOP-35RG0TO8" duration="00:00:00.0480478" startTime="2020-12-22T00:07:19.3838829+01:00" endTime="2020-12-22T00:07:19.3838835+01:00" testType="13cdc9d9-ddb5-4fa4-a97d-d965ccfc6d4b" outcome="Passed" testListId="8c84fa94-04c1-424b-9868-57a2d4851a1d" relativeResultsDirectory="488f4472-8e41-4c4d-8e83-49af7211ae21" />
    <UnitTestResult executionId="49d55361-2ef5-45e5-9d76-e0914e68e2c2" testId="b75d5504-15c9-62e2-7727-b66d1b06fae6" testName="_2020.Tests.Days.Day18Tests.Part2_Calculates_AsExpectedResult(testCase: &quot;5 * 9 * (7 * 3 * 3 + 9 * 3 + (8 + 6 * 4))&quot;, expectedResult: 669060)" computerName="LAPTOP-35RG0TO8" duration="00:00:00.0001486" startTime="2020-12-22T00:07:19.4245011+01:00" endTime="2020-12-22T00:07:19.4245016+01:00" testType="13cdc9d9-ddb5-4fa4-a97d-d965ccfc6d4b" outcome="Passed" testListId="8c84fa94-04c1-424b-9868-57a2d4851a1d" relativeResultsDirectory="49d55361-2ef5-45e5-9d76-e0914e68e2c2" />
    <UnitTestResult executionId="8eea759a-5024-499f-bc60-47ad58c7be35" testId="bdaba18c-2c59-04ae-e240-7ebf7e7a64fb" testName="_2020.Tests.Days.Day7Tests.Part2_Pack(testCaseName: &quot;puzzleinput&quot;, _: &quot;335&quot;, expectedResult: &quot;2431&quot;, fileContent: &quot;dim silver bags contain 3 posh fuchsia bags.\r\nwa&quot;...)" computerName="LAPTOP-35RG0TO8" duration="00:00:00.0294573" startTime="2020-12-22T00:07:19.4079565+01:00" endTime="2020-12-22T00:07:19.4079574+01:00" testType="13cdc9d9-ddb5-4fa4-a97d-d965ccfc6d4b" outcome="Passed" testListId="8c84fa94-04c1-424b-9868-57a2d4851a1d" relativeResultsDirectory="8eea759a-5024-499f-bc60-47ad58c7be35" />
    <UnitTestResult executionId="ce0221bf-d2f0-4422-ae8a-70ee17197087" testId="375e425c-9b53-a326-01d6-888b92935a87" testName="_2020.Tests.Days.Day7Tests.Part1_pack(testCaseName: &quot;example1&quot;, expectedResult: &quot;4&quot;, _: &quot;&quot;, fileContent: &quot;light red bags contain 1 bright white bag, 2 muted&quot;...)" computerName="LAPTOP-35RG0TO8" duration="00:00:00.0001527" startTime="2020-12-22T00:07:19.4174674+01:00" endTime="2020-12-22T00:07:19.4174678+01:00" testType="13cdc9d9-ddb5-4fa4-a97d-d965ccfc6d4b" outcome="Passed" testListId="8c84fa94-04c1-424b-9868-57a2d4851a1d" relativeResultsDirectory="ce0221bf-d2f0-4422-ae8a-70ee17197087" />
    <UnitTestResult executionId="a4522146-21cf-4eb6-8cd2-83555b9d28fa" testId="db94a0d2-a22c-8314-89a3-1a38e815913a" testName="_2020.Tests.Days.Day1Tests.Part2(lines: &quot;1753\r\n1976\r\n1574\r\n308\r\n1384\r\n1191\r\n173&quot;...)" computerName="LAPTOP-35RG0TO8" duration="00:00:00.0208964" startTime="2020-12-22T00:07:19.3188934+01:00" endTime="2020-12-22T00:07:19.3188947+01:00" testType="13cdc9d9-ddb5-4fa4-a97d-d965ccfc6d4b" outcome="Passed" testListId="8c84fa94-04c1-424b-9868-57a2d4851a1d" relativeResultsDirectory="a4522146-21cf-4eb6-8cd2-83555b9d28fa" />
    <UnitTestResult executionId="c79dbc2a-8cfe-45d2-9c8a-0590e24f9ba1" testId="5fa2b639-d7d3-7e54-f35e-518a5bab3568" testName="_2020.Tests.Days.Day17Tests.Part1_pack(testCaseName: &quot;puzzleinput&quot;, expectedResult: &quot;338&quot;, _: &quot;2440&quot;, fileContent: &quot;.#.##..#\r\n....#.##\r\n##.###..\r\n.#.#.###\r\n#.&quot;...)" computerName="LAPTOP-35RG0TO8" duration="00:00:00.1087383" startTime="2020-12-22T00:07:43.2355895+01:00" endTime="2020-12-22T00:07:43.2355963+01:00" testType="13cdc9d9-ddb5-4fa4-a97d-d965ccfc6d4b" outcome="Passed" testListId="8c84fa94-04c1-424b-9868-57a2d4851a1d" relativeResultsDirectory="c79dbc2a-8cfe-45d2-9c8a-0590e24f9ba1" />
    <UnitTestResult executionId="51465b9f-86ba-48f0-bb18-91866d0f0fc5" testId="b73fc7b5-5c4f-ce2b-029f-5099fc932df8" testName="_2020.Tests.Days.Day9Tests.Part1_pack(testCaseName: &quot;puzzleinput&quot;, expectedResult: &quot;41682220&quot;, preamble: &quot;25&quot;, _: &quot;5388976&quot;, fileContent: &quot;23\r\n3\r\n36\r\n14\r\n50\r\n8\r\n2\r\n44\r\n30\r\&quot;...)" computerName="LAPTOP-35RG0TO8" duration="00:00:00.0005409" startTime="2020-12-22T00:07:19.3770531+01:00" endTime="2020-12-22T00:07:19.3770536+01:00" testType="13cdc9d9-ddb5-4fa4-a97d-d965ccfc6d4b" outcome="Passed" testListId="8c84fa94-04c1-424b-9868-57a2d4851a1d" relativeResultsDirectory="51465b9f-86ba-48f0-bb18-91866d0f0fc5" />
    <UnitTestResult executionId="7ece7538-227b-4fb0-8524-eee16f3ef1c0" testId="2de34128-cf23-033a-0c60-b9a1ffa1dd89" testName="_2020.Tests.Days.Day15Tests.Part1_pack(testCaseName: &quot;example4&quot;, expectedResult: &quot;27&quot;, _: &quot;261214&quot;, fileContent: &quot;1,2,3&quot;)" computerName="LAPTOP-35RG0TO8" duration="00:00:00.0004058" startTime="2020-12-22T00:07:19.4400403+01:00" endTime="2020-12-22T00:07:19.4400407+01:00" testType="13cdc9d9-ddb5-4fa4-a97d-d965ccfc6d4b" outcome="Passed" testListId="8c84fa94-04c1-424b-9868-57a2d4851a1d" relativeResultsDirectory="7ece7538-227b-4fb0-8524-eee16f3ef1c0" />
    <UnitTestResult executionId="751547dd-4ded-481a-a193-7b202c2d72bd" testId="90e894cc-e9f5-0b66-7327-41b15f453ed9" testName="_2020.Tests.Days.Day17Tests.Part1_pack(testCaseName: &quot;example1&quot;, expectedResult: &quot;112&quot;, _: &quot;848&quot;, fileContent: &quot;.#.\r\n..#\r\n###&quot;)" computerName="LAPTOP-35RG0TO8" duration="00:00:00.0268827" startTime="2020-12-22T00:07:43.2628914+01:00" endTime="2020-12-22T00:07:43.2629017+01:00" testType="13cdc9d9-ddb5-4fa4-a97d-d965ccfc6d4b" outcome="Passed" testListId="8c84fa94-04c1-424b-9868-57a2d4851a1d" relativeResultsDirectory="751547dd-4ded-481a-a193-7b202c2d72bd" />
    <UnitTestResult executionId="5644685d-ec11-4499-8b3e-f277e2d2a2bf" testId="2c83aeec-41f1-c9e6-9c5b-7d5ecf29ccdd" testName="_2020.Tests.Days.Day15Tests.Part1_pack(testCaseName: &quot;example1&quot;, expectedResult: &quot;436&quot;, _: &quot;175594&quot;, fileContent: &quot;0,3,6&quot;)" computerName="LAPTOP-35RG0TO8" duration="00:00:00.0032790" startTime="2020-12-22T00:07:19.4375791+01:00" endTime="2020-12-22T00:07:19.4375795+01:00" testType="13cdc9d9-ddb5-4fa4-a97d-d965ccfc6d4b" outcome="Passed" testListId="8c84fa94-04c1-424b-9868-57a2d4851a1d" relativeResultsDirectory="5644685d-ec11-4499-8b3e-f277e2d2a2bf" />
    <UnitTestResult executionId="802c72b0-2d17-44f7-bfe9-49fbfc083ca4" testId="216f5805-6dfd-d79f-4066-e2138129ea68" testName="_2020.Tests.Days.Day5Tests.Part1_pack(testCaseName: &quot;mydata&quot;, expectedResult: &quot;998&quot;, _: &quot;676&quot;, fileContent: &quot;BFBBBBBLLR\r\nBBFFBBFRRL\r\nFBFBFFFRRL\r\nBBFFFBFR&quot;...)" computerName="LAPTOP-35RG0TO8" duration="00:00:00.0056908" startTime="2020-12-22T00:07:19.4021062+01:00" endTime="2020-12-22T00:07:19.4021067+01:00" testType="13cdc9d9-ddb5-4fa4-a97d-d965ccfc6d4b" outcome="Passed" testListId="8c84fa94-04c1-424b-9868-57a2d4851a1d" relativeResultsDirectory="802c72b0-2d17-44f7-bfe9-49fbfc083ca4" />
    <UnitTestResult executionId="2ebb7e28-22ee-4e86-8097-cc1ec2ba1827" testId="c1bf15e1-6fa1-858b-9ba8-a53ccc8ed266" testName="_2020.Tests.Days.Day18Tests.Part2_Calculates_AsExpectedResult(testCase: &quot;((2 + 4 * 9) * (6 + 9 * 8 + 6) + 6) + 2 + 4 * 2&quot;, expectedResult: 23340)" computerName="LAPTOP-35RG0TO8" duration="00:00:00.0001721" startTime="2020-12-22T00:07:19.4247003+01:00" endTime="2020-12-22T00:07:19.4247007+01:00" testType="13cdc9d9-ddb5-4fa4-a97d-d965ccfc6d4b" outcome="Passed" testListId="8c84fa94-04c1-424b-9868-57a2d4851a1d" relativeResultsDirectory="2ebb7e28-22ee-4e86-8097-cc1ec2ba1827" />
    <UnitTestResult executionId="7786f3c2-5e3f-4f15-be2a-2617c5525718" testId="9d63c5ca-cd81-dfa2-45c3-bef99b47c927" testName="_2020.Tests.Days.Day3Tests.Part2_TC3(fileContent: &quot;..##.......\r\n#...#...#..\r\n.#....#..#.\r\n..#.#&quot;...)" computerName="LAPTOP-35RG0TO8" duration="00:00:00.0002631" startTime="2020-12-22T00:07:19.4459113+01:00" endTime="2020-12-22T00:07:19.4459117+01:00" testType="13cdc9d9-ddb5-4fa4-a97d-d965ccfc6d4b" outcome="Passed" testListId="8c84fa94-04c1-424b-9868-57a2d4851a1d" relativeResultsDirectory="7786f3c2-5e3f-4f15-be2a-2617c5525718" />
    <UnitTestResult executionId="409f7ec5-e20d-41d7-88a5-d3885f4757e8" testId="b9a0883d-021b-16e7-be90-275f6000cc9d" testName="_2020.Tests.Days.Day2Tests.Part1(fileContent: &quot;1-5 k: kkkkhkkkkkkkkkk\r\n5-7 k: blkqhtxfgktdkxzkk&quot;...)" computerName="LAPTOP-35RG0TO8" duration="00:00:00.0255878" startTime="2020-12-22T00:07:19.3223487+01:00" endTime="2020-12-22T00:07:19.3223506+01:00" testType="13cdc9d9-ddb5-4fa4-a97d-d965ccfc6d4b" outcome="Passed" testListId="8c84fa94-04c1-424b-9868-57a2d4851a1d" relativeResultsDirectory="409f7ec5-e20d-41d7-88a5-d3885f4757e8">
      <Output>
        <StdOut>answer for part 1 is: 519</StdOut>
      </Output>
    </UnitTestResult>
    <UnitTestResult executionId="874d4317-8455-4bd4-96c4-d32a2f1f3679" testId="821db9cf-a5c7-f686-a035-a78be04f731f" testName="_2020.Tests.Days.Day16Tests.Part1_pack(testCaseName: &quot;example2&quot;, expectedResult: &quot;0&quot;, _: &quot;1716&quot;, fileContent: &quot;departure class: 0-1 or 4-19\r\ndeparture row: 0-5&quot;...)" computerName="LAPTOP-35RG0TO8" duration="00:00:00.0001250" startTime="2020-12-22T00:07:19.3913022+01:00" endTime="2020-12-22T00:07:19.3913025+01:00" testType="13cdc9d9-ddb5-4fa4-a97d-d965ccfc6d4b" outcome="Passed" testListId="8c84fa94-04c1-424b-9868-57a2d4851a1d" relativeResultsDirectory="874d4317-8455-4bd4-96c4-d32a2f1f3679" />
    <UnitTestResult executionId="cd5291c8-f600-4095-a99f-9a6672406458" testId="9c6adfa0-dd3c-9e72-a127-4e1805362479" testName="_2020.Tests.Days.Day14Tests.Part1_pack(testCaseName: &quot;puzzleinput&quot;, expectedResult: &quot;13496669152158&quot;, _: &quot;3278997609887&quot;, fileContent: &quot;mask = 01111X0011X11110XX11X110111001X00001\r\nmem&quot;...)" computerName="LAPTOP-35RG0TO8" duration="00:00:00.0321186" startTime="2020-12-22T00:07:19.4151228+01:00" endTime="2020-12-22T00:07:19.4151233+01:00" testType="13cdc9d9-ddb5-4fa4-a97d-d965ccfc6d4b" outcome="Passed" testListId="8c84fa94-04c1-424b-9868-57a2d4851a1d" relativeResultsDirectory="cd5291c8-f600-4095-a99f-9a6672406458" />
    <UnitTestResult executionId="b33d720d-1469-487b-b4c9-d13f04ab93cb" testId="ec7478bc-4a20-3d74-98c7-efac9e3c0b10" testName="_2020.Tests.Days.Day18Tests.Part1_Calculates_AsExpectedResult(testCase: &quot;5 * 9 * (7 * 3 * 3 + 9 * 3 + (8 + 6 * 4))&quot;, expectedResult: 12240)" computerName="LAPTOP-35RG0TO8" duration="00:00:00.0004628" startTime="2020-12-22T00:07:19.4312230+01:00" endTime="2020-12-22T00:07:19.4312241+01:00" testType="13cdc9d9-ddb5-4fa4-a97d-d965ccfc6d4b" outcome="Passed" testListId="8c84fa94-04c1-424b-9868-57a2d4851a1d" relativeResultsDirectory="b33d720d-1469-487b-b4c9-d13f04ab93cb" />
    <UnitTestResult executionId="ed09dfe7-fb35-4ff6-987b-be5461eebcdc" testId="3e90431b-d28c-c271-ef23-978dcb2898e8" testName="_2020.Tests.Days.Day3Tests.Move_Works(fileContent: &quot;...\r\nX..&quot;, coordinates: [0, 0, 0, 1], isTree: False)" computerName="LAPTOP-35RG0TO8" duration="00:00:00.0213997" startTime="2020-12-22T00:07:19.4080619+01:00" endTime="2020-12-22T00:07:19.4080622+01:00" testType="13cdc9d9-ddb5-4fa4-a97d-d965ccfc6d4b" outcome="Passed" testListId="8c84fa94-04c1-424b-9868-57a2d4851a1d" relativeResultsDirectory="ed09dfe7-fb35-4ff6-987b-be5461eebcdc" />
    <UnitTestResult executionId="7ee03adb-1737-499e-aab6-16cf54e6a59f" testId="f0d3000f-be7b-27df-36a0-5c04859590b9" testName="_2020.Tests.Days.Day18Tests.Part1_pack(testCaseName: &quot;puzzleinput&quot;, expectedResult: &quot;3885386961962&quot;, _: &quot;112899558798666&quot;, fileContent: &quot;2 + (2 + 6 * (4 * 5 * 8 * 7) + 3) * (9 + (4 * 3 * &quot;...)" computerName="LAPTOP-35RG0TO8" duration="00:00:00.3008339" startTime="2020-12-22T00:07:19.6736402+01:00" endTime="2020-12-22T00:07:19.6736427+01:00" testType="13cdc9d9-ddb5-4fa4-a97d-d965ccfc6d4b" outcome="Passed" testListId="8c84fa94-04c1-424b-9868-57a2d4851a1d" relativeResultsDirectory="7ee03adb-1737-499e-aab6-16cf54e6a59f" />
    <UnitTestResult executionId="dc33480f-39ba-4831-8e5c-b46fdf4586e5" testId="5a6838e8-c034-4ac2-cf4a-650d8f91ee6f" testName="_2020.Tests.Days.Day15Tests.Part2_Pack(testCaseName: &quot;example1&quot;, _: &quot;436&quot;, expectedResult: &quot;175594&quot;, fileContent: &quot;0,3,6&quot;)" computerName="LAPTOP-35RG0TO8" duration="00:00:06.2904022" startTime="2020-12-22T00:07:25.6663918+01:00" endTime="2020-12-22T00:07:25.6663946+01:00" testType="13cdc9d9-ddb5-4fa4-a97d-d965ccfc6d4b" outcome="Passed" testListId="8c84fa94-04c1-424b-9868-57a2d4851a1d" relativeResultsDirectory="dc33480f-39ba-4831-8e5c-b46fdf4586e5" />
    <UnitTestResult executionId="87279b16-2598-474c-8e9e-982fbb8d2da6" testId="f6865024-5e66-1a8c-8eaa-13d5eb300007" testName="_2020.Tests.Days.Day6Tests.Part1_pack(testCaseName: &quot;puzzleinput&quot;, expectedResult: &quot;6551&quot;, _: &quot;3358&quot;, fileContent: &quot;nvlyak\r\nnyvha\r\nyaen\r\nqynia\r\n\r\nkend\r\nen&quot;...)" computerName="LAPTOP-35RG0TO8" duration="00:00:00.0173549" startTime="2020-12-22T00:07:19.3916575+01:00" endTime="2020-12-22T00:07:19.3916579+01:00" testType="13cdc9d9-ddb5-4fa4-a97d-d965ccfc6d4b" outcome="Passed" testListId="8c84fa94-04c1-424b-9868-57a2d4851a1d" relativeResultsDirectory="87279b16-2598-474c-8e9e-982fbb8d2da6" />
    <UnitTestResult executionId="dee31b6a-54ad-4ba7-98f3-44dc380a0001" testId="0f9af31d-0f66-fa47-7811-06be3c347ad8" testName="_2020.Tests.Days.Day4Tests.Part2_Pack(testCaseName: &quot;invalid&quot;, _: &quot;4&quot;, expectedResult: &quot;0&quot;, fileContent: &quot;eyr:1972 cid:100\r\nhcl:#18171d ecl:amb hgt:170 pi&quot;...)" computerName="LAPTOP-35RG0TO8" duration="00:00:00.0068581" startTime="2020-12-22T00:07:19.3836731+01:00" endTime="2020-12-22T00:07:19.3836739+01:00" testType="13cdc9d9-ddb5-4fa4-a97d-d965ccfc6d4b" outcome="Passed" testListId="8c84fa94-04c1-424b-9868-57a2d4851a1d" relativeResultsDirectory="dee31b6a-54ad-4ba7-98f3-44dc380a0001" />
    <UnitTestResult executionId="957b4ad5-e623-4cff-a7c7-f71db9756dd4" testId="4d95249a-c4ec-74a6-909c-c074eed39474" testName="_2020.Tests.Days.Day10Tests.Part1_pack(testCaseName: &quot;example1&quot;, expectedResult: &quot;35&quot;, _: &quot;8&quot;, fileContent: &quot;16\r\n10\r\n15\r\n5\r\n1\r\n11\r\n7\r\n19\r\n6\r\n&quot;...)" computerName="LAPTOP-35RG0TO8" duration="00:00:00.0364518" startTime="2020-12-22T00:07:19.3246014+01:00" endTime="2020-12-22T00:07:19.3246018+01:00" testType="13cdc9d9-ddb5-4fa4-a97d-d965ccfc6d4b" outcome="Passed" testListId="8c84fa94-04c1-424b-9868-57a2d4851a1d" relativeResultsDirectory="957b4ad5-e623-4cff-a7c7-f71db9756dd4" />
    <UnitTestResult executionId="011c8884-7d93-4657-9cfe-687cfefb9e65" testId="f628c761-3433-71e0-dc9a-7aeaf5162951" testName="_2020.Tests.Days.Day18Tests.Part2_Calculates_AsExpectedResult(testCase: &quot;1 + (2 * 3) + (4 * (5 + 6))&quot;, expectedResult: 51)" computerName="LAPTOP-35RG0TO8" duration="00:00:00.0465167" startTime="2020-12-22T00:07:19.4175151+01:00" endTime="2020-12-22T00:07:19.4175155+01:00" testType="13cdc9d9-ddb5-4fa4-a97d-d965ccfc6d4b" outcome="Passed" testListId="8c84fa94-04c1-424b-9868-57a2d4851a1d" relativeResultsDirectory="011c8884-7d93-4657-9cfe-687cfefb9e65" />
    <UnitTestResult executionId="1a10b38e-eca1-4db6-97a0-fa7061e1dadf" testId="ef12b05a-db9c-a4d1-6bf6-f50fcc998ceb" testName="_2020.Tests.Days.Day15Tests.Part1_pack(testCaseName: &quot;example6&quot;, expectedResult: &quot;438&quot;, _: &quot;18&quot;, fileContent: &quot;3,2,1&quot;)" computerName="LAPTOP-35RG0TO8" duration="00:00:00.0003577" startTime="2020-12-22T00:07:19.4313161+01:00" endTime="2020-12-22T00:07:19.4313163+01:00" testType="13cdc9d9-ddb5-4fa4-a97d-d965ccfc6d4b" outcome="Passed" testListId="8c84fa94-04c1-424b-9868-57a2d4851a1d" relativeResultsDirectory="1a10b38e-eca1-4db6-97a0-fa7061e1dadf" />
    <UnitTestResult executionId="f086a73e-3ba3-477a-917b-6e647c9160b7" testId="5b9149bb-3a0e-df91-0be0-26f9f7da6a9a" testName="_2020.Tests.Days.Day18Tests.Part1_Calculates_AsExpectedResult(testCase: &quot;1 + (2 * 3) + (4 * (5 + 6))&quot;, expectedResult: 51)" computerName="LAPTOP-35RG0TO8" duration="00:00:00.0005939" startTime="2020-12-22T00:07:19.4313533+01:00" endTime="2020-12-22T00:07:19.4313535+01:00" testType="13cdc9d9-ddb5-4fa4-a97d-d965ccfc6d4b" outcome="Passed" testListId="8c84fa94-04c1-424b-9868-57a2d4851a1d" relativeResultsDirectory="f086a73e-3ba3-477a-917b-6e647c9160b7" />
    <UnitTestResult executionId="ac74ce41-b4df-474a-83ee-c06a77658e81" testId="080b3b6b-2753-c9a6-9f1e-0b651fcd9c49" testName="_2020.Tests.Days.Day18Tests.Part2_Pack(testCaseName: &quot;puzzleinput&quot;, _: &quot;3885386961962&quot;, expectedResult: &quot;112899558798666&quot;, fileContent: &quot;2 + (2 + 6 * (4 * 5 * 8 * 7) + 3) * (9 + (4 * 3 * &quot;...)" computerName="LAPTOP-35RG0TO8" duration="00:00:00.0902900" startTime="2020-12-22T00:07:19.7640434+01:00" endTime="2020-12-22T00:07:19.7640460+01:00" testType="13cdc9d9-ddb5-4fa4-a97d-d965ccfc6d4b" outcome="Passed" testListId="8c84fa94-04c1-424b-9868-57a2d4851a1d" relativeResultsDirectory="ac74ce41-b4df-474a-83ee-c06a77658e81" />
    <UnitTestResult executionId="fb5c6af6-1e6b-4c5d-ab87-866b0adbbce5" testId="d612b35d-eb74-c9d6-7c08-b6087fbf724b" testName="_2020.Tests.Days.Day13Tests.Part1_pack(testCaseName: &quot;puzzleinput&quot;, expectedResult: &quot;4135&quot;, _: &quot;640856202464541&quot;, fileContent: &quot;1011416\r\n41,x,x,x,x,x,x,x,x,x,x,x,x,x,x,x,x,x,x,&quot;...)" computerName="LAPTOP-35RG0TO8" duration="00:00:00.0139174" startTime="2020-12-22T00:07:19.4461893+01:00" endTime="2020-12-22T00:07:19.4461898+01:00" testType="13cdc9d9-ddb5-4fa4-a97d-d965ccfc6d4b" outcome="Passed" testListId="8c84fa94-04c1-424b-9868-57a2d4851a1d" relativeResultsDirectory="fb5c6af6-1e6b-4c5d-ab87-866b0adbbce5" />
    <UnitTestResult executionId="d5ddc2a5-5bc5-4323-837d-617f0eb782ea" testId="0a2c2f88-73a7-a432-398b-2f86564fd773" testName="_2020.Tests.Days.Day13Tests.Part1_pack(testCaseName: &quot;example1&quot;, expectedResult: &quot;295&quot;, _: &quot;1068781&quot;, fileContent: &quot;939\r\n7,13,x,x,59,x,31,19&quot;)" computerName="LAPTOP-35RG0TO8" duration="00:00:00.0001304" startTime="2020-12-22T00:07:19.4462557+01:00" endTime="2020-12-22T00:07:19.4462561+01:00" testType="13cdc9d9-ddb5-4fa4-a97d-d965ccfc6d4b" outcome="Passed" testListId="8c84fa94-04c1-424b-9868-57a2d4851a1d" relativeResultsDirectory="d5ddc2a5-5bc5-4323-837d-617f0eb782ea" />
    <UnitTestResult executionId="e0c02af7-a216-44b5-b90c-9ad1303cc93e" testId="02ecd7ab-bcdf-e3ce-73c4-60d49e1f8cf1" testName="_2020.Tests.Days.Day12Tests.Part2_Pack(testCaseName: &quot;example1&quot;, _: &quot;25&quot;, expectedResult: &quot;286&quot;, fileContent: &quot;F10\r\nN3\r\nF7\r\nR90\r\nF11&quot;)" computerName="LAPTOP-35RG0TO8" duration="00:00:00.0000279" startTime="2020-12-22T00:07:19.3692742+01:00" endTime="2020-12-22T00:07:19.3692749+01:00" testType="13cdc9d9-ddb5-4fa4-a97d-d965ccfc6d4b" outcome="Passed" testListId="8c84fa94-04c1-424b-9868-57a2d4851a1d" relativeResultsDirectory="e0c02af7-a216-44b5-b90c-9ad1303cc93e" />
    <UnitTestResult executionId="84e26a2a-6139-4791-8a75-64b489723111" testId="02be2eb2-b9b7-27e5-1198-908b3671a59d" testName="_2020.Tests.Days.Day16Tests.Part1_pack(testCaseName: &quot;puzzleinput&quot;, expectedResult: &quot;20060&quot;, _: &quot;1213906609901&quot;, fileContent: &quot;departure location: 37-594 or 615-952\r\ndeparture&quot;...)" computerName="LAPTOP-35RG0TO8" duration="00:00:00.0510286" startTime="2020-12-22T00:07:19.3842456+01:00" endTime="2020-12-22T00:07:19.3842465+01:00" testType="13cdc9d9-ddb5-4fa4-a97d-d965ccfc6d4b" outcome="Passed" testListId="8c84fa94-04c1-424b-9868-57a2d4851a1d" relativeResultsDirectory="84e26a2a-6139-4791-8a75-64b489723111" />
    <UnitTestResult executionId="3233ada6-f549-4feb-8168-25dd076073ec" testId="6c7ab625-d6dc-0b1e-f7ad-fc94ba9002b5" testName="_2020.Tests.Days.Day18Tests.Part1_Calculates_AsExpectedResult(testCase: &quot;1 + 2 * 3 + 4 * 5 + 6&quot;, expectedResult: 71)" computerName="LAPTOP-35RG0TO8" duration="00:00:00.0028417" startTime="2020-12-22T00:07:19.4374790+01:00" endTime="2020-12-22T00:07:19.4374800+01:00" testType="13cdc9d9-ddb5-4fa4-a97d-d965ccfc6d4b" outcome="Passed" testListId="8c84fa94-04c1-424b-9868-57a2d4851a1d" relativeResultsDirectory="3233ada6-f549-4feb-8168-25dd076073ec" />
    <UnitTestResult executionId="5572010f-46a9-43b4-993d-8ac40b09d181" testId="bfaca6be-0b52-deae-c673-4467abedb8b9" testName="_2020.Tests.Days.Day18Tests.Part1_Calculates_AsExpectedResult(testCase: &quot;2 * 3 + (4 * 5)&quot;, expectedResult: 26)" computerName="LAPTOP-35RG0TO8" duration="00:00:00.0009653" startTime="2020-12-22T00:07:19.4249152+01:00" endTime="2020-12-22T00:07:19.4249157+01:00" testType="13cdc9d9-ddb5-4fa4-a97d-d965ccfc6d4b" outcome="Passed" testListId="8c84fa94-04c1-424b-9868-57a2d4851a1d" relativeResultsDirectory="5572010f-46a9-43b4-993d-8ac40b09d181" />
    <UnitTestResult executionId="06511a61-725b-4e16-b323-890465ccef39" testId="3313912d-5a78-642f-b1f1-ec6ce77d37ce" testName="_2020.Tests.Days.Day18Tests.Part1_Calculates_AsExpectedResult(testCase: &quot;((2 + 4 * 9) * (6 + 9 * 8 + 6) + 6) + 2 + 4 * 2&quot;, expectedResult: 13632)" computerName="LAPTOP-35RG0TO8" duration="00:00:00.0003819" startTime="2020-12-22T00:07:19.4314246+01:00" endTime="2020-12-22T00:07:19.4314248+01:00" testType="13cdc9d9-ddb5-4fa4-a97d-d965ccfc6d4b" outcome="Passed" testListId="8c84fa94-04c1-424b-9868-57a2d4851a1d" relativeResultsDirectory="06511a61-725b-4e16-b323-890465ccef39" />
    <UnitTestResult executionId="ca9caa42-028e-4a9d-961b-86a89dcc0636" testId="8aed83a5-1388-ee14-1e01-687801be888e" testName="_2020.Tests.Days.Day4Tests.Part1_pack(testCaseName: &quot;valid&quot;, expectedResult: &quot;4&quot;, _: &quot;4&quot;, fileContent: &quot;pid:087499704 hgt:74in ecl:grn iyr:2012 eyr:2030 b&quot;...)" computerName="LAPTOP-35RG0TO8" duration="00:00:00.0292666" startTime="2020-12-22T00:07:19.3245838+01:00" endTime="2020-12-22T00:07:19.3245842+01:00" testType="13cdc9d9-ddb5-4fa4-a97d-d965ccfc6d4b" outcome="Passed" testListId="8c84fa94-04c1-424b-9868-57a2d4851a1d" relativeResultsDirectory="ca9caa42-028e-4a9d-961b-86a89dcc0636" />
    <UnitTestResult executionId="c98197b4-24b1-4727-a94f-847bc4127eff" testId="7deeee6f-5f68-e96c-55d2-19a70aab7c3d" testName="_2020.Tests.Days.Day3Tests.Move_Works(fileContent: &quot;.......\r\n...#...\r\n......#&quot;, coordinates: [3, 1, 6, 2], isTree: True)" computerName="LAPTOP-35RG0TO8" duration="00:00:00.0000469" startTime="2020-12-22T00:07:19.4081214+01:00" endTime="2020-12-22T00:07:19.4081217+01:00" testType="13cdc9d9-ddb5-4fa4-a97d-d965ccfc6d4b" outcome="Passed" testListId="8c84fa94-04c1-424b-9868-57a2d4851a1d" relativeResultsDirectory="c98197b4-24b1-4727-a94f-847bc4127eff" />
    <UnitTestResult executionId="3e8e724b-d5e5-4982-89ba-670f77420d8f" testId="dffdb84d-1db1-5f4c-67d3-f3140d14b547" testName="_2020.Tests.Days.Day16Tests.Part2_Pack(testCaseName: &quot;example1&quot;, _: &quot;71&quot;, expectedResult: &quot;0&quot;, fileContent: &quot;class: 1-3 or 5-7\r\nrow: 6-11 or 33-44\r\nseat: 1&quot;...)" computerName="LAPTOP-35RG0TO8" duration="00:00:00.0001048" startTime="2020-12-22T00:07:19.4246266+01:00" endTime="2020-12-22T00:07:19.4246273+01:00" testType="13cdc9d9-ddb5-4fa4-a97d-d965ccfc6d4b" outcome="Passed" testListId="8c84fa94-04c1-424b-9868-57a2d4851a1d" relativeResultsDirectory="3e8e724b-d5e5-4982-89ba-670f77420d8f" />
    <UnitTestResult executionId="924f5ccd-acfc-4ac6-870c-8ad6ec05f58b" testId="8bad9a6e-64b2-6364-8b28-5b3c61b85444" testName="_2020.Tests.Days.Day19Tests.Part2_Pack(testCaseName: &quot;example2&quot;, _: &quot;3&quot;, expectedResult: &quot;12&quot;, fileContent: &quot;42: 9 14 | 10 1\r\n9: 14 27 | 1 26\r\n10: 23 14 | &quot;...)" computerName="LAPTOP-35RG0TO8" duration="00:00:00.0204036" startTime="2020-12-22T00:07:19.6678307+01:00" endTime="2020-12-22T00:07:19.6678337+01:00" testType="13cdc9d9-ddb5-4fa4-a97d-d965ccfc6d4b" outcome="Passed" testListId="8c84fa94-04c1-424b-9868-57a2d4851a1d" relativeResultsDirectory="924f5ccd-acfc-4ac6-870c-8ad6ec05f58b" />
    <UnitTestResult executionId="72e89f2a-7f15-4523-93d1-1f3c333ef0de" testId="334e5607-9cdb-e672-5c7f-406da37d6d7e" testName="_2020.Tests.Days.Day18Tests.Part1_Calculates_AsExpectedResult(testCase: &quot;5 + (8 * 3 + 9 + 3 * 4 * 3)&quot;, expectedResult: 437)" computerName="LAPTOP-35RG0TO8" duration="00:00:00.0001785" startTime="2020-12-22T00:07:19.4314601+01:00" endTime="2020-12-22T00:07:19.4314603+01:00" testType="13cdc9d9-ddb5-4fa4-a97d-d965ccfc6d4b" outcome="Passed" testListId="8c84fa94-04c1-424b-9868-57a2d4851a1d" relativeResultsDirectory="72e89f2a-7f15-4523-93d1-1f3c333ef0de" />
    <UnitTestResult executionId="806c2f3a-2055-4c89-8db8-ddb5b902975b" testId="ea350fd8-4960-b90d-698c-7f319b46d10e" testName="_2020.Tests.Days.Day11Tests.Part1_pack(testCaseName: &quot;puzzleinput&quot;, expectedResult: &quot;2310&quot;, _: &quot;2074&quot;, fileContent: &quot;LLLLLLLLLL.LLLLLLLL.LLLLLLLLLLLLL.LLLLL.LLLL.LL.L.&quot;...)" computerName="LAPTOP-35RG0TO8" duration="00:00:01.4206106" startTime="2020-12-22T00:07:22.0960930+01:00" endTime="2020-12-22T00:07:22.0961039+01:00" testType="13cdc9d9-ddb5-4fa4-a97d-d965ccfc6d4b" outcome="Passed" testListId="8c84fa94-04c1-424b-9868-57a2d4851a1d" relativeResultsDirectory="806c2f3a-2055-4c89-8db8-ddb5b902975b" />
    <UnitTestResult executionId="103e97a1-2053-46b8-a83f-d35759dab120" testId="e1d927d7-1291-e12a-bf18-839c35a2f680" testName="_2020.Tests.Days.Day21Tests.Part2_Pack(testCaseName: &quot;puzzleexample&quot;, _: &quot;2176&quot;, expectedResult: &quot;lvv,xblchx,tr,gzvsg,jlsqx,fnntr,pmz,csqc&quot;, fileContent: &quot;hptqj nsmzxmb fzrl dqzqc lpdzt jlsqx hxppxj thfxd &quot;...)" computerName="LAPTOP-35RG0TO8" duration="00:00:00.0158036" startTime="2020-12-22T00:07:19.4463126+01:00" endTime="2020-12-22T00:07:19.4463131+01:00" testType="13cdc9d9-ddb5-4fa4-a97d-d965ccfc6d4b" outcome="Passed" testListId="8c84fa94-04c1-424b-9868-57a2d4851a1d" relativeResultsDirectory="103e97a1-2053-46b8-a83f-d35759dab120" />
    <UnitTestResult executionId="7073a299-3140-4fde-8e07-d93bb57aa439" testId="db9d81cc-9f3b-68f2-2d29-410e4425b6d1" testName="_2020.Tests.Days.Day10Tests.Part2_Pack(testCaseName: &quot;example_small&quot;, _: &quot;12&quot;, expectedResult: &quot;4&quot;, fileContent: &quot;3\r\n4\r\n5\r\n8\r\n9\r\n10&quot;)" computerName="LAPTOP-35RG0TO8" duration="00:00:00.0000203" startTime="2020-12-22T00:07:19.4016449+01:00" endTime="2020-12-22T00:07:19.4016459+01:00" testType="13cdc9d9-ddb5-4fa4-a97d-d965ccfc6d4b" outcome="Passed" testListId="8c84fa94-04c1-424b-9868-57a2d4851a1d" relativeResultsDirectory="7073a299-3140-4fde-8e07-d93bb57aa439" />
    <UnitTestResult executionId="0b09601c-3a6f-44b2-a48c-27453aaff32d" testId="6c059688-c465-f5a5-7144-0e70ce180f19" testName="_2020.Tests.Days.Day14Tests.Part1_pack(testCaseName: &quot;example2&quot;, expectedResult: &quot;51&quot;, _: &quot;208&quot;, fileContent: &quot;mask = 000000000000000000000000000000X1001X\r\nmem&quot;...)" computerName="LAPTOP-35RG0TO8" duration="00:00:00.0038184" startTime="2020-12-22T00:07:19.4172236+01:00" endTime="2020-12-22T00:07:19.4172243+01:00" testType="13cdc9d9-ddb5-4fa4-a97d-d965ccfc6d4b" outcome="Passed" testListId="8c84fa94-04c1-424b-9868-57a2d4851a1d" relativeResultsDirectory="0b09601c-3a6f-44b2-a48c-27453aaff32d" />
    <UnitTestResult executionId="709e48a9-7db0-4aed-8c07-ecf72a7bddb1" testId="9fcb3a2b-27f0-5f22-0206-56c0549b9a84" testName="_2020.Tests.Days.Day6Tests.Part2_Pack(testCaseName: &quot;example1&quot;, _: &quot;11&quot;, expectedResult: &quot;6&quot;, fileContent: &quot;abc\r\n\r\na\r\nb\r\nc\r\n\r\nab\r\nac\r\n\r\na\r\&quot;...)" computerName="LAPTOP-35RG0TO8" duration="00:00:00.0286189" startTime="2020-12-22T00:07:19.3245393+01:00" endTime="2020-12-22T00:07:19.3245404+01:00" testType="13cdc9d9-ddb5-4fa4-a97d-d965ccfc6d4b" outcome="Passed" testListId="8c84fa94-04c1-424b-9868-57a2d4851a1d" relativeResultsDirectory="709e48a9-7db0-4aed-8c07-ecf72a7bddb1" />
    <UnitTestResult executionId="fb64d972-e272-40ba-a72d-744837db6c60" testId="3e8c6d43-8d09-84bb-a295-43059662202b" testName="_2020.Tests.Days.Day15Tests.Part1_pack(testCaseName: &quot;example7&quot;, expectedResult: &quot;1836&quot;, _: &quot;362&quot;, fileContent: &quot;3,1,2&quot;)" computerName="LAPTOP-35RG0TO8" duration="00:00:00.0003556" startTime="2020-12-22T00:07:19.4313891+01:00" endTime="2020-12-22T00:07:19.4313893+01:00" testType="13cdc9d9-ddb5-4fa4-a97d-d965ccfc6d4b" outcome="Passed" testListId="8c84fa94-04c1-424b-9868-57a2d4851a1d" relativeResultsDirectory="fb64d972-e272-40ba-a72d-744837db6c60" />
    <UnitTestResult executionId="6205a6ce-6323-4552-83b8-625363641697" testId="4dc9e345-1e1c-7c56-ffd6-51f432d6c33b" testName="_2020.Tests.Days.Day9Tests.Part1_pack(testCaseName: &quot;example1&quot;, expectedResult: &quot;127&quot;, preamble: &quot;5&quot;, _: &quot;62&quot;, fileContent: &quot;35\r\n20\r\n15\r\n25\r\n47\r\n40\r\n62\r\n55\r\n65&quot;...)" computerName="LAPTOP-35RG0TO8" duration="00:00:00.0342763" startTime="2020-12-22T00:07:19.3189382+01:00" endTime="2020-12-22T00:07:19.3189387+01:00" testType="13cdc9d9-ddb5-4fa4-a97d-d965ccfc6d4b" outcome="Passed" testListId="8c84fa94-04c1-424b-9868-57a2d4851a1d" relativeResultsDirectory="6205a6ce-6323-4552-83b8-625363641697" />
    <UnitTestResult executionId="8ab8fa2a-e19f-45fd-8969-f06855ab1164" testId="6b95806a-569f-591e-33c5-cf371e97a169" testName="_2020.Tests.Days.Day7Tests.Part1_pack(testCaseName: &quot;puzzleinput&quot;, expectedResult: &quot;335&quot;, _: &quot;2431&quot;, fileContent: &quot;dim silver bags contain 3 posh fuchsia bags.\r\nwa&quot;...)" computerName="LAPTOP-35RG0TO8" duration="00:00:00.0196969" startTime="2020-12-22T00:07:19.4173961+01:00" endTime="2020-12-22T00:07:19.4173972+01:00" testType="13cdc9d9-ddb5-4fa4-a97d-d965ccfc6d4b" outcome="Passed" testListId="8c84fa94-04c1-424b-9868-57a2d4851a1d" relativeResultsDirectory="8ab8fa2a-e19f-45fd-8969-f06855ab1164" />
    <UnitTestResult executionId="34ac6f17-ad85-4c20-a830-3cdda9865c61" testId="de2d88b7-cfd9-036b-e718-618c36e4686c" testName="_2020.Tests.Days.Day4Tests.Part2(fileContent: &quot;eyr:2027\r\nhcl:#602927\r\nhgt:186cm byr:1939 iyr:&quot;...)" computerName="LAPTOP-35RG0TO8" duration="00:00:00.0161808" startTime="2020-12-22T00:07:19.4022865+01:00" endTime="2020-12-22T00:07:19.4022869+01:00" testType="13cdc9d9-ddb5-4fa4-a97d-d965ccfc6d4b" outcome="Passed" testListId="8c84fa94-04c1-424b-9868-57a2d4851a1d" relativeResultsDirectory="34ac6f17-ad85-4c20-a830-3cdda9865c61">
      <Output>
        <StdOut>answer for part 2 is: 194</StdOut>
      </Output>
    </UnitTestResult>
    <UnitTestResult executionId="ba33a337-6596-47e3-af64-525ba5a84c97" testId="0ae8165c-5db8-2151-c07c-655806764c15" testName="_2020.Tests.Days.Day6Tests.Part2_Pack(testCaseName: &quot;puzzleinput&quot;, _: &quot;6551&quot;, expectedResult: &quot;3358&quot;, fileContent: &quot;nvlyak\r\nnyvha\r\nyaen\r\nqynia\r\n\r\nkend\r\nen&quot;...)" computerName="LAPTOP-35RG0TO8" duration="00:00:00.0022131" startTime="2020-12-22T00:07:19.3772230+01:00" endTime="2020-12-22T00:07:19.3772234+01:00" testType="13cdc9d9-ddb5-4fa4-a97d-d965ccfc6d4b" outcome="Passed" testListId="8c84fa94-04c1-424b-9868-57a2d4851a1d" relativeResultsDirectory="ba33a337-6596-47e3-af64-525ba5a84c97" />
    <UnitTestResult executionId="e8c4b000-9d99-4101-a1be-d236b5532039" testId="16df4b72-a1be-7d8a-175c-1e6c5237fc4e" testName="_2020.Tests.Days.Day14Tests.Part1_pack(testCaseName: &quot;example1&quot;, expectedResult: &quot;165&quot;, _: &quot;&quot;, fileContent: &quot;mask = XXXXXXXXXXXXXXXXXXXXXXXXXXXXX1XXXX0X\r\nmem&quot;...)" computerName="LAPTOP-35RG0TO8" duration="00:00:00.0000699" startTime="2020-12-22T00:07:19.4172925+01:00" endTime="2020-12-22T00:07:19.4172930+01:00" testType="13cdc9d9-ddb5-4fa4-a97d-d965ccfc6d4b" outcome="Passed" testListId="8c84fa94-04c1-424b-9868-57a2d4851a1d" relativeResultsDirectory="e8c4b000-9d99-4101-a1be-d236b5532039" />
    <UnitTestResult executionId="961b3889-47a6-4a2c-a4f3-9249191a467c" testId="ead7075b-f824-edda-74c3-54f68b078b04" testName="_2020.Tests.Days.Day15Tests.Part2_Pack(testCaseName: &quot;example7&quot;, _: &quot;1836&quot;, expectedResult: &quot;362&quot;, fileContent: &quot;3,1,2&quot;)" computerName="LAPTOP-35RG0TO8" duration="00:00:04.1492031" startTime="2020-12-22T00:07:48.0223603+01:00" endTime="2020-12-22T00:07:48.0223663+01:00" testType="13cdc9d9-ddb5-4fa4-a97d-d965ccfc6d4b" outcome="Passed" testListId="8c84fa94-04c1-424b-9868-57a2d4851a1d" relativeResultsDirectory="961b3889-47a6-4a2c-a4f3-9249191a467c" />
    <UnitTestResult executionId="9eb8716f-6090-49fd-941a-0ae560da65e8" testId="5e9fd67a-100d-f0f8-28f8-739d3a791929" testName="_2020.Tests.Days.Day19Tests.Part1_pack(testCaseName: &quot;example2&quot;, expectedResult: &quot;3&quot;, _: &quot;12&quot;, fileContent: &quot;42: 9 14 | 10 1\r\n9: 14 27 | 1 26\r\n10: 23 14 | &quot;...)" computerName="LAPTOP-35RG0TO8" duration="00:00:00.0011392" startTime="2020-12-22T00:07:19.4524470+01:00" endTime="2020-12-22T00:07:19.4524472+01:00" testType="13cdc9d9-ddb5-4fa4-a97d-d965ccfc6d4b" outcome="Passed" testListId="8c84fa94-04c1-424b-9868-57a2d4851a1d" relativeResultsDirectory="9eb8716f-6090-49fd-941a-0ae560da65e8" />
    <UnitTestResult executionId="266aa8d0-8c23-4c03-889d-099d272fa1b5" testId="e7fe6284-3fcb-b9cb-9a4e-f74cf392b140" testName="_2020.Tests.Days.Day3Tests.Part1_case3(fileContent: &quot;..##.......\r\n#...#...#..\r\n.#....#..#.\r\n..#.#&quot;...)" computerName="LAPTOP-35RG0TO8" duration="00:00:00.0001915" startTime="2020-12-22T00:07:19.4457136+01:00" endTime="2020-12-22T00:07:19.4457146+01:00" testType="13cdc9d9-ddb5-4fa4-a97d-d965ccfc6d4b" outcome="Passed" testListId="8c84fa94-04c1-424b-9868-57a2d4851a1d" relativeResultsDirectory="266aa8d0-8c23-4c03-889d-099d272fa1b5" />
    <UnitTestResult executionId="1fcd4d1e-0b1f-4312-b664-53f37fd2a046" testId="2457c214-d49a-003d-4e5f-ffc3d1c0b075" testName="_2020.Tests.Days.Day19Tests.Part2_Pack(testCaseName: &quot;puzzleexample&quot;, _: &quot;147&quot;, expectedResult: &quot;263&quot;, fileContent: &quot;90: 86 86\r\n122: 86 1 | 99 20\r\n116: 86 58 | 99 &quot;...)" computerName="LAPTOP-35RG0TO8" duration="00:00:00.2221489" startTime="2020-12-22T00:07:19.6474412+01:00" endTime="2020-12-22T00:07:19.6474448+01:00" testType="13cdc9d9-ddb5-4fa4-a97d-d965ccfc6d4b" outcome="Passed" testListId="8c84fa94-04c1-424b-9868-57a2d4851a1d" relativeResultsDirectory="1fcd4d1e-0b1f-4312-b664-53f37fd2a046" />
    <UnitTestResult executionId="1b918ae8-e51d-4c64-97c0-007b01f6bfa6" testId="d87515a5-cd25-21bb-1381-51ed2081f274" testName="_2020.Tests.Days.Day8Tests.Part2_Pack(testCaseName: &quot;example1&quot;, _: &quot;5&quot;, expectedResult: &quot;8&quot;, fileContent: &quot;nop +0\r\nacc +1\r\njmp +4\r\nacc +3\r\njmp -3\r\n&quot;...)" computerName="LAPTOP-35RG0TO8" duration="00:00:00.0215828" startTime="2020-12-22T00:07:19.3004689+01:00" endTime="2020-12-22T00:07:19.3012732+01:00" testType="13cdc9d9-ddb5-4fa4-a97d-d965ccfc6d4b" outcome="Passed" testListId="8c84fa94-04c1-424b-9868-57a2d4851a1d" relativeResultsDirectory="1b918ae8-e51d-4c64-97c0-007b01f6bfa6" />
    <UnitTestResult executionId="88f094db-bf70-4ac3-8d02-edd3e111c92c" testId="32ed6bd8-e0af-dd5c-7f74-96ea03b7cf74" testName="_2020.Tests.Days.Day11Tests.Part2_Pack(testCaseName: &quot;example1&quot;, _: &quot;37&quot;, expectedResult: &quot;26&quot;, fileContent: &quot;L.LL.LL.LL\r\nLLLLLLL.LL\r\nL.L.L..L..\r\nLLLL.LL.&quot;...)" computerName="LAPTOP-35RG0TO8" duration="00:00:00.0389479" startTime="2020-12-22T00:07:19.3693421+01:00" endTime="2020-12-22T00:07:19.3693425+01:00" testType="13cdc9d9-ddb5-4fa4-a97d-d965ccfc6d4b" outcome="Passed" testListId="8c84fa94-04c1-424b-9868-57a2d4851a1d" relativeResultsDirectory="88f094db-bf70-4ac3-8d02-edd3e111c92c" />
    <UnitTestResult executionId="258780ab-b6db-4b18-a220-b69d1aeb81f9" testId="0bed3344-fa0a-42d1-498c-c81531501fe8" testName="_2020.Tests.Days.Day21Tests.Part1_pack(testCaseName: &quot;puzzleexample&quot;, expectedResult: &quot;2176&quot;, _: &quot;lvv,xblchx,tr,gzvsg,jlsqx,fnntr,pmz,csqc&quot;, fileContent: &quot;hptqj nsmzxmb fzrl dqzqc lpdzt jlsqx hxppxj thfxd &quot;...)" computerName="LAPTOP-35RG0TO8" duration="00:00:00.0226128" startTime="2020-12-22T00:07:19.4524861+01:00" endTime="2020-12-22T00:07:19.4524862+01:00" testType="13cdc9d9-ddb5-4fa4-a97d-d965ccfc6d4b" outcome="Passed" testListId="8c84fa94-04c1-424b-9868-57a2d4851a1d" relativeResultsDirectory="258780ab-b6db-4b18-a220-b69d1aeb81f9" />
    <UnitTestResult executionId="4e250756-92ff-4637-9a99-37ee6f14f94d" testId="0b60d97b-b22a-43f0-3b65-c801f8f15e8d" testName="_2020.Tests.Days.Day9Tests.Part2_Pack(testCaseName: &quot;puzzleinput&quot;, _: &quot;41682220&quot;, preamble: &quot;25&quot;, expectedResult: &quot;5388976&quot;, fileContent: &quot;23\r\n3\r\n36\r\n14\r\n50\r\n8\r\n2\r\n44\r\n30\r\&quot;...)" computerName="LAPTOP-35RG0TO8" duration="00:00:00.0016126" startTime="2020-12-22T00:07:19.3773008+01:00" endTime="2020-12-22T00:07:19.3773015+01:00" testType="13cdc9d9-ddb5-4fa4-a97d-d965ccfc6d4b" outcome="Passed" testListId="8c84fa94-04c1-424b-9868-57a2d4851a1d" relativeResultsDirectory="4e250756-92ff-4637-9a99-37ee6f14f94d" />
    <UnitTestResult executionId="dca6e1cd-513f-4cb3-913b-ab4220ded4f2" testId="b2758025-0ea6-8920-1ed3-b47e23fd5591" testName="_2020.Tests.Days.Day10Tests.Part2_Pack(testCaseName: &quot;example1&quot;, _: &quot;35&quot;, expectedResult: &quot;8&quot;, fileContent: &quot;16\r\n10\r\n15\r\n5\r\n1\r\n11\r\n7\r\n19\r\n6\r\n&quot;...)" computerName="LAPTOP-35RG0TO8" duration="00:00:00.0191459" startTime="2020-12-22T00:07:19.3947305+01:00" endTime="2020-12-22T00:07:19.3947309+01:00" testType="13cdc9d9-ddb5-4fa4-a97d-d965ccfc6d4b" outcome="Passed" testListId="8c84fa94-04c1-424b-9868-57a2d4851a1d" relativeResultsDirectory="dca6e1cd-513f-4cb3-913b-ab4220ded4f2" />
    <UnitTestResult executionId="f7f0a91b-9bba-4309-9119-92824aa9b570" testId="4884422f-a201-6166-d234-44d86f6dd8d3" testName="_2020.Tests.Days.Day3Tests.Move_Works(fileContent: &quot;.......\r\n...X...\r\n......X&quot;, coordinates: [3, 1, 6, 2], isTree: False)" computerName="LAPTOP-35RG0TO8" duration="00:00:00.0000113" startTime="2020-12-22T00:07:19.4083231+01:00" endTime="2020-12-22T00:07:19.4083234+01:00" testType="13cdc9d9-ddb5-4fa4-a97d-d965ccfc6d4b" outcome="Passed" testListId="8c84fa94-04c1-424b-9868-57a2d4851a1d" relativeResultsDirectory="f7f0a91b-9bba-4309-9119-92824aa9b570" />
    <UnitTestResult executionId="d5259ec1-0abd-4026-a319-90844110256d" testId="8616f313-0874-0a03-7810-4f3d3de80c81" testName="_2020.Tests.Days.Day18Tests.Part2_Calculates_AsExpectedResult(testCase: &quot;5 + (8 * 3 + 9 + 3 * 4 * 3)&quot;, expectedResult: 1445)" computerName="LAPTOP-35RG0TO8" duration="00:00:00.0001329" startTime="2020-12-22T00:07:19.4244174+01:00" endTime="2020-12-22T00:07:19.4244187+01:00" testType="13cdc9d9-ddb5-4fa4-a97d-d965ccfc6d4b" outcome="Passed" testListId="8c84fa94-04c1-424b-9868-57a2d4851a1d" relativeResultsDirectory="d5259ec1-0abd-4026-a319-90844110256d" />
    <UnitTestResult executionId="8cf00974-91e1-41bb-af2b-b55ddf08112c" testId="7e2b291f-4d36-b74a-6972-5466517a8596" testName="_2020.Tests.Days.Day10Tests.Part2_Pack(testCaseName: &quot;example2&quot;, _: &quot;220&quot;, expectedResult: &quot;19208&quot;, fileContent: &quot;28\r\n33\r\n18\r\n42\r\n31\r\n14\r\n46\r\n20\r\n48&quot;...)" computerName="LAPTOP-35RG0TO8" duration="00:00:00.0000377" startTime="2020-12-22T00:07:19.3949890+01:00" endTime="2020-12-22T00:07:19.3949893+01:00" testType="13cdc9d9-ddb5-4fa4-a97d-d965ccfc6d4b" outcome="Passed" testListId="8c84fa94-04c1-424b-9868-57a2d4851a1d" relativeResultsDirectory="8cf00974-91e1-41bb-af2b-b55ddf08112c" />
    <UnitTestResult executionId="41dc7a9d-68ba-4b1a-8d4a-1d0c2d68d519" testId="f7e40ddb-a284-7426-9379-70e1c4cc7afa" testName="_2020.Tests.Days.Day12Tests.Part1_pack(testCaseName: &quot;puzzleinput&quot;, expectedResult: &quot;1565&quot;, _: &quot;78883&quot;, fileContent: &quot;E5\r\nR90\r\nE5\r\nL90\r\nF80\r\nL90\r\nE3\r\nN5\r&quot;...)" computerName="LAPTOP-35RG0TO8" duration="00:00:00.0051697" startTime="2020-12-22T00:07:19.3836258+01:00" endTime="2020-12-22T00:07:19.3836262+01:00" testType="13cdc9d9-ddb5-4fa4-a97d-d965ccfc6d4b" outcome="Passed" testListId="8c84fa94-04c1-424b-9868-57a2d4851a1d" relativeResultsDirectory="41dc7a9d-68ba-4b1a-8d4a-1d0c2d68d519" />
    <UnitTestResult executionId="28e5020c-a6db-40bf-9f5c-2dae5a69d4f8" testId="56b8ecc6-4451-516f-e6ef-1f4a55f10fe8" testName="_2020.Tests.Days.Day13Tests.Part2_Pack(testCaseName: &quot;example1&quot;, _: &quot;295&quot;, expectedResult: &quot;1068781&quot;, fileContent: &quot;939\r\n7,13,x,x,59,x,31,19&quot;)" computerName="LAPTOP-35RG0TO8" duration="00:00:00.0001265" startTime="2020-12-22T00:07:19.4460374+01:00" endTime="2020-12-22T00:07:19.4460379+01:00" testType="13cdc9d9-ddb5-4fa4-a97d-d965ccfc6d4b" outcome="Passed" testListId="8c84fa94-04c1-424b-9868-57a2d4851a1d" relativeResultsDirectory="28e5020c-a6db-40bf-9f5c-2dae5a69d4f8" />
    <UnitTestResult executionId="44efe3ab-dd6c-4980-9002-2c5a8d974364" testId="59db20d0-347c-a453-444e-683e23e9a040" testName="_2020.Tests.Days.Day15Tests.Part1_pack(testCaseName: &quot;example5&quot;, expectedResult: &quot;78&quot;, _: &quot;6895259&quot;, fileContent: &quot;2,3,1&quot;)" computerName="LAPTOP-35RG0TO8" duration="00:00:00.0003629" startTime="2020-12-22T00:07:19.4314690+01:00" endTime="2020-12-22T00:07:19.4314691+01:00" testType="13cdc9d9-ddb5-4fa4-a97d-d965ccfc6d4b" outcome="Passed" testListId="8c84fa94-04c1-424b-9868-57a2d4851a1d" relativeResultsDirectory="44efe3ab-dd6c-4980-9002-2c5a8d974364" />
    <UnitTestResult executionId="b5e2d9f2-4290-4b7b-bd76-2977fd91d214" testId="d07cd30b-d230-d13b-93e4-5f93de4f56b2" testName="_2020.Tests.Days.Day12Tests.Part1_pack(testCaseName: &quot;example1&quot;, expectedResult: &quot;25&quot;, _: &quot;286&quot;, fileContent: &quot;F10\r\nN3\r\nF7\r\nR90\r\nF11&quot;)" computerName="LAPTOP-35RG0TO8" duration="00:00:00.0006662" startTime="2020-12-22T00:07:19.3771604+01:00" endTime="2020-12-22T00:07:19.3771608+01:00" testType="13cdc9d9-ddb5-4fa4-a97d-d965ccfc6d4b" outcome="Passed" testListId="8c84fa94-04c1-424b-9868-57a2d4851a1d" relativeResultsDirectory="b5e2d9f2-4290-4b7b-bd76-2977fd91d214" />
    <UnitTestResult executionId="4a14a2b8-02c3-4b9a-b975-37c4a2f9a725" testId="04f07e51-e06f-f9ef-687e-27f8f50cd69c" testName="_2020.Tests.Days.Day10Tests.Part1_pack(testCaseName: &quot;example_small&quot;, expectedResult: &quot;12&quot;, _: &quot;4&quot;, fileContent: &quot;3\r\n4\r\n5\r\n8\r\n9\r\n10&quot;)" computerName="LAPTOP-35RG0TO8" duration="00:00:00.0002119" startTime="2020-12-22T00:07:19.3694111+01:00" endTime="2020-12-22T00:07:19.3694115+01:00" testType="13cdc9d9-ddb5-4fa4-a97d-d965ccfc6d4b" outcome="Passed" testListId="8c84fa94-04c1-424b-9868-57a2d4851a1d" relativeResultsDirectory="4a14a2b8-02c3-4b9a-b975-37c4a2f9a725" />
    <UnitTestResult executionId="b36dcd3b-0cdd-455f-a0dd-6d60fb9b2a00" testId="159d3ea9-44fc-4aaa-9da0-18c06a48805e" testName="_2020.Tests.Days.Day4Tests.Part2_Pack(testCaseName: &quot;valid&quot;, _: &quot;4&quot;, expectedResult: &quot;4&quot;, fileContent: &quot;pid:087499704 hgt:74in ecl:grn iyr:2012 eyr:2030 b&quot;...)" computerName="LAPTOP-35RG0TO8" duration="00:00:00.0013431" startTime="2020-12-22T00:07:19.3837761+01:00" endTime="2020-12-22T00:07:19.3837769+01:00" testType="13cdc9d9-ddb5-4fa4-a97d-d965ccfc6d4b" outcome="Passed" testListId="8c84fa94-04c1-424b-9868-57a2d4851a1d" relativeResultsDirectory="b36dcd3b-0cdd-455f-a0dd-6d60fb9b2a00" />
    <UnitTestResult executionId="24a6dd8f-f998-4a5d-ae20-3c67de15a175" testId="355791e2-453d-1a99-4de5-71823162968c" testName="_2020.Tests.Days.Day19Tests.Part2_Pack(testCaseName: &quot;example&quot;, _: &quot;2&quot;, expectedResult: &quot;2&quot;, fileContent: &quot;0: 4 1 5\r\n1: 2 3 | 3 2\r\n2: 4 4 | 5 5\r\n3: 4 5&quot;...)" computerName="LAPTOP-35RG0TO8" duration="00:00:00.0002350" startTime="2020-12-22T00:07:19.6681120+01:00" endTime="2020-12-22T00:07:19.6681132+01:00" testType="13cdc9d9-ddb5-4fa4-a97d-d965ccfc6d4b" outcome="Passed" testListId="8c84fa94-04c1-424b-9868-57a2d4851a1d" relativeResultsDirectory="24a6dd8f-f998-4a5d-ae20-3c67de15a175" />
    <UnitTestResult executionId="8aec7d73-a318-4880-8e7a-df05a326fdb4" testId="67ca508f-a17c-3db3-c22c-394aa968c00c" testName="_2020.Tests.Days.Day15Tests.Part2_Pack(testCaseName: &quot;example6&quot;, _: &quot;438&quot;, expectedResult: &quot;18&quot;, fileContent: &quot;3,2,1&quot;)" computerName="LAPTOP-35RG0TO8" duration="00:00:06.0532984" startTime="2020-12-22T00:07:37.7006884+01:00" endTime="2020-12-22T00:07:37.7006978+01:00" testType="13cdc9d9-ddb5-4fa4-a97d-d965ccfc6d4b" outcome="Passed" testListId="8c84fa94-04c1-424b-9868-57a2d4851a1d" relativeResultsDirectory="8aec7d73-a318-4880-8e7a-df05a326fdb4" />
    <UnitTestResult executionId="d204cf4e-5402-4642-9e19-ffb396bc49b8" testId="01c6738e-928f-12e9-002b-a3010d7f109b" testName="_2020.Tests.Days.Day8Tests.Part2_Pack(testCaseName: &quot;puzzleinput&quot;, _: &quot;2051&quot;, expectedResult: &quot;2304&quot;, fileContent: &quot;jmp +583\r\nacc +9\r\njmp +525\r\njmp +302\r\njmp &quot;...)" computerName="LAPTOP-35RG0TO8" duration="00:00:00.0188575" startTime="2020-12-22T00:07:19.3915051+01:00" endTime="2020-12-22T00:07:19.3915055+01:00" testType="13cdc9d9-ddb5-4fa4-a97d-d965ccfc6d4b" outcome="Passed" testListId="8c84fa94-04c1-424b-9868-57a2d4851a1d" relativeResultsDirectory="d204cf4e-5402-4642-9e19-ffb396bc49b8" />
    <UnitTestResult executionId="429dcee0-0012-45cc-9aff-c718d4dac777" testId="b27c9020-e789-a65d-c36f-5611503fe0b7" testName="_2020.Tests.Days.Day8Tests.Part1_pack(testCaseName: &quot;puzzleinput&quot;, expectedResult: &quot;2051&quot;, _: &quot;2304&quot;, fileContent: &quot;jmp +583\r\nacc +9\r\njmp +525\r\njmp +302\r\njmp &quot;...)" computerName="LAPTOP-35RG0TO8" duration="00:00:00.0002914" startTime="2020-12-22T00:07:19.3946449+01:00" endTime="2020-12-22T00:07:19.3946452+01:00" testType="13cdc9d9-ddb5-4fa4-a97d-d965ccfc6d4b" outcome="Passed" testListId="8c84fa94-04c1-424b-9868-57a2d4851a1d" relativeResultsDirectory="429dcee0-0012-45cc-9aff-c718d4dac777" />
    <UnitTestResult executionId="43c21dcc-a20e-4983-9ab1-c297ab158845" testId="160b6563-2105-ca70-48f4-f9c0ddc5ea76" testName="_2020.Tests.Days.Day19Tests.Part1_pack(testCaseName: &quot;puzzleexample&quot;, expectedResult: &quot;147&quot;, _: &quot;263&quot;, fileContent: &quot;90: 86 86\r\n122: 86 1 | 99 20\r\n116: 86 58 | 99 &quot;...)" computerName="LAPTOP-35RG0TO8" duration="00:00:00.1030061" startTime="2020-12-22T00:07:19.4523976+01:00" endTime="2020-12-22T00:07:19.4523986+01:00" testType="13cdc9d9-ddb5-4fa4-a97d-d965ccfc6d4b" outcome="Passed" testListId="8c84fa94-04c1-424b-9868-57a2d4851a1d" relativeResultsDirectory="43c21dcc-a20e-4983-9ab1-c297ab158845" />
    <UnitTestResult executionId="6794ff7f-1e20-474a-a1cb-ab22b3296e18" testId="5d9c47dd-439e-67ac-b1d4-8dc742348d44" testName="_2020.Tests.Days.Day10Tests.Part1_pack(testCaseName: &quot;example2&quot;, expectedResult: &quot;220&quot;, _: &quot;19208&quot;, fileContent: &quot;28\r\n33\r\n18\r\n42\r\n31\r\n14\r\n46\r\n20\r\n48&quot;...)" computerName="LAPTOP-35RG0TO8" duration="00:00:00.0000335" startTime="2020-12-22T00:07:19.3768543+01:00" endTime="2020-12-22T00:07:19.3768559+01:00" testType="13cdc9d9-ddb5-4fa4-a97d-d965ccfc6d4b" outcome="Passed" testListId="8c84fa94-04c1-424b-9868-57a2d4851a1d" relativeResultsDirectory="6794ff7f-1e20-474a-a1cb-ab22b3296e18" />
    <UnitTestResult executionId="3b2566d8-4dc8-40e9-a99b-37878773807b" testId="5670067d-1cf3-a96b-1c13-3fd4f02d341b" testName="_2020.Tests.Days.Day5Tests.Part2_Pack(testCaseName: &quot;mydata&quot;, _: &quot;998&quot;, expectedResult: &quot;676&quot;, fileContent: &quot;BFBBBBBLLR\r\nBBFFBBFRRL\r\nFBFBFFFRRL\r\nBBFFFBFR&quot;...)" computerName="LAPTOP-35RG0TO8" duration="00:00:00.0189019" startTime="2020-12-22T00:07:19.4083847+01:00" endTime="2020-12-22T00:07:19.4083850+01:00" testType="13cdc9d9-ddb5-4fa4-a97d-d965ccfc6d4b" outcome="Passed" testListId="8c84fa94-04c1-424b-9868-57a2d4851a1d" relativeResultsDirectory="3b2566d8-4dc8-40e9-a99b-37878773807b" />
    <UnitTestResult executionId="8476466d-3aa1-4349-8674-b9547610202e" testId="2cc010d6-e101-5b64-2847-d92eb3aca667" testName="_2020.Tests.Days.Day10Tests.Part2_Pack(testCaseName: &quot;puzzleinput&quot;, _: &quot;2059&quot;, expectedResult: &quot;86812553324672&quot;, fileContent: &quot;77\r\n58\r\n25\r\n92\r\n14\r\n154\r\n105\r\n112\r\&quot;...)" computerName="LAPTOP-35RG0TO8" duration="00:00:00.0001046" startTime="2020-12-22T00:07:19.3948640+01:00" endTime="2020-12-22T00:07:19.3948643+01:00" testType="13cdc9d9-ddb5-4fa4-a97d-d965ccfc6d4b" outcome="Passed" testListId="8c84fa94-04c1-424b-9868-57a2d4851a1d" relativeResultsDirectory="8476466d-3aa1-4349-8674-b9547610202e" />
    <UnitTestResult executionId="ebc86232-bc04-4586-8800-f402f78ab35d" testId="1bd4918e-984f-4b09-f089-8b165ff131a6" testName="_2020.Tests.Days.Day12Tests.Part2_Pack(testCaseName: &quot;puzzleinput&quot;, _: &quot;1565&quot;, expectedResult: &quot;78883&quot;, fileContent: &quot;E5\r\nR90\r\nE5\r\nL90\r\nF80\r\nL90\r\nE3\r\nN5\r&quot;...)" computerName="LAPTOP-35RG0TO8" duration="00:00:00.0217288" startTime="2020-12-22T00:07:19.3245645+01:00" endTime="2020-12-22T00:07:19.3245649+01:00" testType="13cdc9d9-ddb5-4fa4-a97d-d965ccfc6d4b" outcome="Passed" testListId="8c84fa94-04c1-424b-9868-57a2d4851a1d" relativeResultsDirectory="ebc86232-bc04-4586-8800-f402f78ab35d" />
    <UnitTestResult executionId="20299b29-06cd-45f3-8568-3421cc33c3bc" testId="e3b45518-8d0a-2cd6-89ed-a43178b94cdf" testName="_2020.Tests.Days.Day9Tests.Part2_Pack(testCaseName: &quot;example1&quot;, _: &quot;127&quot;, preamble: &quot;5&quot;, expectedResult: &quot;62&quot;, fileContent: &quot;35\r\n20\r\n15\r\n25\r\n47\r\n40\r\n62\r\n55\r\n65&quot;...)" computerName="LAPTOP-35RG0TO8" duration="00:00:00.0000356" startTime="2020-12-22T00:07:19.3835623+01:00" endTime="2020-12-22T00:07:19.3835640+01:00" testType="13cdc9d9-ddb5-4fa4-a97d-d965ccfc6d4b" outcome="Passed" testListId="8c84fa94-04c1-424b-9868-57a2d4851a1d" relativeResultsDirectory="20299b29-06cd-45f3-8568-3421cc33c3bc" />
    <UnitTestResult executionId="be9dad11-6666-4e1a-8e56-a7821f01cd7a" testId="9b48be43-b6dc-ab4a-e9b5-a0f0a0083d37" testName="_2020.Tests.Days.Day3Tests.Move_Works(fileContent: &quot;...\r\n#..&quot;, coordinates: [0, 0, 0, 1], isTree: True)" computerName="LAPTOP-35RG0TO8" duration="00:00:00.0000133" startTime="2020-12-22T00:07:19.4081712+01:00" endTime="2020-12-22T00:07:19.4081715+01:00" testType="13cdc9d9-ddb5-4fa4-a97d-d965ccfc6d4b" outcome="Passed" testListId="8c84fa94-04c1-424b-9868-57a2d4851a1d" relativeResultsDirectory="be9dad11-6666-4e1a-8e56-a7821f01cd7a" />
    <UnitTestResult executionId="3fb1ce18-eb28-450c-9921-088323263c27" testId="9cf0cba5-172e-c153-e796-92c43fe8b799" testName="_2020.Tests.Days.Day13Tests.Part2_Pack(testCaseName: &quot;puzzleinput&quot;, _: &quot;4135&quot;, expectedResult: &quot;640856202464541&quot;, fileContent: &quot;1011416\r\n41,x,x,x,x,x,x,x,x,x,x,x,x,x,x,x,x,x,x,&quot;...)" computerName="LAPTOP-35RG0TO8" duration="00:00:00.0582031" startTime="2020-12-22T00:07:19.4459618+01:00" endTime="2020-12-22T00:07:19.4459623+01:00" testType="13cdc9d9-ddb5-4fa4-a97d-d965ccfc6d4b" outcome="Passed" testListId="8c84fa94-04c1-424b-9868-57a2d4851a1d" relativeResultsDirectory="3fb1ce18-eb28-450c-9921-088323263c27" />
    <UnitTestResult executionId="18a6a2eb-c475-4162-b8d7-5aa852cb38b3" testId="26f20c36-20b3-9005-cb04-ee3276a58fd4" testName="_2020.Tests.Days.Day1Tests.Part1(lines: &quot;1753\r\n1976\r\n1574\r\n308\r\n1384\r\n1191\r\n173&quot;...)" computerName="LAPTOP-35RG0TO8" duration="00:00:00.0092328" startTime="2020-12-22T00:07:19.3840298+01:00" endTime="2020-12-22T00:07:19.3840308+01:00" testType="13cdc9d9-ddb5-4fa4-a97d-d965ccfc6d4b" outcome="Passed" testListId="8c84fa94-04c1-424b-9868-57a2d4851a1d" relativeResultsDirectory="18a6a2eb-c475-4162-b8d7-5aa852cb38b3">
      <Output>
        <StdOut>answer for part 1 is: 989824</StdOut>
      </Output>
    </UnitTestResult>
    <UnitTestResult executionId="dd41d742-85c0-45b3-bcc2-fa5a2cde99de" testId="ec5f10ca-3aba-60b0-6d4f-6390df8262d9" testName="_2020.Tests.Days.Day18Tests.Part2_Calculates_AsExpectedResult(testCase: &quot;2 * 3 + (4 * 5)&quot;, expectedResult: 46)" computerName="LAPTOP-35RG0TO8" duration="00:00:00.0000682" startTime="2020-12-22T00:07:19.4248345+01:00" endTime="2020-12-22T00:07:19.4248349+01:00" testType="13cdc9d9-ddb5-4fa4-a97d-d965ccfc6d4b" outcome="Passed" testListId="8c84fa94-04c1-424b-9868-57a2d4851a1d" relativeResultsDirectory="dd41d742-85c0-45b3-bcc2-fa5a2cde99de" />
    <UnitTestResult executionId="38b2048b-2e8f-45ee-8120-0ee7cb066181" testId="dce4b7c0-81f4-b41c-94b9-afb06d0ad99d" testName="_2020.Tests.Days.Day6Tests.Part1_pack(testCaseName: &quot;example1&quot;, expectedResult: &quot;11&quot;, _: &quot;6&quot;, fileContent: &quot;abc\r\n\r\na\r\nb\r\nc\r\n\r\nab\r\nac\r\n\r\na\r\&quot;...)" computerName="LAPTOP-35RG0TO8" duration="00:00:00.0000520" startTime="2020-12-22T00:07:19.3945490+01:00" endTime="2020-12-22T00:07:19.3945501+01:00" testType="13cdc9d9-ddb5-4fa4-a97d-d965ccfc6d4b" outcome="Passed" testListId="8c84fa94-04c1-424b-9868-57a2d4851a1d" relativeResultsDirectory="38b2048b-2e8f-45ee-8120-0ee7cb066181" />
    <UnitTestResult executionId="767689c0-8cfd-4e5c-be38-42627c8eca0e" testId="2aa3cc9c-1e67-63fe-0e48-b59a2268710d" testName="_2020.Tests.Days.Day15Tests.Part1_pack(testCaseName: &quot;example3&quot;, expectedResult: &quot;10&quot;, _: &quot;3544142&quot;, fileContent: &quot;2,1,3&quot;)" computerName="LAPTOP-35RG0TO8" duration="00:00:00.0006576" startTime="2020-12-22T00:07:19.4400975+01:00" endTime="2020-12-22T00:07:19.4400979+01:00" testType="13cdc9d9-ddb5-4fa4-a97d-d965ccfc6d4b" outcome="Passed" testListId="8c84fa94-04c1-424b-9868-57a2d4851a1d" relativeResultsDirectory="767689c0-8cfd-4e5c-be38-42627c8eca0e" />
    <UnitTestResult executionId="63461a77-f791-4a15-8425-d7227576f5ff" testId="a4cd1902-2540-f6fa-9160-be37d82d086c" testName="_2020.Tests.Days.Day21Tests.Part2_Pack(testCaseName: &quot;example&quot;, _: &quot;5&quot;, expectedResult: &quot;mxmxvkd,sqjhc,fvjkl&quot;, fileContent: &quot;mxmxvkd kfcds sqjhc nhms (contains dairy, fish)\r\&quot;...)" computerName="LAPTOP-35RG0TO8" duration="00:00:00.0668981" startTime="2020-12-22T00:07:19.4461184+01:00" endTime="2020-12-22T00:07:19.4461189+01:00" testType="13cdc9d9-ddb5-4fa4-a97d-d965ccfc6d4b" outcome="Passed" testListId="8c84fa94-04c1-424b-9868-57a2d4851a1d" relativeResultsDirectory="63461a77-f791-4a15-8425-d7227576f5ff" />
    <UnitTestResult executionId="bea19088-d69d-4021-9073-ebc91aa0671a" testId="90af8466-2ea2-b30d-8b80-8f3acbcf1032" testName="_2020.Tests.Days.Day15Tests.Part1_pack(testCaseName: &quot;puzzleinput&quot;, expectedResult: &quot;700&quot;, _: &quot;51358&quot;, fileContent: &quot;6,3,15,13,1,0&quot;)" computerName="LAPTOP-35RG0TO8" duration="00:00:00.0003606" startTime="2020-12-22T00:07:19.4399771+01:00" endTime="2020-12-22T00:07:19.4399775+01:00" testType="13cdc9d9-ddb5-4fa4-a97d-d965ccfc6d4b" outcome="Passed" testListId="8c84fa94-04c1-424b-9868-57a2d4851a1d" relativeResultsDirectory="bea19088-d69d-4021-9073-ebc91aa0671a" />
    <UnitTestResult executionId="8b0da41f-d4de-474b-9392-004977681d4d" testId="26e5e629-8263-4046-5e10-c84b3539586e" testName="_2020.Tests.Days.Day2Tests.Part2(fileContent: &quot;1-5 k: kkkkhkkkkkkkkkk\r\n5-7 k: blkqhtxfgktdkxzkk&quot;...)" computerName="LAPTOP-35RG0TO8" duration="00:00:00.0098629" startTime="2020-12-22T00:07:19.3841230+01:00" endTime="2020-12-22T00:07:19.3841240+01:00" testType="13cdc9d9-ddb5-4fa4-a97d-d965ccfc6d4b" outcome="Passed" testListId="8c84fa94-04c1-424b-9868-57a2d4851a1d" relativeResultsDirectory="8b0da41f-d4de-474b-9392-004977681d4d">
      <Output>
        <StdOut>answer for part 2 is: 708</StdOut>
      </Output>
    </UnitTestResult>
    <UnitTestResult executionId="d43c5a93-fcd7-44af-b89f-d1819b032862" testId="d950a7c4-72e5-0b34-aa9c-ed718050682b" testName="_2020.Tests.Days.Day15Tests.Part1_pack(testCaseName: &quot;example2&quot;, expectedResult: &quot;1&quot;, _: &quot;2578&quot;, fileContent: &quot;1,3,2&quot;)" computerName="LAPTOP-35RG0TO8" duration="00:00:00.0318901" startTime="2020-12-22T00:07:19.4312734+01:00" endTime="2020-12-22T00:07:19.4312736+01:00" testType="13cdc9d9-ddb5-4fa4-a97d-d965ccfc6d4b" outcome="Passed" testListId="8c84fa94-04c1-424b-9868-57a2d4851a1d" relativeResultsDirectory="d43c5a93-fcd7-44af-b89f-d1819b032862" />
    <UnitTestResult executionId="ba38ed67-9820-4604-924f-04af4f2ffc3c" testId="6d960990-c3fd-9f28-bdad-0681fd0a7d6b" testName="_2020.Tests.Days.Day15Tests.Part2_Pack(testCaseName: &quot;example3&quot;, _: &quot;10&quot;, expectedResult: &quot;3544142&quot;, fileContent: &quot;2,1,3&quot;)" computerName="LAPTOP-35RG0TO8" duration="00:00:03.9842934" startTime="2020-12-22T00:07:56.4073528+01:00" endTime="2020-12-22T00:07:56.4073592+01:00" testType="13cdc9d9-ddb5-4fa4-a97d-d965ccfc6d4b" outcome="Passed" testListId="8c84fa94-04c1-424b-9868-57a2d4851a1d" relativeResultsDirectory="ba38ed67-9820-4604-924f-04af4f2ffc3c" />
    <UnitTestResult executionId="a01b7577-f032-4956-8128-19044741d64e" testId="9e27424c-7bf4-a54a-a23f-62f6c33d62bb" testName="_2020.Tests.Days.Day3Tests.Part2(fileContent: &quot;.#.......#...........#.........\r\n..##.......#.#.&quot;...)" computerName="LAPTOP-35RG0TO8" duration="00:00:00.0254234" startTime="2020-12-22T00:07:19.4401829+01:00" endTime="2020-12-22T00:07:19.4401833+01:00" testType="13cdc9d9-ddb5-4fa4-a97d-d965ccfc6d4b" outcome="Passed" testListId="8c84fa94-04c1-424b-9868-57a2d4851a1d" relativeResultsDirectory="a01b7577-f032-4956-8128-19044741d64e">
      <Output>
        <StdOut>answer for part 2 is: 1574890240</StdOut>
      </Output>
    </UnitTestResult>
    <UnitTestResult executionId="a69c4bf1-7af1-49c5-a4b1-9b51237eb243" testId="31e4599a-6dad-6e73-df11-b7eddbe65212" testName="_2020.Tests.Days.Day17Tests.Part2_Pack(testCaseName: &quot;puzzleinput&quot;, _: &quot;338&quot;, expectedResult: &quot;2440&quot;, fileContent: &quot;.#.##..#\r\n....#.##\r\n##.###..\r\n.#.#.###\r\n#.&quot;...)" computerName="LAPTOP-35RG0TO8" duration="00:00:17.4869165" startTime="2020-12-22T00:07:43.1264441+01:00" endTime="2020-12-22T00:07:43.1264525+01:00" testType="13cdc9d9-ddb5-4fa4-a97d-d965ccfc6d4b" outcome="Passed" testListId="8c84fa94-04c1-424b-9868-57a2d4851a1d" relativeResultsDirectory="a69c4bf1-7af1-49c5-a4b1-9b51237eb243" />
    <UnitTestResult executionId="54becf3d-b816-4ee1-89fe-697b856a7060" testId="ac5db98b-95ab-8428-6c0e-9c3d2b01381d" testName="_2020.Tests.Days.Day19Tests.Part1_pack(testCaseName: &quot;example&quot;, expectedResult: &quot;2&quot;, _: &quot;2&quot;, fileContent: &quot;0: 4 1 5\r\n1: 2 3 | 3 2\r\n2: 4 4 | 5 5\r\n3: 4 5&quot;...)" computerName="LAPTOP-35RG0TO8" duration="00:00:00.0015946" startTime="2020-12-22T00:07:19.4525277+01:00" endTime="2020-12-22T00:07:19.4525279+01:00" testType="13cdc9d9-ddb5-4fa4-a97d-d965ccfc6d4b" outcome="Passed" testListId="8c84fa94-04c1-424b-9868-57a2d4851a1d" relativeResultsDirectory="54becf3d-b816-4ee1-89fe-697b856a7060" />
    <UnitTestResult executionId="2d34005e-c691-4553-9405-3878e826f7dd" testId="21cf7987-0bbe-7998-2a6a-b62be16638fd" testName="_2020.Tests.Days.Day16Tests.Part2_Pack(testCaseName: &quot;example2&quot;, _: &quot;0&quot;, expectedResult: &quot;1716&quot;, fileContent: &quot;departure class: 0-1 or 4-19\r\ndeparture row: 0-5&quot;...)" computerName="LAPTOP-35RG0TO8" duration="00:00:00.0545212" startTime="2020-12-22T00:07:19.4245283+01:00" endTime="2020-12-22T00:07:19.4245287+01:00" testType="13cdc9d9-ddb5-4fa4-a97d-d965ccfc6d4b" outcome="Passed" testListId="8c84fa94-04c1-424b-9868-57a2d4851a1d" relativeResultsDirectory="2d34005e-c691-4553-9405-3878e826f7dd" />
    <UnitTestResult executionId="04c1a17b-b33c-49d4-abff-f18b57ce6765" testId="99b22c00-0b2b-9e79-261c-dcb39b52aa8e" testName="_2020.Tests.Days.Day3Tests.Part1(fileContent: &quot;.#.......#...........#.........\r\n..##.......#.#.&quot;...)" computerName="LAPTOP-35RG0TO8" duration="00:00:00.0004681" startTime="2020-12-22T00:07:19.4458272+01:00" endTime="2020-12-22T00:07:19.4458278+01:00" testType="13cdc9d9-ddb5-4fa4-a97d-d965ccfc6d4b" outcome="Passed" testListId="8c84fa94-04c1-424b-9868-57a2d4851a1d" relativeResultsDirectory="04c1a17b-b33c-49d4-abff-f18b57ce6765">
      <Output>
        <StdOut>answer for part 1 is: 209</StdOut>
      </Output>
    </UnitTestResult>
    <UnitTestResult executionId="ce20b783-53f1-4c65-a87c-8dc1584cff7f" testId="36215da0-52f5-a57a-5cb4-ff033b29d94a" testName="_2020.Tests.Days.Day16Tests.Part2_Pack(testCaseName: &quot;puzzleinput&quot;, _: &quot;20060&quot;, expectedResult: &quot;1213906609901&quot;, fileContent: &quot;departure location: 37-594 or 615-952\r\ndeparture&quot;...)" computerName="LAPTOP-35RG0TO8" duration="00:00:00.0068806" startTime="2020-12-22T00:07:19.4399302+01:00" endTime="2020-12-22T00:07:19.4399309+01:00" testType="13cdc9d9-ddb5-4fa4-a97d-d965ccfc6d4b" outcome="Passed" testListId="8c84fa94-04c1-424b-9868-57a2d4851a1d" relativeResultsDirectory="ce20b783-53f1-4c65-a87c-8dc1584cff7f" />
    <UnitTestResult executionId="aeadfa1c-4bc0-475c-a1d7-fc537979e14b" testId="8146e86e-cd6b-cf36-e743-61cfc2778296" testName="_2020.Tests.Days.Day3Tests.Move_Works(fileContent: &quot;.......\r\n...X...\r\n......X&quot;, coordinates: [0, 0, 3, 1], isTree: False)" computerName="LAPTOP-35RG0TO8" duration="00:00:00.0000101" startTime="2020-12-22T00:07:19.4082739+01:00" endTime="2020-12-22T00:07:19.4082742+01:00" testType="13cdc9d9-ddb5-4fa4-a97d-d965ccfc6d4b" outcome="Passed" testListId="8c84fa94-04c1-424b-9868-57a2d4851a1d" relativeResultsDirectory="aeadfa1c-4bc0-475c-a1d7-fc537979e14b" />
  </Results>
  <TestDefinitions>
    <UnitTest name="_2020.Tests.Days.Day3Tests.Part1_case2(fileContent: &quot;...\r\n#..&quot;)" storage="c:\workspace\github\adventofcode\2020.tests\bin\debug\netcoreapp3.1\2020.tests.dll" id="136cf6b3-49e2-8bb0-486f-d1f9a3983f12">
      <Execution id="2011a93a-660e-4c3d-b36d-c4395f91eb35" />
      <TestMethod codeBase="C:\Workspace\GitHub\AdventOfCode\2020.Tests\bin\Debug\netcoreapp3.1\2020.Tests.dll" adapterTypeName="executor://xunit/VsTestRunner2/netcoreapp" className="_2020.Tests.Days.Day3Tests" name="Part1_case2" />
    </UnitTest>
    <UnitTest name="_2020.Tests.Days.Day1Tests.Part2(lines: &quot;1753\r\n1976\r\n1574\r\n308\r\n1384\r\n1191\r\n173&quot;...)" storage="c:\workspace\github\adventofcode\2020.tests\bin\debug\netcoreapp3.1\2020.tests.dll" id="db94a0d2-a22c-8314-89a3-1a38e815913a">
      <Execution id="a4522146-21cf-4eb6-8cd2-83555b9d28fa" />
      <TestMethod codeBase="C:\Workspace\GitHub\AdventOfCode\2020.Tests\bin\Debug\netcoreapp3.1\2020.Tests.dll" adapterTypeName="executor://xunit/VsTestRunner2/netcoreapp" className="_2020.Tests.Days.Day1Tests" name="Part2" />
    </UnitTest>
    <UnitTest name="_2020.Tests.Days.Day13Tests.Part1_pack(testCaseName: &quot;puzzleinput&quot;, expectedResult: &quot;4135&quot;, _: &quot;640856202464541&quot;, fileContent: &quot;1011416\r\n41,x,x,x,x,x,x,x,x,x,x,x,x,x,x,x,x,x,x,&quot;...)" storage="c:\workspace\github\adventofcode\2020.tests\bin\debug\netcoreapp3.1\2020.tests.dll" id="d612b35d-eb74-c9d6-7c08-b6087fbf724b">
      <Execution id="fb5c6af6-1e6b-4c5d-ab87-866b0adbbce5" />
      <TestMethod codeBase="C:\Workspace\GitHub\AdventOfCode\2020.Tests\bin\Debug\netcoreapp3.1\2020.Tests.dll" adapterTypeName="executor://xunit/VsTestRunner2/netcoreapp" className="_2020.Tests.Days.Day13Tests" name="Part1_pack" />
    </UnitTest>
    <UnitTest name="_2020.Tests.Days.Day21Tests.Part2_Pack(testCaseName: &quot;example&quot;, _: &quot;5&quot;, expectedResult: &quot;mxmxvkd,sqjhc,fvjkl&quot;, fileContent: &quot;mxmxvkd kfcds sqjhc nhms (contains dairy, fish)\r\&quot;...)" storage="c:\workspace\github\adventofcode\2020.tests\bin\debug\netcoreapp3.1\2020.tests.dll" id="a4cd1902-2540-f6fa-9160-be37d82d086c">
      <Execution id="63461a77-f791-4a15-8425-d7227576f5ff" />
      <TestMethod codeBase="C:\Workspace\GitHub\AdventOfCode\2020.Tests\bin\Debug\netcoreapp3.1\2020.Tests.dll" adapterTypeName="executor://xunit/VsTestRunner2/netcoreapp" className="_2020.Tests.Days.Day21Tests" name="Part2_Pack" />
    </UnitTest>
    <UnitTest name="_2020.Tests.Days.Day15Tests.Part1_pack(testCaseName: &quot;example7&quot;, expectedResult: &quot;1836&quot;, _: &quot;362&quot;, fileContent: &quot;3,1,2&quot;)" storage="c:\workspace\github\adventofcode\2020.tests\bin\debug\netcoreapp3.1\2020.tests.dll" id="3e8c6d43-8d09-84bb-a295-43059662202b">
      <Execution id="fb64d972-e272-40ba-a72d-744837db6c60" />
      <TestMethod codeBase="C:\Workspace\GitHub\AdventOfCode\2020.Tests\bin\Debug\netcoreapp3.1\2020.Tests.dll" adapterTypeName="executor://xunit/VsTestRunner2/netcoreapp" className="_2020.Tests.Days.Day15Tests" name="Part1_pack" />
    </UnitTest>
    <UnitTest name="_2020.Tests.Days.Day15Tests.Part2_Pack(testCaseName: &quot;example1&quot;, _: &quot;436&quot;, expectedResult: &quot;175594&quot;, fileContent: &quot;0,3,6&quot;)" storage="c:\workspace\github\adventofcode\2020.tests\bin\debug\netcoreapp3.1\2020.tests.dll" id="5a6838e8-c034-4ac2-cf4a-650d8f91ee6f">
      <Execution id="dc33480f-39ba-4831-8e5c-b46fdf4586e5" />
      <TestMethod codeBase="C:\Workspace\GitHub\AdventOfCode\2020.Tests\bin\Debug\netcoreapp3.1\2020.Tests.dll" adapterTypeName="executor://xunit/VsTestRunner2/netcoreapp" className="_2020.Tests.Days.Day15Tests" name="Part2_Pack" />
    </UnitTest>
    <UnitTest name="_2020.Tests.Days.Day3Tests.Move_Works(fileContent: &quot;...\r\n#..&quot;, coordinates: [0, 0, 0, 1], isTree: True)" storage="c:\workspace\github\adventofcode\2020.tests\bin\debug\netcoreapp3.1\2020.tests.dll" id="9b48be43-b6dc-ab4a-e9b5-a0f0a0083d37">
      <Execution id="be9dad11-6666-4e1a-8e56-a7821f01cd7a" />
[...]
    <TestEntry testId="7505053a-8388-b504-70a1-f4bcc9da9d25" executionId="97a03db9-6e99-4dad-b630-00894a902926" testListId="8c84fa94-04c1-424b-9868-57a2d4851a1d" />
    <TestEntry testId="9f0ccaf6-c07d-b20e-be6b-7733f88e5aab" executionId="63fde37e-860d-4bab-ba71-dc1f2ca1c1df" testListId="8c84fa94-04c1-424b-9868-57a2d4851a1d" />
    <TestEntry testId="de573764-ea0d-8509-05be-8709ab895a61" executionId="66208070-f8c4-4008-833b-533d20511cf6" testListId="8c84fa94-04c1-424b-9868-57a2d4851a1d" />
    <TestEntry testId="efa601cc-54d7-c236-5a09-1fc8039d2d61" executionId="a3642f43-99f5-4255-bd62-116b719ee1a6" testListId="8c84fa94-04c1-424b-9868-57a2d4851a1d" />
    <TestEntry testId="babf93f6-1c89-9c1d-499b-7212ab41b8fb" executionId="9befbf25-e650-4321-a602-5780cef605e6" testListId="8c84fa94-04c1-424b-9868-57a2d4851a1d" />
    <TestEntry testId="0d9d879c-a85a-bdc6-b8ff-9a6ab509a103" executionId="7b6933e7-ea12-4a2d-9dd4-fad099a88bd8" testListId="8c84fa94-04c1-424b-9868-57a2d4851a1d" />
    <TestEntry testId="0e0b30c5-6422-25c8-2172-d67c44a7d25d" executionId="4b27d7b1-166f-4a29-b0ae-299e8bc9bbc6" testListId="8c84fa94-04c1-424b-9868-57a2d4851a1d" />
    <TestEntry testId="ac7e7db2-01de-f348-0757-1a5540553b98" executionId="603e48b4-2d8c-4f1f-a725-679a19463327" testListId="8c84fa94-04c1-424b-9868-57a2d4851a1d" />
    <TestEntry testId="69421f74-dab9-7682-2157-83ab4af72623" executionId="cdcd5e5d-ff32-40ce-83e7-cb66418ee60d" testListId="8c84fa94-04c1-424b-9868-57a2d4851a1d" />
    <TestEntry testId="fc6461b5-e450-3964-c0c6-8dde33d0fbf9" executionId="916c3897-a75d-48f0-8bbd-784ab31a2983" testListId="8c84fa94-04c1-424b-9868-57a2d4851a1d" />
    <TestEntry testId="d36ee119-83d8-bc35-7ac6-7f5ac328dab5" executionId="0e588ab9-4450-4e14-a7f7-ad8cde8a2487" testListId="8c84fa94-04c1-424b-9868-57a2d4851a1d" />
    <TestEntry testId="136cf6b3-49e2-8bb0-486f-d1f9a3983f12" executionId="2011a93a-660e-4c3d-b36d-c4395f91eb35" testListId="8c84fa94-04c1-424b-9868-57a2d4851a1d" />
    <TestEntry testId="43631560-4363-7ae1-1dad-8677710aa43a" executionId="60dcab4d-7a85-40ff-a8e8-4e88be75b4da" testListId="8c84fa94-04c1-424b-9868-57a2d4851a1d" />
    <TestEntry testId="c1b39591-e148-1ede-3450-ca36e80a70b0" executionId="db00f96e-9dc5-4d46-862d-d9011eb7f5e0" testListId="8c84fa94-04c1-424b-9868-57a2d4851a1d" />
    <TestEntry testId="7df7f244-2fd3-a955-75ef-80b7d924f8e2" executionId="cebb02b7-48d7-44d2-9b8d-a02de231c2d4" testListId="8c84fa94-04c1-424b-9868-57a2d4851a1d" />
    <TestEntry testId="c8eb35de-3806-7a84-c356-ef8a1ba0e171" executionId="ac4926a2-4dde-4a22-9989-13241b7f72f2" testListId="8c84fa94-04c1-424b-9868-57a2d4851a1d" />
    <TestEntry testId="edfee89c-6991-817a-4b5f-507b7c5607c8" executionId="34acd98c-66a8-4722-a815-4019cb8e58ee" testListId="8c84fa94-04c1-424b-9868-57a2d4851a1d" />
    <TestEntry testId="de8b5722-7c80-d4eb-b97c-ebe57717fb6c" executionId="95a80c60-1477-4cf1-8590-9315af1c84cc" testListId="8c84fa94-04c1-424b-9868-57a2d4851a1d" />
    <TestEntry testId="5cb521d9-b508-87d2-d6b3-9430721a3a5b" executionId="fefd15e3-d1b6-40ae-bf14-72a4ccafeaf2" testListId="8c84fa94-04c1-424b-9868-57a2d4851a1d" />
    <TestEntry testId="844a928f-443a-c27a-8ee8-10b193eadc8b" executionId="488f4472-8e41-4c4d-8e83-49af7211ae21" testListId="8c84fa94-04c1-424b-9868-57a2d4851a1d" />
    <TestEntry testId="b75d5504-15c9-62e2-7727-b66d1b06fae6" executionId="49d55361-2ef5-45e5-9d76-e0914e68e2c2" testListId="8c84fa94-04c1-424b-9868-57a2d4851a1d" />
    <TestEntry testId="bdaba18c-2c59-04ae-e240-7ebf7e7a64fb" executionId="8eea759a-5024-499f-bc60-47ad58c7be35" testListId="8c84fa94-04c1-424b-9868-57a2d4851a1d" />
    <TestEntry testId="375e425c-9b53-a326-01d6-888b92935a87" executionId="ce0221bf-d2f0-4422-ae8a-70ee17197087" testListId="8c84fa94-04c1-424b-9868-57a2d4851a1d" />
    <TestEntry testId="db94a0d2-a22c-8314-89a3-1a38e815913a" executionId="a4522146-21cf-4eb6-8cd2-83555b9d28fa" testListId="8c84fa94-04c1-424b-9868-57a2d4851a1d" />
    <TestEntry testId="5fa2b639-d7d3-7e54-f35e-518a5bab3568" executionId="c79dbc2a-8cfe-45d2-9c8a-0590e24f9ba1" testListId="8c84fa94-04c1-424b-9868-57a2d4851a1d" />
    <TestEntry testId="b73fc7b5-5c4f-ce2b-029f-5099fc932df8" executionId="51465b9f-86ba-48f0-bb18-91866d0f0fc5" testListId="8c84fa94-04c1-424b-9868-57a2d4851a1d" />
    <TestEntry testId="2de34128-cf23-033a-0c60-b9a1ffa1dd89" executionId="7ece7538-227b-4fb0-8524-eee16f3ef1c0" testListId="8c84fa94-04c1-424b-9868-57a2d4851a1d" />
    <TestEntry testId="90e894cc-e9f5-0b66-7327-41b15f453ed9" executionId="751547dd-4ded-481a-a193-7b202c2d72bd" testListId="8c84fa94-04c1-424b-9868-57a2d4851a1d" />
    <TestEntry testId="2c83aeec-41f1-c9e6-9c5b-7d5ecf29ccdd" executionId="5644685d-ec11-4499-8b3e-f277e2d2a2bf" testListId="8c84fa94-04c1-424b-9868-57a2d4851a1d" />
    <TestEntry testId="216f5805-6dfd-d79f-4066-e2138129ea68" executionId="802c72b0-2d17-44f7-bfe9-49fbfc083ca4" testListId="8c84fa94-04c1-424b-9868-57a2d4851a1d" />
    <TestEntry testId="c1bf15e1-6fa1-858b-9ba8-a53ccc8ed266" executionId="2ebb7e28-22ee-4e86-8097-cc1ec2ba1827" testListId="8c84fa94-04c1-424b-9868-57a2d4851a1d" />
    <TestEntry testId="9d63c5ca-cd81-dfa2-45c3-bef99b47c927" executionId="7786f3c2-5e3f-4f15-be2a-2617c5525718" testListId="8c84fa94-04c1-424b-9868-57a2d4851a1d" />
    <TestEntry testId="b9a0883d-021b-16e7-be90-275f6000cc9d" executionId="409f7ec5-e20d-41d7-88a5-d3885f4757e8" testListId="8c84fa94-04c1-424b-9868-57a2d4851a1d" />
    <TestEntry testId="821db9cf-a5c7-f686-a035-a78be04f731f" executionId="874d4317-8455-4bd4-96c4-d32a2f1f3679" testListId="8c84fa94-04c1-424b-9868-57a2d4851a1d" />
    <TestEntry testId="9c6adfa0-dd3c-9e72-a127-4e1805362479" executionId="cd5291c8-f600-4095-a99f-9a6672406458" testListId="8c84fa94-04c1-424b-9868-57a2d4851a1d" />
    <TestEntry testId="ec7478bc-4a20-3d74-98c7-efac9e3c0b10" executionId="b33d720d-1469-487b-b4c9-d13f04ab93cb" testListId="8c84fa94-04c1-424b-9868-57a2d4851a1d" />
    <TestEntry testId="3e90431b-d28c-c271-ef23-978dcb2898e8" executionId="ed09dfe7-fb35-4ff6-987b-be5461eebcdc" testListId="8c84fa94-04c1-424b-9868-57a2d4851a1d" />
    <TestEntry testId="f0d3000f-be7b-27df-36a0-5c04859590b9" executionId="7ee03adb-1737-499e-aab6-16cf54e6a59f" testListId="8c84fa94-04c1-424b-9868-57a2d4851a1d" />
    <TestEntry testId="5a6838e8-c034-4ac2-cf4a-650d8f91ee6f" executionId="dc33480f-39ba-4831-8e5c-b46fdf4586e5" testListId="8c84fa94-04c1-424b-9868-57a2d4851a1d" />
    <TestEntry testId="f6865024-5e66-1a8c-8eaa-13d5eb300007" executionId="87279b16-2598-474c-8e9e-982fbb8d2da6" testListId="8c84fa94-04c1-424b-9868-57a2d4851a1d" />
    <TestEntry testId="0f9af31d-0f66-fa47-7811-06be3c347ad8" executionId="dee31b6a-54ad-4ba7-98f3-44dc380a0001" testListId="8c84fa94-04c1-424b-9868-57a2d4851a1d" />
    <TestEntry testId="4d95249a-c4ec-74a6-909c-c074eed39474" executionId="957b4ad5-e623-4cff-a7c7-f71db9756dd4" testListId="8c84fa94-04c1-424b-9868-57a2d4851a1d" />
    <TestEntry testId="f628c761-3433-71e0-dc9a-7aeaf5162951" executionId="011c8884-7d93-4657-9cfe-687cfefb9e65" testListId="8c84fa94-04c1-424b-9868-57a2d4851a1d" />
    <TestEntry testId="ef12b05a-db9c-a4d1-6bf6-f50fcc998ceb" executionId="1a10b38e-eca1-4db6-97a0-fa7061e1dadf" testListId="8c84fa94-04c1-424b-9868-57a2d4851a1d" />
    <TestEntry testId="5b9149bb-3a0e-df91-0be0-26f9f7da6a9a" executionId="f086a73e-3ba3-477a-917b-6e647c9160b7" testListId="8c84fa94-04c1-424b-9868-57a2d4851a1d" />
    <TestEntry testId="080b3b6b-2753-c9a6-9f1e-0b651fcd9c49" executionId="ac74ce41-b4df-474a-83ee-c06a77658e81" testListId="8c84fa94-04c1-424b-9868-57a2d4851a1d" />
    <TestEntry testId="d612b35d-eb74-c9d6-7c08-b6087fbf724b" executionId="fb5c6af6-1e6b-4c5d-ab87-866b0adbbce5" testListId="8c84fa94-04c1-424b-9868-57a2d4851a1d" />
    <TestEntry testId="0a2c2f88-73a7-a432-398b-2f86564fd773" executionId="d5ddc2a5-5bc5-4323-837d-617f0eb782ea" testListId="8c84fa94-04c1-424b-9868-57a2d4851a1d" />
    <TestEntry testId="02ecd7ab-bcdf-e3ce-73c4-60d49e1f8cf1" executionId="e0c02af7-a216-44b5-b90c-9ad1303cc93e" testListId="8c84fa94-04c1-424b-9868-57a2d4851a1d" />
    <TestEntry testId="02be2eb2-b9b7-27e5-1198-908b3671a59d" executionId="84e26a2a-6139-4791-8a75-64b489723111" testListId="8c84fa94-04c1-424b-9868-57a2d4851a1d" />
    <TestEntry testId="6c7ab625-d6dc-0b1e-f7ad-fc94ba9002b5" executionId="3233ada6-f549-4feb-8168-25dd076073ec" testListId="8c84fa94-04c1-424b-9868-57a2d4851a1d" />
    <TestEntry testId="bfaca6be-0b52-deae-c673-4467abedb8b9" executionId="5572010f-46a9-43b4-993d-8ac40b09d181" testListId="8c84fa94-04c1-424b-9868-57a2d4851a1d" />
    <TestEntry testId="3313912d-5a78-642f-b1f1-ec6ce77d37ce" executionId="06511a61-725b-4e16-b323-890465ccef39" testListId="8c84fa94-04c1-424b-9868-57a2d4851a1d" />
    <TestEntry testId="8aed83a5-1388-ee14-1e01-687801be888e" executionId="ca9caa42-028e-4a9d-961b-86a89dcc0636" testListId="8c84fa94-04c1-424b-9868-57a2d4851a1d" />
    <TestEntry testId="7deeee6f-5f68-e96c-55d2-19a70aab7c3d" executionId="c98197b4-24b1-4727-a94f-847bc4127eff" testListId="8c84fa94-04c1-424b-9868-57a2d4851a1d" />
    <TestEntry testId="dffdb84d-1db1-5f4c-67d3-f3140d14b547" executionId="3e8e724b-d5e5-4982-89ba-670f77420d8f" testListId="8c84fa94-04c1-424b-9868-57a2d4851a1d" />
    <TestEntry testId="8bad9a6e-64b2-6364-8b28-5b3c61b85444" executionId="924f5ccd-acfc-4ac6-870c-8ad6ec05f58b" testListId="8c84fa94-04c1-424b-9868-57a2d4851a1d" />
    <TestEntry testId="334e5607-9cdb-e672-5c7f-406da37d6d7e" executionId="72e89f2a-7f15-4523-93d1-1f3c333ef0de" testListId="8c84fa94-04c1-424b-9868-57a2d4851a1d" />
    <TestEntry testId="ea350fd8-4960-b90d-698c-7f319b46d10e" executionId="806c2f3a-2055-4c89-8db8-ddb5b902975b" testListId="8c84fa94-04c1-424b-9868-57a2d4851a1d" />
    <TestEntry testId="e1d927d7-1291-e12a-bf18-839c35a2f680" executionId="103e97a1-2053-46b8-a83f-d35759dab120" testListId="8c84fa94-04c1-424b-9868-57a2d4851a1d" />
    <TestEntry testId="db9d81cc-9f3b-68f2-2d29-410e4425b6d1" executionId="7073a299-3140-4fde-8e07-d93bb57aa439" testListId="8c84fa94-04c1-424b-9868-57a2d4851a1d" />
    <TestEntry testId="6c059688-c465-f5a5-7144-0e70ce180f19" executionId="0b09601c-3a6f-44b2-a48c-27453aaff32d" testListId="8c84fa94-04c1-424b-9868-57a2d4851a1d" />
    <TestEntry testId="9fcb3a2b-27f0-5f22-0206-56c0549b9a84" executionId="709e48a9-7db0-4aed-8c07-ecf72a7bddb1" testListId="8c84fa94-04c1-424b-9868-57a2d4851a1d" />
    <TestEntry testId="3e8c6d43-8d09-84bb-a295-43059662202b" executionId="fb64d972-e272-40ba-a72d-744837db6c60" testListId="8c84fa94-04c1-424b-9868-57a2d4851a1d" />
    <TestEntry testId="4dc9e345-1e1c-7c56-ffd6-51f432d6c33b" executionId="6205a6ce-6323-4552-83b8-625363641697" testListId="8c84fa94-04c1-424b-9868-57a2d4851a1d" />
    <TestEntry testId="6b95806a-569f-591e-33c5-cf371e97a169" executionId="8ab8fa2a-e19f-45fd-8969-f06855ab1164" testListId="8c84fa94-04c1-424b-9868-57a2d4851a1d" />
    <TestEntry testId="de2d88b7-cfd9-036b-e718-618c36e4686c" executionId="34ac6f17-ad85-4c20-a830-3cdda9865c61" testListId="8c84fa94-04c1-424b-9868-57a2d4851a1d" />
    <TestEntry testId="0ae8165c-5db8-2151-c07c-655806764c15" executionId="ba33a337-6596-47e3-af64-525ba5a84c97" testListId="8c84fa94-04c1-424b-9868-57a2d4851a1d" />
    <TestEntry testId="16df4b72-a1be-7d8a-175c-1e6c5237fc4e" executionId="e8c4b000-9d99-4101-a1be-d236b5532039" testListId="8c84fa94-04c1-424b-9868-57a2d4851a1d" />
    <TestEntry testId="ead7075b-f824-edda-74c3-54f68b078b04" executionId="961b3889-47a6-4a2c-a4f3-9249191a467c" testListId="8c84fa94-04c1-424b-9868-57a2d4851a1d" />
    <TestEntry testId="5e9fd67a-100d-f0f8-28f8-739d3a791929" executionId="9eb8716f-6090-49fd-941a-0ae560da65e8" testListId="8c84fa94-04c1-424b-9868-57a2d4851a1d" />
    <TestEntry testId="e7fe6284-3fcb-b9cb-9a4e-f74cf392b140" executionId="266aa8d0-8c23-4c03-889d-099d272fa1b5" testListId="8c84fa94-04c1-424b-9868-57a2d4851a1d" />
    <TestEntry testId="2457c214-d49a-003d-4e5f-ffc3d1c0b075" executionId="1fcd4d1e-0b1f-4312-b664-53f37fd2a046" testListId="8c84fa94-04c1-424b-9868-57a2d4851a1d" />
    <TestEntry testId="d87515a5-cd25-21bb-1381-51ed2081f274" executionId="1b918ae8-e51d-4c64-97c0-007b01f6bfa6" testListId="8c84fa94-04c1-424b-9868-57a2d4851a1d" />
    <TestEntry testId="32ed6bd8-e0af-dd5c-7f74-96ea03b7cf74" executionId="88f094db-bf70-4ac3-8d02-edd3e111c92c" testListId="8c84fa94-04c1-424b-9868-57a2d4851a1d" />
    <TestEntry testId="0bed3344-fa0a-42d1-498c-c81531501fe8" executionId="258780ab-b6db-4b18-a220-b69d1aeb81f9" testListId="8c84fa94-04c1-424b-9868-57a2d4851a1d" />
    <TestEntry testId="0b60d97b-b22a-43f0-3b65-c801f8f15e8d" executionId="4e250756-92ff-4637-9a99-37ee6f14f94d" testListId="8c84fa94-04c1-424b-9868-57a2d4851a1d" />
    <TestEntry testId="b2758025-0ea6-8920-1ed3-b47e23fd5591" executionId="dca6e1cd-513f-4cb3-913b-ab4220ded4f2" testListId="8c84fa94-04c1-424b-9868-57a2d4851a1d" />
    <TestEntry testId="4884422f-a201-6166-d234-44d86f6dd8d3" executionId="f7f0a91b-9bba-4309-9119-92824aa9b570" testListId="8c84fa94-04c1-424b-9868-57a2d4851a1d" />
    <TestEntry testId="8616f313-0874-0a03-7810-4f3d3de80c81" executionId="d5259ec1-0abd-4026-a319-90844110256d" testListId="8c84fa94-04c1-424b-9868-57a2d4851a1d" />
    <TestEntry testId="7e2b291f-4d36-b74a-6972-5466517a8596" executionId="8cf00974-91e1-41bb-af2b-b55ddf08112c" testListId="8c84fa94-04c1-424b-9868-57a2d4851a1d" />
    <TestEntry testId="f7e40ddb-a284-7426-9379-70e1c4cc7afa" executionId="41dc7a9d-68ba-4b1a-8d4a-1d0c2d68d519" testListId="8c84fa94-04c1-424b-9868-57a2d4851a1d" />
    <TestEntry testId="56b8ecc6-4451-516f-e6ef-1f4a55f10fe8" executionId="28e5020c-a6db-40bf-9f5c-2dae5a69d4f8" testListId="8c84fa94-04c1-424b-9868-57a2d4851a1d" />
    <TestEntry testId="59db20d0-347c-a453-444e-683e23e9a040" executionId="44efe3ab-dd6c-4980-9002-2c5a8d974364" testListId="8c84fa94-04c1-424b-9868-57a2d4851a1d" />
    <TestEntry testId="d07cd30b-d230-d13b-93e4-5f93de4f56b2" executionId="b5e2d9f2-4290-4b7b-bd76-2977fd91d214" testListId="8c84fa94-04c1-424b-9868-57a2d4851a1d" />
    <TestEntry testId="04f07e51-e06f-f9ef-687e-27f8f50cd69c" executionId="4a14a2b8-02c3-4b9a-b975-37c4a2f9a725" testListId="8c84fa94-04c1-424b-9868-57a2d4851a1d" />
    <TestEntry testId="159d3ea9-44fc-4aaa-9da0-18c06a48805e" executionId="b36dcd3b-0cdd-455f-a0dd-6d60fb9b2a00" testListId="8c84fa94-04c1-424b-9868-57a2d4851a1d" />
    <TestEntry testId="355791e2-453d-1a99-4de5-71823162968c" executionId="24a6dd8f-f998-4a5d-ae20-3c67de15a175" testListId="8c84fa94-04c1-424b-9868-57a2d4851a1d" />
    <TestEntry testId="67ca508f-a17c-3db3-c22c-394aa968c00c" executionId="8aec7d73-a318-4880-8e7a-df05a326fdb4" testListId="8c84fa94-04c1-424b-9868-57a2d4851a1d" />
    <TestEntry testId="01c6738e-928f-12e9-002b-a3010d7f109b" executionId="d204cf4e-5402-4642-9e19-ffb396bc49b8" testListId="8c84fa94-04c1-424b-9868-57a2d4851a1d" />
    <TestEntry testId="b27c9020-e789-a65d-c36f-5611503fe0b7" executionId="429dcee0-0012-45cc-9aff-c718d4dac777" testListId="8c84fa94-04c1-424b-9868-57a2d4851a1d" />
    <TestEntry testId="160b6563-2105-ca70-48f4-f9c0ddc5ea76" executionId="43c21dcc-a20e-4983-9ab1-c297ab158845" testListId="8c84fa94-04c1-424b-9868-57a2d4851a1d" />
    <TestEntry testId="5d9c47dd-439e-67ac-b1d4-8dc742348d44" executionId="6794ff7f-1e20-474a-a1cb-ab22b3296e18" testListId="8c84fa94-04c1-424b-9868-57a2d4851a1d" />
    <TestEntry testId="5670067d-1cf3-a96b-1c13-3fd4f02d341b" executionId="3b2566d8-4dc8-40e9-a99b-37878773807b" testListId="8c84fa94-04c1-424b-9868-57a2d4851a1d" />
    <TestEntry testId="2cc010d6-e101-5b64-2847-d92eb3aca667" executionId="8476466d-3aa1-4349-8674-b9547610202e" testListId="8c84fa94-04c1-424b-9868-57a2d4851a1d" />
    <TestEntry testId="1bd4918e-984f-4b09-f089-8b165ff131a6" executionId="ebc86232-bc04-4586-8800-f402f78ab35d" testListId="8c84fa94-04c1-424b-9868-57a2d4851a1d" />
    <TestEntry testId="e3b45518-8d0a-2cd6-89ed-a43178b94cdf" executionId="20299b29-06cd-45f3-8568-3421cc33c3bc" testListId="8c84fa94-04c1-424b-9868-57a2d4851a1d" />
    <TestEntry testId="9b48be43-b6dc-ab4a-e9b5-a0f0a0083d37" executionId="be9dad11-6666-4e1a-8e56-a7821f01cd7a" testListId="8c84fa94-04c1-424b-9868-57a2d4851a1d" />
    <TestEntry testId="9cf0cba5-172e-c153-e796-92c43fe8b799" executionId="3fb1ce18-eb28-450c-9921-088323263c27" testListId="8c84fa94-04c1-424b-9868-57a2d4851a1d" />
    <TestEntry testId="26f20c36-20b3-9005-cb04-ee3276a58fd4" executionId="18a6a2eb-c475-4162-b8d7-5aa852cb38b3" testListId="8c84fa94-04c1-424b-9868-57a2d4851a1d" />
    <TestEntry testId="ec5f10ca-3aba-60b0-6d4f-6390df8262d9" executionId="dd41d742-85c0-45b3-bcc2-fa5a2cde99de" testListId="8c84fa94-04c1-424b-9868-57a2d4851a1d" />
    <TestEntry testId="dce4b7c0-81f4-b41c-94b9-afb06d0ad99d" executionId="38b2048b-2e8f-45ee-8120-0ee7cb066181" testListId="8c84fa94-04c1-424b-9868-57a2d4851a1d" />
    <TestEntry testId="2aa3cc9c-1e67-63fe-0e48-b59a2268710d" executionId="767689c0-8cfd-4e5c-be38-42627c8eca0e" testListId="8c84fa94-04c1-424b-9868-57a2d4851a1d" />
    <TestEntry testId="a4cd1902-2540-f6fa-9160-be37d82d086c" executionId="63461a77-f791-4a15-8425-d7227576f5ff" testListId="8c84fa94-04c1-424b-9868-57a2d4851a1d" />
    <TestEntry testId="90af8466-2ea2-b30d-8b80-8f3acbcf1032" executionId="bea19088-d69d-4021-9073-ebc91aa0671a" testListId="8c84fa94-04c1-424b-9868-57a2d4851a1d" />
    <TestEntry testId="26e5e629-8263-4046-5e10-c84b3539586e" executionId="8b0da41f-d4de-474b-9392-004977681d4d" testListId="8c84fa94-04c1-424b-9868-57a2d4851a1d" />
    <TestEntry testId="d950a7c4-72e5-0b34-aa9c-ed718050682b" executionId="d43c5a93-fcd7-44af-b89f-d1819b032862" testListId="8c84fa94-04c1-424b-9868-57a2d4851a1d" />
    <TestEntry testId="6d960990-c3fd-9f28-bdad-0681fd0a7d6b" executionId="ba38ed67-9820-4604-924f-04af4f2ffc3c" testListId="8c84fa94-04c1-424b-9868-57a2d4851a1d" />
    <TestEntry testId="9e27424c-7bf4-a54a-a23f-62f6c33d62bb" executionId="a01b7577-f032-4956-8128-19044741d64e" testListId="8c84fa94-04c1-424b-9868-57a2d4851a1d" />
    <TestEntry testId="31e4599a-6dad-6e73-df11-b7eddbe65212" executionId="a69c4bf1-7af1-49c5-a4b1-9b51237eb243" testListId="8c84fa94-04c1-424b-9868-57a2d4851a1d" />
    <TestEntry testId="ac5db98b-95ab-8428-6c0e-9c3d2b01381d" executionId="54becf3d-b816-4ee1-89fe-697b856a7060" testListId="8c84fa94-04c1-424b-9868-57a2d4851a1d" />
    <TestEntry testId="21cf7987-0bbe-7998-2a6a-b62be16638fd" executionId="2d34005e-c691-4553-9405-3878e826f7dd" testListId="8c84fa94-04c1-424b-9868-57a2d4851a1d" />
    <TestEntry testId="99b22c00-0b2b-9e79-261c-dcb39b52aa8e" executionId="04c1a17b-b33c-49d4-abff-f18b57ce6765" testListId="8c84fa94-04c1-424b-9868-57a2d4851a1d" />
    <TestEntry testId="36215da0-52f5-a57a-5cb4-ff033b29d94a" executionId="ce20b783-53f1-4c65-a87c-8dc1584cff7f" testListId="8c84fa94-04c1-424b-9868-57a2d4851a1d" />
    <TestEntry testId="8146e86e-cd6b-cf36-e743-61cfc2778296" executionId="aeadfa1c-4bc0-475c-a1d7-fc537979e14b" testListId="8c84fa94-04c1-424b-9868-57a2d4851a1d" />
  </TestEntries>
  <TestLists>
    <TestList name="Wyniki, których nie ma na liście" id="8c84fa94-04c1-424b-9868-57a2d4851a1d" />
    <TestList name="Wszystkie załadowane wyniki" id="19431567-8539-422a-85d7-44ee4e166bda" />
  </TestLists>
  <ResultSummary outcome="Completed">
    <Counters total="116" executed="116" passed="116" failed="0" error="0" timeout="0" aborted="0" inconclusive="0" passedButRunAborted="0" notRunnable="0" notExecuted="0" disconnected="0" warning="0" completed="0" inProgress="0" pending="0" />
    <Output>
      <StdOut>[xUnit.net 00:00:00.00] xUnit.net VSTest Adapter v2.4.3+1b45f5407b (64-bit .NET Core 3.1.10)&#xD;
[xUnit.net 00:00:00.36]   Discovering: 2020.Tests&#xD;
[xUnit.net 00:00:00.47]   Discovered:  2020.Tests&#xD;
[xUnit.net 00:00:00.47]   Starting:    2020.Tests&#xD;
[xUnit.net 00:00:41.71]   Finished:    2020.Tests&#xD;
</StdOut>
    </Output>
  </ResultSummary>
</TestRun>