<?xml version="1.0" encoding="utf-8"?>
<TestRun id="0b337cfe-6e04-4a99-ba8d-cf3a765c6e54" name="pnaro@LAPTOP-35RG0TO8 2020-12-16 23:35:23" runUser="LAPTOP-35RG0TO8\pnaro" xmlns="http://microsoft.com/schemas/VisualStudio/TeamTest/2010">
  <Times creation="2020-12-16T23:35:23.2025403+01:00" queuing="2020-12-16T23:35:23.2025411+01:00" start="2020-12-16T23:35:21.9862598+01:00" finish="2020-12-16T23:35:55.8848114+01:00" />
  <TestSettings name="default" id="047ffc5c-09b7-44df-b2cc-1d6f2f7e448f">
    <Deployment runDeploymentRoot="pnaro_LAPTOP-35RG0TO8_2020-12-16_23_35_23" />
  </TestSettings>
  <Results>
    <UnitTestResult executionId="ca21ea17-851b-4c58-95a5-1c5527b5e1df" testId="26f20c36-20b3-9005-cb04-ee3276a58fd4" testName="_2020.Tests.Days.Day1Tests.Part1(lines: &quot;1753\r\n1976\r\n1574\r\n308\r\n1384\r\n1191\r\n173&quot;...)" computerName="LAPTOP-35RG0TO8" duration="00:00:00.0114372" startTime="2020-12-16T23:35:23.1908354+01:00" endTime="2020-12-16T23:35:23.1908378+01:00" testType="13cdc9d9-ddb5-4fa4-a97d-d965ccfc6d4b" outcome="Passed" testListId="8c84fa94-04c1-424b-9868-57a2d4851a1d" relativeResultsDirectory="ca21ea17-851b-4c58-95a5-1c5527b5e1df">
      <Output>
        <StdOut>answer for part 1 is: 989824</StdOut>
      </Output>
    </UnitTestResult>
    <UnitTestResult executionId="3518884a-7557-4b9b-90f3-936cffd88889" testId="b2758025-0ea6-8920-1ed3-b47e23fd5591" testName="_2020.Tests.Days.Day10Tests.Part2_Pack(testCaseName: &quot;example1&quot;, _: &quot;35&quot;, expectedResult: &quot;8&quot;, fileContent: &quot;16\r\n10\r\n15\r\n5\r\n1\r\n11\r\n7\r\n19\r\n6\r\n&quot;...)" computerName="LAPTOP-35RG0TO8" duration="00:00:00.0179474" startTime="2020-12-16T23:35:23.1937345+01:00" endTime="2020-12-16T23:35:23.1937346+01:00" testType="13cdc9d9-ddb5-4fa4-a97d-d965ccfc6d4b" outcome="Passed" testListId="8c84fa94-04c1-424b-9868-57a2d4851a1d" relativeResultsDirectory="3518884a-7557-4b9b-90f3-936cffd88889" />
    <UnitTestResult executionId="92324944-2a2b-4811-9c25-07326cf5bf35" testId="d36ee119-83d8-bc35-7ac6-7f5ac328dab5" testName="_2020.Tests.Days.Day3Tests.Move_Works(fileContent: &quot;.......\r\n...#...\r\n......#&quot;, coordinates: [0, 0, 3, 1], isTree: True)" computerName="LAPTOP-35RG0TO8" duration="00:00:00.0000092" startTime="2020-12-16T23:35:23.1756240+01:00" endTime="2020-12-16T23:35:23.1756242+01:00" testType="13cdc9d9-ddb5-4fa4-a97d-d965ccfc6d4b" outcome="Passed" testListId="8c84fa94-04c1-424b-9868-57a2d4851a1d" relativeResultsDirectory="92324944-2a2b-4811-9c25-07326cf5bf35" />
    <UnitTestResult executionId="c2719a97-c402-4687-af7a-043395a28f0b" testId="26e5e629-8263-4046-5e10-c84b3539586e" testName="_2020.Tests.Days.Day2Tests.Part2(fileContent: &quot;1-5 k: kkkkhkkkkkkkkkk\r\n5-7 k: blkqhtxfgktdkxzkk&quot;...)" computerName="LAPTOP-35RG0TO8" duration="00:00:00.0095769" startTime="2020-12-16T23:35:23.2057034+01:00" endTime="2020-12-16T23:35:23.2057040+01:00" testType="13cdc9d9-ddb5-4fa4-a97d-d965ccfc6d4b" outcome="Passed" testListId="8c84fa94-04c1-424b-9868-57a2d4851a1d" relativeResultsDirectory="c2719a97-c402-4687-af7a-043395a28f0b">
      <Output>
        <StdOut>answer for part 2 is: 708</StdOut>
      </Output>
    </UnitTestResult>
    <UnitTestResult executionId="288a7349-83a4-407f-b6d8-31316affa7d9" testId="d87515a5-cd25-21bb-1381-51ed2081f274" testName="_2020.Tests.Days.Day8Tests.Part2_Pack(testCaseName: &quot;example1&quot;, _: &quot;5&quot;, expectedResult: &quot;8&quot;, fileContent: &quot;nop +0\r\nacc +1\r\njmp +4\r\nacc +3\r\njmp -3\r\n&quot;...)" computerName="LAPTOP-35RG0TO8" duration="00:00:00.0092861" startTime="2020-12-16T23:35:23.2001712+01:00" endTime="2020-12-16T23:35:23.2001714+01:00" testType="13cdc9d9-ddb5-4fa4-a97d-d965ccfc6d4b" outcome="Passed" testListId="8c84fa94-04c1-424b-9868-57a2d4851a1d" relativeResultsDirectory="288a7349-83a4-407f-b6d8-31316affa7d9" />
    <UnitTestResult executionId="5b480b26-63b9-49e6-883f-a66c67eea585" testId="6c059688-c465-f5a5-7144-0e70ce180f19" testName="_2020.Tests.Days.Day14Tests.Part1_pack(testCaseName: &quot;example2&quot;, expectedResult: &quot;51&quot;, _: &quot;208&quot;, fileContent: &quot;mask = 000000000000000000000000000000X1001X\r\nmem&quot;...)" computerName="LAPTOP-35RG0TO8" duration="00:00:00.0000846" startTime="2020-12-16T23:35:23.1691099+01:00" endTime="2020-12-16T23:35:23.1691105+01:00" testType="13cdc9d9-ddb5-4fa4-a97d-d965ccfc6d4b" outcome="Passed" testListId="8c84fa94-04c1-424b-9868-57a2d4851a1d" relativeResultsDirectory="5b480b26-63b9-49e6-883f-a66c67eea585" />
    <UnitTestResult executionId="a1aa0183-9eb0-4fb3-8843-bf2963a493bf" testId="b27c9020-e789-a65d-c36f-5611503fe0b7" testName="_2020.Tests.Days.Day8Tests.Part1_pack(testCaseName: &quot;puzzleinput&quot;, expectedResult: &quot;2051&quot;, _: &quot;2304&quot;, fileContent: &quot;jmp +583\r\nacc +9\r\njmp +525\r\njmp +302\r\njmp &quot;...)" computerName="LAPTOP-35RG0TO8" duration="00:00:00.0001979" startTime="2020-12-16T23:35:23.2074668+01:00" endTime="2020-12-16T23:35:23.2074672+01:00" testType="13cdc9d9-ddb5-4fa4-a97d-d965ccfc6d4b" outcome="Passed" testListId="8c84fa94-04c1-424b-9868-57a2d4851a1d" relativeResultsDirectory="a1aa0183-9eb0-4fb3-8843-bf2963a493bf" />
    <UnitTestResult executionId="66a6ebcb-2f4a-4fbe-8da7-a7b1344f39ee" testId="db9d81cc-9f3b-68f2-2d29-410e4425b6d1" testName="_2020.Tests.Days.Day10Tests.Part2_Pack(testCaseName: &quot;example_small&quot;, _: &quot;12&quot;, expectedResult: &quot;4&quot;, fileContent: &quot;3\r\n4\r\n5\r\n8\r\n9\r\n10&quot;)" computerName="LAPTOP-35RG0TO8" duration="00:00:00.0000283" startTime="2020-12-16T23:35:23.1938251+01:00" endTime="2020-12-16T23:35:23.1938253+01:00" testType="13cdc9d9-ddb5-4fa4-a97d-d965ccfc6d4b" outcome="Passed" testListId="8c84fa94-04c1-424b-9868-57a2d4851a1d" relativeResultsDirectory="66a6ebcb-2f4a-4fbe-8da7-a7b1344f39ee" />
    <UnitTestResult executionId="ac9ae11f-d62e-4ac0-b058-37ce8c2b336c" testId="04f07e51-e06f-f9ef-687e-27f8f50cd69c" testName="_2020.Tests.Days.Day10Tests.Part1_pack(testCaseName: &quot;example_small&quot;, expectedResult: &quot;12&quot;, _: &quot;4&quot;, fileContent: &quot;3\r\n4\r\n5\r\n8\r\n9\r\n10&quot;)" computerName="LAPTOP-35RG0TO8" duration="00:00:00.0000698" startTime="2020-12-16T23:35:23.1690232+01:00" endTime="2020-12-16T23:35:23.1690236+01:00" testType="13cdc9d9-ddb5-4fa4-a97d-d965ccfc6d4b" outcome="Passed" testListId="8c84fa94-04c1-424b-9868-57a2d4851a1d" relativeResultsDirectory="ac9ae11f-d62e-4ac0-b058-37ce8c2b336c" />
    <UnitTestResult executionId="80a96588-12e8-40c8-904f-e5aa33d9057a" testId="bdaba18c-2c59-04ae-e240-7ebf7e7a64fb" testName="_2020.Tests.Days.Day7Tests.Part2_Pack(testCaseName: &quot;puzzleinput&quot;, _: &quot;335&quot;, expectedResult: &quot;2431&quot;, fileContent: &quot;dim silver bags contain 3 posh fuchsia bags.\r\nwa&quot;...)" computerName="LAPTOP-35RG0TO8" duration="00:00:00.0315215" startTime="2020-12-16T23:35:23.2003367+01:00" endTime="2020-12-16T23:35:23.2003369+01:00" testType="13cdc9d9-ddb5-4fa4-a97d-d965ccfc6d4b" outcome="Passed" testListId="8c84fa94-04c1-424b-9868-57a2d4851a1d" relativeResultsDirectory="80a96588-12e8-40c8-904f-e5aa33d9057a" />
    <UnitTestResult executionId="b621a537-6c53-4bd1-bb6b-166032c68329" testId="8146e86e-cd6b-cf36-e743-61cfc2778296" testName="_2020.Tests.Days.Day3Tests.Move_Works(fileContent: &quot;.......\r\n...X...\r\n......X&quot;, coordinates: [0, 0, 3, 1], isTree: False)" computerName="LAPTOP-35RG0TO8" duration="00:00:00.0000083" startTime="2020-12-16T23:35:23.1756914+01:00" endTime="2020-12-16T23:35:23.1756916+01:00" testType="13cdc9d9-ddb5-4fa4-a97d-d965ccfc6d4b" outcome="Passed" testListId="8c84fa94-04c1-424b-9868-57a2d4851a1d" relativeResultsDirectory="b621a537-6c53-4bd1-bb6b-166032c68329" />
    <UnitTestResult executionId="bec361ee-469d-4b55-96d8-fa49c46faa94" testId="9fcb3a2b-27f0-5f22-0206-56c0549b9a84" testName="_2020.Tests.Days.Day6Tests.Part2_Pack(testCaseName: &quot;example1&quot;, _: &quot;11&quot;, expectedResult: &quot;6&quot;, fileContent: &quot;abc\r\n\r\na\r\nb\r\nc\r\n\r\nab\r\nac\r\n\r\na\r\&quot;...)" computerName="LAPTOP-35RG0TO8" duration="00:00:00.0180670" startTime="2020-12-16T23:35:23.1432905+01:00" endTime="2020-12-16T23:35:23.1432912+01:00" testType="13cdc9d9-ddb5-4fa4-a97d-d965ccfc6d4b" outcome="Passed" testListId="8c84fa94-04c1-424b-9868-57a2d4851a1d" relativeResultsDirectory="bec361ee-469d-4b55-96d8-fa49c46faa94" />
    <UnitTestResult executionId="989b4754-58d0-44b1-9b43-d29a0b87ad11" testId="ead7075b-f824-edda-74c3-54f68b078b04" testName="_2020.Tests.Days.Day15Tests.Part2_Pack(testCaseName: &quot;example7&quot;, _: &quot;1836&quot;, expectedResult: &quot;362&quot;, fileContent: &quot;3,1,2&quot;)" computerName="LAPTOP-35RG0TO8" duration="00:00:04.2114439" startTime="2020-12-16T23:35:43.4724609+01:00" endTime="2020-12-16T23:35:43.4724666+01:00" testType="13cdc9d9-ddb5-4fa4-a97d-d965ccfc6d4b" outcome="Passed" testListId="8c84fa94-04c1-424b-9868-57a2d4851a1d" relativeResultsDirectory="989b4754-58d0-44b1-9b43-d29a0b87ad11" />
    <UnitTestResult executionId="2e061715-60f1-4eb5-9e26-5ddee7c2e452" testId="e7fe6284-3fcb-b9cb-9a4e-f74cf392b140" testName="_2020.Tests.Days.Day3Tests.Part1_case3(fileContent: &quot;..##.......\r\n#...#...#..\r\n.#....#..#.\r\n..#.#&quot;...)" computerName="LAPTOP-35RG0TO8" duration="00:00:00.0002563" startTime="2020-12-16T23:35:23.1999252+01:00" endTime="2020-12-16T23:35:23.1999262+01:00" testType="13cdc9d9-ddb5-4fa4-a97d-d965ccfc6d4b" outcome="Passed" testListId="8c84fa94-04c1-424b-9868-57a2d4851a1d" relativeResultsDirectory="2e061715-60f1-4eb5-9e26-5ddee7c2e452" />
    <UnitTestResult executionId="9820520b-9d7f-4d93-b624-707f94cd0e65" testId="69421f74-dab9-7682-2157-83ab4af72623" testName="_2020.Tests.Days.Day15Tests.Part2_Pack(testCaseName: &quot;example4&quot;, _: &quot;27&quot;, expectedResult: &quot;261214&quot;, fileContent: &quot;1,2,3&quot;)" computerName="LAPTOP-35RG0TO8" duration="00:00:04.0383521" startTime="2020-12-16T23:35:47.5111405+01:00" endTime="2020-12-16T23:35:47.5111516+01:00" testType="13cdc9d9-ddb5-4fa4-a97d-d965ccfc6d4b" outcome="Passed" testListId="8c84fa94-04c1-424b-9868-57a2d4851a1d" relativeResultsDirectory="9820520b-9d7f-4d93-b624-707f94cd0e65" />
    <UnitTestResult executionId="35484b64-7597-4e17-8855-6a405d1d71b9" testId="db94a0d2-a22c-8314-89a3-1a38e815913a" testName="_2020.Tests.Days.Day1Tests.Part2(lines: &quot;1753\r\n1976\r\n1574\r\n308\r\n1384\r\n1191\r\n173&quot;...)" computerName="LAPTOP-35RG0TO8" duration="00:00:00.0182049" startTime="2020-12-16T23:35:23.1433614+01:00" endTime="2020-12-16T23:35:23.1433615+01:00" testType="13cdc9d9-ddb5-4fa4-a97d-d965ccfc6d4b" outcome="Passed" testListId="8c84fa94-04c1-424b-9868-57a2d4851a1d" relativeResultsDirectory="35484b64-7597-4e17-8855-6a405d1d71b9" />
    <UnitTestResult executionId="7ea1254f-a54a-46f8-8ccb-e469f3368b43" testId="edfee89c-6991-817a-4b5f-507b7c5607c8" testName="_2020.Tests.Days.Day8Tests.Part1_pack(testCaseName: &quot;example1&quot;, expectedResult: &quot;5&quot;, _: &quot;8&quot;, fileContent: &quot;nop +0\r\nacc +1\r\njmp +4\r\nacc +3\r\njmp -3\r\n&quot;...)" computerName="LAPTOP-35RG0TO8" duration="00:00:00.0002874" startTime="2020-12-16T23:35:23.2073545+01:00" endTime="2020-12-16T23:35:23.2073564+01:00" testType="13cdc9d9-ddb5-4fa4-a97d-d965ccfc6d4b" outcome="Passed" testListId="8c84fa94-04c1-424b-9868-57a2d4851a1d" relativeResultsDirectory="7ea1254f-a54a-46f8-8ccb-e469f3368b43" />
    <UnitTestResult executionId="b603d50a-d236-4ed9-abba-f25eeafb2f53" testId="375e425c-9b53-a326-01d6-888b92935a87" testName="_2020.Tests.Days.Day7Tests.Part1_pack(testCaseName: &quot;example1&quot;, expectedResult: &quot;4&quot;, _: &quot;&quot;, fileContent: &quot;light red bags contain 1 bright white bag, 2 muted&quot;...)" computerName="LAPTOP-35RG0TO8" duration="00:00:00.0002195" startTime="2020-12-16T23:35:23.2094853+01:00" endTime="2020-12-16T23:35:23.2094855+01:00" testType="13cdc9d9-ddb5-4fa4-a97d-d965ccfc6d4b" outcome="Passed" testListId="8c84fa94-04c1-424b-9868-57a2d4851a1d" relativeResultsDirectory="b603d50a-d236-4ed9-abba-f25eeafb2f53" />
    <UnitTestResult executionId="e631bfa4-f356-49d4-9b65-9711c49bd0fb" testId="9cf0cba5-172e-c153-e796-92c43fe8b799" testName="_2020.Tests.Days.Day13Tests.Part2_Pack(testCaseName: &quot;puzzleinput&quot;, _: &quot;4135&quot;, expectedResult: &quot;640856202464541&quot;, fileContent: &quot;1011416\r\n41,x,x,x,x,x,x,x,x,x,x,x,x,x,x,x,x,x,x,&quot;...)" computerName="LAPTOP-35RG0TO8" duration="00:00:00.0461017" startTime="2020-12-16T23:35:23.1956813+01:00" endTime="2020-12-16T23:35:23.1956815+01:00" testType="13cdc9d9-ddb5-4fa4-a97d-d965ccfc6d4b" outcome="Passed" testListId="8c84fa94-04c1-424b-9868-57a2d4851a1d" relativeResultsDirectory="e631bfa4-f356-49d4-9b65-9711c49bd0fb" />
    <UnitTestResult executionId="4d3094b1-dcc5-4206-a876-b7d278eb4e75" testId="1bd4918e-984f-4b09-f089-8b165ff131a6" testName="_2020.Tests.Days.Day12Tests.Part2_Pack(testCaseName: &quot;puzzleinput&quot;, _: &quot;1565&quot;, expectedResult: &quot;78883&quot;, fileContent: &quot;E5\r\nR90\r\nE5\r\nL90\r\nF80\r\nL90\r\nE3\r\nN5\r&quot;...)" computerName="LAPTOP-35RG0TO8" duration="00:00:00.0128494" startTime="2020-12-16T23:35:23.1423350+01:00" endTime="2020-12-16T23:35:23.1423359+01:00" testType="13cdc9d9-ddb5-4fa4-a97d-d965ccfc6d4b" outcome="Passed" testListId="8c84fa94-04c1-424b-9868-57a2d4851a1d" relativeResultsDirectory="4d3094b1-dcc5-4206-a876-b7d278eb4e75" />
    <UnitTestResult executionId="573f5428-96f6-45c6-9b90-a28abf778562" testId="9f0ccaf6-c07d-b20e-be6b-7733f88e5aab" testName="_2020.Tests.Days.Day11Tests.Part1_pack(testCaseName: &quot;example1&quot;, expectedResult: &quot;37&quot;, _: &quot;26&quot;, fileContent: &quot;L.LL.LL.LL\r\nLLLLLLL.LL\r\nL.L.L..L..\r\nLLLL.LL.&quot;...)" computerName="LAPTOP-35RG0TO8" duration="00:00:00.0003937" startTime="2020-12-16T23:35:24.8286649+01:00" endTime="2020-12-16T23:35:24.8286765+01:00" testType="13cdc9d9-ddb5-4fa4-a97d-d965ccfc6d4b" outcome="Passed" testListId="8c84fa94-04c1-424b-9868-57a2d4851a1d" relativeResultsDirectory="573f5428-96f6-45c6-9b90-a28abf778562" />
    <UnitTestResult executionId="0ace101c-9d53-4639-9395-04337dfc4c8a" testId="7df7f244-2fd3-a955-75ef-80b7d924f8e2" testName="_2020.Tests.Days.Day14Tests.Part2_Pack(testCaseName: &quot;example2&quot;, _: &quot;51&quot;, expectedResult: &quot;208&quot;, fileContent: &quot;mask = 000000000000000000000000000000X1001X\r\nmem&quot;...)" computerName="LAPTOP-35RG0TO8" duration="00:00:00.0001020" startTime="2020-12-16T23:35:23.3681664+01:00" endTime="2020-12-16T23:35:23.3681672+01:00" testType="13cdc9d9-ddb5-4fa4-a97d-d965ccfc6d4b" outcome="Passed" testListId="8c84fa94-04c1-424b-9868-57a2d4851a1d" relativeResultsDirectory="0ace101c-9d53-4639-9395-04337dfc4c8a" />
    <UnitTestResult executionId="fbea5911-6523-4071-b629-acd0c3916726" testId="7505053a-8388-b504-70a1-f4bcc9da9d25" testName="_2020.Tests.Days.Day4Tests.Part1_pack(testCaseName: &quot;invalid&quot;, expectedResult: &quot;4&quot;, _: &quot;0&quot;, fileContent: &quot;eyr:1972 cid:100\r\nhcl:#18171d ecl:amb hgt:170 pi&quot;...)" computerName="LAPTOP-35RG0TO8" duration="00:00:00.0000609" startTime="2020-12-16T23:35:23.1689777+01:00" endTime="2020-12-16T23:35:23.1689786+01:00" testType="13cdc9d9-ddb5-4fa4-a97d-d965ccfc6d4b" outcome="Passed" testListId="8c84fa94-04c1-424b-9868-57a2d4851a1d" relativeResultsDirectory="fbea5911-6523-4071-b629-acd0c3916726" />
    <UnitTestResult executionId="aa51f3a5-fdd4-465b-b447-540071c591e6" testId="3e90431b-d28c-c271-ef23-978dcb2898e8" testName="_2020.Tests.Days.Day3Tests.Move_Works(fileContent: &quot;...\r\nX..&quot;, coordinates: [0, 0, 0, 1], isTree: False)" computerName="LAPTOP-35RG0TO8" duration="00:00:00.0130100" startTime="2020-12-16T23:35:23.1434142+01:00" endTime="2020-12-16T23:35:23.1434150+01:00" testType="13cdc9d9-ddb5-4fa4-a97d-d965ccfc6d4b" outcome="Passed" testListId="8c84fa94-04c1-424b-9868-57a2d4851a1d" relativeResultsDirectory="aa51f3a5-fdd4-465b-b447-540071c591e6" />
    <UnitTestResult executionId="453f4e87-2934-4f07-b140-e51cfd3144c7" testId="3e8c6d43-8d09-84bb-a295-43059662202b" testName="_2020.Tests.Days.Day15Tests.Part1_pack(testCaseName: &quot;example7&quot;, expectedResult: &quot;1836&quot;, _: &quot;362&quot;, fileContent: &quot;3,1,2&quot;)" computerName="LAPTOP-35RG0TO8" duration="00:00:00.0002761" startTime="2020-12-16T23:35:23.1813051+01:00" endTime="2020-12-16T23:35:23.1813060+01:00" testType="13cdc9d9-ddb5-4fa4-a97d-d965ccfc6d4b" outcome="Passed" testListId="8c84fa94-04c1-424b-9868-57a2d4851a1d" relativeResultsDirectory="453f4e87-2934-4f07-b140-e51cfd3144c7" />
    <UnitTestResult executionId="624579de-ba70-467e-8d14-4bacbb1bba26" testId="7e2b291f-4d36-b74a-6972-5466517a8596" testName="_2020.Tests.Days.Day10Tests.Part2_Pack(testCaseName: &quot;example2&quot;, _: &quot;220&quot;, expectedResult: &quot;19208&quot;, fileContent: &quot;28\r\n33\r\n18\r\n42\r\n31\r\n14\r\n46\r\n20\r\n48&quot;...)" computerName="LAPTOP-35RG0TO8" duration="00:00:00.0000335" startTime="2020-12-16T23:35:23.1937958+01:00" endTime="2020-12-16T23:35:23.1937960+01:00" testType="13cdc9d9-ddb5-4fa4-a97d-d965ccfc6d4b" outcome="Passed" testListId="8c84fa94-04c1-424b-9868-57a2d4851a1d" relativeResultsDirectory="624579de-ba70-467e-8d14-4bacbb1bba26" />
    <UnitTestResult executionId="46e7b902-ac49-41d7-a2e0-d4b92065bef0" testId="99b22c00-0b2b-9e79-261c-dcb39b52aa8e" testName="_2020.Tests.Days.Day3Tests.Part1(fileContent: &quot;.#.......#...........#.........\r\n..##.......#.#.&quot;...)" computerName="LAPTOP-35RG0TO8" duration="00:00:00.0003133" startTime="2020-12-16T23:35:23.2000138+01:00" endTime="2020-12-16T23:35:23.2000142+01:00" testType="13cdc9d9-ddb5-4fa4-a97d-d965ccfc6d4b" outcome="Passed" testListId="8c84fa94-04c1-424b-9868-57a2d4851a1d" relativeResultsDirectory="46e7b902-ac49-41d7-a2e0-d4b92065bef0">
      <Output>
        <StdOut>answer for part 1 is: 209</StdOut>
      </Output>
    </UnitTestResult>
    <UnitTestResult executionId="293ad5bb-a11f-4c71-839c-e09e7c856fe9" testId="59db20d0-347c-a453-444e-683e23e9a040" testName="_2020.Tests.Days.Day15Tests.Part1_pack(testCaseName: &quot;example5&quot;, expectedResult: &quot;78&quot;, _: &quot;6895259&quot;, fileContent: &quot;2,3,1&quot;)" computerName="LAPTOP-35RG0TO8" duration="00:00:00.0003334" startTime="2020-12-16T23:35:23.1853072+01:00" endTime="2020-12-16T23:35:23.1853079+01:00" testType="13cdc9d9-ddb5-4fa4-a97d-d965ccfc6d4b" outcome="Passed" testListId="8c84fa94-04c1-424b-9868-57a2d4851a1d" relativeResultsDirectory="293ad5bb-a11f-4c71-839c-e09e7c856fe9" />
    <UnitTestResult executionId="c7315da3-2a25-4796-8631-7be4d833e64a" testId="21cf7987-0bbe-7998-2a6a-b62be16638fd" testName="_2020.Tests.Days.Day16Tests.Part2_Pack(testCaseName: &quot;example2&quot;, _: &quot;0&quot;, expectedResult: &quot;1716&quot;, fileContent: &quot;departure class: 0-1 or 4-19\r\ndeparture row: 0-5&quot;...)" computerName="LAPTOP-35RG0TO8" duration="00:00:00.0132708" startTime="2020-12-16T23:35:23.2095107+01:00" endTime="2020-12-16T23:35:23.2095109+01:00" testType="13cdc9d9-ddb5-4fa4-a97d-d965ccfc6d4b" outcome="Passed" testListId="8c84fa94-04c1-424b-9868-57a2d4851a1d" relativeResultsDirectory="c7315da3-2a25-4796-8631-7be4d833e64a" />
    <UnitTestResult executionId="961556ac-4145-4224-a186-fcfaae7fcaf1" testId="36215da0-52f5-a57a-5cb4-ff033b29d94a" testName="_2020.Tests.Days.Day16Tests.Part2_Pack(testCaseName: &quot;puzzleinput&quot;, _: &quot;20060&quot;, expectedResult: &quot;1213906609901&quot;, fileContent: &quot;departure location: 37-594 or 615-952\r\ndeparture&quot;...)" computerName="LAPTOP-35RG0TO8" duration="00:00:00.0015344" startTime="2020-12-16T23:35:23.2095671+01:00" endTime="2020-12-16T23:35:23.2095672+01:00" testType="13cdc9d9-ddb5-4fa4-a97d-d965ccfc6d4b" outcome="Passed" testListId="8c84fa94-04c1-424b-9868-57a2d4851a1d" relativeResultsDirectory="961556ac-4145-4224-a186-fcfaae7fcaf1" />
    <UnitTestResult executionId="aba9777f-1058-4be7-8a2e-2450df4df7f0" testId="2aa3cc9c-1e67-63fe-0e48-b59a2268710d" testName="_2020.Tests.Days.Day15Tests.Part1_pack(testCaseName: &quot;example3&quot;, expectedResult: &quot;10&quot;, _: &quot;3544142&quot;, fileContent: &quot;2,1,3&quot;)" computerName="LAPTOP-35RG0TO8" duration="00:00:00.0002298" startTime="2020-12-16T23:35:23.1878828+01:00" endTime="2020-12-16T23:35:23.1878839+01:00" testType="13cdc9d9-ddb5-4fa4-a97d-d965ccfc6d4b" outcome="Passed" testListId="8c84fa94-04c1-424b-9868-57a2d4851a1d" relativeResultsDirectory="aba9777f-1058-4be7-8a2e-2450df4df7f0" />
    <UnitTestResult executionId="2488e4f1-dc84-41c8-a366-53b4e4bdac4b" testId="ea350fd8-4960-b90d-698c-7f319b46d10e" testName="_2020.Tests.Days.Day11Tests.Part1_pack(testCaseName: &quot;puzzleinput&quot;, expectedResult: &quot;2310&quot;, _: &quot;2074&quot;, fileContent: &quot;LLLLLLLLLL.LLLLLLLL.LLLLLLLLLLLLL.LLLLL.LLLL.LL.L.&quot;...)" computerName="LAPTOP-35RG0TO8" duration="00:00:00.8433495" startTime="2020-12-16T23:35:24.8279297+01:00" endTime="2020-12-16T23:35:24.8279403+01:00" testType="13cdc9d9-ddb5-4fa4-a97d-d965ccfc6d4b" outcome="Passed" testListId="8c84fa94-04c1-424b-9868-57a2d4851a1d" relativeResultsDirectory="2488e4f1-dc84-41c8-a366-53b4e4bdac4b" />
    <UnitTestResult executionId="53ab3d0b-6ed7-4286-970a-547add924401" testId="136cf6b3-49e2-8bb0-486f-d1f9a3983f12" testName="_2020.Tests.Days.Day3Tests.Part1_case2(fileContent: &quot;...\r\n#..&quot;)" computerName="LAPTOP-35RG0TO8" duration="00:00:00.0114679" startTime="2020-12-16T23:35:23.1911796+01:00" endTime="2020-12-16T23:35:23.1911801+01:00" testType="13cdc9d9-ddb5-4fa4-a97d-d965ccfc6d4b" outcome="Passed" testListId="8c84fa94-04c1-424b-9868-57a2d4851a1d" relativeResultsDirectory="53ab3d0b-6ed7-4286-970a-547add924401">
      <Output>
        <StdOut>answer for part 1 is: 1</StdOut>
      </Output>
    </UnitTestResult>
    <UnitTestResult executionId="92d935d5-58d8-4c39-a1d3-ac70d52ab9e2" testId="d950a7c4-72e5-0b34-aa9c-ed718050682b" testName="_2020.Tests.Days.Day15Tests.Part1_pack(testCaseName: &quot;example2&quot;, expectedResult: &quot;1&quot;, _: &quot;2578&quot;, fileContent: &quot;1,3,2&quot;)" computerName="LAPTOP-35RG0TO8" duration="00:00:00.0222147" startTime="2020-12-16T23:35:23.1433717+01:00" endTime="2020-12-16T23:35:23.1433719+01:00" testType="13cdc9d9-ddb5-4fa4-a97d-d965ccfc6d4b" outcome="Passed" testListId="8c84fa94-04c1-424b-9868-57a2d4851a1d" relativeResultsDirectory="92d935d5-58d8-4c39-a1d3-ac70d52ab9e2" />
    <UnitTestResult executionId="aef48e14-8164-4fbc-955a-d42746d68b47" testId="0d9d879c-a85a-bdc6-b8ff-9a6ab509a103" testName="_2020.Tests.Days.Day16Tests.Part1_pack(testCaseName: &quot;example1&quot;, expectedResult: &quot;71&quot;, _: &quot;0&quot;, fileContent: &quot;class: 1-3 or 5-7\r\nrow: 6-11 or 33-44\r\nseat: 1&quot;...)" computerName="LAPTOP-35RG0TO8" duration="00:00:00.0001138" startTime="2020-12-16T23:35:23.2093482+01:00" endTime="2020-12-16T23:35:23.2093487+01:00" testType="13cdc9d9-ddb5-4fa4-a97d-d965ccfc6d4b" outcome="Passed" testListId="8c84fa94-04c1-424b-9868-57a2d4851a1d" relativeResultsDirectory="aef48e14-8164-4fbc-955a-d42746d68b47" />
    <UnitTestResult executionId="dc0dff2c-4658-4214-9986-58d5124bc488" testId="0ae8165c-5db8-2151-c07c-655806764c15" testName="_2020.Tests.Days.Day6Tests.Part2_Pack(testCaseName: &quot;puzzleinput&quot;, _: &quot;6551&quot;, expectedResult: &quot;3358&quot;, fileContent: &quot;nvlyak\r\nnyvha\r\nyaen\r\nqynia\r\n\r\nkend\r\nen&quot;...)" computerName="LAPTOP-35RG0TO8" duration="00:00:00.0021395" startTime="2020-12-16T23:35:23.1855229+01:00" endTime="2020-12-16T23:35:23.1855231+01:00" testType="13cdc9d9-ddb5-4fa4-a97d-d965ccfc6d4b" outcome="Passed" testListId="8c84fa94-04c1-424b-9868-57a2d4851a1d" relativeResultsDirectory="dc0dff2c-4658-4214-9986-58d5124bc488" />
    <UnitTestResult executionId="3c3a944c-89c6-4da6-bbc5-8f2f95920cf8" testId="ef12b05a-db9c-a4d1-6bf6-f50fcc998ceb" testName="_2020.Tests.Days.Day15Tests.Part1_pack(testCaseName: &quot;example6&quot;, expectedResult: &quot;438&quot;, _: &quot;18&quot;, fileContent: &quot;3,2,1&quot;)" computerName="LAPTOP-35RG0TO8" duration="00:00:00.0003259" startTime="2020-12-16T23:35:23.1757655+01:00" endTime="2020-12-16T23:35:23.1757656+01:00" testType="13cdc9d9-ddb5-4fa4-a97d-d965ccfc6d4b" outcome="Passed" testListId="8c84fa94-04c1-424b-9868-57a2d4851a1d" relativeResultsDirectory="3c3a944c-89c6-4da6-bbc5-8f2f95920cf8" />
    <UnitTestResult executionId="cd2071fb-6cc6-44fb-8b2c-380c592d8a20" testId="dffdb84d-1db1-5f4c-67d3-f3140d14b547" testName="_2020.Tests.Days.Day16Tests.Part2_Pack(testCaseName: &quot;example1&quot;, _: &quot;71&quot;, expectedResult: &quot;0&quot;, fileContent: &quot;class: 1-3 or 5-7\r\nrow: 6-11 or 33-44\r\nseat: 1&quot;...)" computerName="LAPTOP-35RG0TO8" duration="00:00:00.0000971" startTime="2020-12-16T23:35:23.2095397+01:00" endTime="2020-12-16T23:35:23.2095398+01:00" testType="13cdc9d9-ddb5-4fa4-a97d-d965ccfc6d4b" outcome="Passed" testListId="8c84fa94-04c1-424b-9868-57a2d4851a1d" relativeResultsDirectory="cd2071fb-6cc6-44fb-8b2c-380c592d8a20" />
    <UnitTestResult executionId="7a6811e8-a0b4-4f3b-b1dc-c0f9ce6b007b" testId="de8b5722-7c80-d4eb-b97c-ebe57717fb6c" testName="_2020.Tests.Days.Day5Tests.Part1_pack(testCaseName: &quot;example1&quot;, expectedResult: &quot;820&quot;, _: &quot;&quot;, fileContent: &quot;BFFFBBFRRR\r\nFFFBBBFRRR\r\nBBFFBBFRLL&quot;)" computerName="LAPTOP-35RG0TO8" duration="00:00:00.0000271" startTime="2020-12-16T23:35:23.1755006+01:00" endTime="2020-12-16T23:35:23.1755014+01:00" testType="13cdc9d9-ddb5-4fa4-a97d-d965ccfc6d4b" outcome="Passed" testListId="8c84fa94-04c1-424b-9868-57a2d4851a1d" relativeResultsDirectory="7a6811e8-a0b4-4f3b-b1dc-c0f9ce6b007b" />
    <UnitTestResult executionId="0f9c17a4-c11e-47d8-812c-c52770d6e801" testId="7deeee6f-5f68-e96c-55d2-19a70aab7c3d" testName="_2020.Tests.Days.Day3Tests.Move_Works(fileContent: &quot;.......\r\n...#...\r\n......#&quot;, coordinates: [3, 1, 6, 2], isTree: True)" computerName="LAPTOP-35RG0TO8" duration="00:00:00.0000460" startTime="2020-12-16T23:35:23.1690575+01:00" endTime="2020-12-16T23:35:23.1690578+01:00" testType="13cdc9d9-ddb5-4fa4-a97d-d965ccfc6d4b" outcome="Passed" testListId="8c84fa94-04c1-424b-9868-57a2d4851a1d" relativeResultsDirectory="0f9c17a4-c11e-47d8-812c-c52770d6e801" />
    <UnitTestResult executionId="51987492-ffe1-40aa-a422-703e5b448063" testId="9b48be43-b6dc-ab4a-e9b5-a0f0a0083d37" testName="_2020.Tests.Days.Day3Tests.Move_Works(fileContent: &quot;...\r\n#..&quot;, coordinates: [0, 0, 0, 1], isTree: True)" computerName="LAPTOP-35RG0TO8" duration="00:00:00.0000111" startTime="2020-12-16T23:35:23.1755673+01:00" endTime="2020-12-16T23:35:23.1755675+01:00" testType="13cdc9d9-ddb5-4fa4-a97d-d965ccfc6d4b" outcome="Passed" testListId="8c84fa94-04c1-424b-9868-57a2d4851a1d" relativeResultsDirectory="51987492-ffe1-40aa-a422-703e5b448063" />
    <UnitTestResult executionId="fb7ac61e-bd23-4d1d-86a9-d1e1b157b4fd" testId="844a928f-443a-c27a-8ee8-10b193eadc8b" testName="_2020.Tests.Days.Day7Tests.Part2_Pack(testCaseName: &quot;example2&quot;, _: &quot;&quot;, expectedResult: &quot;126&quot;, fileContent: &quot;shiny gold bags contain 2 dark red bags.\r\ndark r&quot;...)" computerName="LAPTOP-35RG0TO8" duration="00:00:00.0360946" startTime="2020-12-16T23:35:23.1880843+01:00" endTime="2020-12-16T23:35:23.1880845+01:00" testType="13cdc9d9-ddb5-4fa4-a97d-d965ccfc6d4b" outcome="Passed" testListId="8c84fa94-04c1-424b-9868-57a2d4851a1d" relativeResultsDirectory="fb7ac61e-bd23-4d1d-86a9-d1e1b157b4fd" />
    <UnitTestResult executionId="e1e6707f-ab85-4f86-bdfb-3de850452765" testId="de573764-ea0d-8509-05be-8709ab895a61" testName="_2020.Tests.Days.Day4Tests.Part1(fileContent: &quot;eyr:2027\r\nhcl:#602927\r\nhgt:186cm byr:1939 iyr:&quot;...)" computerName="LAPTOP-35RG0TO8" duration="00:00:00.0022475" startTime="2020-12-16T23:35:23.1938747+01:00" endTime="2020-12-16T23:35:23.1938749+01:00" testType="13cdc9d9-ddb5-4fa4-a97d-d965ccfc6d4b" outcome="Passed" testListId="8c84fa94-04c1-424b-9868-57a2d4851a1d" relativeResultsDirectory="e1e6707f-ab85-4f86-bdfb-3de850452765">
      <Output>
        <StdOut>answer for part 1 is: 235</StdOut>
      </Output>
    </UnitTestResult>
    <UnitTestResult executionId="6b88b0e2-dc37-472a-b308-ac165e4172b8" testId="2c83aeec-41f1-c9e6-9c5b-7d5ecf29ccdd" testName="_2020.Tests.Days.Day15Tests.Part1_pack(testCaseName: &quot;example1&quot;, expectedResult: &quot;436&quot;, _: &quot;175594&quot;, fileContent: &quot;0,3,6&quot;)" computerName="LAPTOP-35RG0TO8" duration="00:00:00.0003212" startTime="2020-12-16T23:35:23.1854167+01:00" endTime="2020-12-16T23:35:23.1854170+01:00" testType="13cdc9d9-ddb5-4fa4-a97d-d965ccfc6d4b" outcome="Passed" testListId="8c84fa94-04c1-424b-9868-57a2d4851a1d" relativeResultsDirectory="6b88b0e2-dc37-472a-b308-ac165e4172b8" />
    <UnitTestResult executionId="65019e2e-4628-4556-ad7c-9c834e60dd8e" testId="dce4b7c0-81f4-b41c-94b9-afb06d0ad99d" testName="_2020.Tests.Days.Day6Tests.Part1_pack(testCaseName: &quot;example1&quot;, expectedResult: &quot;11&quot;, _: &quot;6&quot;, fileContent: &quot;abc\r\n\r\na\r\nb\r\nc\r\n\r\nab\r\nac\r\n\r\na\r\&quot;...)" computerName="LAPTOP-35RG0TO8" duration="00:00:00.0000331" startTime="2020-12-16T23:35:23.1956458+01:00" endTime="2020-12-16T23:35:23.1956469+01:00" testType="13cdc9d9-ddb5-4fa4-a97d-d965ccfc6d4b" outcome="Passed" testListId="8c84fa94-04c1-424b-9868-57a2d4851a1d" relativeResultsDirectory="65019e2e-4628-4556-ad7c-9c834e60dd8e" />
    <UnitTestResult executionId="62072a73-5e17-4d23-988c-cea4561d765b" testId="01c6738e-928f-12e9-002b-a3010d7f109b" testName="_2020.Tests.Days.Day8Tests.Part2_Pack(testCaseName: &quot;puzzleinput&quot;, _: &quot;2051&quot;, expectedResult: &quot;2304&quot;, fileContent: &quot;jmp +583\r\nacc +9\r\njmp +525\r\njmp +302\r\njmp &quot;...)" computerName="LAPTOP-35RG0TO8" duration="00:00:00.0153691" startTime="2020-12-16T23:35:23.2058119+01:00" endTime="2020-12-16T23:35:23.2058121+01:00" testType="13cdc9d9-ddb5-4fa4-a97d-d965ccfc6d4b" outcome="Passed" testListId="8c84fa94-04c1-424b-9868-57a2d4851a1d" relativeResultsDirectory="62072a73-5e17-4d23-988c-cea4561d765b" />
    <UnitTestResult executionId="2cbf72b4-8b4a-4822-9235-cfa46a9cf3a5" testId="4d95249a-c4ec-74a6-909c-c074eed39474" testName="_2020.Tests.Days.Day10Tests.Part1_pack(testCaseName: &quot;example1&quot;, expectedResult: &quot;35&quot;, _: &quot;8&quot;, fileContent: &quot;16\r\n10\r\n15\r\n5\r\n1\r\n11\r\n7\r\n19\r\n6\r\n&quot;...)" computerName="LAPTOP-35RG0TO8" duration="00:00:00.0234501" startTime="2020-12-16T23:35:23.1434396+01:00" endTime="2020-12-16T23:35:23.1434403+01:00" testType="13cdc9d9-ddb5-4fa4-a97d-d965ccfc6d4b" outcome="Passed" testListId="8c84fa94-04c1-424b-9868-57a2d4851a1d" relativeResultsDirectory="2cbf72b4-8b4a-4822-9235-cfa46a9cf3a5" />
    <UnitTestResult executionId="2e750db0-1777-4d98-bcfc-c7e77beb3165" testId="4884422f-a201-6166-d234-44d86f6dd8d3" testName="_2020.Tests.Days.Day3Tests.Move_Works(fileContent: &quot;.......\r\n...X...\r\n......X&quot;, coordinates: [3, 1, 6, 2], isTree: False)" computerName="LAPTOP-35RG0TO8" duration="00:00:00.0000102" startTime="2020-12-16T23:35:23.1757386+01:00" endTime="2020-12-16T23:35:23.1757388+01:00" testType="13cdc9d9-ddb5-4fa4-a97d-d965ccfc6d4b" outcome="Passed" testListId="8c84fa94-04c1-424b-9868-57a2d4851a1d" relativeResultsDirectory="2e750db0-1777-4d98-bcfc-c7e77beb3165" />
    <UnitTestResult executionId="2543946e-1678-4f5b-9cdb-d7df40fe7b65" testId="6d960990-c3fd-9f28-bdad-0681fd0a7d6b" testName="_2020.Tests.Days.Day15Tests.Part2_Pack(testCaseName: &quot;example3&quot;, _: &quot;10&quot;, expectedResult: &quot;3544142&quot;, fileContent: &quot;2,1,3&quot;)" computerName="LAPTOP-35RG0TO8" duration="00:00:04.2198775" startTime="2020-12-16T23:35:51.7313263+01:00" endTime="2020-12-16T23:35:51.7313321+01:00" testType="13cdc9d9-ddb5-4fa4-a97d-d965ccfc6d4b" outcome="Passed" testListId="8c84fa94-04c1-424b-9868-57a2d4851a1d" relativeResultsDirectory="2543946e-1678-4f5b-9cdb-d7df40fe7b65" />
    <UnitTestResult executionId="873a22ef-eb81-4977-a05f-cee59668f29e" testId="2cc010d6-e101-5b64-2847-d92eb3aca667" testName="_2020.Tests.Days.Day10Tests.Part2_Pack(testCaseName: &quot;puzzleinput&quot;, _: &quot;2059&quot;, expectedResult: &quot;86812553324672&quot;, fileContent: &quot;77\r\n58\r\n25\r\n92\r\n14\r\n154\r\n105\r\n112\r\&quot;...)" computerName="LAPTOP-35RG0TO8" duration="00:00:00.0001011" startTime="2020-12-16T23:35:23.1937658+01:00" endTime="2020-12-16T23:35:23.1937659+01:00" testType="13cdc9d9-ddb5-4fa4-a97d-d965ccfc6d4b" outcome="Passed" testListId="8c84fa94-04c1-424b-9868-57a2d4851a1d" relativeResultsDirectory="873a22ef-eb81-4977-a05f-cee59668f29e" />
    <UnitTestResult executionId="b0ac28a1-c19b-4444-aa40-b58925a56b61" testId="821db9cf-a5c7-f686-a035-a78be04f731f" testName="_2020.Tests.Days.Day16Tests.Part1_pack(testCaseName: &quot;example2&quot;, expectedResult: &quot;0&quot;, _: &quot;1716&quot;, fileContent: &quot;departure class: 0-1 or 4-19\r\ndeparture row: 0-5&quot;...)" computerName="LAPTOP-35RG0TO8" duration="00:00:00.0000511" startTime="2020-12-16T23:35:23.2093832+01:00" endTime="2020-12-16T23:35:23.2093834+01:00" testType="13cdc9d9-ddb5-4fa4-a97d-d965ccfc6d4b" outcome="Passed" testListId="8c84fa94-04c1-424b-9868-57a2d4851a1d" relativeResultsDirectory="b0ac28a1-c19b-4444-aa40-b58925a56b61" />
    <UnitTestResult executionId="313fdc69-a082-4f7e-88bf-0df277e06aa4" testId="5cb521d9-b508-87d2-d6b3-9430721a3a5b" testName="_2020.Tests.Days.Day11Tests.Part2_Pack(testCaseName: &quot;puzzleinput&quot;, _: &quot;2310&quot;, expectedResult: &quot;2074&quot;, fileContent: &quot;LLLLLLLLLL.LLLLLLLL.LLLLLLLLLLLLL.LLLLL.LLLL.LL.L.&quot;...)" computerName="LAPTOP-35RG0TO8" duration="00:00:00.8583771" startTime="2020-12-16T23:35:23.9842366+01:00" endTime="2020-12-16T23:35:23.9842479+01:00" testType="13cdc9d9-ddb5-4fa4-a97d-d965ccfc6d4b" outcome="Passed" testListId="8c84fa94-04c1-424b-9868-57a2d4851a1d" relativeResultsDirectory="313fdc69-a082-4f7e-88bf-0df277e06aa4" />
    <UnitTestResult executionId="998f0203-cb2f-4f53-8cff-9efab082731b" testId="de2d88b7-cfd9-036b-e718-618c36e4686c" testName="_2020.Tests.Days.Day4Tests.Part2(fileContent: &quot;eyr:2027\r\nhcl:#602927\r\nhgt:186cm byr:1939 iyr:&quot;...)" computerName="LAPTOP-35RG0TO8" duration="00:00:00.0059542" startTime="2020-12-16T23:35:23.1959134+01:00" endTime="2020-12-16T23:35:23.1959137+01:00" testType="13cdc9d9-ddb5-4fa4-a97d-d965ccfc6d4b" outcome="Passed" testListId="8c84fa94-04c1-424b-9868-57a2d4851a1d" relativeResultsDirectory="998f0203-cb2f-4f53-8cff-9efab082731b">
      <Output>
        <StdOut>answer for part 2 is: 194</StdOut>
      </Output>
    </UnitTestResult>
    <UnitTestResult executionId="ea080bdb-8725-4aa9-aa61-8d6967b677be" testId="1f5e50cb-54fd-2c1d-5c96-c69e9c09c257" testName="_2020.Tests.Days.Day15Tests.Part2_Pack(testCaseName: &quot;puzzleinput&quot;, _: &quot;700&quot;, expectedResult: &quot;51358&quot;, fileContent: &quot;6,3,15,13,1,0&quot;)" computerName="LAPTOP-35RG0TO8" duration="00:00:04.0403727" startTime="2020-12-16T23:35:55.7719484+01:00" endTime="2020-12-16T23:35:55.7719550+01:00" testType="13cdc9d9-ddb5-4fa4-a97d-d965ccfc6d4b" outcome="Passed" testListId="8c84fa94-04c1-424b-9868-57a2d4851a1d" relativeResultsDirectory="ea080bdb-8725-4aa9-aa61-8d6967b677be" />
    <UnitTestResult executionId="2f51440b-0895-48e6-91b8-e116f15d44ea" testId="0f9af31d-0f66-fa47-7811-06be3c347ad8" testName="_2020.Tests.Days.Day4Tests.Part2_Pack(testCaseName: &quot;invalid&quot;, _: &quot;4&quot;, expectedResult: &quot;0&quot;, fileContent: &quot;eyr:1972 cid:100\r\nhcl:#18171d ecl:amb hgt:170 pi&quot;...)" computerName="LAPTOP-35RG0TO8" duration="00:00:00.0029231" startTime="2020-12-16T23:35:23.1879843+01:00" endTime="2020-12-16T23:35:23.1879845+01:00" testType="13cdc9d9-ddb5-4fa4-a97d-d965ccfc6d4b" outcome="Passed" testListId="8c84fa94-04c1-424b-9868-57a2d4851a1d" relativeResultsDirectory="2f51440b-0895-48e6-91b8-e116f15d44ea" />
    <UnitTestResult executionId="ef0c7da8-eb4f-4408-99d6-1547d89adb84" testId="16df4b72-a1be-7d8a-175c-1e6c5237fc4e" testName="_2020.Tests.Days.Day14Tests.Part1_pack(testCaseName: &quot;example1&quot;, expectedResult: &quot;165&quot;, _: &quot;&quot;, fileContent: &quot;mask = XXXXXXXXXXXXXXXXXXXXXXXXXXXXX1XXXX0X\r\nmem&quot;...)" computerName="LAPTOP-35RG0TO8" duration="00:00:00.0000376" startTime="2020-12-16T23:35:23.1756044+01:00" endTime="2020-12-16T23:35:23.1756046+01:00" testType="13cdc9d9-ddb5-4fa4-a97d-d965ccfc6d4b" outcome="Passed" testListId="8c84fa94-04c1-424b-9868-57a2d4851a1d" relativeResultsDirectory="ef0c7da8-eb4f-4408-99d6-1547d89adb84" />
    <UnitTestResult executionId="692784b6-0a91-49a1-8e15-f9c56216ca5f" testId="f6865024-5e66-1a8c-8eaa-13d5eb300007" testName="_2020.Tests.Days.Day6Tests.Part1_pack(testCaseName: &quot;puzzleinput&quot;, expectedResult: &quot;6551&quot;, _: &quot;3358&quot;, fileContent: &quot;nvlyak\r\nnyvha\r\nyaen\r\nqynia\r\n\r\nkend\r\nen&quot;...)" computerName="LAPTOP-35RG0TO8" duration="00:00:00.0188931" startTime="2020-12-16T23:35:23.1939114+01:00" endTime="2020-12-16T23:35:23.1939116+01:00" testType="13cdc9d9-ddb5-4fa4-a97d-d965ccfc6d4b" outcome="Passed" testListId="8c84fa94-04c1-424b-9868-57a2d4851a1d" relativeResultsDirectory="692784b6-0a91-49a1-8e15-f9c56216ca5f" />
    <UnitTestResult executionId="15e0338d-34ef-4eab-b497-0534925aca0d" testId="159d3ea9-44fc-4aaa-9da0-18c06a48805e" testName="_2020.Tests.Days.Day4Tests.Part2_Pack(testCaseName: &quot;valid&quot;, _: &quot;4&quot;, expectedResult: &quot;4&quot;, fileContent: &quot;pid:087499704 hgt:74in ecl:grn iyr:2012 eyr:2030 b&quot;...)" computerName="LAPTOP-35RG0TO8" duration="00:00:00.0045999" startTime="2020-12-16T23:35:23.1880283+01:00" endTime="2020-12-16T23:35:23.1880286+01:00" testType="13cdc9d9-ddb5-4fa4-a97d-d965ccfc6d4b" outcome="Passed" testListId="8c84fa94-04c1-424b-9868-57a2d4851a1d" relativeResultsDirectory="15e0338d-34ef-4eab-b497-0534925aca0d" />
    <UnitTestResult executionId="3342d818-356e-44cb-b9c0-8165400933b9" testId="fc6461b5-e450-3964-c0c6-8dde33d0fbf9" testName="_2020.Tests.Days.Day4Tests.Part1Example(fileContent: &quot;ecl:gry pid:860033327 eyr:2020 hcl:#fffffd\r\nbyr:&quot;...)" computerName="LAPTOP-35RG0TO8" duration="00:00:00.0091114" startTime="2020-12-16T23:35:23.1936811+01:00" endTime="2020-12-16T23:35:23.1936819+01:00" testType="13cdc9d9-ddb5-4fa4-a97d-d965ccfc6d4b" outcome="Passed" testListId="8c84fa94-04c1-424b-9868-57a2d4851a1d" relativeResultsDirectory="3342d818-356e-44cb-b9c0-8165400933b9">
      <Output>
        <StdOut>answer for part 1 is: 2</StdOut>
      </Output>
    </UnitTestResult>
    <UnitTestResult executionId="e3f06b33-ef34-408c-8ad8-d07d00a8e4c0" testId="90af8466-2ea2-b30d-8b80-8f3acbcf1032" testName="_2020.Tests.Days.Day15Tests.Part1_pack(testCaseName: &quot;puzzleinput&quot;, expectedResult: &quot;700&quot;, _: &quot;51358&quot;, fileContent: &quot;6,3,15,13,1,0&quot;)" computerName="LAPTOP-35RG0TO8" duration="00:00:00.0004528" startTime="2020-12-16T23:35:23.1854775+01:00" endTime="2020-12-16T23:35:23.1854778+01:00" testType="13cdc9d9-ddb5-4fa4-a97d-d965ccfc6d4b" outcome="Passed" testListId="8c84fa94-04c1-424b-9868-57a2d4851a1d" relativeResultsDirectory="e3f06b33-ef34-408c-8ad8-d07d00a8e4c0" />
    <UnitTestResult executionId="f41d6da1-201e-4eab-9580-acfb1936c784" testId="4dc9e345-1e1c-7c56-ffd6-51f432d6c33b" testName="_2020.Tests.Days.Day9Tests.Part1_pack(testCaseName: &quot;example1&quot;, expectedResult: &quot;127&quot;, preamble: &quot;5&quot;, _: &quot;62&quot;, fileContent: &quot;35\r\n20\r\n15\r\n25\r\n47\r\n40\r\n62\r\n55\r\n65&quot;...)" computerName="LAPTOP-35RG0TO8" duration="00:00:00.0192790" startTime="2020-12-16T23:35:23.2057441+01:00" endTime="2020-12-16T23:35:23.2057442+01:00" testType="13cdc9d9-ddb5-4fa4-a97d-d965ccfc6d4b" outcome="Passed" testListId="8c84fa94-04c1-424b-9868-57a2d4851a1d" relativeResultsDirectory="f41d6da1-201e-4eab-9580-acfb1936c784" />
    <UnitTestResult executionId="f7147710-01fa-4874-932a-b22198c67624" testId="216f5805-6dfd-d79f-4066-e2138129ea68" testName="_2020.Tests.Days.Day5Tests.Part1_pack(testCaseName: &quot;mydata&quot;, expectedResult: &quot;998&quot;, _: &quot;676&quot;, fileContent: &quot;BFBBBBBLLR\r\nBBFFBBFRRL\r\nFBFBFFFRRL\r\nBBFFFBFR&quot;...)" computerName="LAPTOP-35RG0TO8" duration="00:00:00.0129757" startTime="2020-12-16T23:35:23.1433215+01:00" endTime="2020-12-16T23:35:23.1433218+01:00" testType="13cdc9d9-ddb5-4fa4-a97d-d965ccfc6d4b" outcome="Passed" testListId="8c84fa94-04c1-424b-9868-57a2d4851a1d" relativeResultsDirectory="f7147710-01fa-4874-932a-b22198c67624" />
    <UnitTestResult executionId="e00996d6-e0ce-4113-bcc5-7e6dc3820e11" testId="2de34128-cf23-033a-0c60-b9a1ffa1dd89" testName="_2020.Tests.Days.Day15Tests.Part1_pack(testCaseName: &quot;example4&quot;, expectedResult: &quot;27&quot;, _: &quot;261214&quot;, fileContent: &quot;1,2,3&quot;)" computerName="LAPTOP-35RG0TO8" duration="00:00:00.0003771" startTime="2020-12-16T23:35:23.1855767+01:00" endTime="2020-12-16T23:35:23.1855769+01:00" testType="13cdc9d9-ddb5-4fa4-a97d-d965ccfc6d4b" outcome="Passed" testListId="8c84fa94-04c1-424b-9868-57a2d4851a1d" relativeResultsDirectory="e00996d6-e0ce-4113-bcc5-7e6dc3820e11" />
    <UnitTestResult executionId="81fd7109-ae27-4331-9205-5a3b3a34a8df" testId="f7e40ddb-a284-7426-9379-70e1c4cc7afa" testName="_2020.Tests.Days.Day12Tests.Part1_pack(testCaseName: &quot;puzzleinput&quot;, expectedResult: &quot;1565&quot;, _: &quot;78883&quot;, fileContent: &quot;E5\r\nR90\r\nE5\r\nL90\r\nF80\r\nL90\r\nE3\r\nN5\r&quot;...)" computerName="LAPTOP-35RG0TO8" duration="00:00:00.0014530" startTime="2020-12-16T23:35:23.1879486+01:00" endTime="2020-12-16T23:35:23.1879489+01:00" testType="13cdc9d9-ddb5-4fa4-a97d-d965ccfc6d4b" outcome="Passed" testListId="8c84fa94-04c1-424b-9868-57a2d4851a1d" relativeResultsDirectory="81fd7109-ae27-4331-9205-5a3b3a34a8df" />
    <UnitTestResult executionId="6aa1bcf6-5439-478e-8798-41a2b328f5ae" testId="0b60d97b-b22a-43f0-3b65-c801f8f15e8d" testName="_2020.Tests.Days.Day9Tests.Part2_Pack(testCaseName: &quot;puzzleinput&quot;, _: &quot;41682220&quot;, preamble: &quot;25&quot;, expectedResult: &quot;5388976&quot;, fileContent: &quot;23\r\n3\r\n36\r\n14\r\n50\r\n8\r\n2\r\n44\r\n30\r\&quot;...)" computerName="LAPTOP-35RG0TO8" duration="00:00:00.0046910" startTime="2020-12-16T23:35:23.2058472+01:00" endTime="2020-12-16T23:35:23.2058474+01:00" testType="13cdc9d9-ddb5-4fa4-a97d-d965ccfc6d4b" outcome="Passed" testListId="8c84fa94-04c1-424b-9868-57a2d4851a1d" relativeResultsDirectory="6aa1bcf6-5439-478e-8798-41a2b328f5ae" />
    <UnitTestResult executionId="838d294d-06c0-4754-b7a4-10e58cf33837" testId="5670067d-1cf3-a96b-1c13-3fd4f02d341b" testName="_2020.Tests.Days.Day5Tests.Part2_Pack(testCaseName: &quot;mydata&quot;, _: &quot;998&quot;, expectedResult: &quot;676&quot;, fileContent: &quot;BFBBBBBLLR\r\nBBFFBBFRRL\r\nFBFBFFFRRL\r\nBBFFFBFR&quot;...)" computerName="LAPTOP-35RG0TO8" duration="00:00:00.0187884" startTime="2020-12-16T23:35:23.1938468+01:00" endTime="2020-12-16T23:35:23.1938469+01:00" testType="13cdc9d9-ddb5-4fa4-a97d-d965ccfc6d4b" outcome="Passed" testListId="8c84fa94-04c1-424b-9868-57a2d4851a1d" relativeResultsDirectory="838d294d-06c0-4754-b7a4-10e58cf33837" />
    <UnitTestResult executionId="5878fc08-ef9f-42e9-9d12-899a1f1fcb3b" testId="0e0b30c5-6422-25c8-2172-d67c44a7d25d" testName="_2020.Tests.Days.Day10Tests.Part1_pack(testCaseName: &quot;puzzleinput&quot;, expectedResult: &quot;2059&quot;, _: &quot;86812553324672&quot;, fileContent: &quot;77\r\n58\r\n25\r\n92\r\n14\r\n154\r\n105\r\n112\r\&quot;...)" computerName="LAPTOP-35RG0TO8" duration="00:00:00.0000651" startTime="2020-12-16T23:35:23.1756471+01:00" endTime="2020-12-16T23:35:23.1756472+01:00" testType="13cdc9d9-ddb5-4fa4-a97d-d965ccfc6d4b" outcome="Passed" testListId="8c84fa94-04c1-424b-9868-57a2d4851a1d" relativeResultsDirectory="5878fc08-ef9f-42e9-9d12-899a1f1fcb3b" />
    <UnitTestResult executionId="c62f34cc-dd5b-4e8b-b218-0b7baef2e1d1" testId="02ecd7ab-bcdf-e3ce-73c4-60d49e1f8cf1" testName="_2020.Tests.Days.Day12Tests.Part2_Pack(testCaseName: &quot;example1&quot;, _: &quot;25&quot;, expectedResult: &quot;286&quot;, fileContent: &quot;F10\r\nN3\r\nF7\r\nR90\r\nF11&quot;)" computerName="LAPTOP-35RG0TO8" duration="00:00:00.0000324" startTime="2020-12-16T23:35:23.1690391+01:00" endTime="2020-12-16T23:35:23.1690393+01:00" testType="13cdc9d9-ddb5-4fa4-a97d-d965ccfc6d4b" outcome="Passed" testListId="8c84fa94-04c1-424b-9868-57a2d4851a1d" relativeResultsDirectory="c62f34cc-dd5b-4e8b-b218-0b7baef2e1d1" />
    <UnitTestResult executionId="12b58ad0-c872-4c19-8bae-7f4f2b686dae" testId="0a2c2f88-73a7-a432-398b-2f86564fd773" testName="_2020.Tests.Days.Day13Tests.Part1_pack(testCaseName: &quot;example1&quot;, expectedResult: &quot;295&quot;, _: &quot;1068781&quot;, fileContent: &quot;939\r\n7,13,x,x,59,x,31,19&quot;)" computerName="LAPTOP-35RG0TO8" duration="00:00:00.0000532" startTime="2020-12-16T23:35:23.2002950+01:00" endTime="2020-12-16T23:35:23.2002953+01:00" testType="13cdc9d9-ddb5-4fa4-a97d-d965ccfc6d4b" outcome="Passed" testListId="8c84fa94-04c1-424b-9868-57a2d4851a1d" relativeResultsDirectory="12b58ad0-c872-4c19-8bae-7f4f2b686dae" />
    <UnitTestResult executionId="fe966dfb-3366-40e0-afd2-a7cccae925fd" testId="d07cd30b-d230-d13b-93e4-5f93de4f56b2" testName="_2020.Tests.Days.Day12Tests.Part1_pack(testCaseName: &quot;example1&quot;, expectedResult: &quot;25&quot;, _: &quot;286&quot;, fileContent: &quot;F10\r\nN3\r\nF7\r\nR90\r\nF11&quot;)" computerName="LAPTOP-35RG0TO8" duration="00:00:00.0005931" startTime="2020-12-16T23:35:23.1853653+01:00" endTime="2020-12-16T23:35:23.1853655+01:00" testType="13cdc9d9-ddb5-4fa4-a97d-d965ccfc6d4b" outcome="Passed" testListId="8c84fa94-04c1-424b-9868-57a2d4851a1d" relativeResultsDirectory="fe966dfb-3366-40e0-afd2-a7cccae925fd" />
    <UnitTestResult executionId="1c89524c-2c60-4565-9657-00f79aa85348" testId="ac7e7db2-01de-f348-0757-1a5540553b98" testName="_2020.Tests.Days.Day15Tests.Part2_Pack(testCaseName: &quot;example5&quot;, _: &quot;78&quot;, expectedResult: &quot;6895259&quot;, fileContent: &quot;2,3,1&quot;)" computerName="LAPTOP-35RG0TO8" duration="00:00:04.1473223" startTime="2020-12-16T23:35:39.2606777+01:00" endTime="2020-12-16T23:35:39.2606850+01:00" testType="13cdc9d9-ddb5-4fa4-a97d-d965ccfc6d4b" outcome="Passed" testListId="8c84fa94-04c1-424b-9868-57a2d4851a1d" relativeResultsDirectory="1c89524c-2c60-4565-9657-00f79aa85348" />
    <UnitTestResult executionId="d4de50bf-e234-4410-a440-0d389c107615" testId="c8eb35de-3806-7a84-c356-ef8a1ba0e171" testName="_2020.Tests.Days.Day14Tests.Part2_Pack(testCaseName: &quot;puzzleinput&quot;, _: &quot;13496669152158&quot;, expectedResult: &quot;3278997609887&quot;, fileContent: &quot;mask = 01111X0011X11110XX11X110111001X00001\r\nmem&quot;...)" computerName="LAPTOP-35RG0TO8" duration="00:00:00.2424599" startTime="2020-12-16T23:35:23.3678978+01:00" endTime="2020-12-16T23:35:23.3679100+01:00" testType="13cdc9d9-ddb5-4fa4-a97d-d965ccfc6d4b" outcome="Passed" testListId="8c84fa94-04c1-424b-9868-57a2d4851a1d" relativeResultsDirectory="d4de50bf-e234-4410-a440-0d389c107615" />
    <UnitTestResult executionId="f262e919-2bfa-4c34-9cca-b3de3cba32ae" testId="e3b45518-8d0a-2cd6-89ed-a43178b94cdf" testName="_2020.Tests.Days.Day9Tests.Part2_Pack(testCaseName: &quot;example1&quot;, _: &quot;127&quot;, preamble: &quot;5&quot;, expectedResult: &quot;62&quot;, fileContent: &quot;35\r\n20\r\n15\r\n25\r\n47\r\n40\r\n62\r\n55\r\n65&quot;...)" computerName="LAPTOP-35RG0TO8" duration="00:00:00.0000349" startTime="2020-12-16T23:35:23.2058855+01:00" endTime="2020-12-16T23:35:23.2058857+01:00" testType="13cdc9d9-ddb5-4fa4-a97d-d965ccfc6d4b" outcome="Passed" testListId="8c84fa94-04c1-424b-9868-57a2d4851a1d" relativeResultsDirectory="f262e919-2bfa-4c34-9cca-b3de3cba32ae" />
    <UnitTestResult executionId="cc39f8e7-ab79-4e8a-9b44-a1e438181e14" testId="5d9c47dd-439e-67ac-b1d4-8dc742348d44" testName="_2020.Tests.Days.Day10Tests.Part1_pack(testCaseName: &quot;example2&quot;, expectedResult: &quot;220&quot;, _: &quot;19208&quot;, fileContent: &quot;28\r\n33\r\n18\r\n42\r\n31\r\n14\r\n46\r\n20\r\n48&quot;...)" computerName="LAPTOP-35RG0TO8" duration="00:00:00.0000329" startTime="2020-12-16T23:35:23.1757296+01:00" endTime="2020-12-16T23:35:23.1757298+01:00" testType="13cdc9d9-ddb5-4fa4-a97d-d965ccfc6d4b" outcome="Passed" testListId="8c84fa94-04c1-424b-9868-57a2d4851a1d" relativeResultsDirectory="cc39f8e7-ab79-4e8a-9b44-a1e438181e14" />
    <UnitTestResult executionId="351181e5-0d9f-4e73-b8e9-261a8e45476a" testId="56b8ecc6-4451-516f-e6ef-1f4a55f10fe8" testName="_2020.Tests.Days.Day13Tests.Part2_Pack(testCaseName: &quot;example1&quot;, _: &quot;295&quot;, expectedResult: &quot;1068781&quot;, fileContent: &quot;939\r\n7,13,x,x,59,x,31,19&quot;)" computerName="LAPTOP-35RG0TO8" duration="00:00:00.0000948" startTime="2020-12-16T23:35:23.1957164+01:00" endTime="2020-12-16T23:35:23.1957186+01:00" testType="13cdc9d9-ddb5-4fa4-a97d-d965ccfc6d4b" outcome="Passed" testListId="8c84fa94-04c1-424b-9868-57a2d4851a1d" relativeResultsDirectory="351181e5-0d9f-4e73-b8e9-261a8e45476a" />
    <UnitTestResult executionId="aa853b95-96c9-4add-8ccc-161544a3c00b" testId="c1b39591-e148-1ede-3450-ca36e80a70b0" testName="_2020.Tests.Days.Day15Tests.Part2_Pack(testCaseName: &quot;example2&quot;, _: &quot;1&quot;, expectedResult: &quot;2578&quot;, fileContent: &quot;1,3,2&quot;)" computerName="LAPTOP-35RG0TO8" duration="00:00:03.8837372" startTime="2020-12-16T23:35:31.1528853+01:00" endTime="2020-12-16T23:35:31.1528979+01:00" testType="13cdc9d9-ddb5-4fa4-a97d-d965ccfc6d4b" outcome="Passed" testListId="8c84fa94-04c1-424b-9868-57a2d4851a1d" relativeResultsDirectory="aa853b95-96c9-4add-8ccc-161544a3c00b" />
    <UnitTestResult executionId="acc5457b-59a3-437d-92e7-e4ba2e3f5bb1" testId="9e27424c-7bf4-a54a-a23f-62f6c33d62bb" testName="_2020.Tests.Days.Day3Tests.Part2(fileContent: &quot;.#.......#...........#.........\r\n..##.......#.#.&quot;...)" computerName="LAPTOP-35RG0TO8" duration="00:00:00.0163795" startTime="2020-12-16T23:35:23.1960039+01:00" endTime="2020-12-16T23:35:23.1960044+01:00" testType="13cdc9d9-ddb5-4fa4-a97d-d965ccfc6d4b" outcome="Passed" testListId="8c84fa94-04c1-424b-9868-57a2d4851a1d" relativeResultsDirectory="acc5457b-59a3-437d-92e7-e4ba2e3f5bb1">
      <Output>
        <StdOut>answer for part 2 is: 1574890240</StdOut>
      </Output>
    </UnitTestResult>
    <UnitTestResult executionId="cf6aa87e-2ca3-41e8-8217-10b0ad4b3fe7" testId="d612b35d-eb74-c9d6-7c08-b6087fbf724b" testName="_2020.Tests.Days.Day13Tests.Part1_pack(testCaseName: &quot;puzzleinput&quot;, expectedResult: &quot;4135&quot;, _: &quot;640856202464541&quot;, fileContent: &quot;1011416\r\n41,x,x,x,x,x,x,x,x,x,x,x,x,x,x,x,x,x,x,&quot;...)" computerName="LAPTOP-35RG0TO8" duration="00:00:00.0135809" startTime="2020-12-16T23:35:23.2002430+01:00" endTime="2020-12-16T23:35:23.2002433+01:00" testType="13cdc9d9-ddb5-4fa4-a97d-d965ccfc6d4b" outcome="Passed" testListId="8c84fa94-04c1-424b-9868-57a2d4851a1d" relativeResultsDirectory="cf6aa87e-2ca3-41e8-8217-10b0ad4b3fe7" />
    <UnitTestResult executionId="b63b7ff1-44b6-4c8c-9646-ec297b2c1af6" testId="67ca508f-a17c-3db3-c22c-394aa968c00c" testName="_2020.Tests.Days.Day15Tests.Part2_Pack(testCaseName: &quot;example6&quot;, _: &quot;438&quot;, expectedResult: &quot;18&quot;, fileContent: &quot;3,2,1&quot;)" computerName="LAPTOP-35RG0TO8" duration="00:00:03.9595822" startTime="2020-12-16T23:35:35.1129510+01:00" endTime="2020-12-16T23:35:35.1129580+01:00" testType="13cdc9d9-ddb5-4fa4-a97d-d965ccfc6d4b" outcome="Passed" testListId="8c84fa94-04c1-424b-9868-57a2d4851a1d" relativeResultsDirectory="b63b7ff1-44b6-4c8c-9646-ec297b2c1af6" />
    <UnitTestResult executionId="0361e8c7-edb8-456f-956a-128d83c26ba7" testId="6b95806a-569f-591e-33c5-cf371e97a169" testName="_2020.Tests.Days.Day7Tests.Part1_pack(testCaseName: &quot;puzzleinput&quot;, expectedResult: &quot;335&quot;, _: &quot;2431&quot;, fileContent: &quot;dim silver bags contain 3 posh fuchsia bags.\r\nwa&quot;...)" computerName="LAPTOP-35RG0TO8" duration="00:00:00.0202485" startTime="2020-12-16T23:35:23.2094510+01:00" endTime="2020-12-16T23:35:23.2094513+01:00" testType="13cdc9d9-ddb5-4fa4-a97d-d965ccfc6d4b" outcome="Passed" testListId="8c84fa94-04c1-424b-9868-57a2d4851a1d" relativeResultsDirectory="0361e8c7-edb8-456f-956a-128d83c26ba7" />
    <UnitTestResult executionId="c61e4fb0-a489-4694-9bae-37de32fd5ce8" testId="b73fc7b5-5c4f-ce2b-029f-5099fc932df8" testName="_2020.Tests.Days.Day9Tests.Part1_pack(testCaseName: &quot;puzzleinput&quot;, expectedResult: &quot;41682220&quot;, preamble: &quot;25&quot;, _: &quot;5388976&quot;, fileContent: &quot;23\r\n3\r\n36\r\n14\r\n50\r\n8\r\n2\r\n44\r\n30\r\&quot;...)" computerName="LAPTOP-35RG0TO8" duration="00:00:00.0006306" startTime="2020-12-16T23:35:23.2057762+01:00" endTime="2020-12-16T23:35:23.2057764+01:00" testType="13cdc9d9-ddb5-4fa4-a97d-d965ccfc6d4b" outcome="Passed" testListId="8c84fa94-04c1-424b-9868-57a2d4851a1d" relativeResultsDirectory="c61e4fb0-a489-4694-9bae-37de32fd5ce8" />
    <UnitTestResult executionId="ceb76085-53fe-4000-909c-ec33d6340cba" testId="02be2eb2-b9b7-27e5-1198-908b3671a59d" testName="_2020.Tests.Days.Day16Tests.Part1_pack(testCaseName: &quot;puzzleinput&quot;, expectedResult: &quot;20060&quot;, _: &quot;1213906609901&quot;, fileContent: &quot;departure location: 37-594 or 615-952\r\ndeparture&quot;...)" computerName="LAPTOP-35RG0TO8" duration="00:00:00.0347962" startTime="2020-12-16T23:35:23.2075274+01:00" endTime="2020-12-16T23:35:23.2075276+01:00" testType="13cdc9d9-ddb5-4fa4-a97d-d965ccfc6d4b" outcome="Passed" testListId="8c84fa94-04c1-424b-9868-57a2d4851a1d" relativeResultsDirectory="ceb76085-53fe-4000-909c-ec33d6340cba" />
    <UnitTestResult executionId="1858a43c-f0f7-456a-971d-cbad30354d53" testId="b9a0883d-021b-16e7-be90-275f6000cc9d" testName="_2020.Tests.Days.Day2Tests.Part1(fileContent: &quot;1-5 k: kkkkhkkkkkkkkkk\r\n5-7 k: blkqhtxfgktdkxzkk&quot;...)" computerName="LAPTOP-35RG0TO8" duration="00:00:00.0087257" startTime="2020-12-16T23:35:23.2001280+01:00" endTime="2020-12-16T23:35:23.2001282+01:00" testType="13cdc9d9-ddb5-4fa4-a97d-d965ccfc6d4b" outcome="Passed" testListId="8c84fa94-04c1-424b-9868-57a2d4851a1d" relativeResultsDirectory="1858a43c-f0f7-456a-971d-cbad30354d53">
      <Output>
        <StdOut>answer for part 1 is: 519</StdOut>
      </Output>
    </UnitTestResult>
    <UnitTestResult executionId="e6afcc84-4e60-46ee-9a3f-97da9c26dbb7" testId="32ed6bd8-e0af-dd5c-7f74-96ea03b7cf74" testName="_2020.Tests.Days.Day11Tests.Part2_Pack(testCaseName: &quot;example1&quot;, _: &quot;37&quot;, expectedResult: &quot;26&quot;, fileContent: &quot;L.LL.LL.LL\r\nLLLLLLL.LL\r\nL.L.L..L..\r\nLLLL.LL.&quot;...)" computerName="LAPTOP-35RG0TO8" duration="00:00:00.0254664" startTime="2020-12-16T23:35:23.1814098+01:00" endTime="2020-12-16T23:35:23.1814100+01:00" testType="13cdc9d9-ddb5-4fa4-a97d-d965ccfc6d4b" outcome="Passed" testListId="8c84fa94-04c1-424b-9868-57a2d4851a1d" relativeResultsDirectory="e6afcc84-4e60-46ee-9a3f-97da9c26dbb7" />
    <UnitTestResult executionId="35b86e14-d3a4-4e0f-8563-4a2a25ed96cd" testId="8aed83a5-1388-ee14-1e01-687801be888e" testName="_2020.Tests.Days.Day4Tests.Part1_pack(testCaseName: &quot;valid&quot;, expectedResult: &quot;4&quot;, _: &quot;4&quot;, fileContent: &quot;pid:087499704 hgt:74in ecl:grn iyr:2012 eyr:2030 b&quot;...)" computerName="LAPTOP-35RG0TO8" duration="00:00:00.0156304" startTime="2020-12-16T23:35:23.1433424+01:00" endTime="2020-12-16T23:35:23.1433431+01:00" testType="13cdc9d9-ddb5-4fa4-a97d-d965ccfc6d4b" outcome="Passed" testListId="8c84fa94-04c1-424b-9868-57a2d4851a1d" relativeResultsDirectory="35b86e14-d3a4-4e0f-8563-4a2a25ed96cd" />
    <UnitTestResult executionId="67db534b-e58c-4aa5-a8e3-9c1cd3d288dd" testId="9c6adfa0-dd3c-9e72-a127-4e1805362479" testName="_2020.Tests.Days.Day14Tests.Part1_pack(testCaseName: &quot;puzzleinput&quot;, expectedResult: &quot;13496669152158&quot;, _: &quot;3278997609887&quot;, fileContent: &quot;mask = 01111X0011X11110XX11X110111001X00001\r\nmem&quot;...)" computerName="LAPTOP-35RG0TO8" duration="00:00:00.0217467" startTime="2020-12-16T23:35:23.1243277+01:00" endTime="2020-12-16T23:35:23.1246100+01:00" testType="13cdc9d9-ddb5-4fa4-a97d-d965ccfc6d4b" outcome="Passed" testListId="8c84fa94-04c1-424b-9868-57a2d4851a1d" relativeResultsDirectory="67db534b-e58c-4aa5-a8e3-9c1cd3d288dd" />
    <UnitTestResult executionId="d5bf7da8-ab2f-40fd-8584-5815cc144538" testId="5a6838e8-c034-4ac2-cf4a-650d8f91ee6f" testName="_2020.Tests.Days.Day15Tests.Part2_Pack(testCaseName: &quot;example1&quot;, _: &quot;436&quot;, expectedResult: &quot;175594&quot;, fileContent: &quot;0,3,6&quot;)" computerName="LAPTOP-35RG0TO8" duration="00:00:04.1411387" startTime="2020-12-16T23:35:27.2685457+01:00" endTime="2020-12-16T23:35:27.2685608+01:00" testType="13cdc9d9-ddb5-4fa4-a97d-d965ccfc6d4b" outcome="Passed" testListId="8c84fa94-04c1-424b-9868-57a2d4851a1d" relativeResultsDirectory="d5bf7da8-ab2f-40fd-8584-5815cc144538" />
    <UnitTestResult executionId="23c11ea1-34b3-4ad8-9f37-9c7ebc1bb123" testId="9d63c5ca-cd81-dfa2-45c3-bef99b47c927" testName="_2020.Tests.Days.Day3Tests.Part2_TC3(fileContent: &quot;..##.......\r\n#...#...#..\r\n.#....#..#.\r\n..#.#&quot;...)" computerName="LAPTOP-35RG0TO8" duration="00:00:00.0002304" startTime="2020-12-16T23:35:23.2000768+01:00" endTime="2020-12-16T23:35:23.2000770+01:00" testType="13cdc9d9-ddb5-4fa4-a97d-d965ccfc6d4b" outcome="Passed" testListId="8c84fa94-04c1-424b-9868-57a2d4851a1d" relativeResultsDirectory="23c11ea1-34b3-4ad8-9f37-9c7ebc1bb123" />
  </Results>
  <TestDefinitions>
    <UnitTest name="_2020.Tests.Days.Day9Tests.Part1_pack(testCaseName: &quot;example1&quot;, expectedResult: &quot;127&quot;, preamble: &quot;5&quot;, _: &quot;62&quot;, fileContent: &quot;35\r\n20\r\n15\r\n25\r\n47\r\n40\r\n62\r\n55\r\n65&quot;...)" storage="c:\workspace\github\adventofcode\2020.tests\bin\debug\netcoreapp3.1\2020.tests.dll" id="4dc9e345-1e1c-7c56-ffd6-51f432d6c33b">
      <Execution id="f41d6da1-201e-4eab-9580-acfb1936c784" />
      <TestMethod codeBase="C:\Workspace\GitHub\AdventOfCode\2020.Tests\bin\Debug\netcoreapp3.1\2020.Tests.dll" adapterTypeName="executor://xunit/VsTestRunner2/netcoreapp" className="_2020.Tests.Days.Day9Tests" name="Part1_pack" />
    </UnitTest>
    <UnitTest name="_2020.Tests.Days.Day7Tests.Part2_Pack(testCaseName: &quot;example2&quot;, _: &quot;&quot;, expectedResult: &quot;126&quot;, fileContent: &quot;shiny gold bags contain 2 dark red bags.\r\ndark r&quot;...)" storage="c:\workspace\github\adventofcode\2020.tests\bin\debug\netcoreapp3.1\2020.tests.dll" id="844a928f-443a-c27a-8ee8-10b193eadc8b">
      <Execution id="fb7ac61e-bd23-4d1d-86a9-d1e1b157b4fd" />
      <TestMethod codeBase="C:\Workspace\GitHub\AdventOfCode\2020.Tests\bin\Debug\netcoreapp3.1\2020.Tests.dll" adapterTypeName="executor://xunit/VsTestRunner2/netcoreapp" className="_2020.Tests.Days.Day7Tests" name="Part2_Pack" />
    </UnitTest>
    <UnitTest name="_2020.Tests.Days.Day11Tests.Part1_pack(testCaseName: &quot;example1&quot;, expectedResult: &quot;37&quot;, _: &quot;26&quot;, fileContent: &quot;L.LL.LL.LL\r\nLLLLLLL.LL\r\nL.L.L..L..\r\nLLLL.LL.&quot;...)" storage="c:\workspace\github\adventofcode\2020.tests\bin\debug\netcoreapp3.1\2020.tests.dll" id="9f0ccaf6-c07d-b20e-be6b-7733f88e5aab">
      <Execution id="573f5428-96f6-45c6-9b90-a28abf778562" />
      <TestMethod codeBase="C:\Workspace\GitHub\AdventOfCode\2020.Tests\bin\Debug\netcoreapp3.1\2020.Tests.dll" adapterTypeName="executor://xunit/VsTestRunner2/netcoreapp" className="_2020.Tests.Days.Day11Tests" name="Part1_pack" />
    </UnitTest>
    <UnitTest name="_2020.Tests.Days.Day10Tests.Part1_pack(testCaseName: &quot;example1&quot;, expectedResult: &quot;35&quot;, _: &quot;8&quot;, fileContent: &quot;16\r\n10\r\n15\r\n5\r\n1\r\n11\r\n7\r\n19\r\n6\r\n&quot;...)" storage="c:\workspace\github\adventofcode\2020.tests\bin\debug\netcoreapp3.1\2020.tests.dll" id="4d95249a-c4ec-74a6-909c-c074eed39474">
      <Execution id="2cbf72b4-8b4a-4822-9235-cfa46a9cf3a5" />
      <TestMethod codeBase="C:\Workspace\GitHub\AdventOfCode\2020.Tests\bin\Debug\netcoreapp3.1\2020.Tests.dll" adapterTypeName="executor://xunit/VsTestRunner2/netcoreapp" className="_2020.Tests.Days.Day10Tests" name="Part1_pack" />
    </UnitTest>
    <UnitTest name="_2020.Tests.Days.Day15Tests.Part2_Pack(testCaseName: &quot;example1&quot;, _: &quot;436&quot;, expectedResult: &quot;175594&quot;, fileContent: &quot;0,3,6&quot;)" storage="c:\workspace\github\adventofcode\2020.tests\bin\debug\netcoreapp3.1\2020.tests.dll" id="5a6838e8-c034-4ac2-cf4a-650d8f91ee6f">
      <Execution id="d5bf7da8-ab2f-40fd-8584-5815cc144538" />
      <TestMethod codeBase="C:\Workspace\GitHub\AdventOfCode\2020.Tests\bin\Debug\netcoreapp3.1\2020.Tests.dll" adapterTypeName="executor://xunit/VsTestRunner2/netcoreapp" className="_2020.Tests.Days.Day15Tests" name="Part2_Pack" />
    </UnitTest>
    <UnitTest name="_2020.Tests.Days.Day3Tests.Part2_TC3(fileContent: &quot;..##.......\r\n#...#...#..\r\n.#....#..#.\r\n..#.#&quot;...)" storage="c:\workspace\github\adventofcode\2020.tests\bin\debug\netcoreapp3.1\2020.tests.dll" id="9d63c5ca-cd81-dfa2-45c3-bef99b47c927">
      <Execution id="23c11ea1-34b3-4ad8-9f37-9c7ebc1bb123" />
      <TestMethod codeBase="C:\Workspace\GitHub\AdventOfCode\2020.Tests\bin\Debug\netcoreapp3.1\2020.Tests.dll" adapterTypeName="executor://xunit/VsTestRunner2/netcoreapp" className="_2020.Tests.Days.Day3Tests" name="Part2_TC3" />
    </UnitTest>
    <UnitTest name="_2020.Tests.Days.Day5Tests.Part1_pack(testCaseName: &quot;example1&quot;, expectedResult: &quot;820&quot;, _: &quot;&quot;, fileContent: &quot;BFFFBBFRRR\r\nFFFBBBFRRR\r\nBBFFBBFRLL&quot;)" storage="c:\workspace\github\adventofcode\2020.tests\bin\debug\netcoreapp3.1\2020.tests.dll" id="de8b5722-7c80-d4eb-b97c-ebe57717fb6c">
      <Execution id="7a6811e8-a0b4-4f3b-b1dc-c0f9ce6b007b" />
      <TestMethod codeBase="C:\Workspace\GitHub\AdventOfCode\2020.Tests\bin\Debug\netcoreapp3.1\2020.Tests.dll" adapterTypeName="executor://xunit/VsTestRunner2/netcoreapp" className="_2020.Tests.Days.Day5Tests" name="Part1_pack" />
    </UnitTest>
    <UnitTest name="_2020.Tests.Days.Day10Tests.Part2_Pack(testCaseName: &quot;puzzleinput&quot;, _: &quot;2059&quot;, expectedResult: &quot;86812553324672&quot;, fileContent: &quot;77\r\n58\r\n25\r\n92\r\n14\r\n154\r\n105\r\n112\r\&quot;...)" storage="c:\workspace\github\adventofcode\2020.tests\bin\debug\netcoreapp3.1\2020.tests.dll" id="2cc010d6-e101-5b64-2847-d92eb3aca667">
      <Execution id="873a22ef-eb81-4977-a05f-cee59668f29e" />
      <TestMethod codeBase="C:\Workspace\GitHub\AdventOfCode\2020.Tests\bin\Debug\netcoreapp3.1\2020.Tests.dll" adapterTypeName="executor://xunit/VsTestRunner2/netcoreapp" className="_2020.Tests.Days.Day10Tests" name="Part2_Pack" />
    </UnitTest>
    <UnitTest name="_2020.Tests.Days.Day16Tests.Part1_pack(testCaseName: &quot;example1&quot;, expectedResult: &quot;71&quot;, _: &quot;0&quot;, fileContent: &quot;class: 1-3 or 5-7\r\nrow: 6-11 or 33-44\r\nseat: 1&quot;...)" storage="c:\workspace\github\adventofcode\2020.tests\bin\debug\netcoreapp3.1\2020.tests.dll" id="0d9d879c-a85a-bdc6-b8ff-9a6ab509a103">
      <Execution id="aef48e14-8164-4fbc-955a-d42746d68b47" />
      <TestMethod codeBase="C:\Workspace\GitHub\AdventOfCode\2020.Tests\bin\Debug\netcoreapp3.1\2020.Tests.dll" adapterTypeName="executor://xunit/VsTestRunner2/netcoreapp" className="_2020.Tests.Days.Day16Tests" name="Part1_pack" />
    </UnitTest>
    <UnitTest name="_2020.Tests.Days.Day15Tests.Part2_Pack(testCaseName: &quot;example3&quot;, _: &quot;10&quot;, expectedResult: &quot;3544142&quot;, fileContent: &quot;2,1,3&quot;)" storage="c:\workspace\github\adventofcode\2020.tests\bin\debug\netcoreapp3.1\2020.tests.dll" id="6d960990-c3fd-9f28-bdad-0681fd0a7d6b">
      <Execution id="2543946e-1678-4f5b-9cdb-d7df40fe7b65" />
      <TestMethod codeBase="C:\Workspace\GitHub\AdventOfCode\2020.Tests\bin\Debug\netcoreapp3.1\2020.Tests.dll" adapterTypeName="executor://xunit/VsTestRunner2/netcoreapp" className="_2020.Tests.Days.Day15Tests" name="Part2_Pack" />
    </UnitTest>
    <UnitTest name="_2020.Tests.Days.Day7Tests.Part2_Pack(testCaseName: &quot;puzzleinput&quot;, _: &quot;335&quot;, expectedResult: &quot;2431&quot;, fileContent: &quot;dim silver bags contain 3 posh fuchsia bags.\r\nwa&quot;...)" storage="c:\workspace\github\adventofcode\2020.tests\bin\debug\netcoreapp3.1\2020.tests.dll" id="bdaba18c-2c59-04ae-e240-7ebf7e7a64fb">
      <Execution id="80a96588-12e8-40c8-904f-e5aa33d9057a" />
      <TestMethod codeBase="C:\Workspace\GitHub\AdventOfCode\2020.Tests\bin\Debug\netcoreapp3.1\2020.Tests.dll" adapterTypeName="executor://xunit/VsTestRunner2/netcoreapp" className="_2020.Tests.Days.Day7Tests" name="Part2_Pack" />
    </UnitTest>
    <UnitTest name="_2020.Tests.Days.Day4Tests.Part1_pack(testCaseName: &quot;valid&quot;, expectedResult: &quot;4&quot;, _: &quot;4&quot;, fileContent: &quot;pid:087499704 hgt:74in ecl:grn iyr:2012 eyr:2030 b&quot;...)" storage="c:\workspace\github\adventofcode\2020.tests\bin\debug\netcoreapp3.1\2020.tests.dll" id="8aed83a5-1388-ee14-1e01-687801be888e">
      <Execution id="35b86e14-d3a4-4e0f-8563-4a2a25ed96cd" />
      <TestMethod codeBase="C:\Workspace\GitHub\AdventOfCode\2020.Tests\bin\Debug\netcoreapp3.1\2020.Tests.dll" adapterTypeName="executor://xunit/VsTestRunner2/netcoreapp" className="_2020.Tests.Days.Day4Tests" name="Part1_pack" />
    </UnitTest>
    <UnitTest name="_2020.Tests.Days.Day13Tests.Part1_pack(testCaseName: &quot;puzzleinput&quot;, expectedResult: &quot;4135&quot;, _: &quot;640856202464541&quot;, fileContent: &quot;1011416\r\n41,x,x,x,x,x,x,x,x,x,x,x,x,x,x,x,x,x,x,&quot;...)" storage="c:\workspace\github\adventofcode\2020.tests\bin\debug\netcoreapp3.1\2020.tests.dll" id="d612b35d-eb74-c9d6-7c08-b6087fbf724b">
      <Execution id="cf6aa87e-2ca3-41e8-8217-10b0ad4b3fe7" />
      <TestMethod codeBase="C:\Workspace\GitHub\AdventOfCode\2020.Tests\bin\Debug\netcoreapp3.1\2020.Tests.dll" adapterTypeName="executor://xunit/VsTestRunner2/netcoreapp" className="_2020.Tests.Days.Day13Tests" name="Part1_pack" />
    </UnitTest>
    <UnitTest name="_2020.Tests.Days.Day10Tests.Part1_pack(testCaseName: &quot;puzzleinput&quot;, expectedResult: &quot;2059&quot;, _: &quot;86812553324672&quot;, fileContent: &quot;77\r\n58\r\n25\r\n92\r\n14\r\n154\r\n105\r\n112\r\&quot;...)" storage="c:\workspace\github\adventofcode\2020.tests\bin\debug\netcoreapp3.1\2020.tests.dll" id="0e0b30c5-6422-25c8-2172-d67c44a7d25d">
      <Execution id="5878fc08-ef9f-42e9-9d12-899a1f1fcb3b" />
      <TestMethod codeBase="C:\Workspace\GitHub\AdventOfCode\2020.Tests\bin\Debug\netcoreapp3.1\2020.Tests.dll" adapterTypeName="executor://xunit/VsTestRunner2/netcoreapp" className="_2020.Tests.Days.Day10Tests" name="Part1_pack" />
    </UnitTest>
    <UnitTest name="_2020.Tests.Days.Day15Tests.Part2_Pack(testCaseName: &quot;example7&quot;, _: &quot;1836&quot;, expectedResult: &quot;362&quot;, fileContent: &quot;3,1,2&quot;)" storage="c:\workspace\github\adventofcode\2020.tests\bin\debug\netcoreapp3.1\2020.tests.dll" id="ead7075b-f824-edda-74c3-54f68b078b04">
      <Execution id="989b4754-58d0-44b1-9b43-d29a0b87ad11" />
      <TestMethod codeBase="C:\Workspace\GitHub\AdventOfCode\2020.Tests\bin\Debug\netcoreapp3.1\2020.Tests.dll" adapterTypeName="executor://xunit/VsTestRunner2/netcoreapp" className="_2020.Tests.Days.Day15Tests" name="Part2_Pack" />
    </UnitTest>
    <UnitTest name="_2020.Tests.Days.Day3Tests.Move_Works(fileContent: &quot;...\r\n#..&quot;, coordinates: [0, 0, 0, 1], isTree: True)" storage="c:\workspace\github\adventofcode\2020.tests\bin\debug\netcoreapp3.1\2020.tests.dll" id="9b48be43-b6dc-ab4a-e9b5-a0f0a0083d37">
      <Execution id="51987492-ffe1-40aa-a422-703e5b448063" />
      <TestMethod codeBase="C:\Workspace\GitHub\AdventOfCode\2020.Tests\bin\Debug\netcoreapp3.1\2020.Tests.dll" adapterTypeName="executor://xunit/VsTestRunner2/netcoreapp" className="_2020.Tests.Days.Day3Tests" name="Move_Works" />
    </UnitTest>
    <UnitTest name="_2020.Tests.Days.Day15Tests.Part1_pack(testCaseName: &quot;example4&quot;, expectedResult: &quot;27&quot;, _: &quot;261214&quot;, fileContent: &quot;1,2,3&quot;)" storage="c:\workspace\github\adventofcode\2020.tests\bin\debug\netcoreapp3.1\2020.tests.dll" id="2de34128-cf23-033a-0c60-b9a1ffa1dd89">
      <Execution id="e00996d6-e0ce-4113-bcc5-7e6dc3820e11" />
      <TestMethod codeBase="C:\Workspace\GitHub\AdventOfCode\2020.Tests\bin\Debug\netcoreapp3.1\2020.Tests.dll" adapterTypeName="executor://xunit/VsTestRunner2/netcoreapp" className="_2020.Tests.Days.Day15Tests" name="Part1_pack" />
    </UnitTest>
    <UnitTest name="_2020.Tests.Days.Day8Tests.Part1_pack(testCaseName: &quot;example1&quot;, expectedResult: &quot;5&quot;, _: &quot;8&quot;, fileContent: &quot;nop +0\r\nacc +1\r\njmp +4\r\nacc +3\r\njmp -3\r\n&quot;...)" storage="c:\workspace\github\adventofcode\2020.tests\bin\debug\netcoreapp3.1\2020.tests.dll" id="edfee89c-6991-817a-4b5f-507b7c5607c8">
      <Execution id="7ea1254f-a54a-46f8-8ccb-e469f3368b43" />
      <TestMethod codeBase="C:\Workspace\GitHub\AdventOfCode\2020.Tests\bin\Debug\netcoreapp3.1\2020.Tests.dll" adapterTypeName="executor://xunit/VsTestRunner2/netcoreapp" className="_2020.Tests.Days.Day8Tests" name="Part1_pack" />
    </UnitTest>
    <UnitTest name="_2020.Tests.Days.Day8Tests.Part2_Pack(testCaseName: &quot;example1&quot;, _: &quot;5&quot;, expectedResult: &quot;8&quot;, fileContent: &quot;nop +0\r\nacc +1\r\njmp +4\r\nacc +3\r\njmp -3\r\n&quot;...)" storage="c:\workspace\github\adventofcode\2020.tests\bin\debug\netcoreapp3.1\2020.tests.dll" id="d87515a5-cd25-21bb-1381-51ed2081f274">
      <Execution id="288a7349-83a4-407f-b6d8-31316affa7d9" />
      <TestMethod codeBase="C:\Workspace\GitHub\AdventOfCode\2020.Tests\bin\Debug\netcoreapp3.1\2020.Tests.dll" adapterTypeName="executor://xunit/VsTestRunner2/netcoreapp" className="_2020.Tests.Days.Day8Tests" name="Part2_Pack" />
    </UnitTest>
    <UnitTest name="_2020.Tests.Days.Day16Tests.Part1_pack(testCaseName: &quot;example2&quot;, expectedResult: &quot;0&quot;, _: &quot;1716&quot;, fileContent: &quot;departure class: 0-1 or 4-19\r\ndeparture row: 0-5&quot;...)" storage="c:\workspace\github\adventofcode\2020.tests\bin\debug\netcoreapp3.1\2020.tests.dll" id="821db9cf-a5c7-f686-a035-a78be04f731f">
      <Execution id="b0ac28a1-c19b-4444-aa40-b58925a56b61" />
      <TestMethod codeBase="C:\Workspace\GitHub\AdventOfCode\2020.Tests\bin\Debug\netcoreapp3.1\2020.Tests.dll" adapterTypeName="executor://xunit/VsTestRunner2/netcoreapp" className="_2020.Tests.Days.Day16Tests" name="Part1_pack" />
    </UnitTest>
    <UnitTest name="_2020.Tests.Days.Day12Tests.Part2_Pack(testCaseName: &quot;example1&quot;, _: &quot;25&quot;, expectedResult: &quot;286&quot;, fileContent: &quot;F10\r\nN3\r\nF7\r\nR90\r\nF11&quot;)" storage="c:\workspace\github\adventofcode\2020.tests\bin\debug\netcoreapp3.1\2020.tests.dll" id="02ecd7ab-bcdf-e3ce-73c4-60d49e1f8cf1">
      <Execution id="c62f34cc-dd5b-4e8b-b218-0b7baef2e1d1" />
      <TestMethod codeBase="C:\Workspace\GitHub\AdventOfCode\2020.Tests\bin\Debug\netcoreapp3.1\2020.Tests.dll" adapterTypeName="executor://xunit/VsTestRunner2/netcoreapp" className="_2020.Tests.Days.Day12Tests" name="Part2_Pack" />
    </UnitTest>
    <UnitTest name="_2020.Tests.Days.Day6Tests.Part2_Pack(testCaseName: &quot;puzzleinput&quot;, _: &quot;6551&quot;, expectedResult: &quot;3358&quot;, fileContent: &quot;nvlyak\r\nnyvha\r\nyaen\r\nqynia\r\n\r\nkend\r\nen&quot;...)" storage="c:\workspace\github\adventofcode\2020.tests\bin\debug\netcoreapp3.1\2020.tests.dll" id="0ae8165c-5db8-2151-c07c-655806764c15">
      <Execution id="dc0dff2c-4658-4214-9986-58d5124bc488" />
      <TestMethod codeBase="C:\Workspace\GitHub\AdventOfCode\2020.Tests\bin\Debug\netcoreapp3.1\2020.Tests.dll" adapterTypeName="executor://xunit/VsTestRunner2/netcoreapp" className="_2020.Tests.Days.Day6Tests" name="Part2_Pack" />
    </UnitTest>
    <UnitTest name="_2020.Tests.Days.Day15Tests.Part2_Pack(testCaseName: &quot;example2&quot;, _: &quot;1&quot;, expectedResult: &quot;2578&quot;, fileContent: &quot;1,3,2&quot;)" storage="c:\workspace\github\adventofcode\2020.tests\bin\debug\netcoreapp3.1\2020.tests.dll" id="c1b39591-e148-1ede-3450-ca36e80a70b0">
      <Execution id="aa853b95-96c9-4add-8ccc-161544a3c00b" />
      <TestMethod codeBase="C:\Workspace\GitHub\AdventOfCode\2020.Tests\bin\Debug\netcoreapp3.1\2020.Tests.dll" adapterTypeName="executor://xunit/VsTestRunner2/netcoreapp" className="_2020.Tests.Days.Day15Tests" name="Part2_Pack" />
    </UnitTest>
    <UnitTest name="_2020.Tests.Days.Day16Tests.Part2_Pack(testCaseName: &quot;example2&quot;, _: &quot;0&quot;, expectedResult: &quot;1716&quot;, fileContent: &quot;departure class: 0-1 or 4-19\r\ndeparture row: 0-5&quot;...)" storage="c:\workspace\github\adventofcode\2020.tests\bin\debug\netcoreapp3.1\2020.tests.dll" id="21cf7987-0bbe-7998-2a6a-b62be16638fd">
      <Execution id="c7315da3-2a25-4796-8631-7be4d833e64a" />
      <TestMethod codeBase="C:\Workspace\GitHub\AdventOfCode\2020.Tests\bin\Debug\netcoreapp3.1\2020.Tests.dll" adapterTypeName="executor://xunit/VsTestRunner2/netcoreapp" className="_2020.Tests.Days.Day16Tests" name="Part2_Pack" />
    </UnitTest>
    <UnitTest name="_2020.Tests.Days.Day10Tests.Part2_Pack(testCaseName: &quot;example1&quot;, _: &quot;35&quot;, expectedResult: &quot;8&quot;, fileContent: &quot;16\r\n10\r\n15\r\n5\r\n1\r\n11\r\n7\r\n19\r\n6\r\n&quot;...)" storage="c:\workspace\github\adventofcode\2020.tests\bin\debug\netcoreapp3.1\2020.tests.dll" id="b2758025-0ea6-8920-1ed3-b47e23fd5591">
      <Execution id="3518884a-7557-4b9b-90f3-936cffd88889" />
      <TestMethod codeBase="C:\Workspace\GitHub\AdventOfCode\2020.Tests\bin\Debug\netcoreapp3.1\2020.Tests.dll" adapterTypeName="executor://xunit/VsTestRunner2/netcoreapp" className="_2020.Tests.Days.Day10Tests" name="Part2_Pack" />
    </UnitTest>
    <UnitTest name="_2020.Tests.Days.Day5Tests.Part2_Pack(testCaseName: &quot;mydata&quot;, _: &quot;998&quot;, expectedResult: &quot;676&quot;, fileContent: &quot;BFBBBBBLLR\r\nBBFFBBFRRL\r\nFBFBFFFRRL\r\nBBFFFBFR&quot;...)" storage="c:\workspace\github\adventofcode\2020.tests\bin\debug\netcoreapp3.1\2020.tests.dll" id="5670067d-1cf3-a96b-1c13-3fd4f02d341b">
      <Execution id="838d294d-06c0-4754-b7a4-10e58cf33837" />
      <TestMethod codeBase="C:\Workspace\GitHub\AdventOfCode\2020.Tests\bin\Debug\netcoreapp3.1\2020.Tests.dll" adapterTypeName="executor://xunit/VsTestRunner2/netcoreapp" className="_2020.Tests.Days.Day5Tests" name="Part2_Pack" />
    </UnitTest>
    <UnitTest name="_2020.Tests.Days.Day15Tests.Part1_pack(testCaseName: &quot;example5&quot;, expectedResult: &quot;78&quot;, _: &quot;6895259&quot;, fileContent: &quot;2,3,1&quot;)" storage="c:\workspace\github\adventofcode\2020.tests\bin\debug\netcoreapp3.1\2020.tests.dll" id="59db20d0-347c-a453-444e-683e23e9a040">
      <Execution id="293ad5bb-a11f-4c71-839c-e09e7c856fe9" />
      <TestMethod codeBase="C:\Workspace\GitHub\AdventOfCode\2020.Tests\bin\Debug\netcoreapp3.1\2020.Tests.dll" adapterTypeName="executor://xunit/VsTestRunner2/netcoreapp" className="_2020.Tests.Days.Day15Tests" name="Part1_pack" />
    </UnitTest>
    <UnitTest name="_2020.Tests.Days.Day15Tests.Part2_Pack(testCaseName: &quot;example4&quot;, _: &quot;27&quot;, expectedResult: &quot;261214&quot;, fileContent: &quot;1,2,3&quot;)" storage="c:\workspace\github\adventofcode\2020.tests\bin\debug\netcoreapp3.1\2020.tests.dll" id="69421f74-dab9-7682-2157-83ab4af72623">
      <Execution id="9820520b-9d7f-4d93-b624-707f94cd0e65" />
      <TestMethod codeBase="C:\Workspace\GitHub\AdventOfCode\2020.Tests\bin\Debug\netcoreapp3.1\2020.Tests.dll" adapterTypeName="executor://xunit/VsTestRunner2/netcoreapp" className="_2020.Tests.Days.Day15Tests" name="Part2_Pack" />
    </UnitTest>
    <UnitTest name="_2020.Tests.Days.Day10Tests.Part1_pack(testCaseName: &quot;example_small&quot;, expectedResult: &quot;12&quot;, _: &quot;4&quot;, fileContent: &quot;3\r\n4\r\n5\r\n8\r\n9\r\n10&quot;)" storage="c:\workspace\github\adventofcode\2020.tests\bin\debug\netcoreapp3.1\2020.tests.dll" id="04f07e51-e06f-f9ef-687e-27f8f50cd69c">
      <Execution id="ac9ae11f-d62e-4ac0-b058-37ce8c2b336c" />
      <TestMethod codeBase="C:\Workspace\GitHub\AdventOfCode\2020.Tests\bin\Debug\netcoreapp3.1\2020.Tests.dll" adapterTypeName="executor://xunit/VsTestRunner2/netcoreapp" className="_2020.Tests.Days.Day10Tests" name="Part1_pack" />
    </UnitTest>
    <UnitTest name="_2020.Tests.Days.Day15Tests.Part1_pack(testCaseName: &quot;example7&quot;, expectedResult: &quot;1836&quot;, _: &quot;362&quot;, fileContent: &quot;3,1,2&quot;)" storage="c:\workspace\github\adventofcode\2020.tests\bin\debug\netcoreapp3.1\2020.tests.dll" id="3e8c6d43-8d09-84bb-a295-43059662202b">
      <Execution id="453f4e87-2934-4f07-b140-e51cfd3144c7" />
      <TestMethod codeBase="C:\Workspace\GitHub\AdventOfCode\2020.Tests\bin\Debug\netcoreapp3.1\2020.Tests.dll" adapterTypeName="executor://xunit/VsTestRunner2/netcoreapp" className="_2020.Tests.Days.Day15Tests" name="Part1_pack" />
    </UnitTest>
    <UnitTest name="_2020.Tests.Days.Day8Tests.Part2_Pack(testCaseName: &quot;puzzleinput&quot;, _: &quot;2051&quot;, expectedResult: &quot;2304&quot;, fileContent: &quot;jmp +583\r\nacc +9\r\njmp +525\r\njmp +302\r\njmp &quot;...)" storage="c:\workspace\github\adventofcode\2020.tests\bin\debug\netcoreapp3.1\2020.tests.dll" id="01c6738e-928f-12e9-002b-a3010d7f109b">
      <Execution id="62072a73-5e17-4d23-988c-cea4561d765b" />
      <TestMethod codeBase="C:\Workspace\GitHub\AdventOfCode\2020.Tests\bin\Debug\netcoreapp3.1\2020.Tests.dll" adapterTypeName="executor://xunit/VsTestRunner2/netcoreapp" className="_2020.Tests.Days.Day8Tests" name="Part2_Pack" />
    </UnitTest>
    <UnitTest name="_2020.Tests.Days.Day9Tests.Part1_pack(testCaseName: &quot;puzzleinput&quot;, expectedResult: &quot;41682220&quot;, preamble: &quot;25&quot;, _: &quot;5388976&quot;, fileContent: &quot;23\r\n3\r\n36\r\n14\r\n50\r\n8\r\n2\r\n44\r\n30\r\&quot;...)" storage="c:\workspace\github\adventofcode\2020.tests\bin\debug\netcoreapp3.1\2020.tests.dll" id="b73fc7b5-5c4f-ce2b-029f-5099fc932df8">
      <Execution id="c61e4fb0-a489-4694-9bae-37de32fd5ce8" />
      <TestMethod codeBase="C:\Workspace\GitHub\AdventOfCode\2020.Tests\bin\Debug\netcoreapp3.1\2020.Tests.dll" adapterTypeName="executor://xunit/VsTestRunner2/netcoreapp" className="_2020.Tests.Days.Day9Tests" name="Part1_pack" />
    </UnitTest>
    <UnitTest name="_2020.Tests.Days.Day3Tests.Part1(fileContent: &quot;.#.......#...........#.........\r\n..##.......#.#.&quot;...)" storage="c:\workspace\github\adventofcode\2020.tests\bin\debug\netcoreapp3.1\2020.tests.dll" id="99b22c00-0b2b-9e79-261c-dcb39b52aa8e">
      <Execution id="46e7b902-ac49-41d7-a2e0-d4b92065bef0" />
      <TestMethod codeBase="C:\Workspace\GitHub\AdventOfCode\2020.Tests\bin\Debug\netcoreapp3.1\2020.Tests.dll" adapterTypeName="executor://xunit/VsTestRunner2/netcoreapp" className="_2020.Tests.Days.Day3Tests" name="Part1" />
    </UnitTest>
    <UnitTest name="_2020.Tests.Days.Day13Tests.Part2_Pack(testCaseName: &quot;puzzleinput&quot;, _: &quot;4135&quot;, expectedResult: &quot;640856202464541&quot;, fileContent: &quot;1011416\r\n41,x,x,x,x,x,x,x,x,x,x,x,x,x,x,x,x,x,x,&quot;...)" storage="c:\workspace\github\adventofcode\2020.tests\bin\debug\netcoreapp3.1\2020.tests.dll" id="9cf0cba5-172e-c153-e796-92c43fe8b799">
[...]
    </UnitTest>
    <UnitTest name="_2020.Tests.Days.Day4Tests.Part1Example(fileContent: &quot;ecl:gry pid:860033327 eyr:2020 hcl:#fffffd\r\nbyr:&quot;...)" storage="c:\workspace\github\adventofcode\2020.tests\bin\debug\netcoreapp3.1\2020.tests.dll" id="fc6461b5-e450-3964-c0c6-8dde33d0fbf9">
      <Execution id="3342d818-356e-44cb-b9c0-8165400933b9" />
      <TestMethod codeBase="C:\Workspace\GitHub\AdventOfCode\2020.Tests\bin\Debug\netcoreapp3.1\2020.Tests.dll" adapterTypeName="executor://xunit/VsTestRunner2/netcoreapp" className="_2020.Tests.Days.Day4Tests" name="Part1Example" />
    </UnitTest>
    <UnitTest name="_2020.Tests.Days.Day3Tests.Move_Works(fileContent: &quot;.......\r\n...X...\r\n......X&quot;, coordinates: [0, 0, 3, 1], isTree: False)" storage="c:\workspace\github\adventofcode\2020.tests\bin\debug\netcoreapp3.1\2020.tests.dll" id="8146e86e-cd6b-cf36-e743-61cfc2778296">
      <Execution id="b621a537-6c53-4bd1-bb6b-166032c68329" />
      <TestMethod codeBase="C:\Workspace\GitHub\AdventOfCode\2020.Tests\bin\Debug\netcoreapp3.1\2020.Tests.dll" adapterTypeName="executor://xunit/VsTestRunner2/netcoreapp" className="_2020.Tests.Days.Day3Tests" name="Move_Works" />
    </UnitTest>
    <UnitTest name="_2020.Tests.Days.Day3Tests.Part1_case3(fileContent: &quot;..##.......\r\n#...#...#..\r\n.#....#..#.\r\n..#.#&quot;...)" storage="c:\workspace\github\adventofcode\2020.tests\bin\debug\netcoreapp3.1\2020.tests.dll" id="e7fe6284-3fcb-b9cb-9a4e-f74cf392b140">
      <Execution id="2e061715-60f1-4eb5-9e26-5ddee7c2e452" />
      <TestMethod codeBase="C:\Workspace\GitHub\AdventOfCode\2020.Tests\bin\Debug\netcoreapp3.1\2020.Tests.dll" adapterTypeName="executor://xunit/VsTestRunner2/netcoreapp" className="_2020.Tests.Days.Day3Tests" name="Part1_case3" />
    </UnitTest>
    <UnitTest name="_2020.Tests.Days.Day16Tests.Part2_Pack(testCaseName: &quot;example1&quot;, _: &quot;71&quot;, expectedResult: &quot;0&quot;, fileContent: &quot;class: 1-3 or 5-7\r\nrow: 6-11 or 33-44\r\nseat: 1&quot;...)" storage="c:\workspace\github\adventofcode\2020.tests\bin\debug\netcoreapp3.1\2020.tests.dll" id="dffdb84d-1db1-5f4c-67d3-f3140d14b547">
      <Execution id="cd2071fb-6cc6-44fb-8b2c-380c592d8a20" />
      <TestMethod codeBase="C:\Workspace\GitHub\AdventOfCode\2020.Tests\bin\Debug\netcoreapp3.1\2020.Tests.dll" adapterTypeName="executor://xunit/VsTestRunner2/netcoreapp" className="_2020.Tests.Days.Day16Tests" name="Part2_Pack" />
    </UnitTest>
    <UnitTest name="_2020.Tests.Days.Day15Tests.Part2_Pack(testCaseName: &quot;example5&quot;, _: &quot;78&quot;, expectedResult: &quot;6895259&quot;, fileContent: &quot;2,3,1&quot;)" storage="c:\workspace\github\adventofcode\2020.tests\bin\debug\netcoreapp3.1\2020.tests.dll" id="ac7e7db2-01de-f348-0757-1a5540553b98">
      <Execution id="1c89524c-2c60-4565-9657-00f79aa85348" />
      <TestMethod codeBase="C:\Workspace\GitHub\AdventOfCode\2020.Tests\bin\Debug\netcoreapp3.1\2020.Tests.dll" adapterTypeName="executor://xunit/VsTestRunner2/netcoreapp" className="_2020.Tests.Days.Day15Tests" name="Part2_Pack" />
    </UnitTest>
    <UnitTest name="_2020.Tests.Days.Day11Tests.Part2_Pack(testCaseName: &quot;example1&quot;, _: &quot;37&quot;, expectedResult: &quot;26&quot;, fileContent: &quot;L.LL.LL.LL\r\nLLLLLLL.LL\r\nL.L.L..L..\r\nLLLL.LL.&quot;...)" storage="c:\workspace\github\adventofcode\2020.tests\bin\debug\netcoreapp3.1\2020.tests.dll" id="32ed6bd8-e0af-dd5c-7f74-96ea03b7cf74">
      <Execution id="e6afcc84-4e60-46ee-9a3f-97da9c26dbb7" />
      <TestMethod codeBase="C:\Workspace\GitHub\AdventOfCode\2020.Tests\bin\Debug\netcoreapp3.1\2020.Tests.dll" adapterTypeName="executor://xunit/VsTestRunner2/netcoreapp" className="_2020.Tests.Days.Day11Tests" name="Part2_Pack" />
    </UnitTest>
    <UnitTest name="_2020.Tests.Days.Day3Tests.Part1_case2(fileContent: &quot;...\r\n#..&quot;)" storage="c:\workspace\github\adventofcode\2020.tests\bin\debug\netcoreapp3.1\2020.tests.dll" id="136cf6b3-49e2-8bb0-486f-d1f9a3983f12">
      <Execution id="53ab3d0b-6ed7-4286-970a-547add924401" />
      <TestMethod codeBase="C:\Workspace\GitHub\AdventOfCode\2020.Tests\bin\Debug\netcoreapp3.1\2020.Tests.dll" adapterTypeName="executor://xunit/VsTestRunner2/netcoreapp" className="_2020.Tests.Days.Day3Tests" name="Part1_case2" />
    </UnitTest>
  </TestDefinitions>
  <TestEntries>
    <TestEntry testId="26f20c36-20b3-9005-cb04-ee3276a58fd4" executionId="ca21ea17-851b-4c58-95a5-1c5527b5e1df" testListId="8c84fa94-04c1-424b-9868-57a2d4851a1d" />
    <TestEntry testId="b2758025-0ea6-8920-1ed3-b47e23fd5591" executionId="3518884a-7557-4b9b-90f3-936cffd88889" testListId="8c84fa94-04c1-424b-9868-57a2d4851a1d" />
    <TestEntry testId="d36ee119-83d8-bc35-7ac6-7f5ac328dab5" executionId="92324944-2a2b-4811-9c25-07326cf5bf35" testListId="8c84fa94-04c1-424b-9868-57a2d4851a1d" />
    <TestEntry testId="26e5e629-8263-4046-5e10-c84b3539586e" executionId="c2719a97-c402-4687-af7a-043395a28f0b" testListId="8c84fa94-04c1-424b-9868-57a2d4851a1d" />
    <TestEntry testId="d87515a5-cd25-21bb-1381-51ed2081f274" executionId="288a7349-83a4-407f-b6d8-31316affa7d9" testListId="8c84fa94-04c1-424b-9868-57a2d4851a1d" />
    <TestEntry testId="6c059688-c465-f5a5-7144-0e70ce180f19" executionId="5b480b26-63b9-49e6-883f-a66c67eea585" testListId="8c84fa94-04c1-424b-9868-57a2d4851a1d" />
    <TestEntry testId="b27c9020-e789-a65d-c36f-5611503fe0b7" executionId="a1aa0183-9eb0-4fb3-8843-bf2963a493bf" testListId="8c84fa94-04c1-424b-9868-57a2d4851a1d" />
    <TestEntry testId="db9d81cc-9f3b-68f2-2d29-410e4425b6d1" executionId="66a6ebcb-2f4a-4fbe-8da7-a7b1344f39ee" testListId="8c84fa94-04c1-424b-9868-57a2d4851a1d" />
    <TestEntry testId="04f07e51-e06f-f9ef-687e-27f8f50cd69c" executionId="ac9ae11f-d62e-4ac0-b058-37ce8c2b336c" testListId="8c84fa94-04c1-424b-9868-57a2d4851a1d" />
    <TestEntry testId="bdaba18c-2c59-04ae-e240-7ebf7e7a64fb" executionId="80a96588-12e8-40c8-904f-e5aa33d9057a" testListId="8c84fa94-04c1-424b-9868-57a2d4851a1d" />
    <TestEntry testId="8146e86e-cd6b-cf36-e743-61cfc2778296" executionId="b621a537-6c53-4bd1-bb6b-166032c68329" testListId="8c84fa94-04c1-424b-9868-57a2d4851a1d" />
    <TestEntry testId="9fcb3a2b-27f0-5f22-0206-56c0549b9a84" executionId="bec361ee-469d-4b55-96d8-fa49c46faa94" testListId="8c84fa94-04c1-424b-9868-57a2d4851a1d" />
    <TestEntry testId="ead7075b-f824-edda-74c3-54f68b078b04" executionId="989b4754-58d0-44b1-9b43-d29a0b87ad11" testListId="8c84fa94-04c1-424b-9868-57a2d4851a1d" />
    <TestEntry testId="e7fe6284-3fcb-b9cb-9a4e-f74cf392b140" executionId="2e061715-60f1-4eb5-9e26-5ddee7c2e452" testListId="8c84fa94-04c1-424b-9868-57a2d4851a1d" />
    <TestEntry testId="69421f74-dab9-7682-2157-83ab4af72623" executionId="9820520b-9d7f-4d93-b624-707f94cd0e65" testListId="8c84fa94-04c1-424b-9868-57a2d4851a1d" />
    <TestEntry testId="db94a0d2-a22c-8314-89a3-1a38e815913a" executionId="35484b64-7597-4e17-8855-6a405d1d71b9" testListId="8c84fa94-04c1-424b-9868-57a2d4851a1d" />
    <TestEntry testId="edfee89c-6991-817a-4b5f-507b7c5607c8" executionId="7ea1254f-a54a-46f8-8ccb-e469f3368b43" testListId="8c84fa94-04c1-424b-9868-57a2d4851a1d" />
    <TestEntry testId="375e425c-9b53-a326-01d6-888b92935a87" executionId="b603d50a-d236-4ed9-abba-f25eeafb2f53" testListId="8c84fa94-04c1-424b-9868-57a2d4851a1d" />
    <TestEntry testId="9cf0cba5-172e-c153-e796-92c43fe8b799" executionId="e631bfa4-f356-49d4-9b65-9711c49bd0fb" testListId="8c84fa94-04c1-424b-9868-57a2d4851a1d" />
    <TestEntry testId="1bd4918e-984f-4b09-f089-8b165ff131a6" executionId="4d3094b1-dcc5-4206-a876-b7d278eb4e75" testListId="8c84fa94-04c1-424b-9868-57a2d4851a1d" />
    <TestEntry testId="9f0ccaf6-c07d-b20e-be6b-7733f88e5aab" executionId="573f5428-96f6-45c6-9b90-a28abf778562" testListId="8c84fa94-04c1-424b-9868-57a2d4851a1d" />
    <TestEntry testId="7df7f244-2fd3-a955-75ef-80b7d924f8e2" executionId="0ace101c-9d53-4639-9395-04337dfc4c8a" testListId="8c84fa94-04c1-424b-9868-57a2d4851a1d" />
    <TestEntry testId="7505053a-8388-b504-70a1-f4bcc9da9d25" executionId="fbea5911-6523-4071-b629-acd0c3916726" testListId="8c84fa94-04c1-424b-9868-57a2d4851a1d" />
    <TestEntry testId="3e90431b-d28c-c271-ef23-978dcb2898e8" executionId="aa51f3a5-fdd4-465b-b447-540071c591e6" testListId="8c84fa94-04c1-424b-9868-57a2d4851a1d" />
    <TestEntry testId="3e8c6d43-8d09-84bb-a295-43059662202b" executionId="453f4e87-2934-4f07-b140-e51cfd3144c7" testListId="8c84fa94-04c1-424b-9868-57a2d4851a1d" />
    <TestEntry testId="7e2b291f-4d36-b74a-6972-5466517a8596" executionId="624579de-ba70-467e-8d14-4bacbb1bba26" testListId="8c84fa94-04c1-424b-9868-57a2d4851a1d" />
    <TestEntry testId="99b22c00-0b2b-9e79-261c-dcb39b52aa8e" executionId="46e7b902-ac49-41d7-a2e0-d4b92065bef0" testListId="8c84fa94-04c1-424b-9868-57a2d4851a1d" />
    <TestEntry testId="59db20d0-347c-a453-444e-683e23e9a040" executionId="293ad5bb-a11f-4c71-839c-e09e7c856fe9" testListId="8c84fa94-04c1-424b-9868-57a2d4851a1d" />
    <TestEntry testId="21cf7987-0bbe-7998-2a6a-b62be16638fd" executionId="c7315da3-2a25-4796-8631-7be4d833e64a" testListId="8c84fa94-04c1-424b-9868-57a2d4851a1d" />
    <TestEntry testId="36215da0-52f5-a57a-5cb4-ff033b29d94a" executionId="961556ac-4145-4224-a186-fcfaae7fcaf1" testListId="8c84fa94-04c1-424b-9868-57a2d4851a1d" />
    <TestEntry testId="2aa3cc9c-1e67-63fe-0e48-b59a2268710d" executionId="aba9777f-1058-4be7-8a2e-2450df4df7f0" testListId="8c84fa94-04c1-424b-9868-57a2d4851a1d" />
    <TestEntry testId="ea350fd8-4960-b90d-698c-7f319b46d10e" executionId="2488e4f1-dc84-41c8-a366-53b4e4bdac4b" testListId="8c84fa94-04c1-424b-9868-57a2d4851a1d" />
    <TestEntry testId="136cf6b3-49e2-8bb0-486f-d1f9a3983f12" executionId="53ab3d0b-6ed7-4286-970a-547add924401" testListId="8c84fa94-04c1-424b-9868-57a2d4851a1d" />
    <TestEntry testId="d950a7c4-72e5-0b34-aa9c-ed718050682b" executionId="92d935d5-58d8-4c39-a1d3-ac70d52ab9e2" testListId="8c84fa94-04c1-424b-9868-57a2d4851a1d" />
    <TestEntry testId="0d9d879c-a85a-bdc6-b8ff-9a6ab509a103" executionId="aef48e14-8164-4fbc-955a-d42746d68b47" testListId="8c84fa94-04c1-424b-9868-57a2d4851a1d" />
    <TestEntry testId="0ae8165c-5db8-2151-c07c-655806764c15" executionId="dc0dff2c-4658-4214-9986-58d5124bc488" testListId="8c84fa94-04c1-424b-9868-57a2d4851a1d" />
    <TestEntry testId="ef12b05a-db9c-a4d1-6bf6-f50fcc998ceb" executionId="3c3a944c-89c6-4da6-bbc5-8f2f95920cf8" testListId="8c84fa94-04c1-424b-9868-57a2d4851a1d" />
    <TestEntry testId="dffdb84d-1db1-5f4c-67d3-f3140d14b547" executionId="cd2071fb-6cc6-44fb-8b2c-380c592d8a20" testListId="8c84fa94-04c1-424b-9868-57a2d4851a1d" />
    <TestEntry testId="de8b5722-7c80-d4eb-b97c-ebe57717fb6c" executionId="7a6811e8-a0b4-4f3b-b1dc-c0f9ce6b007b" testListId="8c84fa94-04c1-424b-9868-57a2d4851a1d" />
    <TestEntry testId="7deeee6f-5f68-e96c-55d2-19a70aab7c3d" executionId="0f9c17a4-c11e-47d8-812c-c52770d6e801" testListId="8c84fa94-04c1-424b-9868-57a2d4851a1d" />
    <TestEntry testId="9b48be43-b6dc-ab4a-e9b5-a0f0a0083d37" executionId="51987492-ffe1-40aa-a422-703e5b448063" testListId="8c84fa94-04c1-424b-9868-57a2d4851a1d" />
    <TestEntry testId="844a928f-443a-c27a-8ee8-10b193eadc8b" executionId="fb7ac61e-bd23-4d1d-86a9-d1e1b157b4fd" testListId="8c84fa94-04c1-424b-9868-57a2d4851a1d" />
    <TestEntry testId="de573764-ea0d-8509-05be-8709ab895a61" executionId="e1e6707f-ab85-4f86-bdfb-3de850452765" testListId="8c84fa94-04c1-424b-9868-57a2d4851a1d" />
    <TestEntry testId="2c83aeec-41f1-c9e6-9c5b-7d5ecf29ccdd" executionId="6b88b0e2-dc37-472a-b308-ac165e4172b8" testListId="8c84fa94-04c1-424b-9868-57a2d4851a1d" />
    <TestEntry testId="dce4b7c0-81f4-b41c-94b9-afb06d0ad99d" executionId="65019e2e-4628-4556-ad7c-9c834e60dd8e" testListId="8c84fa94-04c1-424b-9868-57a2d4851a1d" />
    <TestEntry testId="01c6738e-928f-12e9-002b-a3010d7f109b" executionId="62072a73-5e17-4d23-988c-cea4561d765b" testListId="8c84fa94-04c1-424b-9868-57a2d4851a1d" />
    <TestEntry testId="4d95249a-c4ec-74a6-909c-c074eed39474" executionId="2cbf72b4-8b4a-4822-9235-cfa46a9cf3a5" testListId="8c84fa94-04c1-424b-9868-57a2d4851a1d" />
    <TestEntry testId="4884422f-a201-6166-d234-44d86f6dd8d3" executionId="2e750db0-1777-4d98-bcfc-c7e77beb3165" testListId="8c84fa94-04c1-424b-9868-57a2d4851a1d" />
    <TestEntry testId="6d960990-c3fd-9f28-bdad-0681fd0a7d6b" executionId="2543946e-1678-4f5b-9cdb-d7df40fe7b65" testListId="8c84fa94-04c1-424b-9868-57a2d4851a1d" />
    <TestEntry testId="2cc010d6-e101-5b64-2847-d92eb3aca667" executionId="873a22ef-eb81-4977-a05f-cee59668f29e" testListId="8c84fa94-04c1-424b-9868-57a2d4851a1d" />
    <TestEntry testId="821db9cf-a5c7-f686-a035-a78be04f731f" executionId="b0ac28a1-c19b-4444-aa40-b58925a56b61" testListId="8c84fa94-04c1-424b-9868-57a2d4851a1d" />
    <TestEntry testId="5cb521d9-b508-87d2-d6b3-9430721a3a5b" executionId="313fdc69-a082-4f7e-88bf-0df277e06aa4" testListId="8c84fa94-04c1-424b-9868-57a2d4851a1d" />
    <TestEntry testId="de2d88b7-cfd9-036b-e718-618c36e4686c" executionId="998f0203-cb2f-4f53-8cff-9efab082731b" testListId="8c84fa94-04c1-424b-9868-57a2d4851a1d" />
    <TestEntry testId="1f5e50cb-54fd-2c1d-5c96-c69e9c09c257" executionId="ea080bdb-8725-4aa9-aa61-8d6967b677be" testListId="8c84fa94-04c1-424b-9868-57a2d4851a1d" />
    <TestEntry testId="0f9af31d-0f66-fa47-7811-06be3c347ad8" executionId="2f51440b-0895-48e6-91b8-e116f15d44ea" testListId="8c84fa94-04c1-424b-9868-57a2d4851a1d" />
    <TestEntry testId="16df4b72-a1be-7d8a-175c-1e6c5237fc4e" executionId="ef0c7da8-eb4f-4408-99d6-1547d89adb84" testListId="8c84fa94-04c1-424b-9868-57a2d4851a1d" />
    <TestEntry testId="f6865024-5e66-1a8c-8eaa-13d5eb300007" executionId="692784b6-0a91-49a1-8e15-f9c56216ca5f" testListId="8c84fa94-04c1-424b-9868-57a2d4851a1d" />
    <TestEntry testId="159d3ea9-44fc-4aaa-9da0-18c06a48805e" executionId="15e0338d-34ef-4eab-b497-0534925aca0d" testListId="8c84fa94-04c1-424b-9868-57a2d4851a1d" />
    <TestEntry testId="fc6461b5-e450-3964-c0c6-8dde33d0fbf9" executionId="3342d818-356e-44cb-b9c0-8165400933b9" testListId="8c84fa94-04c1-424b-9868-57a2d4851a1d" />
    <TestEntry testId="90af8466-2ea2-b30d-8b80-8f3acbcf1032" executionId="e3f06b33-ef34-408c-8ad8-d07d00a8e4c0" testListId="8c84fa94-04c1-424b-9868-57a2d4851a1d" />
    <TestEntry testId="4dc9e345-1e1c-7c56-ffd6-51f432d6c33b" executionId="f41d6da1-201e-4eab-9580-acfb1936c784" testListId="8c84fa94-04c1-424b-9868-57a2d4851a1d" />
    <TestEntry testId="216f5805-6dfd-d79f-4066-e2138129ea68" executionId="f7147710-01fa-4874-932a-b22198c67624" testListId="8c84fa94-04c1-424b-9868-57a2d4851a1d" />
    <TestEntry testId="2de34128-cf23-033a-0c60-b9a1ffa1dd89" executionId="e00996d6-e0ce-4113-bcc5-7e6dc3820e11" testListId="8c84fa94-04c1-424b-9868-57a2d4851a1d" />
    <TestEntry testId="f7e40ddb-a284-7426-9379-70e1c4cc7afa" executionId="81fd7109-ae27-4331-9205-5a3b3a34a8df" testListId="8c84fa94-04c1-424b-9868-57a2d4851a1d" />
    <TestEntry testId="0b60d97b-b22a-43f0-3b65-c801f8f15e8d" executionId="6aa1bcf6-5439-478e-8798-41a2b328f5ae" testListId="8c84fa94-04c1-424b-9868-57a2d4851a1d" />
    <TestEntry testId="5670067d-1cf3-a96b-1c13-3fd4f02d341b" executionId="838d294d-06c0-4754-b7a4-10e58cf33837" testListId="8c84fa94-04c1-424b-9868-57a2d4851a1d" />
    <TestEntry testId="0e0b30c5-6422-25c8-2172-d67c44a7d25d" executionId="5878fc08-ef9f-42e9-9d12-899a1f1fcb3b" testListId="8c84fa94-04c1-424b-9868-57a2d4851a1d" />
    <TestEntry testId="02ecd7ab-bcdf-e3ce-73c4-60d49e1f8cf1" executionId="c62f34cc-dd5b-4e8b-b218-0b7baef2e1d1" testListId="8c84fa94-04c1-424b-9868-57a2d4851a1d" />
    <TestEntry testId="0a2c2f88-73a7-a432-398b-2f86564fd773" executionId="12b58ad0-c872-4c19-8bae-7f4f2b686dae" testListId="8c84fa94-04c1-424b-9868-57a2d4851a1d" />
    <TestEntry testId="d07cd30b-d230-d13b-93e4-5f93de4f56b2" executionId="fe966dfb-3366-40e0-afd2-a7cccae925fd" testListId="8c84fa94-04c1-424b-9868-57a2d4851a1d" />
    <TestEntry testId="ac7e7db2-01de-f348-0757-1a5540553b98" executionId="1c89524c-2c60-4565-9657-00f79aa85348" testListId="8c84fa94-04c1-424b-9868-57a2d4851a1d" />
    <TestEntry testId="c8eb35de-3806-7a84-c356-ef8a1ba0e171" executionId="d4de50bf-e234-4410-a440-0d389c107615" testListId="8c84fa94-04c1-424b-9868-57a2d4851a1d" />
    <TestEntry testId="e3b45518-8d0a-2cd6-89ed-a43178b94cdf" executionId="f262e919-2bfa-4c34-9cca-b3de3cba32ae" testListId="8c84fa94-04c1-424b-9868-57a2d4851a1d" />
    <TestEntry testId="5d9c47dd-439e-67ac-b1d4-8dc742348d44" executionId="cc39f8e7-ab79-4e8a-9b44-a1e438181e14" testListId="8c84fa94-04c1-424b-9868-57a2d4851a1d" />
    <TestEntry testId="56b8ecc6-4451-516f-e6ef-1f4a55f10fe8" executionId="351181e5-0d9f-4e73-b8e9-261a8e45476a" testListId="8c84fa94-04c1-424b-9868-57a2d4851a1d" />
    <TestEntry testId="c1b39591-e148-1ede-3450-ca36e80a70b0" executionId="aa853b95-96c9-4add-8ccc-161544a3c00b" testListId="8c84fa94-04c1-424b-9868-57a2d4851a1d" />
    <TestEntry testId="9e27424c-7bf4-a54a-a23f-62f6c33d62bb" executionId="acc5457b-59a3-437d-92e7-e4ba2e3f5bb1" testListId="8c84fa94-04c1-424b-9868-57a2d4851a1d" />
    <TestEntry testId="d612b35d-eb74-c9d6-7c08-b6087fbf724b" executionId="cf6aa87e-2ca3-41e8-8217-10b0ad4b3fe7" testListId="8c84fa94-04c1-424b-9868-57a2d4851a1d" />
    <TestEntry testId="67ca508f-a17c-3db3-c22c-394aa968c00c" executionId="b63b7ff1-44b6-4c8c-9646-ec297b2c1af6" testListId="8c84fa94-04c1-424b-9868-57a2d4851a1d" />
    <TestEntry testId="6b95806a-569f-591e-33c5-cf371e97a169" executionId="0361e8c7-edb8-456f-956a-128d83c26ba7" testListId="8c84fa94-04c1-424b-9868-57a2d4851a1d" />
    <TestEntry testId="b73fc7b5-5c4f-ce2b-029f-5099fc932df8" executionId="c61e4fb0-a489-4694-9bae-37de32fd5ce8" testListId="8c84fa94-04c1-424b-9868-57a2d4851a1d" />
    <TestEntry testId="02be2eb2-b9b7-27e5-1198-908b3671a59d" executionId="ceb76085-53fe-4000-909c-ec33d6340cba" testListId="8c84fa94-04c1-424b-9868-57a2d4851a1d" />
    <TestEntry testId="b9a0883d-021b-16e7-be90-275f6000cc9d" executionId="1858a43c-f0f7-456a-971d-cbad30354d53" testListId="8c84fa94-04c1-424b-9868-57a2d4851a1d" />
    <TestEntry testId="32ed6bd8-e0af-dd5c-7f74-96ea03b7cf74" executionId="e6afcc84-4e60-46ee-9a3f-97da9c26dbb7" testListId="8c84fa94-04c1-424b-9868-57a2d4851a1d" />
    <TestEntry testId="8aed83a5-1388-ee14-1e01-687801be888e" executionId="35b86e14-d3a4-4e0f-8563-4a2a25ed96cd" testListId="8c84fa94-04c1-424b-9868-57a2d4851a1d" />
    <TestEntry testId="9c6adfa0-dd3c-9e72-a127-4e1805362479" executionId="67db534b-e58c-4aa5-a8e3-9c1cd3d288dd" testListId="8c84fa94-04c1-424b-9868-57a2d4851a1d" />
    <TestEntry testId="5a6838e8-c034-4ac2-cf4a-650d8f91ee6f" executionId="d5bf7da8-ab2f-40fd-8584-5815cc144538" testListId="8c84fa94-04c1-424b-9868-57a2d4851a1d" />
    <TestEntry testId="9d63c5ca-cd81-dfa2-45c3-bef99b47c927" executionId="23c11ea1-34b3-4ad8-9f37-9c7ebc1bb123" testListId="8c84fa94-04c1-424b-9868-57a2d4851a1d" />
  </TestEntries>
  <TestLists>
    <TestList name="Wyniki, których nie ma na liście" id="8c84fa94-04c1-424b-9868-57a2d4851a1d" />
    <TestList name="Wszystkie załadowane wyniki" id="19431567-8539-422a-85d7-44ee4e166bda" />
  </TestLists>
  <ResultSummary outcome="Completed">
    <Counters total="88" executed="88" passed="88" failed="0" error="0" timeout="0" aborted="0" inconclusive="0" passedButRunAborted="0" notRunnable="0" notExecuted="0" disconnected="0" warning="0" completed="0" inProgress="0" pending="0" />
    <Output>
      <StdOut>[xUnit.net 00:00:00.00] xUnit.net VSTest Adapter v2.4.3+1b45f5407b (64-bit .NET Core 3.1.10)&#xD;
[xUnit.net 00:00:00.35]   Discovering: 2020.Tests&#xD;
[xUnit.net 00:00:00.44]   Discovered:  2020.Tests&#xD;
[xUnit.net 00:00:00.45]   Starting:    2020.Tests&#xD;
[xUnit.net 00:00:33.18]   Finished:    2020.Tests&#xD;
</StdOut>
    </Output>
  </ResultSummary>
</TestRun>