<?xml version="1.0" encoding="utf-8"?>
<TestRun id="a11981cd-0ea2-4d84-862b-6c211c1d1584" name="pnaro@LAPTOP-35RG0TO8 2020-12-15 13:06:08" runUser="LAPTOP-35RG0TO8\pnaro" xmlns="http://microsoft.com/schemas/VisualStudio/TeamTest/2010">
  <Times creation="2020-12-15T13:06:08.1268907+01:00" queuing="2020-12-15T13:06:08.1268916+01:00" start="2020-12-15T13:06:06.9385911+01:00" finish="2020-12-15T13:06:43.3438144+01:00" />
  <TestSettings name="default" id="29ae2d69-af79-4f0c-8cea-8f545ad2b0d8">
    <Deployment runDeploymentRoot="pnaro_LAPTOP-35RG0TO8_2020-12-15_13_06_08" />
  </TestSettings>
  <Results>
    <UnitTestResult executionId="b811538f-dd35-4525-afdb-74bc6edf618b" testId="c1b39591-e148-1ede-3450-ca36e80a70b0" testName="_2020.Tests.Days.Day15Tests.Part2_Pack(testCaseName: &quot;example2&quot;, _: &quot;1&quot;, expectedResult: &quot;2578&quot;, fileContent: &quot;1,3,2&quot;)" computerName="LAPTOP-35RG0TO8" duration="00:00:04.1379988" startTime="2020-12-15T13:06:16.8259074+01:00" endTime="2020-12-15T13:06:16.8259170+01:00" testType="13cdc9d9-ddb5-4fa4-a97d-d965ccfc6d4b" outcome="Passed" testListId="8c84fa94-04c1-424b-9868-57a2d4851a1d" relativeResultsDirectory="b811538f-dd35-4525-afdb-74bc6edf618b" />
    <UnitTestResult executionId="3aaab017-bbd9-479e-b9f2-ecc586fb8b20" testId="16df4b72-a1be-7d8a-175c-1e6c5237fc4e" testName="_2020.Tests.Days.Day14Tests.Part1_pack(testCaseName: &quot;example1&quot;, expectedResult: &quot;165&quot;, _: &quot;&quot;, fileContent: &quot;mask = XXXXXXXXXXXXXXXXXXXXXXXXXXXXX1XXXX0X\r\nmem&quot;...)" computerName="LAPTOP-35RG0TO8" duration="00:00:00.0000261" startTime="2020-12-15T13:06:08.1242626+01:00" endTime="2020-12-15T13:06:08.1242629+01:00" testType="13cdc9d9-ddb5-4fa4-a97d-d965ccfc6d4b" outcome="Passed" testListId="8c84fa94-04c1-424b-9868-57a2d4851a1d" relativeResultsDirectory="3aaab017-bbd9-479e-b9f2-ecc586fb8b20" />
    <UnitTestResult executionId="1f720103-86e4-4625-a3d6-ce50e76e5843" testId="d87515a5-cd25-21bb-1381-51ed2081f274" testName="_2020.Tests.Days.Day8Tests.Part2_Pack(testCaseName: &quot;example1&quot;, _: &quot;5&quot;, expectedResult: &quot;8&quot;, fileContent: &quot;nop +0\r\nacc +1\r\njmp +4\r\nacc +3\r\njmp -3\r\n&quot;...)" computerName="LAPTOP-35RG0TO8" duration="00:00:00.0053202" startTime="2020-12-15T13:06:08.1218858+01:00" endTime="2020-12-15T13:06:08.1218860+01:00" testType="13cdc9d9-ddb5-4fa4-a97d-d965ccfc6d4b" outcome="Passed" testListId="8c84fa94-04c1-424b-9868-57a2d4851a1d" relativeResultsDirectory="1f720103-86e4-4625-a3d6-ce50e76e5843" />
    <UnitTestResult executionId="4a2fa224-72fc-4a25-9156-8ae1600e231b" testId="d612b35d-eb74-c9d6-7c08-b6087fbf724b" testName="_2020.Tests.Days.Day13Tests.Part1_pack(testCaseName: &quot;puzzleinput&quot;, expectedResult: &quot;4135&quot;, _: &quot;640856202464541&quot;, fileContent: &quot;1011416\r\n41,x,x,x,x,x,x,x,x,x,x,x,x,x,x,x,x,x,x,&quot;...)" computerName="LAPTOP-35RG0TO8" duration="00:00:00.0066715" startTime="2020-12-15T13:06:08.1218067+01:00" endTime="2020-12-15T13:06:08.1218069+01:00" testType="13cdc9d9-ddb5-4fa4-a97d-d965ccfc6d4b" outcome="Passed" testListId="8c84fa94-04c1-424b-9868-57a2d4851a1d" relativeResultsDirectory="4a2fa224-72fc-4a25-9156-8ae1600e231b" />
    <UnitTestResult executionId="2f7f19bb-a1f2-4ddd-af28-1ec8183a4870" testId="136cf6b3-49e2-8bb0-486f-d1f9a3983f12" testName="_2020.Tests.Days.Day3Tests.Part1_case2(fileContent: &quot;...\r\n#..&quot;)" computerName="LAPTOP-35RG0TO8" duration="00:00:00.0058563" startTime="2020-12-15T13:06:08.1128648+01:00" endTime="2020-12-15T13:06:08.1128651+01:00" testType="13cdc9d9-ddb5-4fa4-a97d-d965ccfc6d4b" outcome="Passed" testListId="8c84fa94-04c1-424b-9868-57a2d4851a1d" relativeResultsDirectory="2f7f19bb-a1f2-4ddd-af28-1ec8183a4870">
      <Output>
        <StdOut>answer for part 1 is: 1</StdOut>
      </Output>
    </UnitTestResult>
    <UnitTestResult executionId="053b3643-a1b2-4165-aeb4-294f4464f823" testId="9b48be43-b6dc-ab4a-e9b5-a0f0a0083d37" testName="_2020.Tests.Days.Day3Tests.Move_Works(fileContent: &quot;...\r\n#..&quot;, coordinates: [0, 0, 0, 1], isTree: True)" computerName="LAPTOP-35RG0TO8" duration="00:00:00.0000098" startTime="2020-12-15T13:06:08.0944600+01:00" endTime="2020-12-15T13:06:08.0944602+01:00" testType="13cdc9d9-ddb5-4fa4-a97d-d965ccfc6d4b" outcome="Passed" testListId="8c84fa94-04c1-424b-9868-57a2d4851a1d" relativeResultsDirectory="053b3643-a1b2-4165-aeb4-294f4464f823" />
    <UnitTestResult executionId="c79ad942-6560-4bbe-87bf-acd86dfe2da8" testId="5cb521d9-b508-87d2-d6b3-9430721a3a5b" testName="_2020.Tests.Days.Day11Tests.Part2_Pack(testCaseName: &quot;puzzleinput&quot;, _: &quot;2310&quot;, expectedResult: &quot;2074&quot;, fileContent: &quot;LLLLLLLLLL.LLLLLLLL.LLLLLLLLLLLLL.LLLLL.LLLL.LL.L.&quot;...)" computerName="LAPTOP-35RG0TO8" duration="00:00:00.8918766" startTime="2020-12-15T13:06:08.9487838+01:00" endTime="2020-12-15T13:06:08.9487970+01:00" testType="13cdc9d9-ddb5-4fa4-a97d-d965ccfc6d4b" outcome="Passed" testListId="8c84fa94-04c1-424b-9868-57a2d4851a1d" relativeResultsDirectory="c79ad942-6560-4bbe-87bf-acd86dfe2da8" />
    <UnitTestResult executionId="66186e6e-dd1e-42e3-a5e4-33a43b0a45cf" testId="db9d81cc-9f3b-68f2-2d29-410e4425b6d1" testName="_2020.Tests.Days.Day10Tests.Part2_Pack(testCaseName: &quot;example_small&quot;, _: &quot;12&quot;, expectedResult: &quot;4&quot;, fileContent: &quot;3\r\n4\r\n5\r\n8\r\n9\r\n10&quot;)" computerName="LAPTOP-35RG0TO8" duration="00:00:00.0000282" startTime="2020-12-15T13:06:08.1152558+01:00" endTime="2020-12-15T13:06:08.1152560+01:00" testType="13cdc9d9-ddb5-4fa4-a97d-d965ccfc6d4b" outcome="Passed" testListId="8c84fa94-04c1-424b-9868-57a2d4851a1d" relativeResultsDirectory="66186e6e-dd1e-42e3-a5e4-33a43b0a45cf" />
    <UnitTestResult executionId="908a74de-a0b3-4076-a0c8-45b65517e348" testId="7deeee6f-5f68-e96c-55d2-19a70aab7c3d" testName="_2020.Tests.Days.Day3Tests.Move_Works(fileContent: &quot;.......\r\n...#...\r\n......#&quot;, coordinates: [3, 1, 6, 2], isTree: True)" computerName="LAPTOP-35RG0TO8" duration="00:00:00.0000335" startTime="2020-12-15T13:06:08.0943764+01:00" endTime="2020-12-15T13:06:08.0943765+01:00" testType="13cdc9d9-ddb5-4fa4-a97d-d965ccfc6d4b" outcome="Passed" testListId="8c84fa94-04c1-424b-9868-57a2d4851a1d" relativeResultsDirectory="908a74de-a0b3-4076-a0c8-45b65517e348" />
    <UnitTestResult executionId="8dfa851d-3c1e-41c5-a2e8-c6484a861eb5" testId="4dc9e345-1e1c-7c56-ffd6-51f432d6c33b" testName="_2020.Tests.Days.Day9Tests.Part1_pack(testCaseName: &quot;example1&quot;, expectedResult: &quot;127&quot;, preamble: &quot;5&quot;, _: &quot;62&quot;, fileContent: &quot;35\r\n20\r\n15\r\n25\r\n47\r\n40\r\n62\r\n55\r\n65&quot;...)" computerName="LAPTOP-35RG0TO8" duration="00:00:00.0378160" startTime="2020-12-15T13:06:08.1045743+01:00" endTime="2020-12-15T13:06:08.1045746+01:00" testType="13cdc9d9-ddb5-4fa4-a97d-d965ccfc6d4b" outcome="Passed" testListId="8c84fa94-04c1-424b-9868-57a2d4851a1d" relativeResultsDirectory="8dfa851d-3c1e-41c5-a2e8-c6484a861eb5" />
    <UnitTestResult executionId="755fd29b-d673-4e74-9222-5cde165c53cd" testId="6b95806a-569f-591e-33c5-cf371e97a169" testName="_2020.Tests.Days.Day7Tests.Part1_pack(testCaseName: &quot;puzzleinput&quot;, expectedResult: &quot;335&quot;, _: &quot;2431&quot;, fileContent: &quot;dim silver bags contain 3 posh fuchsia bags.\r\nwa&quot;...)" computerName="LAPTOP-35RG0TO8" duration="00:00:00.0204021" startTime="2020-12-15T13:06:08.1245799+01:00" endTime="2020-12-15T13:06:08.1245800+01:00" testType="13cdc9d9-ddb5-4fa4-a97d-d965ccfc6d4b" outcome="Passed" testListId="8c84fa94-04c1-424b-9868-57a2d4851a1d" relativeResultsDirectory="755fd29b-d673-4e74-9222-5cde165c53cd" />
    <UnitTestResult executionId="b3215eef-97d6-4810-8173-b07a1299922a" testId="4884422f-a201-6166-d234-44d86f6dd8d3" testName="_2020.Tests.Days.Day3Tests.Move_Works(fileContent: &quot;.......\r\n...X...\r\n......X&quot;, coordinates: [3, 1, 6, 2], isTree: False)" computerName="LAPTOP-35RG0TO8" duration="00:00:00.0000061" startTime="2020-12-15T13:06:08.0968427+01:00" endTime="2020-12-15T13:06:08.0968429+01:00" testType="13cdc9d9-ddb5-4fa4-a97d-d965ccfc6d4b" outcome="Passed" testListId="8c84fa94-04c1-424b-9868-57a2d4851a1d" relativeResultsDirectory="b3215eef-97d6-4810-8173-b07a1299922a" />
    <UnitTestResult executionId="4e8348e2-b7e0-4f8d-b4d7-7650a619f8c7" testId="9f0ccaf6-c07d-b20e-be6b-7733f88e5aab" testName="_2020.Tests.Days.Day11Tests.Part1_pack(testCaseName: &quot;example1&quot;, expectedResult: &quot;37&quot;, _: &quot;26&quot;, fileContent: &quot;L.LL.LL.LL\r\nLLLLLLL.LL\r\nL.L.L..L..\r\nLLLL.LL.&quot;...)" computerName="LAPTOP-35RG0TO8" duration="00:00:00.0003165" startTime="2020-12-15T13:06:09.7931548+01:00" endTime="2020-12-15T13:06:09.7931556+01:00" testType="13cdc9d9-ddb5-4fa4-a97d-d965ccfc6d4b" outcome="Passed" testListId="8c84fa94-04c1-424b-9868-57a2d4851a1d" relativeResultsDirectory="4e8348e2-b7e0-4f8d-b4d7-7650a619f8c7" />
    <UnitTestResult executionId="0acac59d-bf90-4b60-b94e-2aa64137d118" testId="2cc010d6-e101-5b64-2847-d92eb3aca667" testName="_2020.Tests.Days.Day10Tests.Part2_Pack(testCaseName: &quot;puzzleinput&quot;, _: &quot;2059&quot;, expectedResult: &quot;86812553324672&quot;, fileContent: &quot;77\r\n58\r\n25\r\n92\r\n14\r\n154\r\n105\r\n112\r\&quot;...)" computerName="LAPTOP-35RG0TO8" duration="00:00:00.0001030" startTime="2020-12-15T13:06:08.1151267+01:00" endTime="2020-12-15T13:06:08.1151270+01:00" testType="13cdc9d9-ddb5-4fa4-a97d-d965ccfc6d4b" outcome="Passed" testListId="8c84fa94-04c1-424b-9868-57a2d4851a1d" relativeResultsDirectory="0acac59d-bf90-4b60-b94e-2aa64137d118" />
    <UnitTestResult executionId="c5997f3f-56fc-48e0-8803-a298d2964a83" testId="5670067d-1cf3-a96b-1c13-3fd4f02d341b" testName="_2020.Tests.Days.Day5Tests.Part2_Pack(testCaseName: &quot;mydata&quot;, _: &quot;998&quot;, expectedResult: &quot;676&quot;, fileContent: &quot;BFBBBBBLLR\r\nBBFFBBFRRL\r\nFBFBFFFRRL\r\nBBFFFBFR&quot;...)" computerName="LAPTOP-35RG0TO8" duration="00:00:00.0152929" startTime="2020-12-15T13:06:08.1130954+01:00" endTime="2020-12-15T13:06:08.1130957+01:00" testType="13cdc9d9-ddb5-4fa4-a97d-d965ccfc6d4b" outcome="Passed" testListId="8c84fa94-04c1-424b-9868-57a2d4851a1d" relativeResultsDirectory="c5997f3f-56fc-48e0-8803-a298d2964a83" />
    <UnitTestResult executionId="d32d97ca-2623-476b-9adf-d3c8fd145b34" testId="26e5e629-8263-4046-5e10-c84b3539586e" testName="_2020.Tests.Days.Day2Tests.Part2(fileContent: &quot;1-5 k: kkkkhkkkkkkkkkk\r\n5-7 k: blkqhtxfgktdkxzkk&quot;...)" computerName="LAPTOP-35RG0TO8" duration="00:00:00.0056263" startTime="2020-12-15T13:06:08.1127539+01:00" endTime="2020-12-15T13:06:08.1127547+01:00" testType="13cdc9d9-ddb5-4fa4-a97d-d965ccfc6d4b" outcome="Passed" testListId="8c84fa94-04c1-424b-9868-57a2d4851a1d" relativeResultsDirectory="d32d97ca-2623-476b-9adf-d3c8fd145b34">
      <Output>
        <StdOut>answer for part 2 is: 708</StdOut>
      </Output>
    </UnitTestResult>
    <UnitTestResult executionId="218109a2-9ed6-4b27-9a61-99b2eb32a599" testId="9cf0cba5-172e-c153-e796-92c43fe8b799" testName="_2020.Tests.Days.Day13Tests.Part2_Pack(testCaseName: &quot;puzzleinput&quot;, _: &quot;4135&quot;, expectedResult: &quot;640856202464541&quot;, fileContent: &quot;1011416\r\n41,x,x,x,x,x,x,x,x,x,x,x,x,x,x,x,x,x,x,&quot;...)" computerName="LAPTOP-35RG0TO8" duration="00:00:00.0529920" startTime="2020-12-15T13:06:08.1171524+01:00" endTime="2020-12-15T13:06:08.1171526+01:00" testType="13cdc9d9-ddb5-4fa4-a97d-d965ccfc6d4b" outcome="Passed" testListId="8c84fa94-04c1-424b-9868-57a2d4851a1d" relativeResultsDirectory="218109a2-9ed6-4b27-9a61-99b2eb32a599" />
    <UnitTestResult executionId="c31d4045-46d8-4de3-bca4-47df2b326497" testId="56b8ecc6-4451-516f-e6ef-1f4a55f10fe8" testName="_2020.Tests.Days.Day13Tests.Part2_Pack(testCaseName: &quot;example1&quot;, _: &quot;295&quot;, expectedResult: &quot;1068781&quot;, fileContent: &quot;939\r\n7,13,x,x,59,x,31,19&quot;)" computerName="LAPTOP-35RG0TO8" duration="00:00:00.0001011" startTime="2020-12-15T13:06:08.1171891+01:00" endTime="2020-12-15T13:06:08.1171892+01:00" testType="13cdc9d9-ddb5-4fa4-a97d-d965ccfc6d4b" outcome="Passed" testListId="8c84fa94-04c1-424b-9868-57a2d4851a1d" relativeResultsDirectory="c31d4045-46d8-4de3-bca4-47df2b326497" />
    <UnitTestResult executionId="458a99d5-b6b2-47f2-8368-90869676ee20" testId="2c83aeec-41f1-c9e6-9c5b-7d5ecf29ccdd" testName="_2020.Tests.Days.Day15Tests.Part1_pack(testCaseName: &quot;example1&quot;, expectedResult: &quot;436&quot;, _: &quot;175594&quot;, fileContent: &quot;0,3,6&quot;)" computerName="LAPTOP-35RG0TO8" duration="00:00:00.0003456" startTime="2020-12-15T13:06:08.1022263+01:00" endTime="2020-12-15T13:06:08.1022268+01:00" testType="13cdc9d9-ddb5-4fa4-a97d-d965ccfc6d4b" outcome="Passed" testListId="8c84fa94-04c1-424b-9868-57a2d4851a1d" relativeResultsDirectory="458a99d5-b6b2-47f2-8368-90869676ee20" />
    <UnitTestResult executionId="862577ad-9b6a-4b9a-839b-d9338db0a90e" testId="59db20d0-347c-a453-444e-683e23e9a040" testName="_2020.Tests.Days.Day15Tests.Part1_pack(testCaseName: &quot;example5&quot;, expectedResult: &quot;78&quot;, _: &quot;6895259&quot;, fileContent: &quot;2,3,1&quot;)" computerName="LAPTOP-35RG0TO8" duration="00:00:00.0003410" startTime="2020-12-15T13:06:08.0970262+01:00" endTime="2020-12-15T13:06:08.0970264+01:00" testType="13cdc9d9-ddb5-4fa4-a97d-d965ccfc6d4b" outcome="Passed" testListId="8c84fa94-04c1-424b-9868-57a2d4851a1d" relativeResultsDirectory="862577ad-9b6a-4b9a-839b-d9338db0a90e" />
    <UnitTestResult executionId="6a8870eb-c2b6-46be-ab79-32e8ef77fc1e" testId="b73fc7b5-5c4f-ce2b-029f-5099fc932df8" testName="_2020.Tests.Days.Day9Tests.Part1_pack(testCaseName: &quot;puzzleinput&quot;, expectedResult: &quot;41682220&quot;, preamble: &quot;25&quot;, _: &quot;5388976&quot;, fileContent: &quot;23\r\n3\r\n36\r\n14\r\n50\r\n8\r\n2\r\n44\r\n30\r\&quot;...)" computerName="LAPTOP-35RG0TO8" duration="00:00:00.0004639" startTime="2020-12-15T13:06:08.1046266+01:00" endTime="2020-12-15T13:06:08.1046269+01:00" testType="13cdc9d9-ddb5-4fa4-a97d-d965ccfc6d4b" outcome="Passed" testListId="8c84fa94-04c1-424b-9868-57a2d4851a1d" relativeResultsDirectory="6a8870eb-c2b6-46be-ab79-32e8ef77fc1e" />
    <UnitTestResult executionId="1651fcc5-7e99-40ef-9e59-3bd6970dff2b" testId="fc6461b5-e450-3964-c0c6-8dde33d0fbf9" testName="_2020.Tests.Days.Day4Tests.Part1Example(fileContent: &quot;ecl:gry pid:860033327 eyr:2020 hcl:#fffffd\r\nbyr:&quot;...)" computerName="LAPTOP-35RG0TO8" duration="00:00:00.0090799" startTime="2020-12-15T13:06:08.1130311+01:00" endTime="2020-12-15T13:06:08.1130314+01:00" testType="13cdc9d9-ddb5-4fa4-a97d-d965ccfc6d4b" outcome="Passed" testListId="8c84fa94-04c1-424b-9868-57a2d4851a1d" relativeResultsDirectory="1651fcc5-7e99-40ef-9e59-3bd6970dff2b">
      <Output>
        <StdOut>answer for part 1 is: 2</StdOut>
      </Output>
    </UnitTestResult>
    <UnitTestResult executionId="b76cad41-7e73-4642-8c7b-e15c49ff1df9" testId="1f5e50cb-54fd-2c1d-5c96-c69e9c09c257" testName="_2020.Tests.Days.Day15Tests.Part2_Pack(testCaseName: &quot;puzzleinput&quot;, _: &quot;700&quot;, expectedResult: &quot;51358&quot;, fileContent: &quot;6,3,15,13,1,0&quot;)" computerName="LAPTOP-35RG0TO8" duration="00:00:04.2229560" startTime="2020-12-15T13:06:43.2723003+01:00" endTime="2020-12-15T13:06:43.2723111+01:00" testType="13cdc9d9-ddb5-4fa4-a97d-d965ccfc6d4b" outcome="Passed" testListId="8c84fa94-04c1-424b-9868-57a2d4851a1d" relativeResultsDirectory="b76cad41-7e73-4642-8c7b-e15c49ff1df9" />
    <UnitTestResult executionId="5057abae-b585-45b4-82a2-d3f6e3cd6ccd" testId="159d3ea9-44fc-4aaa-9da0-18c06a48805e" testName="_2020.Tests.Days.Day4Tests.Part2_Pack(testCaseName: &quot;valid&quot;, _: &quot;4&quot;, expectedResult: &quot;4&quot;, fileContent: &quot;pid:087499704 hgt:74in ecl:grn iyr:2012 eyr:2030 b&quot;...)" computerName="LAPTOP-35RG0TO8" duration="00:00:00.0025322" startTime="2020-12-15T13:06:08.1127901+01:00" endTime="2020-12-15T13:06:08.1127904+01:00" testType="13cdc9d9-ddb5-4fa4-a97d-d965ccfc6d4b" outcome="Passed" testListId="8c84fa94-04c1-424b-9868-57a2d4851a1d" relativeResultsDirectory="5057abae-b585-45b4-82a2-d3f6e3cd6ccd" />
    <UnitTestResult executionId="681e6ca9-2eda-4a42-8472-5d9b8a980ffe" testId="0f9af31d-0f66-fa47-7811-06be3c347ad8" testName="_2020.Tests.Days.Day4Tests.Part2_Pack(testCaseName: &quot;invalid&quot;, _: &quot;4&quot;, expectedResult: &quot;0&quot;, fileContent: &quot;eyr:1972 cid:100\r\nhcl:#18171d ecl:amb hgt:170 pi&quot;...)" computerName="LAPTOP-35RG0TO8" duration="00:00:00.0030222" startTime="2020-12-15T13:06:08.1045218+01:00" endTime="2020-12-15T13:06:08.1045221+01:00" testType="13cdc9d9-ddb5-4fa4-a97d-d965ccfc6d4b" outcome="Passed" testListId="8c84fa94-04c1-424b-9868-57a2d4851a1d" relativeResultsDirectory="681e6ca9-2eda-4a42-8472-5d9b8a980ffe" />
    <UnitTestResult executionId="79485921-dc68-412e-8e1a-00748db4fb57" testId="8146e86e-cd6b-cf36-e743-61cfc2778296" testName="_2020.Tests.Days.Day3Tests.Move_Works(fileContent: &quot;.......\r\n...X...\r\n......X&quot;, coordinates: [0, 0, 3, 1], isTree: False)" computerName="LAPTOP-35RG0TO8" duration="00:00:00.0000080" startTime="2020-12-15T13:06:08.0967930+01:00" endTime="2020-12-15T13:06:08.0967937+01:00" testType="13cdc9d9-ddb5-4fa4-a97d-d965ccfc6d4b" outcome="Passed" testListId="8c84fa94-04c1-424b-9868-57a2d4851a1d" relativeResultsDirectory="79485921-dc68-412e-8e1a-00748db4fb57" />
    <UnitTestResult executionId="8299e093-db74-4e84-90e0-888438f8f841" testId="4d95249a-c4ec-74a6-909c-c074eed39474" testName="_2020.Tests.Days.Day10Tests.Part1_pack(testCaseName: &quot;example1&quot;, expectedResult: &quot;35&quot;, _: &quot;8&quot;, fileContent: &quot;16\r\n10\r\n15\r\n5\r\n1\r\n11\r\n7\r\n19\r\n6\r\n&quot;...)" computerName="LAPTOP-35RG0TO8" duration="00:00:00.0335211" startTime="2020-12-15T13:06:08.0969431+01:00" endTime="2020-12-15T13:06:08.0969433+01:00" testType="13cdc9d9-ddb5-4fa4-a97d-d965ccfc6d4b" outcome="Passed" testListId="8c84fa94-04c1-424b-9868-57a2d4851a1d" relativeResultsDirectory="8299e093-db74-4e84-90e0-888438f8f841" />
    <UnitTestResult executionId="1d0c5aa5-b612-490c-91f4-1eab495cdf31" testId="6d960990-c3fd-9f28-bdad-0681fd0a7d6b" testName="_2020.Tests.Days.Day15Tests.Part2_Pack(testCaseName: &quot;example3&quot;, _: &quot;10&quot;, expectedResult: &quot;3544142&quot;, fileContent: &quot;2,1,3&quot;)" computerName="LAPTOP-35RG0TO8" duration="00:00:04.5363743" startTime="2020-12-15T13:06:39.0489048+01:00" endTime="2020-12-15T13:06:39.0489121+01:00" testType="13cdc9d9-ddb5-4fa4-a97d-d965ccfc6d4b" outcome="Passed" testListId="8c84fa94-04c1-424b-9868-57a2d4851a1d" relativeResultsDirectory="1d0c5aa5-b612-490c-91f4-1eab495cdf31" />
    <UnitTestResult executionId="3f90774f-8c9f-49f5-95d4-64bea98b0949" testId="9d63c5ca-cd81-dfa2-45c3-bef99b47c927" testName="_2020.Tests.Days.Day3Tests.Part2_TC3(fileContent: &quot;..##.......\r\n#...#...#..\r\n.#....#..#.\r\n..#.#&quot;...)" computerName="LAPTOP-35RG0TO8" duration="00:00:00.0002379" startTime="2020-12-15T13:06:08.1215894+01:00" endTime="2020-12-15T13:06:08.1215896+01:00" testType="13cdc9d9-ddb5-4fa4-a97d-d965ccfc6d4b" outcome="Passed" testListId="8c84fa94-04c1-424b-9868-57a2d4851a1d" relativeResultsDirectory="3f90774f-8c9f-49f5-95d4-64bea98b0949" />
    <UnitTestResult executionId="9af6e0fa-fdb0-48d3-817b-3cc7d2ab28c0" testId="f6865024-5e66-1a8c-8eaa-13d5eb300007" testName="_2020.Tests.Days.Day6Tests.Part1_pack(testCaseName: &quot;puzzleinput&quot;, expectedResult: &quot;6551&quot;, _: &quot;3358&quot;, fileContent: &quot;nvlyak\r\nnyvha\r\nyaen\r\nqynia\r\n\r\nkend\r\nen&quot;...)" computerName="LAPTOP-35RG0TO8" duration="00:00:00.0165135" startTime="2020-12-15T13:06:08.1153542+01:00" endTime="2020-12-15T13:06:08.1153544+01:00" testType="13cdc9d9-ddb5-4fa4-a97d-d965ccfc6d4b" outcome="Passed" testListId="8c84fa94-04c1-424b-9868-57a2d4851a1d" relativeResultsDirectory="9af6e0fa-fdb0-48d3-817b-3cc7d2ab28c0" />
    <UnitTestResult executionId="11fd01af-9dfd-4c44-a639-73de838d067a" testId="216f5805-6dfd-d79f-4066-e2138129ea68" testName="_2020.Tests.Days.Day5Tests.Part1_pack(testCaseName: &quot;mydata&quot;, expectedResult: &quot;998&quot;, _: &quot;676&quot;, fileContent: &quot;BFBBBBBLLR\r\nBBFFBBFRRL\r\nFBFBFFFRRL\r\nBBFFFBFR&quot;...)" computerName="LAPTOP-35RG0TO8" duration="00:00:00.0138345" startTime="2020-12-15T13:06:08.0729078+01:00" endTime="2020-12-15T13:06:08.0729094+01:00" testType="13cdc9d9-ddb5-4fa4-a97d-d965ccfc6d4b" outcome="Passed" testListId="8c84fa94-04c1-424b-9868-57a2d4851a1d" relativeResultsDirectory="11fd01af-9dfd-4c44-a639-73de838d067a" />
    <UnitTestResult executionId="ea048a5c-7acc-4dee-9f00-e25b0b2fe3d2" testId="0b60d97b-b22a-43f0-3b65-c801f8f15e8d" testName="_2020.Tests.Days.Day9Tests.Part2_Pack(testCaseName: &quot;puzzleinput&quot;, _: &quot;41682220&quot;, preamble: &quot;25&quot;, expectedResult: &quot;5388976&quot;, fileContent: &quot;23\r\n3\r\n36\r\n14\r\n50\r\n8\r\n2\r\n44\r\n30\r\&quot;...)" computerName="LAPTOP-35RG0TO8" duration="00:00:00.0027329" startTime="2020-12-15T13:06:08.1129358+01:00" endTime="2020-12-15T13:06:08.1129361+01:00" testType="13cdc9d9-ddb5-4fa4-a97d-d965ccfc6d4b" outcome="Passed" testListId="8c84fa94-04c1-424b-9868-57a2d4851a1d" relativeResultsDirectory="ea048a5c-7acc-4dee-9f00-e25b0b2fe3d2" />
    <UnitTestResult executionId="bd0458f7-6242-4bd5-bd2b-171266d6bf83" testId="de2d88b7-cfd9-036b-e718-618c36e4686c" testName="_2020.Tests.Days.Day4Tests.Part2(fileContent: &quot;eyr:2027\r\nhcl:#602927\r\nhgt:186cm byr:1939 iyr:&quot;...)" computerName="LAPTOP-35RG0TO8" duration="00:00:00.0038992" startTime="2020-12-15T13:06:08.1214462+01:00" endTime="2020-12-15T13:06:08.1214476+01:00" testType="13cdc9d9-ddb5-4fa4-a97d-d965ccfc6d4b" outcome="Passed" testListId="8c84fa94-04c1-424b-9868-57a2d4851a1d" relativeResultsDirectory="bd0458f7-6242-4bd5-bd2b-171266d6bf83">
      <Output>
        <StdOut>answer for part 2 is: 194</StdOut>
      </Output>
    </UnitTestResult>
    <UnitTestResult executionId="34cf8fb0-b345-4c66-8208-947b73450492" testId="375e425c-9b53-a326-01d6-888b92935a87" testName="_2020.Tests.Days.Day7Tests.Part1_pack(testCaseName: &quot;example1&quot;, expectedResult: &quot;4&quot;, _: &quot;&quot;, fileContent: &quot;light red bags contain 1 bright white bag, 2 muted&quot;...)" computerName="LAPTOP-35RG0TO8" duration="00:00:00.0001403" startTime="2020-12-15T13:06:08.1286266+01:00" endTime="2020-12-15T13:06:08.1286274+01:00" testType="13cdc9d9-ddb5-4fa4-a97d-d965ccfc6d4b" outcome="Passed" testListId="8c84fa94-04c1-424b-9868-57a2d4851a1d" relativeResultsDirectory="34cf8fb0-b345-4c66-8208-947b73450492" />
    <UnitTestResult executionId="5c9d3579-406b-4ba5-b12c-8e15593bf4bb" testId="bdaba18c-2c59-04ae-e240-7ebf7e7a64fb" testName="_2020.Tests.Days.Day7Tests.Part2_Pack(testCaseName: &quot;puzzleinput&quot;, _: &quot;335&quot;, expectedResult: &quot;2431&quot;, fileContent: &quot;dim silver bags contain 3 posh fuchsia bags.\r\nwa&quot;...)" computerName="LAPTOP-35RG0TO8" duration="00:00:00.0220261" startTime="2020-12-15T13:06:08.1243141+01:00" endTime="2020-12-15T13:06:08.1243144+01:00" testType="13cdc9d9-ddb5-4fa4-a97d-d965ccfc6d4b" outcome="Passed" testListId="8c84fa94-04c1-424b-9868-57a2d4851a1d" relativeResultsDirectory="5c9d3579-406b-4ba5-b12c-8e15593bf4bb" />
    <UnitTestResult executionId="2a753c22-58f9-478b-82b5-f6fdba103e2f" testId="6c059688-c465-f5a5-7144-0e70ce180f19" testName="_2020.Tests.Days.Day14Tests.Part1_pack(testCaseName: &quot;example2&quot;, expectedResult: &quot;51&quot;, _: &quot;208&quot;, fileContent: &quot;mask = 000000000000000000000000000000X1001X\r\nmem&quot;...)" computerName="LAPTOP-35RG0TO8" duration="00:00:00.0000535" startTime="2020-12-15T13:06:08.1242172+01:00" endTime="2020-12-15T13:06:08.1242178+01:00" testType="13cdc9d9-ddb5-4fa4-a97d-d965ccfc6d4b" outcome="Passed" testListId="8c84fa94-04c1-424b-9868-57a2d4851a1d" relativeResultsDirectory="2a753c22-58f9-478b-82b5-f6fdba103e2f" />
    <UnitTestResult executionId="b4338011-0ffd-4590-a306-607477aeebce" testId="2de34128-cf23-033a-0c60-b9a1ffa1dd89" testName="_2020.Tests.Days.Day15Tests.Part1_pack(testCaseName: &quot;example4&quot;, expectedResult: &quot;27&quot;, _: &quot;261214&quot;, fileContent: &quot;1,2,3&quot;)" computerName="LAPTOP-35RG0TO8" duration="00:00:00.0003065" startTime="2020-12-15T13:06:08.1043811+01:00" endTime="2020-12-15T13:06:08.1043814+01:00" testType="13cdc9d9-ddb5-4fa4-a97d-d965ccfc6d4b" outcome="Passed" testListId="8c84fa94-04c1-424b-9868-57a2d4851a1d" relativeResultsDirectory="b4338011-0ffd-4590-a306-607477aeebce" />
    <UnitTestResult executionId="e3a29f1c-04fc-49e2-b26e-bf09fd8141c0" testId="dce4b7c0-81f4-b41c-94b9-afb06d0ad99d" testName="_2020.Tests.Days.Day6Tests.Part1_pack(testCaseName: &quot;example1&quot;, expectedResult: &quot;11&quot;, _: &quot;6&quot;, fileContent: &quot;abc\r\n\r\na\r\nb\r\nc\r\n\r\nab\r\nac\r\n\r\na\r\&quot;...)" computerName="LAPTOP-35RG0TO8" duration="00:00:00.0000344" startTime="2020-12-15T13:06:08.1171155+01:00" endTime="2020-12-15T13:06:08.1171163+01:00" testType="13cdc9d9-ddb5-4fa4-a97d-d965ccfc6d4b" outcome="Passed" testListId="8c84fa94-04c1-424b-9868-57a2d4851a1d" relativeResultsDirectory="e3a29f1c-04fc-49e2-b26e-bf09fd8141c0" />
    <UnitTestResult executionId="3cc1c7ed-2df0-488b-9a28-649585a5b4e8" testId="69421f74-dab9-7682-2157-83ab4af72623" testName="_2020.Tests.Days.Day15Tests.Part2_Pack(testCaseName: &quot;example4&quot;, _: &quot;27&quot;, expectedResult: &quot;261214&quot;, fileContent: &quot;1,2,3&quot;)" computerName="LAPTOP-35RG0TO8" duration="00:00:04.5230351" startTime="2020-12-15T13:06:34.5122296+01:00" endTime="2020-12-15T13:06:34.5122377+01:00" testType="13cdc9d9-ddb5-4fa4-a97d-d965ccfc6d4b" outcome="Passed" testListId="8c84fa94-04c1-424b-9868-57a2d4851a1d" relativeResultsDirectory="3cc1c7ed-2df0-488b-9a28-649585a5b4e8" />
    <UnitTestResult executionId="304e2fdd-29e9-4437-aaa6-9c74c319fa66" testId="b2758025-0ea6-8920-1ed3-b47e23fd5591" testName="_2020.Tests.Days.Day10Tests.Part2_Pack(testCaseName: &quot;example1&quot;, _: &quot;35&quot;, expectedResult: &quot;8&quot;, fileContent: &quot;16\r\n10\r\n15\r\n5\r\n1\r\n11\r\n7\r\n19\r\n6\r\n&quot;...)" computerName="LAPTOP-35RG0TO8" duration="00:00:00.0162918" startTime="2020-12-15T13:06:08.1150747+01:00" endTime="2020-12-15T13:06:08.1150755+01:00" testType="13cdc9d9-ddb5-4fa4-a97d-d965ccfc6d4b" outcome="Passed" testListId="8c84fa94-04c1-424b-9868-57a2d4851a1d" relativeResultsDirectory="304e2fdd-29e9-4437-aaa6-9c74c319fa66" />
    <UnitTestResult executionId="91d04e00-ba57-4fbd-9a4f-3ac6737b9cb0" testId="67ca508f-a17c-3db3-c22c-394aa968c00c" testName="_2020.Tests.Days.Day15Tests.Part2_Pack(testCaseName: &quot;example6&quot;, _: &quot;438&quot;, expectedResult: &quot;18&quot;, fileContent: &quot;3,2,1&quot;)" computerName="LAPTOP-35RG0TO8" duration="00:00:04.1537485" startTime="2020-12-15T13:06:20.9798127+01:00" endTime="2020-12-15T13:06:20.9798248+01:00" testType="13cdc9d9-ddb5-4fa4-a97d-d965ccfc6d4b" outcome="Passed" testListId="8c84fa94-04c1-424b-9868-57a2d4851a1d" relativeResultsDirectory="91d04e00-ba57-4fbd-9a4f-3ac6737b9cb0" />
    <UnitTestResult executionId="4b5adc5e-447b-4849-a004-16d0acd0ddaf" testId="5d9c47dd-439e-67ac-b1d4-8dc742348d44" testName="_2020.Tests.Days.Day10Tests.Part1_pack(testCaseName: &quot;example2&quot;, expectedResult: &quot;220&quot;, _: &quot;19208&quot;, fileContent: &quot;28\r\n33\r\n18\r\n42\r\n31\r\n14\r\n46\r\n20\r\n48&quot;...)" computerName="LAPTOP-35RG0TO8" duration="00:00:00.0000408" startTime="2020-12-15T13:06:08.1019504+01:00" endTime="2020-12-15T13:06:08.1019514+01:00" testType="13cdc9d9-ddb5-4fa4-a97d-d965ccfc6d4b" outcome="Passed" testListId="8c84fa94-04c1-424b-9868-57a2d4851a1d" relativeResultsDirectory="4b5adc5e-447b-4849-a004-16d0acd0ddaf" />
    <UnitTestResult executionId="28320e4a-9cad-4e81-bcbe-16295d822d01" testId="01c6738e-928f-12e9-002b-a3010d7f109b" testName="_2020.Tests.Days.Day8Tests.Part2_Pack(testCaseName: &quot;puzzleinput&quot;, _: &quot;2051&quot;, expectedResult: &quot;2304&quot;, fileContent: &quot;jmp +583\r\nacc +9\r\njmp +525\r\njmp +302\r\njmp &quot;...)" computerName="LAPTOP-35RG0TO8" duration="00:00:00.0134276" startTime="2020-12-15T13:06:08.1243905+01:00" endTime="2020-12-15T13:06:08.1243911+01:00" testType="13cdc9d9-ddb5-4fa4-a97d-d965ccfc6d4b" outcome="Passed" testListId="8c84fa94-04c1-424b-9868-57a2d4851a1d" relativeResultsDirectory="28320e4a-9cad-4e81-bcbe-16295d822d01" />
    <UnitTestResult executionId="69c4a5d6-1f49-4946-bcf5-367e98b7d6fe" testId="02ecd7ab-bcdf-e3ce-73c4-60d49e1f8cf1" testName="_2020.Tests.Days.Day12Tests.Part2_Pack(testCaseName: &quot;example1&quot;, _: &quot;25&quot;, expectedResult: &quot;286&quot;, fileContent: &quot;F10\r\nN3\r\nF7\r\nR90\r\nF11&quot;)" computerName="LAPTOP-35RG0TO8" duration="00:00:00.0000352" startTime="2020-12-15T13:06:08.1216744+01:00" endTime="2020-12-15T13:06:08.1216746+01:00" testType="13cdc9d9-ddb5-4fa4-a97d-d965ccfc6d4b" outcome="Passed" testListId="8c84fa94-04c1-424b-9868-57a2d4851a1d" relativeResultsDirectory="69c4a5d6-1f49-4946-bcf5-367e98b7d6fe" />
    <UnitTestResult executionId="d5e5ac70-b939-41f0-8aa2-949d24f72889" testId="99b22c00-0b2b-9e79-261c-dcb39b52aa8e" testName="_2020.Tests.Days.Day3Tests.Part1(fileContent: &quot;.#.......#...........#.........\r\n..##.......#.#.&quot;...)" computerName="LAPTOP-35RG0TO8" duration="00:00:00.0004773" startTime="2020-12-15T13:06:08.1215014+01:00" endTime="2020-12-15T13:06:08.1215020+01:00" testType="13cdc9d9-ddb5-4fa4-a97d-d965ccfc6d4b" outcome="Passed" testListId="8c84fa94-04c1-424b-9868-57a2d4851a1d" relativeResultsDirectory="d5e5ac70-b939-41f0-8aa2-949d24f72889">
      <Output>
        <StdOut>answer for part 1 is: 209</StdOut>
      </Output>
    </UnitTestResult>
    <UnitTestResult executionId="60491150-488c-4030-9ee5-0abd72fbba3f" testId="9e27424c-7bf4-a54a-a23f-62f6c33d62bb" testName="_2020.Tests.Days.Day3Tests.Part2(fileContent: &quot;.#.......#...........#.........\r\n..##.......#.#.&quot;...)" computerName="LAPTOP-35RG0TO8" duration="00:00:00.0139842" startTime="2020-12-15T13:06:08.1173631+01:00" endTime="2020-12-15T13:06:08.1173634+01:00" testType="13cdc9d9-ddb5-4fa4-a97d-d965ccfc6d4b" outcome="Passed" testListId="8c84fa94-04c1-424b-9868-57a2d4851a1d" relativeResultsDirectory="60491150-488c-4030-9ee5-0abd72fbba3f">
      <Output>
        <StdOut>answer for part 2 is: 1574890240</StdOut>
      </Output>
    </UnitTestResult>
    <UnitTestResult executionId="65757c5d-cbef-4016-b290-daf5cb987018" testId="26f20c36-20b3-9005-cb04-ee3276a58fd4" testName="_2020.Tests.Days.Day1Tests.Part1(lines: &quot;1753\r\n1976\r\n1574\r\n308\r\n1384\r\n1191\r\n173&quot;...)" computerName="LAPTOP-35RG0TO8" duration="00:00:00.0043638" startTime="2020-12-15T13:06:08.1109659+01:00" endTime="2020-12-15T13:06:08.1109671+01:00" testType="13cdc9d9-ddb5-4fa4-a97d-d965ccfc6d4b" outcome="Passed" testListId="8c84fa94-04c1-424b-9868-57a2d4851a1d" relativeResultsDirectory="65757c5d-cbef-4016-b290-daf5cb987018">
      <Output>
        <StdOut>answer for part 1 is: 989824</StdOut>
      </Output>
    </UnitTestResult>
    <UnitTestResult executionId="dc7022d7-01b9-4dc1-b20e-fb848b9327ba" testId="ef12b05a-db9c-a4d1-6bf6-f50fcc998ceb" testName="_2020.Tests.Days.Day15Tests.Part1_pack(testCaseName: &quot;example6&quot;, expectedResult: &quot;438&quot;, _: &quot;18&quot;, fileContent: &quot;3,2,1&quot;)" computerName="LAPTOP-35RG0TO8" duration="00:00:00.0003366" startTime="2020-12-15T13:06:08.0968651+01:00" endTime="2020-12-15T13:06:08.0968652+01:00" testType="13cdc9d9-ddb5-4fa4-a97d-d965ccfc6d4b" outcome="Passed" testListId="8c84fa94-04c1-424b-9868-57a2d4851a1d" relativeResultsDirectory="dc7022d7-01b9-4dc1-b20e-fb848b9327ba" />
    <UnitTestResult executionId="6fcf60cf-1793-4495-9ac0-1f478e14a5f3" testId="844a928f-443a-c27a-8ee8-10b193eadc8b" testName="_2020.Tests.Days.Day7Tests.Part2_Pack(testCaseName: &quot;example2&quot;, _: &quot;&quot;, expectedResult: &quot;126&quot;, fileContent: &quot;shiny gold bags contain 2 dark red bags.\r\ndark r&quot;...)" computerName="LAPTOP-35RG0TO8" duration="00:00:00.0507421" startTime="2020-12-15T13:06:08.1151656+01:00" endTime="2020-12-15T13:06:08.1151657+01:00" testType="13cdc9d9-ddb5-4fa4-a97d-d965ccfc6d4b" outcome="Passed" testListId="8c84fa94-04c1-424b-9868-57a2d4851a1d" relativeResultsDirectory="6fcf60cf-1793-4495-9ac0-1f478e14a5f3" />
    <UnitTestResult executionId="8436eea3-4b7b-4125-9e9a-5de6ede21bf2" testId="e7fe6284-3fcb-b9cb-9a4e-f74cf392b140" testName="_2020.Tests.Days.Day3Tests.Part1_case3(fileContent: &quot;..##.......\r\n#...#...#..\r\n.#....#..#.\r\n..#.#&quot;...)" computerName="LAPTOP-35RG0TO8" duration="00:00:00.0002322" startTime="2020-12-15T13:06:08.1174248+01:00" endTime="2020-12-15T13:06:08.1174250+01:00" testType="13cdc9d9-ddb5-4fa4-a97d-d965ccfc6d4b" outcome="Passed" testListId="8c84fa94-04c1-424b-9868-57a2d4851a1d" relativeResultsDirectory="8436eea3-4b7b-4125-9e9a-5de6ede21bf2" />
    <UnitTestResult executionId="30d33d9b-73d7-4650-bdfb-a6ce313fdb51" testId="90af8466-2ea2-b30d-8b80-8f3acbcf1032" testName="_2020.Tests.Days.Day15Tests.Part1_pack(testCaseName: &quot;puzzleinput&quot;, expectedResult: &quot;700&quot;, _: &quot;51358&quot;, fileContent: &quot;6,3,15,13,1,0&quot;)" computerName="LAPTOP-35RG0TO8" duration="00:00:00.0003678" startTime="2020-12-15T13:06:08.1023162+01:00" endTime="2020-12-15T13:06:08.1023166+01:00" testType="13cdc9d9-ddb5-4fa4-a97d-d965ccfc6d4b" outcome="Passed" testListId="8c84fa94-04c1-424b-9868-57a2d4851a1d" relativeResultsDirectory="30d33d9b-73d7-4650-bdfb-a6ce313fdb51" />
    <UnitTestResult executionId="824e04bb-6696-4312-88dc-c567da9200a1" testId="7e2b291f-4d36-b74a-6972-5466517a8596" testName="_2020.Tests.Days.Day10Tests.Part2_Pack(testCaseName: &quot;example2&quot;, _: &quot;220&quot;, expectedResult: &quot;19208&quot;, fileContent: &quot;28\r\n33\r\n18\r\n42\r\n31\r\n14\r\n46\r\n20\r\n48&quot;...)" computerName="LAPTOP-35RG0TO8" duration="00:00:00.0000402" startTime="2020-12-15T13:06:08.1152152+01:00" endTime="2020-12-15T13:06:08.1152154+01:00" testType="13cdc9d9-ddb5-4fa4-a97d-d965ccfc6d4b" outcome="Passed" testListId="8c84fa94-04c1-424b-9868-57a2d4851a1d" relativeResultsDirectory="824e04bb-6696-4312-88dc-c567da9200a1" />
    <UnitTestResult executionId="86365ea8-75a5-4943-bf7d-4dcf5ff51c3a" testId="0ae8165c-5db8-2151-c07c-655806764c15" testName="_2020.Tests.Days.Day6Tests.Part2_Pack(testCaseName: &quot;puzzleinput&quot;, _: &quot;6551&quot;, expectedResult: &quot;3358&quot;, fileContent: &quot;nvlyak\r\nnyvha\r\nyaen\r\nqynia\r\n\r\nkend\r\nen&quot;...)" computerName="LAPTOP-35RG0TO8" duration="00:00:00.0021428" startTime="2020-12-15T13:06:08.1043269+01:00" endTime="2020-12-15T13:06:08.1043275+01:00" testType="13cdc9d9-ddb5-4fa4-a97d-d965ccfc6d4b" outcome="Passed" testListId="8c84fa94-04c1-424b-9868-57a2d4851a1d" relativeResultsDirectory="86365ea8-75a5-4943-bf7d-4dcf5ff51c3a" />
    <UnitTestResult executionId="6d2d670c-abcb-49e6-a3bf-6beeeb27ae17" testId="3e8c6d43-8d09-84bb-a295-43059662202b" testName="_2020.Tests.Days.Day15Tests.Part1_pack(testCaseName: &quot;example7&quot;, expectedResult: &quot;1836&quot;, _: &quot;362&quot;, fileContent: &quot;3,1,2&quot;)" computerName="LAPTOP-35RG0TO8" duration="00:00:00.0002607" startTime="2020-12-15T13:06:08.0969057+01:00" endTime="2020-12-15T13:06:08.0969059+01:00" testType="13cdc9d9-ddb5-4fa4-a97d-d965ccfc6d4b" outcome="Passed" testListId="8c84fa94-04c1-424b-9868-57a2d4851a1d" relativeResultsDirectory="6d2d670c-abcb-49e6-a3bf-6beeeb27ae17" />
    <UnitTestResult executionId="2da50ed1-d76f-4645-971c-0f7876985b30" testId="0a2c2f88-73a7-a432-398b-2f86564fd773" testName="_2020.Tests.Days.Day13Tests.Part1_pack(testCaseName: &quot;example1&quot;, expectedResult: &quot;295&quot;, _: &quot;1068781&quot;, fileContent: &quot;939\r\n7,13,x,x,59,x,31,19&quot;)" computerName="LAPTOP-35RG0TO8" duration="00:00:00.0000453" startTime="2020-12-15T13:06:08.1218488+01:00" endTime="2020-12-15T13:06:08.1218490+01:00" testType="13cdc9d9-ddb5-4fa4-a97d-d965ccfc6d4b" outcome="Passed" testListId="8c84fa94-04c1-424b-9868-57a2d4851a1d" relativeResultsDirectory="2da50ed1-d76f-4645-971c-0f7876985b30" />
    <UnitTestResult executionId="572a57fb-a98c-4717-8f3d-4cb467fe51ec" testId="5a6838e8-c034-4ac2-cf4a-650d8f91ee6f" testName="_2020.Tests.Days.Day15Tests.Part2_Pack(testCaseName: &quot;example1&quot;, _: &quot;436&quot;, expectedResult: &quot;175594&quot;, fileContent: &quot;0,3,6&quot;)" computerName="LAPTOP-35RG0TO8" duration="00:00:04.6276426" startTime="2020-12-15T13:06:12.6871308+01:00" endTime="2020-12-15T13:06:12.6871451+01:00" testType="13cdc9d9-ddb5-4fa4-a97d-d965ccfc6d4b" outcome="Passed" testListId="8c84fa94-04c1-424b-9868-57a2d4851a1d" relativeResultsDirectory="572a57fb-a98c-4717-8f3d-4cb467fe51ec" />
    <UnitTestResult executionId="d52fad8e-ea4f-4a38-9db4-9b1390f58daf" testId="9c6adfa0-dd3c-9e72-a127-4e1805362479" testName="_2020.Tests.Days.Day14Tests.Part1_pack(testCaseName: &quot;puzzleinput&quot;, expectedResult: &quot;13496669152158&quot;, _: &quot;3278997609887&quot;, fileContent: &quot;mask = 01111X0011X11110XX11X110111001X00001\r\nmem&quot;...)" computerName="LAPTOP-35RG0TO8" duration="00:00:00.0120804" startTime="2020-12-15T13:06:08.1241258+01:00" endTime="2020-12-15T13:06:08.1241268+01:00" testType="13cdc9d9-ddb5-4fa4-a97d-d965ccfc6d4b" outcome="Passed" testListId="8c84fa94-04c1-424b-9868-57a2d4851a1d" relativeResultsDirectory="d52fad8e-ea4f-4a38-9db4-9b1390f58daf" />
    <UnitTestResult executionId="4e3af2c9-2778-4e3f-8fb6-96a1c4e19f59" testId="ac7e7db2-01de-f348-0757-1a5540553b98" testName="_2020.Tests.Days.Day15Tests.Part2_Pack(testCaseName: &quot;example5&quot;, _: &quot;78&quot;, expectedResult: &quot;6895259&quot;, fileContent: &quot;2,3,1&quot;)" computerName="LAPTOP-35RG0TO8" duration="00:00:04.5024689" startTime="2020-12-15T13:06:25.4827898+01:00" endTime="2020-12-15T13:06:25.4828001+01:00" testType="13cdc9d9-ddb5-4fa4-a97d-d965ccfc6d4b" outcome="Passed" testListId="8c84fa94-04c1-424b-9868-57a2d4851a1d" relativeResultsDirectory="4e3af2c9-2778-4e3f-8fb6-96a1c4e19f59" />
    <UnitTestResult executionId="5787a247-6ef0-42b1-943d-85919e0aaaa6" testId="e3b45518-8d0a-2cd6-89ed-a43178b94cdf" testName="_2020.Tests.Days.Day9Tests.Part2_Pack(testCaseName: &quot;example1&quot;, _: &quot;127&quot;, preamble: &quot;5&quot;, expectedResult: &quot;62&quot;, fileContent: &quot;35\r\n20\r\n15\r\n25\r\n47\r\n40\r\n62\r\n55\r\n65&quot;...)" computerName="LAPTOP-35RG0TO8" duration="00:00:00.0000850" startTime="2020-12-15T13:06:08.1129883+01:00" endTime="2020-12-15T13:06:08.1129886+01:00" testType="13cdc9d9-ddb5-4fa4-a97d-d965ccfc6d4b" outcome="Passed" testListId="8c84fa94-04c1-424b-9868-57a2d4851a1d" relativeResultsDirectory="5787a247-6ef0-42b1-943d-85919e0aaaa6" />
    <UnitTestResult executionId="6b31eacd-1982-4cd0-a7eb-94dfa2114f38" testId="32ed6bd8-e0af-dd5c-7f74-96ea03b7cf74" testName="_2020.Tests.Days.Day11Tests.Part2_Pack(testCaseName: &quot;example1&quot;, _: &quot;37&quot;, expectedResult: &quot;26&quot;, fileContent: &quot;L.LL.LL.LL\r\nLLLLLLL.LL\r\nL.L.L..L..\r\nLLLL.LL.&quot;...)" computerName="LAPTOP-35RG0TO8" duration="00:00:00.0334684" startTime="2020-12-15T13:06:08.0944235+01:00" endTime="2020-12-15T13:06:08.0944236+01:00" testType="13cdc9d9-ddb5-4fa4-a97d-d965ccfc6d4b" outcome="Passed" testListId="8c84fa94-04c1-424b-9868-57a2d4851a1d" relativeResultsDirectory="6b31eacd-1982-4cd0-a7eb-94dfa2114f38" />
    <UnitTestResult executionId="cbadd973-60b5-47fd-8c53-a5a5cd447523" testId="7505053a-8388-b504-70a1-f4bcc9da9d25" testName="_2020.Tests.Days.Day4Tests.Part1_pack(testCaseName: &quot;invalid&quot;, expectedResult: &quot;4&quot;, _: &quot;0&quot;, fileContent: &quot;eyr:1972 cid:100\r\nhcl:#18171d ecl:amb hgt:170 pi&quot;...)" computerName="LAPTOP-35RG0TO8" duration="00:00:00.0000601" startTime="2020-12-15T13:06:08.0944034+01:00" endTime="2020-12-15T13:06:08.0944035+01:00" testType="13cdc9d9-ddb5-4fa4-a97d-d965ccfc6d4b" outcome="Passed" testListId="8c84fa94-04c1-424b-9868-57a2d4851a1d" relativeResultsDirectory="cbadd973-60b5-47fd-8c53-a5a5cd447523" />
    <UnitTestResult executionId="dcc9270c-347e-4cb9-9359-3ed6d0b27769" testId="1bd4918e-984f-4b09-f089-8b165ff131a6" testName="_2020.Tests.Days.Day12Tests.Part2_Pack(testCaseName: &quot;puzzleinput&quot;, _: &quot;1565&quot;, expectedResult: &quot;78883&quot;, fileContent: &quot;E5\r\nR90\r\nE5\r\nL90\r\nF80\r\nL90\r\nE3\r\nN5\r&quot;...)" computerName="LAPTOP-35RG0TO8" duration="00:00:00.0030186" startTime="2020-12-15T13:06:08.1216316+01:00" endTime="2020-12-15T13:06:08.1216318+01:00" testType="13cdc9d9-ddb5-4fa4-a97d-d965ccfc6d4b" outcome="Passed" testListId="8c84fa94-04c1-424b-9868-57a2d4851a1d" relativeResultsDirectory="dcc9270c-347e-4cb9-9359-3ed6d0b27769" />
    <UnitTestResult executionId="403f5b14-4035-497c-a870-6283516e2600" testId="de573764-ea0d-8509-05be-8709ab895a61" testName="_2020.Tests.Days.Day4Tests.Part1(fileContent: &quot;eyr:2027\r\nhcl:#602927\r\nhgt:186cm byr:1939 iyr:&quot;...)" computerName="LAPTOP-35RG0TO8" duration="00:00:00.0018842" startTime="2020-12-15T13:06:08.1153121+01:00" endTime="2020-12-15T13:06:08.1153124+01:00" testType="13cdc9d9-ddb5-4fa4-a97d-d965ccfc6d4b" outcome="Passed" testListId="8c84fa94-04c1-424b-9868-57a2d4851a1d" relativeResultsDirectory="403f5b14-4035-497c-a870-6283516e2600">
      <Output>
        <StdOut>answer for part 1 is: 235</StdOut>
      </Output>
    </UnitTestResult>
    <UnitTestResult executionId="11439562-0af2-4f58-9c7e-3c0381ee6913" testId="0e0b30c5-6422-25c8-2172-d67c44a7d25d" testName="_2020.Tests.Days.Day10Tests.Part1_pack(testCaseName: &quot;puzzleinput&quot;, expectedResult: &quot;2059&quot;, _: &quot;86812553324672&quot;, fileContent: &quot;77\r\n58\r\n25\r\n92\r\n14\r\n154\r\n105\r\n112\r\&quot;...)" computerName="LAPTOP-35RG0TO8" duration="00:00:00.0000969" startTime="2020-12-15T13:06:08.0970643+01:00" endTime="2020-12-15T13:06:08.0970645+01:00" testType="13cdc9d9-ddb5-4fa4-a97d-d965ccfc6d4b" outcome="Passed" testListId="8c84fa94-04c1-424b-9868-57a2d4851a1d" relativeResultsDirectory="11439562-0af2-4f58-9c7e-3c0381ee6913" />
    <UnitTestResult executionId="86140cb7-71ff-4033-bd16-e1fe277c1afb" testId="ead7075b-f824-edda-74c3-54f68b078b04" testName="_2020.Tests.Days.Day15Tests.Part2_Pack(testCaseName: &quot;example7&quot;, _: &quot;1836&quot;, expectedResult: &quot;362&quot;, fileContent: &quot;3,1,2&quot;)" computerName="LAPTOP-35RG0TO8" duration="00:00:04.5056416" startTime="2020-12-15T13:06:29.9887977+01:00" endTime="2020-12-15T13:06:29.9888058+01:00" testType="13cdc9d9-ddb5-4fa4-a97d-d965ccfc6d4b" outcome="Passed" testListId="8c84fa94-04c1-424b-9868-57a2d4851a1d" relativeResultsDirectory="86140cb7-71ff-4033-bd16-e1fe277c1afb" />
    <UnitTestResult executionId="2ae86c52-715b-49cb-acf5-3593ed6445ee" testId="8aed83a5-1388-ee14-1e01-687801be888e" testName="_2020.Tests.Days.Day4Tests.Part1_pack(testCaseName: &quot;valid&quot;, expectedResult: &quot;4&quot;, _: &quot;4&quot;, fileContent: &quot;pid:087499704 hgt:74in ecl:grn iyr:2012 eyr:2030 b&quot;...)" computerName="LAPTOP-35RG0TO8" duration="00:00:00.0231346" startTime="2020-12-15T13:06:08.0561838+01:00" endTime="2020-12-15T13:06:08.0565557+01:00" testType="13cdc9d9-ddb5-4fa4-a97d-d965ccfc6d4b" outcome="Passed" testListId="8c84fa94-04c1-424b-9868-57a2d4851a1d" relativeResultsDirectory="2ae86c52-715b-49cb-acf5-3593ed6445ee" />
    <UnitTestResult executionId="6cea764e-0f5c-403f-b96d-7ea6699cf45e" testId="f7e40ddb-a284-7426-9379-70e1c4cc7afa" testName="_2020.Tests.Days.Day12Tests.Part1_pack(testCaseName: &quot;puzzleinput&quot;, expectedResult: &quot;1565&quot;, _: &quot;78883&quot;, fileContent: &quot;E5\r\nR90\r\nE5\r\nL90\r\nF80\r\nL90\r\nE3\r\nN5\r&quot;...)" computerName="LAPTOP-35RG0TO8" duration="00:00:00.0006704" startTime="2020-12-15T13:06:08.1217701+01:00" endTime="2020-12-15T13:06:08.1217703+01:00" testType="13cdc9d9-ddb5-4fa4-a97d-d965ccfc6d4b" outcome="Passed" testListId="8c84fa94-04c1-424b-9868-57a2d4851a1d" relativeResultsDirectory="6cea764e-0f5c-403f-b96d-7ea6699cf45e" />
    <UnitTestResult executionId="dc3f7ad0-fd2a-4a9f-9e5f-158cb7b644c6" testId="b27c9020-e789-a65d-c36f-5611503fe0b7" testName="_2020.Tests.Days.Day8Tests.Part1_pack(testCaseName: &quot;puzzleinput&quot;, expectedResult: &quot;2051&quot;, _: &quot;2304&quot;, fileContent: &quot;jmp +583\r\nacc +9\r\njmp +525\r\njmp +302\r\njmp &quot;...)" computerName="LAPTOP-35RG0TO8" duration="00:00:00.0003523" startTime="2020-12-15T13:06:08.1245432+01:00" endTime="2020-12-15T13:06:08.1245435+01:00" testType="13cdc9d9-ddb5-4fa4-a97d-d965ccfc6d4b" outcome="Passed" testListId="8c84fa94-04c1-424b-9868-57a2d4851a1d" relativeResultsDirectory="dc3f7ad0-fd2a-4a9f-9e5f-158cb7b644c6" />
    <UnitTestResult executionId="db05f560-7755-4ccb-9cc2-d609b123064f" testId="d36ee119-83d8-bc35-7ac6-7f5ac328dab5" testName="_2020.Tests.Days.Day3Tests.Move_Works(fileContent: &quot;.......\r\n...#...\r\n......#&quot;, coordinates: [0, 0, 3, 1], isTree: True)" computerName="LAPTOP-35RG0TO8" duration="00:00:00.0000074" startTime="2020-12-15T13:06:08.0944990+01:00" endTime="2020-12-15T13:06:08.0944991+01:00" testType="13cdc9d9-ddb5-4fa4-a97d-d965ccfc6d4b" outcome="Passed" testListId="8c84fa94-04c1-424b-9868-57a2d4851a1d" relativeResultsDirectory="db05f560-7755-4ccb-9cc2-d609b123064f" />
    <UnitTestResult executionId="455d41dc-ded5-465c-927c-131e111acbee" testId="de8b5722-7c80-d4eb-b97c-ebe57717fb6c" testName="_2020.Tests.Days.Day5Tests.Part1_pack(testCaseName: &quot;example1&quot;, expectedResult: &quot;820&quot;, _: &quot;&quot;, fileContent: &quot;BFFFBBFRRR\r\nFFFBBBFRRR\r\nBBFFBBFRLL&quot;)" computerName="LAPTOP-35RG0TO8" duration="00:00:00.0000368" startTime="2020-12-15T13:06:08.0943508+01:00" endTime="2020-12-15T13:06:08.0943515+01:00" testType="13cdc9d9-ddb5-4fa4-a97d-d965ccfc6d4b" outcome="Passed" testListId="8c84fa94-04c1-424b-9868-57a2d4851a1d" relativeResultsDirectory="455d41dc-ded5-465c-927c-131e111acbee" />
    <UnitTestResult executionId="3cb814d7-4a06-41eb-9761-63a53f400d89" testId="2aa3cc9c-1e67-63fe-0e48-b59a2268710d" testName="_2020.Tests.Days.Day15Tests.Part1_pack(testCaseName: &quot;example3&quot;, expectedResult: &quot;10&quot;, _: &quot;3544142&quot;, fileContent: &quot;2,1,3&quot;)" computerName="LAPTOP-35RG0TO8" duration="00:00:00.0003475" startTime="2020-12-15T13:06:08.1044574+01:00" endTime="2020-12-15T13:06:08.1044577+01:00" testType="13cdc9d9-ddb5-4fa4-a97d-d965ccfc6d4b" outcome="Passed" testListId="8c84fa94-04c1-424b-9868-57a2d4851a1d" relativeResultsDirectory="3cb814d7-4a06-41eb-9761-63a53f400d89" />
    <UnitTestResult executionId="896a8462-847d-4627-86d6-78b7f0cf9f59" testId="edfee89c-6991-817a-4b5f-507b7c5607c8" testName="_2020.Tests.Days.Day8Tests.Part1_pack(testCaseName: &quot;example1&quot;, expectedResult: &quot;5&quot;, _: &quot;8&quot;, fileContent: &quot;nop +0\r\nacc +1\r\njmp +4\r\nacc +3\r\njmp -3\r\n&quot;...)" computerName="LAPTOP-35RG0TO8" duration="00:00:00.0004341" startTime="2020-12-15T13:06:08.1244867+01:00" endTime="2020-12-15T13:06:08.1244871+01:00" testType="13cdc9d9-ddb5-4fa4-a97d-d965ccfc6d4b" outcome="Passed" testListId="8c84fa94-04c1-424b-9868-57a2d4851a1d" relativeResultsDirectory="896a8462-847d-4627-86d6-78b7f0cf9f59" />
    <UnitTestResult executionId="3c50d3cf-4bdc-4f59-b4fc-93ed69ae091b" testId="3e90431b-d28c-c271-ef23-978dcb2898e8" testName="_2020.Tests.Days.Day3Tests.Move_Works(fileContent: &quot;...\r\nX..&quot;, coordinates: [0, 0, 0, 1], isTree: False)" computerName="LAPTOP-35RG0TO8" duration="00:00:00.0194692" startTime="2020-12-15T13:06:08.0729731+01:00" endTime="2020-12-15T13:06:08.0729736+01:00" testType="13cdc9d9-ddb5-4fa4-a97d-d965ccfc6d4b" outcome="Passed" testListId="8c84fa94-04c1-424b-9868-57a2d4851a1d" relativeResultsDirectory="3c50d3cf-4bdc-4f59-b4fc-93ed69ae091b" />
    <UnitTestResult executionId="b1e449c1-0b73-4d5f-a12b-7b8c21aa1e08" testId="d950a7c4-72e5-0b34-aa9c-ed718050682b" testName="_2020.Tests.Days.Day15Tests.Part1_pack(testCaseName: &quot;example2&quot;, expectedResult: &quot;1&quot;, _: &quot;2578&quot;, fileContent: &quot;1,3,2&quot;)" computerName="LAPTOP-35RG0TO8" duration="00:00:00.0293375" startTime="2020-12-15T13:06:08.0749037+01:00" endTime="2020-12-15T13:06:08.0749046+01:00" testType="13cdc9d9-ddb5-4fa4-a97d-d965ccfc6d4b" outcome="Passed" testListId="8c84fa94-04c1-424b-9868-57a2d4851a1d" relativeResultsDirectory="b1e449c1-0b73-4d5f-a12b-7b8c21aa1e08" />
    <UnitTestResult executionId="25688d49-9897-4c4e-8d1a-4f62af64cec6" testId="04f07e51-e06f-f9ef-687e-27f8f50cd69c" testName="_2020.Tests.Days.Day10Tests.Part1_pack(testCaseName: &quot;example_small&quot;, expectedResult: &quot;12&quot;, _: &quot;4&quot;, fileContent: &quot;3\r\n4\r\n5\r\n8\r\n9\r\n10&quot;)" computerName="LAPTOP-35RG0TO8" duration="00:00:00.0001132" startTime="2020-12-15T13:06:08.0969859+01:00" endTime="2020-12-15T13:06:08.0969861+01:00" testType="13cdc9d9-ddb5-4fa4-a97d-d965ccfc6d4b" outcome="Passed" testListId="8c84fa94-04c1-424b-9868-57a2d4851a1d" relativeResultsDirectory="25688d49-9897-4c4e-8d1a-4f62af64cec6" />
    <UnitTestResult executionId="357fb22e-6ae0-451a-a3da-8f434065cd89" testId="9fcb3a2b-27f0-5f22-0206-56c0549b9a84" testName="_2020.Tests.Days.Day6Tests.Part2_Pack(testCaseName: &quot;example1&quot;, _: &quot;11&quot;, expectedResult: &quot;6&quot;, fileContent: &quot;abc\r\n\r\na\r\nb\r\nc\r\n\r\nab\r\nac\r\n\r\na\r\&quot;...)" computerName="LAPTOP-35RG0TO8" duration="00:00:00.0275022" startTime="2020-12-15T13:06:08.0747538+01:00" endTime="2020-12-15T13:06:08.0747545+01:00" testType="13cdc9d9-ddb5-4fa4-a97d-d965ccfc6d4b" outcome="Passed" testListId="8c84fa94-04c1-424b-9868-57a2d4851a1d" relativeResultsDirectory="357fb22e-6ae0-451a-a3da-8f434065cd89" />
    <UnitTestResult executionId="45397d41-dc8f-4a55-aafd-8935219b310a" testId="7df7f244-2fd3-a955-75ef-80b7d924f8e2" testName="_2020.Tests.Days.Day14Tests.Part2_Pack(testCaseName: &quot;example2&quot;, _: &quot;51&quot;, expectedResult: &quot;208&quot;, fileContent: &quot;mask = 000000000000000000000000000000X1001X\r\nmem&quot;...)" computerName="LAPTOP-35RG0TO8" duration="00:00:00.0000547" startTime="2020-12-15T13:06:08.2915192+01:00" endTime="2020-12-15T13:06:08.2915200+01:00" testType="13cdc9d9-ddb5-4fa4-a97d-d965ccfc6d4b" outcome="Passed" testListId="8c84fa94-04c1-424b-9868-57a2d4851a1d" relativeResultsDirectory="45397d41-dc8f-4a55-aafd-8935219b310a" />
    <UnitTestResult executionId="fda9bec6-0f30-48ae-8164-97996930e47e" testId="c8eb35de-3806-7a84-c356-ef8a1ba0e171" testName="_2020.Tests.Days.Day14Tests.Part2_Pack(testCaseName: &quot;puzzleinput&quot;, _: &quot;13496669152158&quot;, expectedResult: &quot;3278997609887&quot;, fileContent: &quot;mask = 01111X0011X11110XX11X110111001X00001\r\nmem&quot;...)" computerName="LAPTOP-35RG0TO8" duration="00:00:00.2012261" startTime="2020-12-15T13:06:08.2914305+01:00" endTime="2020-12-15T13:06:08.2914335+01:00" testType="13cdc9d9-ddb5-4fa4-a97d-d965ccfc6d4b" outcome="Passed" testListId="8c84fa94-04c1-424b-9868-57a2d4851a1d" relativeResultsDirectory="fda9bec6-0f30-48ae-8164-97996930e47e" />
    <UnitTestResult executionId="44d65bf7-9fd1-47f5-8332-8e8e6d69d59f" testId="b9a0883d-021b-16e7-be90-275f6000cc9d" testName="_2020.Tests.Days.Day2Tests.Part1(fileContent: &quot;1-5 k: kkkkhkkkkkkkkkk\r\n5-7 k: blkqhtxfgktdkxzkk&quot;...)" computerName="LAPTOP-35RG0TO8" duration="00:00:00.0257668" startTime="2020-12-15T13:06:08.0742105+01:00" endTime="2020-12-15T13:06:08.0742122+01:00" testType="13cdc9d9-ddb5-4fa4-a97d-d965ccfc6d4b" outcome="Passed" testListId="8c84fa94-04c1-424b-9868-57a2d4851a1d" relativeResultsDirectory="44d65bf7-9fd1-47f5-8332-8e8e6d69d59f">
      <Output>
        <StdOut>answer for part 1 is: 519</StdOut>
      </Output>
    </UnitTestResult>
    <UnitTestResult executionId="bda36183-4318-4fa4-a371-bfd9c7616f60" testId="ea350fd8-4960-b90d-698c-7f319b46d10e" testName="_2020.Tests.Days.Day11Tests.Part1_pack(testCaseName: &quot;puzzleinput&quot;, expectedResult: &quot;2310&quot;, _: &quot;2074&quot;, fileContent: &quot;LLLLLLLLLL.LLLLLLLL.LLLLLLLLLLLLL.LLLLL.LLLL.LL.L.&quot;...)" computerName="LAPTOP-35RG0TO8" duration="00:00:00.8433668" startTime="2020-12-15T13:06:09.7926109+01:00" endTime="2020-12-15T13:06:09.7926177+01:00" testType="13cdc9d9-ddb5-4fa4-a97d-d965ccfc6d4b" outcome="Passed" testListId="8c84fa94-04c1-424b-9868-57a2d4851a1d" relativeResultsDirectory="bda36183-4318-4fa4-a371-bfd9c7616f60" />
    <UnitTestResult executionId="be6e390a-f70a-4d40-9e8f-f2745f463963" testId="db94a0d2-a22c-8314-89a3-1a38e815913a" testName="_2020.Tests.Days.Day1Tests.Part2(lines: &quot;1753\r\n1976\r\n1574\r\n308\r\n1384\r\n1191\r\n173&quot;...)" computerName="LAPTOP-35RG0TO8" duration="00:00:00.0250385" startTime="2020-12-15T13:06:08.0730047+01:00" endTime="2020-12-15T13:06:08.0730049+01:00" testType="13cdc9d9-ddb5-4fa4-a97d-d965ccfc6d4b" outcome="Passed" testListId="8c84fa94-04c1-424b-9868-57a2d4851a1d" relativeResultsDirectory="be6e390a-f70a-4d40-9e8f-f2745f463963" />
    <UnitTestResult executionId="0e214bfa-f075-4c67-bd07-afa6b7d08a6c" testId="d07cd30b-d230-d13b-93e4-5f93de4f56b2" testName="_2020.Tests.Days.Day12Tests.Part1_pack(testCaseName: &quot;example1&quot;, expectedResult: &quot;25&quot;, _: &quot;286&quot;, fileContent: &quot;F10\r\nN3\r\nF7\r\nR90\r\nF11&quot;)" computerName="LAPTOP-35RG0TO8" duration="00:00:00.0006234" startTime="2020-12-15T13:06:08.1217274+01:00" endTime="2020-12-15T13:06:08.1217276+01:00" testType="13cdc9d9-ddb5-4fa4-a97d-d965ccfc6d4b" outcome="Passed" testListId="8c84fa94-04c1-424b-9868-57a2d4851a1d" relativeResultsDirectory="0e214bfa-f075-4c67-bd07-afa6b7d08a6c" />
  </Results>
  <TestDefinitions>
    <UnitTest name="_2020.Tests.Days.Day7Tests.Part2_Pack(testCaseName: &quot;example2&quot;, _: &quot;&quot;, expectedResult: &quot;126&quot;, fileContent: &quot;shiny gold bags contain 2 dark red bags.\r\ndark r&quot;...)" storage="c:\workspace\github\adventofcode\2020.tests\bin\debug\netcoreapp3.1\2020.tests.dll" id="844a928f-443a-c27a-8ee8-10b193eadc8b">
      <Execution id="6fcf60cf-1793-4495-9ac0-1f478e14a5f3" />
      <TestMethod codeBase="C:\Workspace\GitHub\AdventOfCode\2020.Tests\bin\Debug\netcoreapp3.1\2020.Tests.dll" adapterTypeName="executor://xunit/VsTestRunner2/netcoreapp" className="_2020.Tests.Days.Day7Tests" name="Part2_Pack" />
    </UnitTest>
    <UnitTest name="_2020.Tests.Days.Day9Tests.Part1_pack(testCaseName: &quot;example1&quot;, expectedResult: &quot;127&quot;, preamble: &quot;5&quot;, _: &quot;62&quot;, fileContent: &quot;35\r\n20\r\n15\r\n25\r\n47\r\n40\r\n62\r\n55\r\n65&quot;...)" storage="c:\workspace\github\adventofcode\2020.tests\bin\debug\netcoreapp3.1\2020.tests.dll" id="4dc9e345-1e1c-7c56-ffd6-51f432d6c33b">
      <Execution id="8dfa851d-3c1e-41c5-a2e8-c6484a861eb5" />
      <TestMethod codeBase="C:\Workspace\GitHub\AdventOfCode\2020.Tests\bin\Debug\netcoreapp3.1\2020.Tests.dll" adapterTypeName="executor://xunit/VsTestRunner2/netcoreapp" className="_2020.Tests.Days.Day9Tests" name="Part1_pack" />
    </UnitTest>
    <UnitTest name="_2020.Tests.Days.Day11Tests.Part1_pack(testCaseName: &quot;example1&quot;, expectedResult: &quot;37&quot;, _: &quot;26&quot;, fileContent: &quot;L.LL.LL.LL\r\nLLLLLLL.LL\r\nL.L.L..L..\r\nLLLL.LL.&quot;...)" storage="c:\workspace\github\adventofcode\2020.tests\bin\debug\netcoreapp3.1\2020.tests.dll" id="9f0ccaf6-c07d-b20e-be6b-7733f88e5aab">
      <Execution id="4e8348e2-b7e0-4f8d-b4d7-7650a619f8c7" />
      <TestMethod codeBase="C:\Workspace\GitHub\AdventOfCode\2020.Tests\bin\Debug\netcoreapp3.1\2020.Tests.dll" adapterTypeName="executor://xunit/VsTestRunner2/netcoreapp" className="_2020.Tests.Days.Day11Tests" name="Part1_pack" />
    </UnitTest>
    <UnitTest name="_2020.Tests.Days.Day10Tests.Part1_pack(testCaseName: &quot;example1&quot;, expectedResult: &quot;35&quot;, _: &quot;8&quot;, fileContent: &quot;16\r\n10\r\n15\r\n5\r\n1\r\n11\r\n7\r\n19\r\n6\r\n&quot;...)" storage="c:\workspace\github\adventofcode\2020.tests\bin\debug\netcoreapp3.1\2020.tests.dll" id="4d95249a-c4ec-74a6-909c-c074eed39474">
      <Execution id="8299e093-db74-4e84-90e0-888438f8f841" />
      <TestMethod codeBase="C:\Workspace\GitHub\AdventOfCode\2020.Tests\bin\Debug\netcoreapp3.1\2020.Tests.dll" adapterTypeName="executor://xunit/VsTestRunner2/netcoreapp" className="_2020.Tests.Days.Day10Tests" name="Part1_pack" />
    </UnitTest>
    <UnitTest name="_2020.Tests.Days.Day15Tests.Part2_Pack(testCaseName: &quot;example1&quot;, _: &quot;436&quot;, expectedResult: &quot;175594&quot;, fileContent: &quot;0,3,6&quot;)" storage="c:\workspace\github\adventofcode\2020.tests\bin\debug\netcoreapp3.1\2020.tests.dll" id="5a6838e8-c034-4ac2-cf4a-650d8f91ee6f">
      <Execution id="572a57fb-a98c-4717-8f3d-4cb467fe51ec" />
      <TestMethod codeBase="C:\Workspace\GitHub\AdventOfCode\2020.Tests\bin\Debug\netcoreapp3.1\2020.Tests.dll" adapterTypeName="executor://xunit/VsTestRunner2/netcoreapp" className="_2020.Tests.Days.Day15Tests" name="Part2_Pack" />
    </UnitTest>
    <UnitTest name="_2020.Tests.Days.Day3Tests.Part2_TC3(fileContent: &quot;..##.......\r\n#...#...#..\r\n.#....#..#.\r\n..#.#&quot;...)" storage="c:\workspace\github\adventofcode\2020.tests\bin\debug\netcoreapp3.1\2020.tests.dll" id="9d63c5ca-cd81-dfa2-45c3-bef99b47c927">
      <Execution id="3f90774f-8c9f-49f5-95d4-64bea98b0949" />
      <TestMethod codeBase="C:\Workspace\GitHub\AdventOfCode\2020.Tests\bin\Debug\netcoreapp3.1\2020.Tests.dll" adapterTypeName="executor://xunit/VsTestRunner2/netcoreapp" className="_2020.Tests.Days.Day3Tests" name="Part2_TC3" />
    </UnitTest>
    <UnitTest name="_2020.Tests.Days.Day5Tests.Part1_pack(testCaseName: &quot;example1&quot;, expectedResult: &quot;820&quot;, _: &quot;&quot;, fileContent: &quot;BFFFBBFRRR\r\nFFFBBBFRRR\r\nBBFFBBFRLL&quot;)" storage="c:\workspace\github\adventofcode\2020.tests\bin\debug\netcoreapp3.1\2020.tests.dll" id="de8b5722-7c80-d4eb-b97c-ebe57717fb6c">
      <Execution id="455d41dc-ded5-465c-927c-131e111acbee" />
      <TestMethod codeBase="C:\Workspace\GitHub\AdventOfCode\2020.Tests\bin\Debug\netcoreapp3.1\2020.Tests.dll" adapterTypeName="executor://xunit/VsTestRunner2/netcoreapp" className="_2020.Tests.Days.Day5Tests" name="Part1_pack" />
    </UnitTest>
    <UnitTest name="_2020.Tests.Days.Day10Tests.Part2_Pack(testCaseName: &quot;puzzleinput&quot;, _: &quot;2059&quot;, expectedResult: &quot;86812553324672&quot;, fileContent: &quot;77\r\n58\r\n25\r\n92\r\n14\r\n154\r\n105\r\n112\r\&quot;...)" storage="c:\workspace\github\adventofcode\2020.tests\bin\debug\netcoreapp3.1\2020.tests.dll" id="2cc010d6-e101-5b64-2847-d92eb3aca667">
      <Execution id="0acac59d-bf90-4b60-b94e-2aa64137d118" />
      <TestMethod codeBase="C:\Workspace\GitHub\AdventOfCode\2020.Tests\bin\Debug\netcoreapp3.1\2020.Tests.dll" adapterTypeName="executor://xunit/VsTestRunner2/netcoreapp" className="_2020.Tests.Days.Day10Tests" name="Part2_Pack" />
    </UnitTest>
    <UnitTest name="_2020.Tests.Days.Day15Tests.Part2_Pack(testCaseName: &quot;example3&quot;, _: &quot;10&quot;, expectedResult: &quot;3544142&quot;, fileContent: &quot;2,1,3&quot;)" storage="c:\workspace\github\adventofcode\2020.tests\bin\debug\netcoreapp3.1\2020.tests.dll" id="6d960990-c3fd-9f28-bdad-0681fd0a7d6b">
      <Execution id="1d0c5aa5-b612-490c-91f4-1eab495cdf31" />
      <TestMethod codeBase="C:\Workspace\GitHub\AdventOfCode\2020.Tests\bin\Debug\netcoreapp3.1\2020.Tests.dll" adapterTypeName="executor://xunit/VsTestRunner2/netcoreapp" className="_2020.Tests.Days.Day15Tests" name="Part2_Pack" />
    </UnitTest>
    <UnitTest name="_2020.Tests.Days.Day7Tests.Part2_Pack(testCaseName: &quot;puzzleinput&quot;, _: &quot;335&quot;, expectedResult: &quot;2431&quot;, fileContent: &quot;dim silver bags contain 3 posh fuchsia bags.\r\nwa&quot;...)" storage="c:\workspace\github\adventofcode\2020.tests\bin\debug\netcoreapp3.1\2020.tests.dll" id="bdaba18c-2c59-04ae-e240-7ebf7e7a64fb">
      <Execution id="5c9d3579-406b-4ba5-b12c-8e15593bf4bb" />
      <TestMethod codeBase="C:\Workspace\GitHub\AdventOfCode\2020.Tests\bin\Debug\netcoreapp3.1\2020.Tests.dll" adapterTypeName="executor://xunit/VsTestRunner2/netcoreapp" className="_2020.Tests.Days.Day7Tests" name="Part2_Pack" />
    </UnitTest>
    <UnitTest name="_2020.Tests.Days.Day4Tests.Part1_pack(testCaseName: &quot;valid&quot;, expectedResult: &quot;4&quot;, _: &quot;4&quot;, fileContent: &quot;pid:087499704 hgt:74in ecl:grn iyr:2012 eyr:2030 b&quot;...)" storage="c:\workspace\github\adventofcode\2020.tests\bin\debug\netcoreapp3.1\2020.tests.dll" id="8aed83a5-1388-ee14-1e01-687801be888e">
      <Execution id="2ae86c52-715b-49cb-acf5-3593ed6445ee" />
      <TestMethod codeBase="C:\Workspace\GitHub\AdventOfCode\2020.Tests\bin\Debug\netcoreapp3.1\2020.Tests.dll" adapterTypeName="executor://xunit/VsTestRunner2/netcoreapp" className="_2020.Tests.Days.Day4Tests" name="Part1_pack" />
    </UnitTest>
    <UnitTest name="_2020.Tests.Days.Day13Tests.Part1_pack(testCaseName: &quot;puzzleinput&quot;, expectedResult: &quot;4135&quot;, _: &quot;640856202464541&quot;, fileContent: &quot;1011416\r\n41,x,x,x,x,x,x,x,x,x,x,x,x,x,x,x,x,x,x,&quot;...)" storage="c:\workspace\github\adventofcode\2020.tests\bin\debug\netcoreapp3.1\2020.tests.dll" id="d612b35d-eb74-c9d6-7c08-b6087fbf724b">
      <Execution id="4a2fa224-72fc-4a25-9156-8ae1600e231b" />
      <TestMethod codeBase="C:\Workspace\GitHub\AdventOfCode\2020.Tests\bin\Debug\netcoreapp3.1\2020.Tests.dll" adapterTypeName="executor://xunit/VsTestRunner2/netcoreapp" className="_2020.Tests.Days.Day13Tests" name="Part1_pack" />
    </UnitTest>
    <UnitTest name="_2020.Tests.Days.Day10Tests.Part1_pack(testCaseName: &quot;puzzleinput&quot;, expectedResult: &quot;2059&quot;, _: &quot;86812553324672&quot;, fileContent: &quot;77\r\n58\r\n25\r\n92\r\n14\r\n154\r\n105\r\n112\r\&quot;...)" storage="c:\workspace\github\adventofcode\2020.tests\bin\debug\netcoreapp3.1\2020.tests.dll" id="0e0b30c5-6422-25c8-2172-d67c44a7d25d">
      <Execution id="11439562-0af2-4f58-9c7e-3c0381ee6913" />
      <TestMethod codeBase="C:\Workspace\GitHub\AdventOfCode\2020.Tests\bin\Debug\netcoreapp3.1\2020.Tests.dll" adapterTypeName="executor://xunit/VsTestRunner2/netcoreapp" className="_2020.Tests.Days.Day10Tests" name="Part1_pack" />
    </UnitTest>
    <UnitTest name="_2020.Tests.Days.Day15Tests.Part2_Pack(testCaseName: &quot;example7&quot;, _: &quot;1836&quot;, expectedResult: &quot;362&quot;, fileContent: &quot;3,1,2&quot;)" storage="c:\workspace\github\adventofcode\2020.tests\bin\debug\netcoreapp3.1\2020.tests.dll" id="ead7075b-f824-edda-74c3-54f68b078b04">
      <Execution id="86140cb7-71ff-4033-bd16-e1fe277c1afb" />
      <TestMethod codeBase="C:\Workspace\GitHub\AdventOfCode\2020.Tests\bin\Debug\netcoreapp3.1\2020.Tests.dll" adapterTypeName="executor://xunit/VsTestRunner2/netcoreapp" className="_2020.Tests.Days.Day15Tests" name="Part2_Pack" />
    </UnitTest>
    <UnitTest name="_2020.Tests.Days.Day3Tests.Move_Works(fileContent: &quot;...\r\n#..&quot;, coordinates: [0, 0, 0, 1], isTree: True)" storage="c:\workspace\github\adventofcode\2020.tests\bin\debug\netcoreapp3.1\2020.tests.dll" id="9b48be43-b6dc-ab4a-e9b5-a0f0a0083d37">
      <Execution id="053b3643-a1b2-4165-aeb4-294f4464f823" />
      <TestMethod codeBase="C:\Workspace\GitHub\AdventOfCode\2020.Tests\bin\Debug\netcoreapp3.1\2020.Tests.dll" adapterTypeName="executor://xunit/VsTestRunner2/netcoreapp" className="_2020.Tests.Days.Day3Tests" name="Move_Works" />
    </UnitTest>
    <UnitTest name="_2020.Tests.Days.Day15Tests.Part1_pack(testCaseName: &quot;example4&quot;, expectedResult: &quot;27&quot;, _: &quot;261214&quot;, fileContent: &quot;1,2,3&quot;)" storage="c:\workspace\github\adventofcode\2020.tests\bin\debug\netcoreapp3.1\2020.tests.dll" id="2de34128-cf23-033a-0c60-b9a1ffa1dd89">
      <Execution id="b4338011-0ffd-4590-a306-607477aeebce" />
      <TestMethod codeBase="C:\Workspace\GitHub\AdventOfCode\2020.Tests\bin\Debug\netcoreapp3.1\2020.Tests.dll" adapterTypeName="executor://xunit/VsTestRunner2/netcoreapp" className="_2020.Tests.Days.Day15Tests" name="Part1_pack" />
    </UnitTest>
    <UnitTest name="_2020.Tests.Days.Day8Tests.Part1_pack(testCaseName: &quot;example1&quot;, expectedResult: &quot;5&quot;, _: &quot;8&quot;, fileContent: &quot;nop +0\r\nacc +1\r\njmp +4\r\nacc +3\r\njmp -3\r\n&quot;...)" storage="c:\workspace\github\adventofcode\2020.tests\bin\debug\netcoreapp3.1\2020.tests.dll" id="edfee89c-6991-817a-4b5f-507b7c5607c8">
      <Execution id="896a8462-847d-4627-86d6-78b7f0cf9f59" />
      <TestMethod codeBase="C:\Workspace\GitHub\AdventOfCode\2020.Tests\bin\Debug\netcoreapp3.1\2020.Tests.dll" adapterTypeName="executor://xunit/VsTestRunner2/netcoreapp" className="_2020.Tests.Days.Day8Tests" name="Part1_pack" />
    </UnitTest>
    <UnitTest name="_2020.Tests.Days.Day8Tests.Part2_Pack(testCaseName: &quot;example1&quot;, _: &quot;5&quot;, expectedResult: &quot;8&quot;, fileContent: &quot;nop +0\r\nacc +1\r\njmp +4\r\nacc +3\r\njmp -3\r\n&quot;...)" storage="c:\workspace\github\adventofcode\2020.tests\bin\debug\netcoreapp3.1\2020.tests.dll" id="d87515a5-cd25-21bb-1381-51ed2081f274">
      <Execution id="1f720103-86e4-4625-a3d6-ce50e76e5843" />
      <TestMethod codeBase="C:\Workspace\GitHub\AdventOfCode\2020.Tests\bin\Debug\netcoreapp3.1\2020.Tests.dll" adapterTypeName="executor://xunit/VsTestRunner2/netcoreapp" className="_2020.Tests.Days.Day8Tests" name="Part2_Pack" />
    </UnitTest>
    <UnitTest name="_2020.Tests.Days.Day12Tests.Part2_Pack(testCaseName: &quot;example1&quot;, _: &quot;25&quot;, expectedResult: &quot;286&quot;, fileContent: &quot;F10\r\nN3\r\nF7\r\nR90\r\nF11&quot;)" storage="c:\workspace\github\adventofcode\2020.tests\bin\debug\netcoreapp3.1\2020.tests.dll" id="02ecd7ab-bcdf-e3ce-73c4-60d49e1f8cf1">
      <Execution id="69c4a5d6-1f49-4946-bcf5-367e98b7d6fe" />
      <TestMethod codeBase="C:\Workspace\GitHub\AdventOfCode\2020.Tests\bin\Debug\netcoreapp3.1\2020.Tests.dll" adapterTypeName="executor://xunit/VsTestRunner2/netcoreapp" className="_2020.Tests.Days.Day12Tests" name="Part2_Pack" />
    </UnitTest>
    <UnitTest name="_2020.Tests.Days.Day6Tests.Part2_Pack(testCaseName: &quot;puzzleinput&quot;, _: &quot;6551&quot;, expectedResult: &quot;3358&quot;, fileContent: &quot;nvlyak\r\nnyvha\r\nyaen\r\nqynia\r\n\r\nkend\r\nen&quot;...)" storage="c:\workspace\github\adventofcode\2020.tests\bin\debug\netcoreapp3.1\2020.tests.dll" id="0ae8165c-5db8-2151-c07c-655806764c15">
      <Execution id="86365ea8-75a5-4943-bf7d-4dcf5ff51c3a" />
      <TestMethod codeBase="C:\Workspace\GitHub\AdventOfCode\2020.Tests\bin\Debug\netcoreapp3.1\2020.Tests.dll" adapterTypeName="executor://xunit/VsTestRunner2/netcoreapp" className="_2020.Tests.Days.Day6Tests" name="Part2_Pack" />
    </UnitTest>
    <UnitTest name="_2020.Tests.Days.Day15Tests.Part2_Pack(testCaseName: &quot;example2&quot;, _: &quot;1&quot;, expectedResult: &quot;2578&quot;, fileContent: &quot;1,3,2&quot;)" storage="c:\workspace\github\adventofcode\2020.tests\bin\debug\netcoreapp3.1\2020.tests.dll" id="c1b39591-e148-1ede-3450-ca36e80a70b0">
      <Execution id="b811538f-dd35-4525-afdb-74bc6edf618b" />
      <TestMethod codeBase="C:\Workspace\GitHub\AdventOfCode\2020.Tests\bin\Debug\netcoreapp3.1\2020.Tests.dll" adapterTypeName="executor://xunit/VsTestRunner2/netcoreapp" className="_2020.Tests.Days.Day15Tests" name="Part2_Pack" />
    </UnitTest>
    <UnitTest name="_2020.Tests.Days.Day10Tests.Part2_Pack(testCaseName: &quot;example1&quot;, _: &quot;35&quot;, expectedResult: &quot;8&quot;, fileContent: &quot;16\r\n10\r\n15\r\n5\r\n1\r\n11\r\n7\r\n19\r\n6\r\n&quot;...)" storage="c:\workspace\github\adventofcode\2020.tests\bin\debug\netcoreapp3.1\2020.tests.dll" id="b2758025-0ea6-8920-1ed3-b47e23fd5591">
      <Execution id="304e2fdd-29e9-4437-aaa6-9c74c319fa66" />
      <TestMethod codeBase="C:\Workspace\GitHub\AdventOfCode\2020.Tests\bin\Debug\netcoreapp3.1\2020.Tests.dll" adapterTypeName="executor://xunit/VsTestRunner2/netcoreapp" className="_2020.Tests.Days.Day10Tests" name="Part2_Pack" />
    </UnitTest>
    <UnitTest name="_2020.Tests.Days.Day5Tests.Part2_Pack(testCaseName: &quot;mydata&quot;, _: &quot;998&quot;, expectedResult: &quot;676&quot;, fileContent: &quot;BFBBBBBLLR\r\nBBFFBBFRRL\r\nFBFBFFFRRL\r\nBBFFFBFR&quot;...)" storage="c:\workspace\github\adventofcode\2020.tests\bin\debug\netcoreapp3.1\2020.tests.dll" id="5670067d-1cf3-a96b-1c13-3fd4f02d341b">
      <Execution id="c5997f3f-56fc-48e0-8803-a298d2964a83" />
      <TestMethod codeBase="C:\Workspace\GitHub\AdventOfCode\2020.Tests\bin\Debug\netcoreapp3.1\2020.Tests.dll" adapterTypeName="executor://xunit/VsTestRunner2/netcoreapp" className="_2020.Tests.Days.Day5Tests" name="Part2_Pack" />
    </UnitTest>
    <UnitTest name="_2020.Tests.Days.Day15Tests.Part1_pack(testCaseName: &quot;example5&quot;, expectedResult: &quot;78&quot;, _: &quot;6895259&quot;, fileContent: &quot;2,3,1&quot;)" storage="c:\workspace\github\adventofcode\2020.tests\bin\debug\netcoreapp3.1\2020.tests.dll" id="59db20d0-347c-a453-444e-683e23e9a040">
      <Execution id="862577ad-9b6a-4b9a-839b-d9338db0a90e" />
      <TestMethod codeBase="C:\Workspace\GitHub\AdventOfCode\2020.Tests\bin\Debug\netcoreapp3.1\2020.Tests.dll" adapterTypeName="executor://xunit/VsTestRunner2/netcoreapp" className="_2020.Tests.Days.Day15Tests" name="Part1_pack" />
    </UnitTest>
    <UnitTest name="_2020.Tests.Days.Day15Tests.Part2_Pack(testCaseName: &quot;example4&quot;, _: &quot;27&quot;, expectedResult: &quot;261214&quot;, fileContent: &quot;1,2,3&quot;)" storage="c:\workspace\github\adventofcode\2020.tests\bin\debug\netcoreapp3.1\2020.tests.dll" id="69421f74-dab9-7682-2157-83ab4af72623">
      <Execution id="3cc1c7ed-2df0-488b-9a28-649585a5b4e8" />
      <TestMethod codeBase="C:\Workspace\GitHub\AdventOfCode\2020.Tests\bin\Debug\netcoreapp3.1\2020.Tests.dll" adapterTypeName="executor://xunit/VsTestRunner2/netcoreapp" className="_2020.Tests.Days.Day15Tests" name="Part2_Pack" />
    </UnitTest>
    <UnitTest name="_2020.Tests.Days.Day10Tests.Part1_pack(testCaseName: &quot;example_small&quot;, expectedResult: &quot;12&quot;, _: &quot;4&quot;, fileContent: &quot;3\r\n4\r\n5\r\n8\r\n9\r\n10&quot;)" storage="c:\workspace\github\adventofcode\2020.tests\bin\debug\netcoreapp3.1\2020.tests.dll" id="04f07e51-e06f-f9ef-687e-27f8f50cd69c">
      <Execution id="25688d49-9897-4c4e-8d1a-4f62af64cec6" />
      <TestMethod codeBase="C:\Workspace\GitHub\AdventOfCode\2020.Tests\bin\Debug\netcoreapp3.1\2020.Tests.dll" adapterTypeName="executor://xunit/VsTestRunner2/netcoreapp" className="_2020.Tests.Days.Day10Tests" name="Part1_pack" />
    </UnitTest>
    <UnitTest name="_2020.Tests.Days.Day15Tests.Part1_pack(testCaseName: &quot;example7&quot;, expectedResult: &quot;1836&quot;, _: &quot;362&quot;, fileContent: &quot;3,1,2&quot;)" storage="c:\workspace\github\adventofcode\2020.tests\bin\debug\netcoreapp3.1\2020.tests.dll" id="3e8c6d43-8d09-84bb-a295-43059662202b">
      <Execution id="6d2d670c-abcb-49e6-a3bf-6beeeb27ae17" />
      <TestMethod codeBase="C:\Workspace\GitHub\AdventOfCode\2020.Tests\bin\Debug\netcoreapp3.1\2020.Tests.dll" adapterTypeName="executor://xunit/VsTestRunner2/netcoreapp" className="_2020.Tests.Days.Day15Tests" name="Part1_pack" />
    </UnitTest>
    <UnitTest name="_2020.Tests.Days.Day8Tests.Part2_Pack(testCaseName: &quot;puzzleinput&quot;, _: &quot;2051&quot;, expectedResult: &quot;2304&quot;, fileContent: &quot;jmp +583\r\nacc +9\r\njmp +525\r\njmp +302\r\njmp &quot;...)" storage="c:\workspace\github\adventofcode\2020.tests\bin\debug\netcoreapp3.1\2020.tests.dll" id="01c6738e-928f-12e9-002b-a3010d7f109b">
      <Execution id="28320e4a-9cad-4e81-bcbe-16295d822d01" />
      <TestMethod codeBase="C:\Workspace\GitHub\AdventOfCode\2020.Tests\bin\Debug\netcoreapp3.1\2020.Tests.dll" adapterTypeName="executor://xunit/VsTestRunner2/netcoreapp" className="_2020.Tests.Days.Day8Tests" name="Part2_Pack" />
    </UnitTest>
    <UnitTest name="_2020.Tests.Days.Day9Tests.Part1_pack(testCaseName: &quot;puzzleinput&quot;, expectedResult: &quot;41682220&quot;, preamble: &quot;25&quot;, _: &quot;5388976&quot;, fileContent: &quot;23\r\n3\r\n36\r\n14\r\n50\r\n8\r\n2\r\n44\r\n30\r\&quot;...)" storage="c:\workspace\github\adventofcode\2020.tests\bin\debug\netcoreapp3.1\2020.tests.dll" id="b73fc7b5-5c4f-ce2b-029f-5099fc932df8">
      <Execution id="6a8870eb-c2b6-46be-ab79-32e8ef77fc1e" />
      <TestMethod codeBase="C:\Workspace\GitHub\AdventOfCode\2020.Tests\bin\Debug\netcoreapp3.1\2020.Tests.dll" adapterTypeName="executor://xunit/VsTestRunner2/netcoreapp" className="_2020.Tests.Days.Day9Tests" name="Part1_pack" />
    </UnitTest>
    <UnitTest name="_2020.Tests.Days.Day3Tests.Part1(fileContent: &quot;.#.......#...........#.........\r\n..##.......#.#.&quot;...)" storage="c:\workspace\github\adventofcode\2020.tests\bin\debug\netcoreapp3.1\2020.tests.dll" id="99b22c00-0b2b-9e79-261c-dcb39b52aa8e">
      <Execution id="d5e5ac70-b939-41f0-8aa2-949d24f72889" />
      <TestMethod codeBase="C:\Workspace\GitHub\AdventOfCode\2020.Tests\bin\Debug\netcoreapp3.1\2020.Tests.dll" adapterTypeName="executor://xunit/VsTestRunner2/netcoreapp" className="_2020.Tests.Days.Day3Tests" name="Part1" />
    </UnitTest>
    <UnitTest name="_2020.Tests.Days.Day13Tests.Part2_Pack(testCaseName: &quot;puzzleinput&quot;, _: &quot;4135&quot;, expectedResult: &quot;640856202464541&quot;, fileContent: &quot;1011416\r\n41,x,x,x,x,x,x,x,x,x,x,x,x,x,x,x,x,x,x,&quot;...)" storage="c:\workspace\github\adventofcode\2020.tests\bin\debug\netcoreapp3.1\2020.tests.dll" id="9cf0cba5-172e-c153-e796-92c43fe8b799">
      <Execution id="218109a2-9ed6-4b27-9a61-99b2eb32a599" />
      <TestMethod codeBase="C:\Workspace\GitHub\AdventOfCode\2020.Tests\bin\Debug\netcoreapp3.1\2020.Tests.dll" adapterTypeName="executor://xunit/VsTestRunner2/netcoreapp" className="_2020.Tests.Days.Day13Tests" name="Part2_Pack" />
    </UnitTest>
    <UnitTest name="_2020.Tests.Days.Day15Tests.Part1_pack(testCaseName: &quot;example6&quot;, expectedResult: &quot;438&quot;, _: &quot;18&quot;, fileContent: &quot;3,2,1&quot;)" storage="c:\workspace\github\adventofcode\2020.tests\bin\debug\netcoreapp3.1\2020.tests.dll" id="ef12b05a-db9c-a4d1-6bf6-f50fcc998ceb">
      <Execution id="dc7022d7-01b9-4dc1-b20e-fb848b9327ba" />
      <TestMethod codeBase="C:\Workspace\GitHub\AdventOfCode\2020.Tests\bin\Debug\netcoreapp3.1\2020.Tests.dll" adapterTypeName="executor://xunit/VsTestRunner2/netcoreapp" className="_2020.Tests.Days.Day15Tests" name="Part1_pack" />
    </UnitTest>
    <UnitTest name="_2020.Tests.Days.Day14Tests.Part1_pack(testCaseName: &quot;puzzleinput&quot;, expectedResult: &quot;13496669152158&quot;, _: &quot;3278997609887&quot;, fileContent: &quot;mask = 01111X0011X11110XX11X110111001X00001\r\nmem&quot;...)" storage="c:\workspace\github\adventofcode\2020.tests\bin\debug\netcoreapp3.1\2020.tests.dll" id="9c6adfa0-dd3c-9e72-a127-4e1805362479">
      <Execution id="d52fad8e-ea4f-4a38-9db4-9b1390f58daf" />
      <TestMethod codeBase="C:\Workspace\GitHub\AdventOfCode\2020.Tests\bin\Debug\netcoreapp3.1\2020.Tests.dll" adapterTypeName="executor://xunit/VsTestRunner2/netcoreapp" className="_2020.Tests.Days.Day14Tests" name="Part1_pack" />
    </UnitTest>
    <UnitTest name="_2020.Tests.Days.Day3Tests.Move_Works(fileContent: &quot;.......\r\n...X...\r\n......X&quot;, coordinates: [3, 1, 6, 2], isTree: False)" storage="c:\workspace\github\adventofcode\2020.tests\bin\debug\netcoreapp3.1\2020.tests.dll" id="4884422f-a201-6166-d234-44d86f6dd8d3">
      <Execution id="b3215eef-97d6-4810-8173-b07a1299922a" />
      <TestMethod codeBase="C:\Workspace\GitHub\AdventOfCode\2020.Tests\bin\Debug\netcoreapp3.1\2020.Tests.dll" adapterTypeName="executor://xunit/VsTestRunner2/netcoreapp" className="_2020.Tests.Days.Day3Tests" name="Move_Works" />
    </UnitTest>
    <UnitTest name="_2020.Tests.Days.Day10Tests.Part2_Pack(testCaseName: &quot;example2&quot;, _: &quot;220&quot;, expectedResult: &quot;19208&quot;, fileContent: &quot;28\r\n33\r\n18\r\n42\r\n31\r\n14\r\n46\r\n20\r\n48&quot;...)" storage="c:\workspace\github\adventofcode\2020.tests\bin\debug\netcoreapp3.1\2020.tests.dll" id="7e2b291f-4d36-b74a-6972-5466517a8596">
      <Execution id="824e04bb-6696-4312-88dc-c567da9200a1" />
      <TestMethod codeBase="C:\Workspace\GitHub\AdventOfCode\2020.Tests\bin\Debug\netcoreapp3.1\2020.Tests.dll" adapterTypeName="executor://xunit/VsTestRunner2/netcoreapp" className="_2020.Tests.Days.Day10Tests" name="Part2_Pack" />
    </UnitTest>
    <UnitTest name="_2020.Tests.Days.Day10Tests.Part2_Pack(testCaseName: &quot;example_small&quot;, _: &quot;12&quot;, expectedResult: &quot;4&quot;, fileContent: &quot;3\r\n4\r\n5\r\n8\r\n9\r\n10&quot;)" storage="c:\workspace\github\adventofcode\2020.tests\bin\debug\netcoreapp3.1\2020.tests.dll" id="db9d81cc-9f3b-68f2-2d29-410e4425b6d1">
      <Execution id="66186e6e-dd1e-42e3-a5e4-33a43b0a45cf" />
      <TestMethod codeBase="C:\Workspace\GitHub\AdventOfCode\2020.Tests\bin\Debug\netcoreapp3.1\2020.Tests.dll" adapterTypeName="executor://xunit/VsTestRunner2/netcoreapp" className="_2020.Tests.Days.Day10Tests" name="Part2_Pack" />
    </UnitTest>
    <UnitTest name="_2020.Tests.Days.Day4Tests.Part2_Pack(testCaseName: &quot;invalid&quot;, _: &quot;4&quot;, expectedResult: &quot;0&quot;, fileContent: &quot;eyr:1972 cid:100\r\nhcl:#18171d ecl:amb hgt:170 pi&quot;...)" storage="c:\workspace\github\adventofcode\2020.tests\bin\debug\netcoreapp3.1\2020.tests.dll" id="0f9af31d-0f66-fa47-7811-06be3c347ad8">
      <Execution id="681e6ca9-2eda-4a42-8472-5d9b8a980ffe" />
      <TestMethod codeBase="C:\Workspace\GitHub\AdventOfCode\2020.Tests\bin\Debug\netcoreapp3.1\2020.Tests.dll" adapterTypeName="executor://xunit/VsTestRunner2/netcoreapp" className="_2020.Tests.Days.Day4Tests" name="Part2_Pack" />
    </UnitTest>
    <UnitTest name="_2020.Tests.Days.Day14Tests.Part1_pack(testCaseName: &quot;example1&quot;, expectedResult: &quot;165&quot;, _: &quot;&quot;, fileContent: &quot;mask = XXXXXXXXXXXXXXXXXXXXXXXXXXXXX1XXXX0X\r\nmem&quot;...)" storage="c:\workspace\github\adventofcode\2020.tests\bin\debug\netcoreapp3.1\2020.tests.dll" id="16df4b72-a1be-7d8a-175c-1e6c5237fc4e">
      <Execution id="3aaab017-bbd9-479e-b9f2-ecc586fb8b20" />
      <TestMethod codeBase="C:\Workspace\GitHub\AdventOfCode\2020.Tests\bin\Debug\netcoreapp3.1\2020.Tests.dll" adapterTypeName="executor://xunit/VsTestRunner2/netcoreapp" className="_2020.Tests.Days.Day14Tests" name="Part1_pack" />
    </UnitTest>
    <UnitTest name="_2020.Tests.Days.Day15Tests.Part1_pack(testCaseName: &quot;example2&quot;, expectedResult: &quot;1&quot;, _: &quot;2578&quot;, fileContent: &quot;1,3,2&quot;)" storage="c:\workspace\github\adventofcode\2020.tests\bin\debug\netcoreapp3.1\2020.tests.dll" id="d950a7c4-72e5-0b34-aa9c-ed718050682b">
      <Execution id="b1e449c1-0b73-4d5f-a12b-7b8c21aa1e08" />
      <TestMethod codeBase="C:\Workspace\GitHub\AdventOfCode\2020.Tests\bin\Debug\netcoreapp3.1\2020.Tests.dll" adapterTypeName="executor://xunit/VsTestRunner2/netcoreapp" className="_2020.Tests.Days.Day15Tests" name="Part1_pack" />
    </UnitTest>
    <UnitTest name="_2020.Tests.Days.Day4Tests.Part1(fileContent: &quot;eyr:2027\r\nhcl:#602927\r\nhgt:186cm byr:1939 iyr:&quot;...)" storage="c:\workspace\github\adventofcode\2020.tests\bin\debug\netcoreapp3.1\2020.tests.dll" id="de573764-ea0d-8509-05be-8709ab895a61">
      <Execution id="403f5b14-4035-497c-a870-6283516e2600" />
[...]
      <Execution id="9af6e0fa-fdb0-48d3-817b-3cc7d2ab28c0" />
      <TestMethod codeBase="C:\Workspace\GitHub\AdventOfCode\2020.Tests\bin\Debug\netcoreapp3.1\2020.Tests.dll" adapterTypeName="executor://xunit/VsTestRunner2/netcoreapp" className="_2020.Tests.Days.Day6Tests" name="Part1_pack" />
    </UnitTest>
    <UnitTest name="_2020.Tests.Days.Day15Tests.Part2_Pack(testCaseName: &quot;puzzleinput&quot;, _: &quot;700&quot;, expectedResult: &quot;51358&quot;, fileContent: &quot;6,3,15,13,1,0&quot;)" storage="c:\workspace\github\adventofcode\2020.tests\bin\debug\netcoreapp3.1\2020.tests.dll" id="1f5e50cb-54fd-2c1d-5c96-c69e9c09c257">
      <Execution id="b76cad41-7e73-4642-8c7b-e15c49ff1df9" />
      <TestMethod codeBase="C:\Workspace\GitHub\AdventOfCode\2020.Tests\bin\Debug\netcoreapp3.1\2020.Tests.dll" adapterTypeName="executor://xunit/VsTestRunner2/netcoreapp" className="_2020.Tests.Days.Day15Tests" name="Part2_Pack" />
    </UnitTest>
    <UnitTest name="_2020.Tests.Days.Day4Tests.Part1_pack(testCaseName: &quot;invalid&quot;, expectedResult: &quot;4&quot;, _: &quot;0&quot;, fileContent: &quot;eyr:1972 cid:100\r\nhcl:#18171d ecl:amb hgt:170 pi&quot;...)" storage="c:\workspace\github\adventofcode\2020.tests\bin\debug\netcoreapp3.1\2020.tests.dll" id="7505053a-8388-b504-70a1-f4bcc9da9d25">
      <Execution id="cbadd973-60b5-47fd-8c53-a5a5cd447523" />
      <TestMethod codeBase="C:\Workspace\GitHub\AdventOfCode\2020.Tests\bin\Debug\netcoreapp3.1\2020.Tests.dll" adapterTypeName="executor://xunit/VsTestRunner2/netcoreapp" className="_2020.Tests.Days.Day4Tests" name="Part1_pack" />
    </UnitTest>
    <UnitTest name="_2020.Tests.Days.Day4Tests.Part1Example(fileContent: &quot;ecl:gry pid:860033327 eyr:2020 hcl:#fffffd\r\nbyr:&quot;...)" storage="c:\workspace\github\adventofcode\2020.tests\bin\debug\netcoreapp3.1\2020.tests.dll" id="fc6461b5-e450-3964-c0c6-8dde33d0fbf9">
      <Execution id="1651fcc5-7e99-40ef-9e59-3bd6970dff2b" />
      <TestMethod codeBase="C:\Workspace\GitHub\AdventOfCode\2020.Tests\bin\Debug\netcoreapp3.1\2020.Tests.dll" adapterTypeName="executor://xunit/VsTestRunner2/netcoreapp" className="_2020.Tests.Days.Day4Tests" name="Part1Example" />
    </UnitTest>
    <UnitTest name="_2020.Tests.Days.Day3Tests.Move_Works(fileContent: &quot;.......\r\n...X...\r\n......X&quot;, coordinates: [0, 0, 3, 1], isTree: False)" storage="c:\workspace\github\adventofcode\2020.tests\bin\debug\netcoreapp3.1\2020.tests.dll" id="8146e86e-cd6b-cf36-e743-61cfc2778296">
      <Execution id="79485921-dc68-412e-8e1a-00748db4fb57" />
      <TestMethod codeBase="C:\Workspace\GitHub\AdventOfCode\2020.Tests\bin\Debug\netcoreapp3.1\2020.Tests.dll" adapterTypeName="executor://xunit/VsTestRunner2/netcoreapp" className="_2020.Tests.Days.Day3Tests" name="Move_Works" />
    </UnitTest>
    <UnitTest name="_2020.Tests.Days.Day3Tests.Part1_case3(fileContent: &quot;..##.......\r\n#...#...#..\r\n.#....#..#.\r\n..#.#&quot;...)" storage="c:\workspace\github\adventofcode\2020.tests\bin\debug\netcoreapp3.1\2020.tests.dll" id="e7fe6284-3fcb-b9cb-9a4e-f74cf392b140">
      <Execution id="8436eea3-4b7b-4125-9e9a-5de6ede21bf2" />
      <TestMethod codeBase="C:\Workspace\GitHub\AdventOfCode\2020.Tests\bin\Debug\netcoreapp3.1\2020.Tests.dll" adapterTypeName="executor://xunit/VsTestRunner2/netcoreapp" className="_2020.Tests.Days.Day3Tests" name="Part1_case3" />
    </UnitTest>
    <UnitTest name="_2020.Tests.Days.Day15Tests.Part2_Pack(testCaseName: &quot;example5&quot;, _: &quot;78&quot;, expectedResult: &quot;6895259&quot;, fileContent: &quot;2,3,1&quot;)" storage="c:\workspace\github\adventofcode\2020.tests\bin\debug\netcoreapp3.1\2020.tests.dll" id="ac7e7db2-01de-f348-0757-1a5540553b98">
      <Execution id="4e3af2c9-2778-4e3f-8fb6-96a1c4e19f59" />
      <TestMethod codeBase="C:\Workspace\GitHub\AdventOfCode\2020.Tests\bin\Debug\netcoreapp3.1\2020.Tests.dll" adapterTypeName="executor://xunit/VsTestRunner2/netcoreapp" className="_2020.Tests.Days.Day15Tests" name="Part2_Pack" />
    </UnitTest>
    <UnitTest name="_2020.Tests.Days.Day11Tests.Part2_Pack(testCaseName: &quot;example1&quot;, _: &quot;37&quot;, expectedResult: &quot;26&quot;, fileContent: &quot;L.LL.LL.LL\r\nLLLLLLL.LL\r\nL.L.L..L..\r\nLLLL.LL.&quot;...)" storage="c:\workspace\github\adventofcode\2020.tests\bin\debug\netcoreapp3.1\2020.tests.dll" id="32ed6bd8-e0af-dd5c-7f74-96ea03b7cf74">
      <Execution id="6b31eacd-1982-4cd0-a7eb-94dfa2114f38" />
      <TestMethod codeBase="C:\Workspace\GitHub\AdventOfCode\2020.Tests\bin\Debug\netcoreapp3.1\2020.Tests.dll" adapterTypeName="executor://xunit/VsTestRunner2/netcoreapp" className="_2020.Tests.Days.Day11Tests" name="Part2_Pack" />
    </UnitTest>
    <UnitTest name="_2020.Tests.Days.Day3Tests.Part1_case2(fileContent: &quot;...\r\n#..&quot;)" storage="c:\workspace\github\adventofcode\2020.tests\bin\debug\netcoreapp3.1\2020.tests.dll" id="136cf6b3-49e2-8bb0-486f-d1f9a3983f12">
      <Execution id="2f7f19bb-a1f2-4ddd-af28-1ec8183a4870" />
      <TestMethod codeBase="C:\Workspace\GitHub\AdventOfCode\2020.Tests\bin\Debug\netcoreapp3.1\2020.Tests.dll" adapterTypeName="executor://xunit/VsTestRunner2/netcoreapp" className="_2020.Tests.Days.Day3Tests" name="Part1_case2" />
    </UnitTest>
  </TestDefinitions>
  <TestEntries>
    <TestEntry testId="c1b39591-e148-1ede-3450-ca36e80a70b0" executionId="b811538f-dd35-4525-afdb-74bc6edf618b" testListId="8c84fa94-04c1-424b-9868-57a2d4851a1d" />
    <TestEntry testId="16df4b72-a1be-7d8a-175c-1e6c5237fc4e" executionId="3aaab017-bbd9-479e-b9f2-ecc586fb8b20" testListId="8c84fa94-04c1-424b-9868-57a2d4851a1d" />
    <TestEntry testId="d87515a5-cd25-21bb-1381-51ed2081f274" executionId="1f720103-86e4-4625-a3d6-ce50e76e5843" testListId="8c84fa94-04c1-424b-9868-57a2d4851a1d" />
    <TestEntry testId="d612b35d-eb74-c9d6-7c08-b6087fbf724b" executionId="4a2fa224-72fc-4a25-9156-8ae1600e231b" testListId="8c84fa94-04c1-424b-9868-57a2d4851a1d" />
    <TestEntry testId="136cf6b3-49e2-8bb0-486f-d1f9a3983f12" executionId="2f7f19bb-a1f2-4ddd-af28-1ec8183a4870" testListId="8c84fa94-04c1-424b-9868-57a2d4851a1d" />
    <TestEntry testId="9b48be43-b6dc-ab4a-e9b5-a0f0a0083d37" executionId="053b3643-a1b2-4165-aeb4-294f4464f823" testListId="8c84fa94-04c1-424b-9868-57a2d4851a1d" />
    <TestEntry testId="5cb521d9-b508-87d2-d6b3-9430721a3a5b" executionId="c79ad942-6560-4bbe-87bf-acd86dfe2da8" testListId="8c84fa94-04c1-424b-9868-57a2d4851a1d" />
    <TestEntry testId="db9d81cc-9f3b-68f2-2d29-410e4425b6d1" executionId="66186e6e-dd1e-42e3-a5e4-33a43b0a45cf" testListId="8c84fa94-04c1-424b-9868-57a2d4851a1d" />
    <TestEntry testId="7deeee6f-5f68-e96c-55d2-19a70aab7c3d" executionId="908a74de-a0b3-4076-a0c8-45b65517e348" testListId="8c84fa94-04c1-424b-9868-57a2d4851a1d" />
    <TestEntry testId="4dc9e345-1e1c-7c56-ffd6-51f432d6c33b" executionId="8dfa851d-3c1e-41c5-a2e8-c6484a861eb5" testListId="8c84fa94-04c1-424b-9868-57a2d4851a1d" />
    <TestEntry testId="6b95806a-569f-591e-33c5-cf371e97a169" executionId="755fd29b-d673-4e74-9222-5cde165c53cd" testListId="8c84fa94-04c1-424b-9868-57a2d4851a1d" />
    <TestEntry testId="4884422f-a201-6166-d234-44d86f6dd8d3" executionId="b3215eef-97d6-4810-8173-b07a1299922a" testListId="8c84fa94-04c1-424b-9868-57a2d4851a1d" />
    <TestEntry testId="9f0ccaf6-c07d-b20e-be6b-7733f88e5aab" executionId="4e8348e2-b7e0-4f8d-b4d7-7650a619f8c7" testListId="8c84fa94-04c1-424b-9868-57a2d4851a1d" />
    <TestEntry testId="2cc010d6-e101-5b64-2847-d92eb3aca667" executionId="0acac59d-bf90-4b60-b94e-2aa64137d118" testListId="8c84fa94-04c1-424b-9868-57a2d4851a1d" />
    <TestEntry testId="5670067d-1cf3-a96b-1c13-3fd4f02d341b" executionId="c5997f3f-56fc-48e0-8803-a298d2964a83" testListId="8c84fa94-04c1-424b-9868-57a2d4851a1d" />
    <TestEntry testId="26e5e629-8263-4046-5e10-c84b3539586e" executionId="d32d97ca-2623-476b-9adf-d3c8fd145b34" testListId="8c84fa94-04c1-424b-9868-57a2d4851a1d" />
    <TestEntry testId="9cf0cba5-172e-c153-e796-92c43fe8b799" executionId="218109a2-9ed6-4b27-9a61-99b2eb32a599" testListId="8c84fa94-04c1-424b-9868-57a2d4851a1d" />
    <TestEntry testId="56b8ecc6-4451-516f-e6ef-1f4a55f10fe8" executionId="c31d4045-46d8-4de3-bca4-47df2b326497" testListId="8c84fa94-04c1-424b-9868-57a2d4851a1d" />
    <TestEntry testId="2c83aeec-41f1-c9e6-9c5b-7d5ecf29ccdd" executionId="458a99d5-b6b2-47f2-8368-90869676ee20" testListId="8c84fa94-04c1-424b-9868-57a2d4851a1d" />
    <TestEntry testId="59db20d0-347c-a453-444e-683e23e9a040" executionId="862577ad-9b6a-4b9a-839b-d9338db0a90e" testListId="8c84fa94-04c1-424b-9868-57a2d4851a1d" />
    <TestEntry testId="b73fc7b5-5c4f-ce2b-029f-5099fc932df8" executionId="6a8870eb-c2b6-46be-ab79-32e8ef77fc1e" testListId="8c84fa94-04c1-424b-9868-57a2d4851a1d" />
    <TestEntry testId="fc6461b5-e450-3964-c0c6-8dde33d0fbf9" executionId="1651fcc5-7e99-40ef-9e59-3bd6970dff2b" testListId="8c84fa94-04c1-424b-9868-57a2d4851a1d" />
    <TestEntry testId="1f5e50cb-54fd-2c1d-5c96-c69e9c09c257" executionId="b76cad41-7e73-4642-8c7b-e15c49ff1df9" testListId="8c84fa94-04c1-424b-9868-57a2d4851a1d" />
    <TestEntry testId="159d3ea9-44fc-4aaa-9da0-18c06a48805e" executionId="5057abae-b585-45b4-82a2-d3f6e3cd6ccd" testListId="8c84fa94-04c1-424b-9868-57a2d4851a1d" />
    <TestEntry testId="0f9af31d-0f66-fa47-7811-06be3c347ad8" executionId="681e6ca9-2eda-4a42-8472-5d9b8a980ffe" testListId="8c84fa94-04c1-424b-9868-57a2d4851a1d" />
    <TestEntry testId="8146e86e-cd6b-cf36-e743-61cfc2778296" executionId="79485921-dc68-412e-8e1a-00748db4fb57" testListId="8c84fa94-04c1-424b-9868-57a2d4851a1d" />
    <TestEntry testId="4d95249a-c4ec-74a6-909c-c074eed39474" executionId="8299e093-db74-4e84-90e0-888438f8f841" testListId="8c84fa94-04c1-424b-9868-57a2d4851a1d" />
    <TestEntry testId="6d960990-c3fd-9f28-bdad-0681fd0a7d6b" executionId="1d0c5aa5-b612-490c-91f4-1eab495cdf31" testListId="8c84fa94-04c1-424b-9868-57a2d4851a1d" />
    <TestEntry testId="9d63c5ca-cd81-dfa2-45c3-bef99b47c927" executionId="3f90774f-8c9f-49f5-95d4-64bea98b0949" testListId="8c84fa94-04c1-424b-9868-57a2d4851a1d" />
    <TestEntry testId="f6865024-5e66-1a8c-8eaa-13d5eb300007" executionId="9af6e0fa-fdb0-48d3-817b-3cc7d2ab28c0" testListId="8c84fa94-04c1-424b-9868-57a2d4851a1d" />
    <TestEntry testId="216f5805-6dfd-d79f-4066-e2138129ea68" executionId="11fd01af-9dfd-4c44-a639-73de838d067a" testListId="8c84fa94-04c1-424b-9868-57a2d4851a1d" />
    <TestEntry testId="0b60d97b-b22a-43f0-3b65-c801f8f15e8d" executionId="ea048a5c-7acc-4dee-9f00-e25b0b2fe3d2" testListId="8c84fa94-04c1-424b-9868-57a2d4851a1d" />
    <TestEntry testId="de2d88b7-cfd9-036b-e718-618c36e4686c" executionId="bd0458f7-6242-4bd5-bd2b-171266d6bf83" testListId="8c84fa94-04c1-424b-9868-57a2d4851a1d" />
    <TestEntry testId="375e425c-9b53-a326-01d6-888b92935a87" executionId="34cf8fb0-b345-4c66-8208-947b73450492" testListId="8c84fa94-04c1-424b-9868-57a2d4851a1d" />
    <TestEntry testId="bdaba18c-2c59-04ae-e240-7ebf7e7a64fb" executionId="5c9d3579-406b-4ba5-b12c-8e15593bf4bb" testListId="8c84fa94-04c1-424b-9868-57a2d4851a1d" />
    <TestEntry testId="6c059688-c465-f5a5-7144-0e70ce180f19" executionId="2a753c22-58f9-478b-82b5-f6fdba103e2f" testListId="8c84fa94-04c1-424b-9868-57a2d4851a1d" />
    <TestEntry testId="2de34128-cf23-033a-0c60-b9a1ffa1dd89" executionId="b4338011-0ffd-4590-a306-607477aeebce" testListId="8c84fa94-04c1-424b-9868-57a2d4851a1d" />
    <TestEntry testId="dce4b7c0-81f4-b41c-94b9-afb06d0ad99d" executionId="e3a29f1c-04fc-49e2-b26e-bf09fd8141c0" testListId="8c84fa94-04c1-424b-9868-57a2d4851a1d" />
    <TestEntry testId="69421f74-dab9-7682-2157-83ab4af72623" executionId="3cc1c7ed-2df0-488b-9a28-649585a5b4e8" testListId="8c84fa94-04c1-424b-9868-57a2d4851a1d" />
    <TestEntry testId="b2758025-0ea6-8920-1ed3-b47e23fd5591" executionId="304e2fdd-29e9-4437-aaa6-9c74c319fa66" testListId="8c84fa94-04c1-424b-9868-57a2d4851a1d" />
    <TestEntry testId="67ca508f-a17c-3db3-c22c-394aa968c00c" executionId="91d04e00-ba57-4fbd-9a4f-3ac6737b9cb0" testListId="8c84fa94-04c1-424b-9868-57a2d4851a1d" />
    <TestEntry testId="5d9c47dd-439e-67ac-b1d4-8dc742348d44" executionId="4b5adc5e-447b-4849-a004-16d0acd0ddaf" testListId="8c84fa94-04c1-424b-9868-57a2d4851a1d" />
    <TestEntry testId="01c6738e-928f-12e9-002b-a3010d7f109b" executionId="28320e4a-9cad-4e81-bcbe-16295d822d01" testListId="8c84fa94-04c1-424b-9868-57a2d4851a1d" />
    <TestEntry testId="02ecd7ab-bcdf-e3ce-73c4-60d49e1f8cf1" executionId="69c4a5d6-1f49-4946-bcf5-367e98b7d6fe" testListId="8c84fa94-04c1-424b-9868-57a2d4851a1d" />
    <TestEntry testId="99b22c00-0b2b-9e79-261c-dcb39b52aa8e" executionId="d5e5ac70-b939-41f0-8aa2-949d24f72889" testListId="8c84fa94-04c1-424b-9868-57a2d4851a1d" />
    <TestEntry testId="9e27424c-7bf4-a54a-a23f-62f6c33d62bb" executionId="60491150-488c-4030-9ee5-0abd72fbba3f" testListId="8c84fa94-04c1-424b-9868-57a2d4851a1d" />
    <TestEntry testId="26f20c36-20b3-9005-cb04-ee3276a58fd4" executionId="65757c5d-cbef-4016-b290-daf5cb987018" testListId="8c84fa94-04c1-424b-9868-57a2d4851a1d" />
    <TestEntry testId="ef12b05a-db9c-a4d1-6bf6-f50fcc998ceb" executionId="dc7022d7-01b9-4dc1-b20e-fb848b9327ba" testListId="8c84fa94-04c1-424b-9868-57a2d4851a1d" />
    <TestEntry testId="844a928f-443a-c27a-8ee8-10b193eadc8b" executionId="6fcf60cf-1793-4495-9ac0-1f478e14a5f3" testListId="8c84fa94-04c1-424b-9868-57a2d4851a1d" />
    <TestEntry testId="e7fe6284-3fcb-b9cb-9a4e-f74cf392b140" executionId="8436eea3-4b7b-4125-9e9a-5de6ede21bf2" testListId="8c84fa94-04c1-424b-9868-57a2d4851a1d" />
    <TestEntry testId="90af8466-2ea2-b30d-8b80-8f3acbcf1032" executionId="30d33d9b-73d7-4650-bdfb-a6ce313fdb51" testListId="8c84fa94-04c1-424b-9868-57a2d4851a1d" />
    <TestEntry testId="7e2b291f-4d36-b74a-6972-5466517a8596" executionId="824e04bb-6696-4312-88dc-c567da9200a1" testListId="8c84fa94-04c1-424b-9868-57a2d4851a1d" />
    <TestEntry testId="0ae8165c-5db8-2151-c07c-655806764c15" executionId="86365ea8-75a5-4943-bf7d-4dcf5ff51c3a" testListId="8c84fa94-04c1-424b-9868-57a2d4851a1d" />
    <TestEntry testId="3e8c6d43-8d09-84bb-a295-43059662202b" executionId="6d2d670c-abcb-49e6-a3bf-6beeeb27ae17" testListId="8c84fa94-04c1-424b-9868-57a2d4851a1d" />
    <TestEntry testId="0a2c2f88-73a7-a432-398b-2f86564fd773" executionId="2da50ed1-d76f-4645-971c-0f7876985b30" testListId="8c84fa94-04c1-424b-9868-57a2d4851a1d" />
    <TestEntry testId="5a6838e8-c034-4ac2-cf4a-650d8f91ee6f" executionId="572a57fb-a98c-4717-8f3d-4cb467fe51ec" testListId="8c84fa94-04c1-424b-9868-57a2d4851a1d" />
    <TestEntry testId="9c6adfa0-dd3c-9e72-a127-4e1805362479" executionId="d52fad8e-ea4f-4a38-9db4-9b1390f58daf" testListId="8c84fa94-04c1-424b-9868-57a2d4851a1d" />
    <TestEntry testId="ac7e7db2-01de-f348-0757-1a5540553b98" executionId="4e3af2c9-2778-4e3f-8fb6-96a1c4e19f59" testListId="8c84fa94-04c1-424b-9868-57a2d4851a1d" />
    <TestEntry testId="e3b45518-8d0a-2cd6-89ed-a43178b94cdf" executionId="5787a247-6ef0-42b1-943d-85919e0aaaa6" testListId="8c84fa94-04c1-424b-9868-57a2d4851a1d" />
    <TestEntry testId="32ed6bd8-e0af-dd5c-7f74-96ea03b7cf74" executionId="6b31eacd-1982-4cd0-a7eb-94dfa2114f38" testListId="8c84fa94-04c1-424b-9868-57a2d4851a1d" />
    <TestEntry testId="7505053a-8388-b504-70a1-f4bcc9da9d25" executionId="cbadd973-60b5-47fd-8c53-a5a5cd447523" testListId="8c84fa94-04c1-424b-9868-57a2d4851a1d" />
    <TestEntry testId="1bd4918e-984f-4b09-f089-8b165ff131a6" executionId="dcc9270c-347e-4cb9-9359-3ed6d0b27769" testListId="8c84fa94-04c1-424b-9868-57a2d4851a1d" />
    <TestEntry testId="de573764-ea0d-8509-05be-8709ab895a61" executionId="403f5b14-4035-497c-a870-6283516e2600" testListId="8c84fa94-04c1-424b-9868-57a2d4851a1d" />
    <TestEntry testId="0e0b30c5-6422-25c8-2172-d67c44a7d25d" executionId="11439562-0af2-4f58-9c7e-3c0381ee6913" testListId="8c84fa94-04c1-424b-9868-57a2d4851a1d" />
    <TestEntry testId="ead7075b-f824-edda-74c3-54f68b078b04" executionId="86140cb7-71ff-4033-bd16-e1fe277c1afb" testListId="8c84fa94-04c1-424b-9868-57a2d4851a1d" />
    <TestEntry testId="8aed83a5-1388-ee14-1e01-687801be888e" executionId="2ae86c52-715b-49cb-acf5-3593ed6445ee" testListId="8c84fa94-04c1-424b-9868-57a2d4851a1d" />
    <TestEntry testId="f7e40ddb-a284-7426-9379-70e1c4cc7afa" executionId="6cea764e-0f5c-403f-b96d-7ea6699cf45e" testListId="8c84fa94-04c1-424b-9868-57a2d4851a1d" />
    <TestEntry testId="b27c9020-e789-a65d-c36f-5611503fe0b7" executionId="dc3f7ad0-fd2a-4a9f-9e5f-158cb7b644c6" testListId="8c84fa94-04c1-424b-9868-57a2d4851a1d" />
    <TestEntry testId="d36ee119-83d8-bc35-7ac6-7f5ac328dab5" executionId="db05f560-7755-4ccb-9cc2-d609b123064f" testListId="8c84fa94-04c1-424b-9868-57a2d4851a1d" />
    <TestEntry testId="de8b5722-7c80-d4eb-b97c-ebe57717fb6c" executionId="455d41dc-ded5-465c-927c-131e111acbee" testListId="8c84fa94-04c1-424b-9868-57a2d4851a1d" />
    <TestEntry testId="2aa3cc9c-1e67-63fe-0e48-b59a2268710d" executionId="3cb814d7-4a06-41eb-9761-63a53f400d89" testListId="8c84fa94-04c1-424b-9868-57a2d4851a1d" />
    <TestEntry testId="edfee89c-6991-817a-4b5f-507b7c5607c8" executionId="896a8462-847d-4627-86d6-78b7f0cf9f59" testListId="8c84fa94-04c1-424b-9868-57a2d4851a1d" />
    <TestEntry testId="3e90431b-d28c-c271-ef23-978dcb2898e8" executionId="3c50d3cf-4bdc-4f59-b4fc-93ed69ae091b" testListId="8c84fa94-04c1-424b-9868-57a2d4851a1d" />
    <TestEntry testId="d950a7c4-72e5-0b34-aa9c-ed718050682b" executionId="b1e449c1-0b73-4d5f-a12b-7b8c21aa1e08" testListId="8c84fa94-04c1-424b-9868-57a2d4851a1d" />
    <TestEntry testId="04f07e51-e06f-f9ef-687e-27f8f50cd69c" executionId="25688d49-9897-4c4e-8d1a-4f62af64cec6" testListId="8c84fa94-04c1-424b-9868-57a2d4851a1d" />
    <TestEntry testId="9fcb3a2b-27f0-5f22-0206-56c0549b9a84" executionId="357fb22e-6ae0-451a-a3da-8f434065cd89" testListId="8c84fa94-04c1-424b-9868-57a2d4851a1d" />
    <TestEntry testId="7df7f244-2fd3-a955-75ef-80b7d924f8e2" executionId="45397d41-dc8f-4a55-aafd-8935219b310a" testListId="8c84fa94-04c1-424b-9868-57a2d4851a1d" />
    <TestEntry testId="c8eb35de-3806-7a84-c356-ef8a1ba0e171" executionId="fda9bec6-0f30-48ae-8164-97996930e47e" testListId="8c84fa94-04c1-424b-9868-57a2d4851a1d" />
    <TestEntry testId="b9a0883d-021b-16e7-be90-275f6000cc9d" executionId="44d65bf7-9fd1-47f5-8332-8e8e6d69d59f" testListId="8c84fa94-04c1-424b-9868-57a2d4851a1d" />
    <TestEntry testId="ea350fd8-4960-b90d-698c-7f319b46d10e" executionId="bda36183-4318-4fa4-a371-bfd9c7616f60" testListId="8c84fa94-04c1-424b-9868-57a2d4851a1d" />
    <TestEntry testId="db94a0d2-a22c-8314-89a3-1a38e815913a" executionId="be6e390a-f70a-4d40-9e8f-f2745f463963" testListId="8c84fa94-04c1-424b-9868-57a2d4851a1d" />
    <TestEntry testId="d07cd30b-d230-d13b-93e4-5f93de4f56b2" executionId="0e214bfa-f075-4c67-bd07-afa6b7d08a6c" testListId="8c84fa94-04c1-424b-9868-57a2d4851a1d" />
  </TestEntries>
  <TestLists>
    <TestList name="Wyniki, których nie ma na liście" id="8c84fa94-04c1-424b-9868-57a2d4851a1d" />
    <TestList name="Wszystkie załadowane wyniki" id="19431567-8539-422a-85d7-44ee4e166bda" />
  </TestLists>
  <ResultSummary outcome="Completed">
    <Counters total="82" executed="82" passed="82" failed="0" error="0" timeout="0" aborted="0" inconclusive="0" passedButRunAborted="0" notRunnable="0" notExecuted="0" disconnected="0" warning="0" completed="0" inProgress="0" pending="0" />
    <Output>
      <StdOut>[xUnit.net 00:00:00.00] xUnit.net VSTest Adapter v2.4.3+1b45f5407b (64-bit .NET Core 3.1.10)&#xD;
[xUnit.net 00:00:00.35]   Discovering: 2020.Tests&#xD;
[xUnit.net 00:00:00.44]   Discovered:  2020.Tests&#xD;
[xUnit.net 00:00:00.44]   Starting:    2020.Tests&#xD;
[xUnit.net 00:00:35.76]   Finished:    2020.Tests&#xD;
</StdOut>
    </Output>
  </ResultSummary>
</TestRun>