<?xml version="1.0" encoding="utf-8"?>
<TestRun id="fc1416c9-6e9f-43fd-a394-542e7f9b583d" name="pnaro@LAPTOP-35RG0TO8 2020-12-22 11:15:04" runUser="LAPTOP-35RG0TO8\pnaro" xmlns="http://microsoft.com/schemas/VisualStudio/TeamTest/2010">
  <Times creation="2020-12-22T11:15:04.8360543+01:00" queuing="2020-12-22T11:15:04.8360555+01:00" start="2020-12-22T11:15:03.6151025+01:00" finish="2020-12-22T11:15:41.3194784+01:00" />
  <TestSettings name="default" id="46cc0742-51d3-47b9-87b7-a323c7ab2bb4">
    <Deployment runDeploymentRoot="pnaro_LAPTOP-35RG0TO8_2020-12-22_11_15_04" />
  </TestSettings>
  <Results>
    <UnitTestResult executionId="cd5f8a59-d5bd-4f64-899b-a6af86f9071b" testId="4e787288-240c-d848-e3c2-d3a128fdd4ab" testName="_2020.Tests.Days.Day20Tests.Part1_example1(testCaseName: &quot;puzzleinput&quot;, expectedResult: &quot;2699020245973&quot;, _: &quot;263&quot;, fileContent: &quot;Tile 2729:\r\n.....#####\r\n##..##.#.#\r\n......#.&quot;...)" computerName="LAPTOP-35RG0TO8" duration="00:00:00.2397412" startTime="2020-12-22T11:15:04.9303399+01:00" endTime="2020-12-22T11:15:04.9303428+01:00" testType="13cdc9d9-ddb5-4fa4-a97d-d965ccfc6d4b" outcome="Passed" testListId="8c84fa94-04c1-424b-9868-57a2d4851a1d" relativeResultsDirectory="cd5f8a59-d5bd-4f64-899b-a6af86f9071b" />
    <UnitTestResult executionId="1e834c36-3155-4740-9f26-298ec9ce0583" testId="a4cd1902-2540-f6fa-9160-be37d82d086c" testName="_2020.Tests.Days.Day21Tests.Part2_Pack(testCaseName: &quot;example&quot;, _: &quot;5&quot;, expectedResult: &quot;mxmxvkd,sqjhc,fvjkl&quot;, fileContent: &quot;mxmxvkd kfcds sqjhc nhms (contains dairy, fish)\r\&quot;...)" computerName="LAPTOP-35RG0TO8" duration="00:00:00.0842391" startTime="2020-12-22T11:15:04.8881849+01:00" endTime="2020-12-22T11:15:04.8881862+01:00" testType="13cdc9d9-ddb5-4fa4-a97d-d965ccfc6d4b" outcome="Passed" testListId="8c84fa94-04c1-424b-9868-57a2d4851a1d" relativeResultsDirectory="1e834c36-3155-4740-9f26-298ec9ce0583" />
    <UnitTestResult executionId="4f6a5b08-baae-49d3-8854-cb2915be98eb" testId="375e425c-9b53-a326-01d6-888b92935a87" testName="_2020.Tests.Days.Day7Tests.Part1_pack(testCaseName: &quot;example1&quot;, expectedResult: &quot;4&quot;, _: &quot;&quot;, fileContent: &quot;light red bags contain 1 bright white bag, 2 muted&quot;...)" computerName="LAPTOP-35RG0TO8" duration="00:00:00.0001805" startTime="2020-12-22T11:15:04.9321338+01:00" endTime="2020-12-22T11:15:04.9321354+01:00" testType="13cdc9d9-ddb5-4fa4-a97d-d965ccfc6d4b" outcome="Passed" testListId="8c84fa94-04c1-424b-9868-57a2d4851a1d" relativeResultsDirectory="4f6a5b08-baae-49d3-8854-cb2915be98eb" />
    <UnitTestResult executionId="5957da81-dedd-4fa5-a64c-072c7e089278" testId="26e5e629-8263-4046-5e10-c84b3539586e" testName="_2020.Tests.Days.Day2Tests.Part2(fileContent: &quot;1-5 k: kkkkhkkkkkkkkkk\r\n5-7 k: blkqhtxfgktdkxzkk&quot;...)" computerName="LAPTOP-35RG0TO8" duration="00:00:00.0089832" startTime="2020-12-22T11:15:04.8161120+01:00" endTime="2020-12-22T11:15:04.8161133+01:00" testType="13cdc9d9-ddb5-4fa4-a97d-d965ccfc6d4b" outcome="Passed" testListId="8c84fa94-04c1-424b-9868-57a2d4851a1d" relativeResultsDirectory="5957da81-dedd-4fa5-a64c-072c7e089278">
      <Output>
        <StdOut>answer for part 2 is: 708</StdOut>
      </Output>
    </UnitTestResult>
    <UnitTestResult executionId="7d4b60e0-01d3-4a35-a9ab-662df5c79a0b" testId="31e4599a-6dad-6e73-df11-b7eddbe65212" testName="_2020.Tests.Days.Day17Tests.Part2_Pack(testCaseName: &quot;puzzleinput&quot;, _: &quot;338&quot;, expectedResult: &quot;2440&quot;, fileContent: &quot;.#.##..#\r\n....#.##\r\n##.###..\r\n.#.#.###\r\n#.&quot;...)" computerName="LAPTOP-35RG0TO8" duration="00:00:15.0428093" startTime="2020-12-22T11:15:25.5631150+01:00" endTime="2020-12-22T11:15:25.5631235+01:00" testType="13cdc9d9-ddb5-4fa4-a97d-d965ccfc6d4b" outcome="Passed" testListId="8c84fa94-04c1-424b-9868-57a2d4851a1d" relativeResultsDirectory="7d4b60e0-01d3-4a35-a9ab-662df5c79a0b" />
    <UnitTestResult executionId="321c3041-63ab-4491-b381-128350448cb0" testId="8aed83a5-1388-ee14-1e01-687801be888e" testName="_2020.Tests.Days.Day4Tests.Part1_pack(testCaseName: &quot;valid&quot;, expectedResult: &quot;4&quot;, _: &quot;4&quot;, fileContent: &quot;pid:087499704 hgt:74in ecl:grn iyr:2012 eyr:2030 b&quot;...)" computerName="LAPTOP-35RG0TO8" duration="00:00:00.0141722" startTime="2020-12-22T11:15:04.8477060+01:00" endTime="2020-12-22T11:15:04.8477065+01:00" testType="13cdc9d9-ddb5-4fa4-a97d-d965ccfc6d4b" outcome="Passed" testListId="8c84fa94-04c1-424b-9868-57a2d4851a1d" relativeResultsDirectory="321c3041-63ab-4491-b381-128350448cb0" />
    <UnitTestResult executionId="5f49fb93-6b38-4fd1-92b0-d85eea7e425c" testId="db9d81cc-9f3b-68f2-2d29-410e4425b6d1" testName="_2020.Tests.Days.Day10Tests.Part2_Pack(testCaseName: &quot;example_small&quot;, _: &quot;12&quot;, expectedResult: &quot;4&quot;, fileContent: &quot;3\r\n4\r\n5\r\n8\r\n9\r\n10&quot;)" computerName="LAPTOP-35RG0TO8" duration="00:00:00.0000248" startTime="2020-12-22T11:15:04.8435261+01:00" endTime="2020-12-22T11:15:04.8435264+01:00" testType="13cdc9d9-ddb5-4fa4-a97d-d965ccfc6d4b" outcome="Passed" testListId="8c84fa94-04c1-424b-9868-57a2d4851a1d" relativeResultsDirectory="5f49fb93-6b38-4fd1-92b0-d85eea7e425c" />
    <UnitTestResult executionId="05a625ef-dac5-4932-a8c4-69dca7457f5a" testId="216f5805-6dfd-d79f-4066-e2138129ea68" testName="_2020.Tests.Days.Day5Tests.Part1_pack(testCaseName: &quot;mydata&quot;, expectedResult: &quot;998&quot;, _: &quot;676&quot;, fileContent: &quot;BFBBBBBLLR\r\nBBFFBBFRRL\r\nFBFBFFFRRL\r\nBBFFFBFR&quot;...)" computerName="LAPTOP-35RG0TO8" duration="00:00:00.0127555" startTime="2020-12-22T11:15:04.7530078+01:00" endTime="2020-12-22T11:15:04.7530092+01:00" testType="13cdc9d9-ddb5-4fa4-a97d-d965ccfc6d4b" outcome="Passed" testListId="8c84fa94-04c1-424b-9868-57a2d4851a1d" relativeResultsDirectory="05a625ef-dac5-4932-a8c4-69dca7457f5a" />
    <UnitTestResult executionId="7c89ac49-e36a-4be6-b3f2-23d24823674c" testId="69421f74-dab9-7682-2157-83ab4af72623" testName="_2020.Tests.Days.Day15Tests.Part2_Pack(testCaseName: &quot;example4&quot;, _: &quot;27&quot;, expectedResult: &quot;261214&quot;, fileContent: &quot;1,2,3&quot;)" computerName="LAPTOP-35RG0TO8" duration="00:00:03.8563985" startTime="2020-12-22T11:15:33.6788768+01:00" endTime="2020-12-22T11:15:33.6788828+01:00" testType="13cdc9d9-ddb5-4fa4-a97d-d965ccfc6d4b" outcome="Passed" testListId="8c84fa94-04c1-424b-9868-57a2d4851a1d" relativeResultsDirectory="7c89ac49-e36a-4be6-b3f2-23d24823674c" />
    <UnitTestResult executionId="5168bb65-4ce8-473a-b001-b57be5f715e5" testId="99b22c00-0b2b-9e79-261c-dcb39b52aa8e" testName="_2020.Tests.Days.Day3Tests.Part1(fileContent: &quot;.#.......#...........#.........\r\n..##.......#.#.&quot;...)" computerName="LAPTOP-35RG0TO8" duration="00:00:00.0002361" startTime="2020-12-22T11:15:04.8470498+01:00" endTime="2020-12-22T11:15:04.8470512+01:00" testType="13cdc9d9-ddb5-4fa4-a97d-d965ccfc6d4b" outcome="Passed" testListId="8c84fa94-04c1-424b-9868-57a2d4851a1d" relativeResultsDirectory="5168bb65-4ce8-473a-b001-b57be5f715e5">
      <Output>
        <StdOut>answer for part 1 is: 209</StdOut>
      </Output>
    </UnitTestResult>
    <UnitTestResult executionId="61d9f5c4-92aa-4f81-a554-7e8ce2adf4f9" testId="b9a0883d-021b-16e7-be90-275f6000cc9d" testName="_2020.Tests.Days.Day2Tests.Part1(fileContent: &quot;1-5 k: kkkkhkkkkkkkkkk\r\n5-7 k: blkqhtxfgktdkxzkk&quot;...)" computerName="LAPTOP-35RG0TO8" duration="00:00:00.0184477" startTime="2020-12-22T11:15:04.7474253+01:00" endTime="2020-12-22T11:15:04.7474279+01:00" testType="13cdc9d9-ddb5-4fa4-a97d-d965ccfc6d4b" outcome="Passed" testListId="8c84fa94-04c1-424b-9868-57a2d4851a1d" relativeResultsDirectory="61d9f5c4-92aa-4f81-a554-7e8ce2adf4f9">
      <Output>
        <StdOut>answer for part 1 is: 519</StdOut>
      </Output>
    </UnitTestResult>
    <UnitTestResult executionId="2d1d459d-a8df-4c95-8ae3-5f42251d8a15" testId="7505053a-8388-b504-70a1-f4bcc9da9d25" testName="_2020.Tests.Days.Day4Tests.Part1_pack(testCaseName: &quot;invalid&quot;, expectedResult: &quot;4&quot;, _: &quot;0&quot;, fileContent: &quot;eyr:1972 cid:100\r\nhcl:#18171d ecl:amb hgt:170 pi&quot;...)" computerName="LAPTOP-35RG0TO8" duration="00:00:00.0031910" startTime="2020-12-22T11:15:04.8565659+01:00" endTime="2020-12-22T11:15:04.8565667+01:00" testType="13cdc9d9-ddb5-4fa4-a97d-d965ccfc6d4b" outcome="Passed" testListId="8c84fa94-04c1-424b-9868-57a2d4851a1d" relativeResultsDirectory="2d1d459d-a8df-4c95-8ae3-5f42251d8a15" />
    <UnitTestResult executionId="bce415cc-b440-4202-8aee-be993436f338" testId="90af8466-2ea2-b30d-8b80-8f3acbcf1032" testName="_2020.Tests.Days.Day15Tests.Part1_pack(testCaseName: &quot;puzzleinput&quot;, expectedResult: &quot;700&quot;, _: &quot;51358&quot;, fileContent: &quot;6,3,15,13,1,0&quot;)" computerName="LAPTOP-35RG0TO8" duration="00:00:00.0003978" startTime="2020-12-22T11:15:04.8161765+01:00" endTime="2020-12-22T11:15:04.8161771+01:00" testType="13cdc9d9-ddb5-4fa4-a97d-d965ccfc6d4b" outcome="Passed" testListId="8c84fa94-04c1-424b-9868-57a2d4851a1d" relativeResultsDirectory="bce415cc-b440-4202-8aee-be993436f338" />
    <UnitTestResult executionId="ecf4c30b-adb5-4dcf-be87-1799f7067d71" testId="844a928f-443a-c27a-8ee8-10b193eadc8b" testName="_2020.Tests.Days.Day7Tests.Part2_Pack(testCaseName: &quot;example2&quot;, _: &quot;&quot;, expectedResult: &quot;126&quot;, fileContent: &quot;shiny gold bags contain 2 dark red bags.\r\ndark r&quot;...)" computerName="LAPTOP-35RG0TO8" duration="00:00:00.0638240" startTime="2020-12-22T11:15:04.8823380+01:00" endTime="2020-12-22T11:15:04.8823386+01:00" testType="13cdc9d9-ddb5-4fa4-a97d-d965ccfc6d4b" outcome="Passed" testListId="8c84fa94-04c1-424b-9868-57a2d4851a1d" relativeResultsDirectory="ecf4c30b-adb5-4dcf-be87-1799f7067d71" />
    <UnitTestResult executionId="cb6e8c0f-a5db-4c51-b21d-b20db5ce3200" testId="2de34128-cf23-033a-0c60-b9a1ffa1dd89" testName="_2020.Tests.Days.Day15Tests.Part1_pack(testCaseName: &quot;example4&quot;, expectedResult: &quot;27&quot;, _: &quot;261214&quot;, fileContent: &quot;1,2,3&quot;)" computerName="LAPTOP-35RG0TO8" duration="00:00:00.0003334" startTime="2020-12-22T11:15:04.8162327+01:00" endTime="2020-12-22T11:15:04.8162331+01:00" testType="13cdc9d9-ddb5-4fa4-a97d-d965ccfc6d4b" outcome="Passed" testListId="8c84fa94-04c1-424b-9868-57a2d4851a1d" relativeResultsDirectory="cb6e8c0f-a5db-4c51-b21d-b20db5ce3200" />
    <UnitTestResult executionId="b571e9f5-294d-4778-8979-01a9a21fa11e" testId="bfaca6be-0b52-deae-c673-4467abedb8b9" testName="_2020.Tests.Days.Day18Tests.Part1_Calculates_AsExpectedResult(testCase: &quot;2 * 3 + (4 * 5)&quot;, expectedResult: 26)" computerName="LAPTOP-35RG0TO8" duration="00:00:00.0037276" startTime="2020-12-22T11:15:04.8687719+01:00" endTime="2020-12-22T11:15:04.8687722+01:00" testType="13cdc9d9-ddb5-4fa4-a97d-d965ccfc6d4b" outcome="Passed" testListId="8c84fa94-04c1-424b-9868-57a2d4851a1d" relativeResultsDirectory="b571e9f5-294d-4778-8979-01a9a21fa11e" />
    <UnitTestResult executionId="c040c063-d812-4d01-8d17-44abb7b78afd" testId="b75d5504-15c9-62e2-7727-b66d1b06fae6" testName="_2020.Tests.Days.Day18Tests.Part2_Calculates_AsExpectedResult(testCase: &quot;5 * 9 * (7 * 3 * 3 + 9 * 3 + (8 + 6 * 4))&quot;, expectedResult: 669060)" computerName="LAPTOP-35RG0TO8" duration="00:00:00.0002229" startTime="2020-12-22T11:15:04.8685491+01:00" endTime="2020-12-22T11:15:04.8685501+01:00" testType="13cdc9d9-ddb5-4fa4-a97d-d965ccfc6d4b" outcome="Passed" testListId="8c84fa94-04c1-424b-9868-57a2d4851a1d" relativeResultsDirectory="c040c063-d812-4d01-8d17-44abb7b78afd" />
    <UnitTestResult executionId="a862d66c-1546-415d-8b6b-fac93decd6cf" testId="04f07e51-e06f-f9ef-687e-27f8f50cd69c" testName="_2020.Tests.Days.Day10Tests.Part1_pack(testCaseName: &quot;example_small&quot;, expectedResult: &quot;12&quot;, _: &quot;4&quot;, fileContent: &quot;3\r\n4\r\n5\r\n8\r\n9\r\n10&quot;)" computerName="LAPTOP-35RG0TO8" duration="00:00:00.0001439" startTime="2020-12-22T11:15:04.8049833+01:00" endTime="2020-12-22T11:15:04.8049836+01:00" testType="13cdc9d9-ddb5-4fa4-a97d-d965ccfc6d4b" outcome="Passed" testListId="8c84fa94-04c1-424b-9868-57a2d4851a1d" relativeResultsDirectory="a862d66c-1546-415d-8b6b-fac93decd6cf" />
    <UnitTestResult executionId="4ea526be-ce75-4567-9081-8f4af0857d7d" testId="7df7f244-2fd3-a955-75ef-80b7d924f8e2" testName="_2020.Tests.Days.Day14Tests.Part2_Pack(testCaseName: &quot;example2&quot;, _: &quot;51&quot;, expectedResult: &quot;208&quot;, fileContent: &quot;mask = 000000000000000000000000000000X1001X\r\nmem&quot;...)" computerName="LAPTOP-35RG0TO8" duration="00:00:00.0000572" startTime="2020-12-22T11:15:05.2368094+01:00" endTime="2020-12-22T11:15:05.2368102+01:00" testType="13cdc9d9-ddb5-4fa4-a97d-d965ccfc6d4b" outcome="Passed" testListId="8c84fa94-04c1-424b-9868-57a2d4851a1d" relativeResultsDirectory="4ea526be-ce75-4567-9081-8f4af0857d7d" />
    <UnitTestResult executionId="d490c876-8a81-4b0d-9cf7-0b905bfe77e0" testId="9fcb3a2b-27f0-5f22-0206-56c0549b9a84" testName="_2020.Tests.Days.Day6Tests.Part2_Pack(testCaseName: &quot;example1&quot;, _: &quot;11&quot;, expectedResult: &quot;6&quot;, fileContent: &quot;abc\r\n\r\na\r\nb\r\nc\r\n\r\nab\r\nac\r\n\r\na\r\&quot;...)" computerName="LAPTOP-35RG0TO8" duration="00:00:00.0204529" startTime="2020-12-22T11:15:04.8821788+01:00" endTime="2020-12-22T11:15:04.8821793+01:00" testType="13cdc9d9-ddb5-4fa4-a97d-d965ccfc6d4b" outcome="Passed" testListId="8c84fa94-04c1-424b-9868-57a2d4851a1d" relativeResultsDirectory="d490c876-8a81-4b0d-9cf7-0b905bfe77e0" />
    <UnitTestResult executionId="b966940a-baf9-4a77-9cd3-f7c9bccbde08" testId="3313912d-5a78-642f-b1f1-ec6ce77d37ce" testName="_2020.Tests.Days.Day18Tests.Part1_Calculates_AsExpectedResult(testCase: &quot;((2 + 4 * 9) * (6 + 9 * 8 + 6) + 6) + 2 + 4 * 2&quot;, expectedResult: 13632)" computerName="LAPTOP-35RG0TO8" duration="00:00:00.0003030" startTime="2020-12-22T11:15:04.8689140+01:00" endTime="2020-12-22T11:15:04.8689143+01:00" testType="13cdc9d9-ddb5-4fa4-a97d-d965ccfc6d4b" outcome="Passed" testListId="8c84fa94-04c1-424b-9868-57a2d4851a1d" relativeResultsDirectory="b966940a-baf9-4a77-9cd3-f7c9bccbde08" />
    <UnitTestResult executionId="ada88eb0-2605-465d-aae1-45e2dfc87c5b" testId="90e894cc-e9f5-0b66-7327-41b15f453ed9" testName="_2020.Tests.Days.Day17Tests.Part1_pack(testCaseName: &quot;example1&quot;, expectedResult: &quot;112&quot;, _: &quot;848&quot;, fileContent: &quot;.#.\r\n..#\r\n###&quot;)" computerName="LAPTOP-35RG0TO8" duration="00:00:00.0233068" startTime="2020-12-22T11:15:25.6841656+01:00" endTime="2020-12-22T11:15:25.6841739+01:00" testType="13cdc9d9-ddb5-4fa4-a97d-d965ccfc6d4b" outcome="Passed" testListId="8c84fa94-04c1-424b-9868-57a2d4851a1d" relativeResultsDirectory="ada88eb0-2605-465d-aae1-45e2dfc87c5b" />
    <UnitTestResult executionId="b47aaee9-93b2-49e9-918b-e73cdc7785f4" testId="2cc010d6-e101-5b64-2847-d92eb3aca667" testName="_2020.Tests.Days.Day10Tests.Part2_Pack(testCaseName: &quot;puzzleinput&quot;, _: &quot;2059&quot;, expectedResult: &quot;86812553324672&quot;, fileContent: &quot;77\r\n58\r\n25\r\n92\r\n14\r\n154\r\n105\r\n112\r\&quot;...)" computerName="LAPTOP-35RG0TO8" duration="00:00:00.0001036" startTime="2020-12-22T11:15:04.8434108+01:00" endTime="2020-12-22T11:15:04.8434119+01:00" testType="13cdc9d9-ddb5-4fa4-a97d-d965ccfc6d4b" outcome="Passed" testListId="8c84fa94-04c1-424b-9868-57a2d4851a1d" relativeResultsDirectory="b47aaee9-93b2-49e9-918b-e73cdc7785f4" />
    <UnitTestResult executionId="dca35663-63ce-4c62-8394-4640551bf073" testId="159d3ea9-44fc-4aaa-9da0-18c06a48805e" testName="_2020.Tests.Days.Day4Tests.Part2_Pack(testCaseName: &quot;valid&quot;, _: &quot;4&quot;, expectedResult: &quot;4&quot;, fileContent: &quot;pid:087499704 hgt:74in ecl:grn iyr:2012 eyr:2030 b&quot;...)" computerName="LAPTOP-35RG0TO8" duration="00:00:00.0079281" startTime="2020-12-22T11:15:04.8568963+01:00" endTime="2020-12-22T11:15:04.8568965+01:00" testType="13cdc9d9-ddb5-4fa4-a97d-d965ccfc6d4b" outcome="Passed" testListId="8c84fa94-04c1-424b-9868-57a2d4851a1d" relativeResultsDirectory="dca35663-63ce-4c62-8394-4640551bf073" />
    <UnitTestResult executionId="c1c4403f-8e47-4bc7-80d1-ec41dbdd5ff6" testId="56b8ecc6-4451-516f-e6ef-1f4a55f10fe8" testName="_2020.Tests.Days.Day13Tests.Part2_Pack(testCaseName: &quot;example1&quot;, _: &quot;295&quot;, expectedResult: &quot;1068781&quot;, fileContent: &quot;939\r\n7,13,x,x,59,x,31,19&quot;)" computerName="LAPTOP-35RG0TO8" duration="00:00:00.0001486" startTime="2020-12-22T11:15:04.8198257+01:00" endTime="2020-12-22T11:15:04.8198260+01:00" testType="13cdc9d9-ddb5-4fa4-a97d-d965ccfc6d4b" outcome="Passed" testListId="8c84fa94-04c1-424b-9868-57a2d4851a1d" relativeResultsDirectory="c1c4403f-8e47-4bc7-80d1-ec41dbdd5ff6" />
    <UnitTestResult executionId="b97ab555-e0ab-40e8-824c-a253a2454d4c" testId="2c83aeec-41f1-c9e6-9c5b-7d5ecf29ccdd" testName="_2020.Tests.Days.Day15Tests.Part1_pack(testCaseName: &quot;example1&quot;, expectedResult: &quot;436&quot;, _: &quot;175594&quot;, fileContent: &quot;0,3,6&quot;)" computerName="LAPTOP-35RG0TO8" duration="00:00:00.0003621" startTime="2020-12-22T11:15:04.8124872+01:00" endTime="2020-12-22T11:15:04.8124877+01:00" testType="13cdc9d9-ddb5-4fa4-a97d-d965ccfc6d4b" outcome="Passed" testListId="8c84fa94-04c1-424b-9868-57a2d4851a1d" relativeResultsDirectory="b97ab555-e0ab-40e8-824c-a253a2454d4c" />
    <UnitTestResult executionId="9face0a3-bd5b-444a-82b6-3269d90ac0b7" testId="36215da0-52f5-a57a-5cb4-ff033b29d94a" testName="_2020.Tests.Days.Day16Tests.Part2_Pack(testCaseName: &quot;puzzleinput&quot;, _: &quot;20060&quot;, expectedResult: &quot;1213906609901&quot;, fileContent: &quot;departure location: 37-594 or 615-952\r\ndeparture&quot;...)" computerName="LAPTOP-35RG0TO8" duration="00:00:00.0071225" startTime="2020-12-22T11:15:04.9058710+01:00" endTime="2020-12-22T11:15:04.9058717+01:00" testType="13cdc9d9-ddb5-4fa4-a97d-d965ccfc6d4b" outcome="Passed" testListId="8c84fa94-04c1-424b-9868-57a2d4851a1d" relativeResultsDirectory="9face0a3-bd5b-444a-82b6-3269d90ac0b7" />
    <UnitTestResult executionId="c79ca68b-9b4d-46cf-9bf4-3fa337cac624" testId="136cf6b3-49e2-8bb0-486f-d1f9a3983f12" testName="_2020.Tests.Days.Day3Tests.Part1_case2(fileContent: &quot;...\r\n#..&quot;)" computerName="LAPTOP-35RG0TO8" duration="00:00:00.0067816" startTime="2020-12-22T11:15:04.8049224+01:00" endTime="2020-12-22T11:15:04.8049229+01:00" testType="13cdc9d9-ddb5-4fa4-a97d-d965ccfc6d4b" outcome="Passed" testListId="8c84fa94-04c1-424b-9868-57a2d4851a1d" relativeResultsDirectory="c79ca68b-9b4d-46cf-9bf4-3fa337cac624">
      <Output>
        <StdOut>answer for part 1 is: 1</StdOut>
      </Output>
    </UnitTestResult>
    <UnitTestResult executionId="b8776f3d-f1f0-4811-b5d0-7d288ed0fa3a" testId="16df4b72-a1be-7d8a-175c-1e6c5237fc4e" testName="_2020.Tests.Days.Day14Tests.Part1_pack(testCaseName: &quot;example1&quot;, expectedResult: &quot;165&quot;, _: &quot;&quot;, fileContent: &quot;mask = XXXXXXXXXXXXXXXXXXXXXXXXXXXXX1XXXX0X\r\nmem&quot;...)" computerName="LAPTOP-35RG0TO8" duration="00:00:00.0000401" startTime="2020-12-22T11:15:04.7945199+01:00" endTime="2020-12-22T11:15:04.7945205+01:00" testType="13cdc9d9-ddb5-4fa4-a97d-d965ccfc6d4b" outcome="Passed" testListId="8c84fa94-04c1-424b-9868-57a2d4851a1d" relativeResultsDirectory="b8776f3d-f1f0-4811-b5d0-7d288ed0fa3a" />
    <UnitTestResult executionId="d7a9fdf4-956a-45d9-870d-a70748ea90ad" testId="ef12b05a-db9c-a4d1-6bf6-f50fcc998ceb" testName="_2020.Tests.Days.Day15Tests.Part1_pack(testCaseName: &quot;example6&quot;, expectedResult: &quot;438&quot;, _: &quot;18&quot;, fileContent: &quot;3,2,1&quot;)" computerName="LAPTOP-35RG0TO8" duration="00:00:00.0003058" startTime="2020-12-22T11:15:04.8047350+01:00" endTime="2020-12-22T11:15:04.8047353+01:00" testType="13cdc9d9-ddb5-4fa4-a97d-d965ccfc6d4b" outcome="Passed" testListId="8c84fa94-04c1-424b-9868-57a2d4851a1d" relativeResultsDirectory="d7a9fdf4-956a-45d9-870d-a70748ea90ad" />
    <UnitTestResult executionId="731def8d-6ed3-41f5-9eb9-2b135dde22cf" testId="3e8c6d43-8d09-84bb-a295-43059662202b" testName="_2020.Tests.Days.Day15Tests.Part1_pack(testCaseName: &quot;example7&quot;, expectedResult: &quot;1836&quot;, _: &quot;362&quot;, fileContent: &quot;3,1,2&quot;)" computerName="LAPTOP-35RG0TO8" duration="00:00:00.0015584" startTime="2020-12-22T11:15:04.8080048+01:00" endTime="2020-12-22T11:15:04.8080051+01:00" testType="13cdc9d9-ddb5-4fa4-a97d-d965ccfc6d4b" outcome="Passed" testListId="8c84fa94-04c1-424b-9868-57a2d4851a1d" relativeResultsDirectory="731def8d-6ed3-41f5-9eb9-2b135dde22cf" />
    <UnitTestResult executionId="ef5ba4da-cfda-4b83-8f21-cd3d9c87c758" testId="f628c761-3433-71e0-dc9a-7aeaf5162951" testName="_2020.Tests.Days.Day18Tests.Part2_Calculates_AsExpectedResult(testCase: &quot;1 + (2 * 3) + (4 * (5 + 6))&quot;, expectedResult: 51)" computerName="LAPTOP-35RG0TO8" duration="00:00:00.0261671" startTime="2020-12-22T11:15:04.8568459+01:00" endTime="2020-12-22T11:15:04.8568461+01:00" testType="13cdc9d9-ddb5-4fa4-a97d-d965ccfc6d4b" outcome="Passed" testListId="8c84fa94-04c1-424b-9868-57a2d4851a1d" relativeResultsDirectory="ef5ba4da-cfda-4b83-8f21-cd3d9c87c758" />
    <UnitTestResult executionId="2f2a9671-15cc-46df-9322-bdd6bcee3ca8" testId="9c6adfa0-dd3c-9e72-a127-4e1805362479" testName="_2020.Tests.Days.Day14Tests.Part1_pack(testCaseName: &quot;puzzleinput&quot;, expectedResult: &quot;13496669152158&quot;, _: &quot;3278997609887&quot;, fileContent: &quot;mask = 01111X0011X11110XX11X110111001X00001\r\nmem&quot;...)" computerName="LAPTOP-35RG0TO8" duration="00:00:00.0227409" startTime="2020-12-22T11:15:04.7530676+01:00" endTime="2020-12-22T11:15:04.7530679+01:00" testType="13cdc9d9-ddb5-4fa4-a97d-d965ccfc6d4b" outcome="Passed" testListId="8c84fa94-04c1-424b-9868-57a2d4851a1d" relativeResultsDirectory="2f2a9671-15cc-46df-9322-bdd6bcee3ca8" />
    <UnitTestResult executionId="e8cfbf80-33ff-4827-ab0a-b793dbffcecc" testId="0ae8165c-5db8-2151-c07c-655806764c15" testName="_2020.Tests.Days.Day6Tests.Part2_Pack(testCaseName: &quot;puzzleinput&quot;, _: &quot;6551&quot;, expectedResult: &quot;3358&quot;, fileContent: &quot;nvlyak\r\nnyvha\r\nyaen\r\nqynia\r\n\r\nkend\r\nen&quot;...)" computerName="LAPTOP-35RG0TO8" duration="00:00:00.0066604" startTime="2020-12-22T11:15:04.8822391+01:00" endTime="2020-12-22T11:15:04.8822395+01:00" testType="13cdc9d9-ddb5-4fa4-a97d-d965ccfc6d4b" outcome="Passed" testListId="8c84fa94-04c1-424b-9868-57a2d4851a1d" relativeResultsDirectory="e8cfbf80-33ff-4827-ab0a-b793dbffcecc" />
    <UnitTestResult executionId="8bb7909a-beb7-49b4-9b70-ffa277a3a4e9" testId="59db20d0-347c-a453-444e-683e23e9a040" testName="_2020.Tests.Days.Day15Tests.Part1_pack(testCaseName: &quot;example5&quot;, expectedResult: &quot;78&quot;, _: &quot;6895259&quot;, fileContent: &quot;2,3,1&quot;)" computerName="LAPTOP-35RG0TO8" duration="00:00:00.0004981" startTime="2020-12-22T11:15:04.8124208+01:00" endTime="2020-12-22T11:15:04.8124227+01:00" testType="13cdc9d9-ddb5-4fa4-a97d-d965ccfc6d4b" outcome="Passed" testListId="8c84fa94-04c1-424b-9868-57a2d4851a1d" relativeResultsDirectory="8bb7909a-beb7-49b4-9b70-ffa277a3a4e9" />
    <UnitTestResult executionId="c1e935a6-fa1f-46a3-ab32-217b1fefcc65" testId="1f5e50cb-54fd-2c1d-5c96-c69e9c09c257" testName="_2020.Tests.Days.Day15Tests.Part2_Pack(testCaseName: &quot;puzzleinput&quot;, _: &quot;700&quot;, expectedResult: &quot;51358&quot;, fileContent: &quot;6,3,15,13,1,0&quot;)" computerName="LAPTOP-35RG0TO8" duration="00:00:03.7533496" startTime="2020-12-22T11:15:41.1800938+01:00" endTime="2020-12-22T11:15:41.1801014+01:00" testType="13cdc9d9-ddb5-4fa4-a97d-d965ccfc6d4b" outcome="Passed" testListId="8c84fa94-04c1-424b-9868-57a2d4851a1d" relativeResultsDirectory="c1e935a6-fa1f-46a3-ab32-217b1fefcc65" />
    <UnitTestResult executionId="5d15a368-4f60-4254-bc9e-a4b26707a794" testId="080b3b6b-2753-c9a6-9f1e-0b651fcd9c49" testName="_2020.Tests.Days.Day18Tests.Part2_Pack(testCaseName: &quot;puzzleinput&quot;, _: &quot;3885386961962&quot;, expectedResult: &quot;112899558798666&quot;, fileContent: &quot;2 + (2 + 6 * (4 * 5 * 8 * 7) + 3) * (9 + (4 * 3 * &quot;...)" computerName="LAPTOP-35RG0TO8" duration="00:00:00.0812649" startTime="2020-12-22T11:15:05.1985932+01:00" endTime="2020-12-22T11:15:05.1985953+01:00" testType="13cdc9d9-ddb5-4fa4-a97d-d965ccfc6d4b" outcome="Passed" testListId="8c84fa94-04c1-424b-9868-57a2d4851a1d" relativeResultsDirectory="5d15a368-4f60-4254-bc9e-a4b26707a794" />
    <UnitTestResult executionId="d33b98e5-ec7e-49a7-afc0-685f6a0eeb47" testId="de8b5722-7c80-d4eb-b97c-ebe57717fb6c" testName="_2020.Tests.Days.Day5Tests.Part1_pack(testCaseName: &quot;example1&quot;, expectedResult: &quot;820&quot;, _: &quot;&quot;, fileContent: &quot;BFFFBBFRRR\r\nFFFBBBFRRR\r\nBBFFBBFRLL&quot;)" computerName="LAPTOP-35RG0TO8" duration="00:00:00.0000459" startTime="2020-12-22T11:15:04.7937838+01:00" endTime="2020-12-22T11:15:04.7937860+01:00" testType="13cdc9d9-ddb5-4fa4-a97d-d965ccfc6d4b" outcome="Passed" testListId="8c84fa94-04c1-424b-9868-57a2d4851a1d" relativeResultsDirectory="d33b98e5-ec7e-49a7-afc0-685f6a0eeb47" />
    <UnitTestResult executionId="0166e1e4-8c3d-4453-9b51-08b629d4bd6a" testId="21cf7987-0bbe-7998-2a6a-b62be16638fd" testName="_2020.Tests.Days.Day16Tests.Part2_Pack(testCaseName: &quot;example2&quot;, _: &quot;0&quot;, expectedResult: &quot;1716&quot;, fileContent: &quot;departure class: 0-1 or 4-19\r\ndeparture row: 0-5&quot;...)" computerName="LAPTOP-35RG0TO8" duration="00:00:00.0389816" startTime="2020-12-22T11:15:04.9056112+01:00" endTime="2020-12-22T11:15:04.9056119+01:00" testType="13cdc9d9-ddb5-4fa4-a97d-d965ccfc6d4b" outcome="Passed" testListId="8c84fa94-04c1-424b-9868-57a2d4851a1d" relativeResultsDirectory="0166e1e4-8c3d-4453-9b51-08b629d4bd6a" />
    <UnitTestResult executionId="b325966f-9feb-4e50-9fe9-b63cbd5d05eb" testId="334e5607-9cdb-e672-5c7f-406da37d6d7e" testName="_2020.Tests.Days.Day18Tests.Part1_Calculates_AsExpectedResult(testCase: &quot;5 + (8 * 3 + 9 + 3 * 4 * 3)&quot;, expectedResult: 437)" computerName="LAPTOP-35RG0TO8" duration="00:00:00.0001375" startTime="2020-12-22T11:15:04.8689623+01:00" endTime="2020-12-22T11:15:04.8689625+01:00" testType="13cdc9d9-ddb5-4fa4-a97d-d965ccfc6d4b" outcome="Passed" testListId="8c84fa94-04c1-424b-9868-57a2d4851a1d" relativeResultsDirectory="b325966f-9feb-4e50-9fe9-b63cbd5d05eb" />
    <UnitTestResult executionId="a24e0c12-c6f0-40ce-aa79-ec74735480ce" testId="32ed6bd8-e0af-dd5c-7f74-96ea03b7cf74" testName="_2020.Tests.Days.Day11Tests.Part2_Pack(testCaseName: &quot;example1&quot;, _: &quot;37&quot;, expectedResult: &quot;26&quot;, fileContent: &quot;L.LL.LL.LL\r\nLLLLLLL.LL\r\nL.L.L..L..\r\nLLLL.LL.&quot;...)" computerName="LAPTOP-35RG0TO8" duration="00:00:00.0362795" startTime="2020-12-22T11:15:04.8078657+01:00" endTime="2020-12-22T11:15:04.8078660+01:00" testType="13cdc9d9-ddb5-4fa4-a97d-d965ccfc6d4b" outcome="Passed" testListId="8c84fa94-04c1-424b-9868-57a2d4851a1d" relativeResultsDirectory="a24e0c12-c6f0-40ce-aa79-ec74735480ce" />
    <UnitTestResult executionId="3e149625-a2d2-4356-bef6-9b760b7e955b" testId="c1bf15e1-6fa1-858b-9ba8-a53ccc8ed266" testName="_2020.Tests.Days.Day18Tests.Part2_Calculates_AsExpectedResult(testCase: &quot;((2 + 4 * 9) * (6 + 9 * 8 + 6) + 6) + 2 + 4 * 2&quot;, expectedResult: 23340)" computerName="LAPTOP-35RG0TO8" duration="00:00:00.0002851" startTime="2020-12-22T11:15:04.8686146+01:00" endTime="2020-12-22T11:15:04.8686149+01:00" testType="13cdc9d9-ddb5-4fa4-a97d-d965ccfc6d4b" outcome="Passed" testListId="8c84fa94-04c1-424b-9868-57a2d4851a1d" relativeResultsDirectory="3e149625-a2d2-4356-bef6-9b760b7e955b" />
    <UnitTestResult executionId="4aaacdbc-a29c-4a85-bd56-8f06b41d5311" testId="9d63c5ca-cd81-dfa2-45c3-bef99b47c927" testName="_2020.Tests.Days.Day3Tests.Part2_TC3(fileContent: &quot;..##.......\r\n#...#...#..\r\n.#....#..#.\r\n..#.#&quot;...)" computerName="LAPTOP-35RG0TO8" duration="00:00:00.0007232" startTime="2020-12-22T11:15:04.8471730+01:00" endTime="2020-12-22T11:15:04.8471736+01:00" testType="13cdc9d9-ddb5-4fa4-a97d-d965ccfc6d4b" outcome="Passed" testListId="8c84fa94-04c1-424b-9868-57a2d4851a1d" relativeResultsDirectory="4aaacdbc-a29c-4a85-bd56-8f06b41d5311" />
    <UnitTestResult executionId="c6380a55-f8a0-436b-a6d9-d5e237e8cc0f" testId="8bad9a6e-64b2-6364-8b28-5b3c61b85444" testName="_2020.Tests.Days.Day19Tests.Part2_Pack(testCaseName: &quot;example2&quot;, _: &quot;3&quot;, expectedResult: &quot;12&quot;, fileContent: &quot;42: 9 14 | 10 1\r\n9: 14 27 | 1 26\r\n10: 23 14 | &quot;...)" computerName="LAPTOP-35RG0TO8" duration="00:00:00.0124259" startTime="2020-12-22T11:15:05.0852150+01:00" endTime="2020-12-22T11:15:05.0852179+01:00" testType="13cdc9d9-ddb5-4fa4-a97d-d965ccfc6d4b" outcome="Passed" testListId="8c84fa94-04c1-424b-9868-57a2d4851a1d" relativeResultsDirectory="c6380a55-f8a0-436b-a6d9-d5e237e8cc0f" />
    <UnitTestResult executionId="e9c7e2c1-924b-4aaa-b4d4-6dafaba1e4a3" testId="ec7478bc-4a20-3d74-98c7-efac9e3c0b10" testName="_2020.Tests.Days.Day18Tests.Part1_Calculates_AsExpectedResult(testCase: &quot;5 * 9 * (7 * 3 * 3 + 9 * 3 + (8 + 6 * 4))&quot;, expectedResult: 12240)" computerName="LAPTOP-35RG0TO8" duration="00:00:00.0002624" startTime="2020-12-22T11:15:04.8688196+01:00" endTime="2020-12-22T11:15:04.8688199+01:00" testType="13cdc9d9-ddb5-4fa4-a97d-d965ccfc6d4b" outcome="Passed" testListId="8c84fa94-04c1-424b-9868-57a2d4851a1d" relativeResultsDirectory="e9c7e2c1-924b-4aaa-b4d4-6dafaba1e4a3" />
    <UnitTestResult executionId="5bfa9373-dcce-4c33-94d3-f2bc9b59d043" testId="db94a0d2-a22c-8314-89a3-1a38e815913a" testName="_2020.Tests.Days.Day1Tests.Part2(lines: &quot;1753\r\n1976\r\n1574\r\n308\r\n1384\r\n1191\r\n173&quot;...)" computerName="LAPTOP-35RG0TO8" duration="00:00:00.0170695" startTime="2020-12-22T11:15:04.7222926+01:00" endTime="2020-12-22T11:15:04.7278176+01:00" testType="13cdc9d9-ddb5-4fa4-a97d-d965ccfc6d4b" outcome="Passed" testListId="8c84fa94-04c1-424b-9868-57a2d4851a1d" relativeResultsDirectory="5bfa9373-dcce-4c33-94d3-f2bc9b59d043" />
    <UnitTestResult executionId="09f2615b-fe09-4a6b-910e-3e751c4c8cca" testId="2aa3cc9c-1e67-63fe-0e48-b59a2268710d" testName="_2020.Tests.Days.Day15Tests.Part1_pack(testCaseName: &quot;example3&quot;, expectedResult: &quot;10&quot;, _: &quot;3544142&quot;, fileContent: &quot;2,1,3&quot;)" computerName="LAPTOP-35RG0TO8" duration="00:00:00.0003131" startTime="2020-12-22T11:15:04.8196186+01:00" endTime="2020-12-22T11:15:04.8196198+01:00" testType="13cdc9d9-ddb5-4fa4-a97d-d965ccfc6d4b" outcome="Passed" testListId="8c84fa94-04c1-424b-9868-57a2d4851a1d" relativeResultsDirectory="09f2615b-fe09-4a6b-910e-3e751c4c8cca" />
    <UnitTestResult executionId="6bb1a455-00ac-441a-95e6-096f973db70d" testId="b2758025-0ea6-8920-1ed3-b47e23fd5591" testName="_2020.Tests.Days.Day10Tests.Part2_Pack(testCaseName: &quot;example1&quot;, _: &quot;35&quot;, expectedResult: &quot;8&quot;, fileContent: &quot;16\r\n10\r\n15\r\n5\r\n1\r\n11\r\n7\r\n19\r\n6\r\n&quot;...)" computerName="LAPTOP-35RG0TO8" duration="00:00:00.0101172" startTime="2020-12-22T11:15:04.8198854+01:00" endTime="2020-12-22T11:15:04.8198856+01:00" testType="13cdc9d9-ddb5-4fa4-a97d-d965ccfc6d4b" outcome="Passed" testListId="8c84fa94-04c1-424b-9868-57a2d4851a1d" relativeResultsDirectory="6bb1a455-00ac-441a-95e6-096f973db70d" />
    <UnitTestResult executionId="862a5be8-e053-402a-b9e9-41f6e07ffc9d" testId="0a2c2f88-73a7-a432-398b-2f86564fd773" testName="_2020.Tests.Days.Day13Tests.Part1_pack(testCaseName: &quot;example1&quot;, expectedResult: &quot;295&quot;, _: &quot;1068781&quot;, fileContent: &quot;939\r\n7,13,x,x,59,x,31,19&quot;)" computerName="LAPTOP-35RG0TO8" duration="00:00:00.0000559" startTime="2020-12-22T11:15:04.8567029+01:00" endTime="2020-12-22T11:15:04.8567031+01:00" testType="13cdc9d9-ddb5-4fa4-a97d-d965ccfc6d4b" outcome="Passed" testListId="8c84fa94-04c1-424b-9868-57a2d4851a1d" relativeResultsDirectory="862a5be8-e053-402a-b9e9-41f6e07ffc9d" />
    <UnitTestResult executionId="3a3b0a52-5724-47da-96c9-5ed4cd37dc34" testId="a6bc7069-b162-23bc-232a-4d44be2a9196" testName="_2020.Tests.Days.Day22Tests.Part1_pack(testCaseName: &quot;example&quot;, expectedResult: &quot;306&quot;, _: &quot;&quot;, fileContent: &quot;Player 1:\r\n9\r\n2\r\n6\r\n3\r\n1\r\n\r\nPlayer 2&quot;...)" computerName="LAPTOP-35RG0TO8" duration="00:00:00.0251189" startTime="2020-12-22T11:15:04.8882755+01:00" endTime="2020-12-22T11:15:04.8882760+01:00" testType="13cdc9d9-ddb5-4fa4-a97d-d965ccfc6d4b" outcome="Passed" testListId="8c84fa94-04c1-424b-9868-57a2d4851a1d" relativeResultsDirectory="3a3b0a52-5724-47da-96c9-5ed4cd37dc34" />
    <UnitTestResult executionId="bd9d2949-0a12-4406-aab2-74635ca15990" testId="2457c214-d49a-003d-4e5f-ffc3d1c0b075" testName="_2020.Tests.Days.Day19Tests.Part2_Pack(testCaseName: &quot;puzzleexample&quot;, _: &quot;147&quot;, expectedResult: &quot;263&quot;, fileContent: &quot;90: 86 86\r\n122: 86 1 | 99 20\r\n116: 86 58 | 99 &quot;...)" computerName="LAPTOP-35RG0TO8" duration="00:00:00.2672039" startTime="2020-12-22T11:15:05.0726673+01:00" endTime="2020-12-22T11:15:05.0726696+01:00" testType="13cdc9d9-ddb5-4fa4-a97d-d965ccfc6d4b" outcome="Passed" testListId="8c84fa94-04c1-424b-9868-57a2d4851a1d" relativeResultsDirectory="bd9d2949-0a12-4406-aab2-74635ca15990" />
    <UnitTestResult executionId="2b4f9448-9119-4a68-ad45-d17791fe93b8" testId="4d95249a-c4ec-74a6-909c-c074eed39474" testName="_2020.Tests.Days.Day10Tests.Part1_pack(testCaseName: &quot;example1&quot;, expectedResult: &quot;35&quot;, _: &quot;8&quot;, fileContent: &quot;16\r\n10\r\n15\r\n5\r\n1\r\n11\r\n7\r\n19\r\n6\r\n&quot;...)" computerName="LAPTOP-35RG0TO8" duration="00:00:00.0358637" startTime="2020-12-22T11:15:04.8048013+01:00" endTime="2020-12-22T11:15:04.8048016+01:00" testType="13cdc9d9-ddb5-4fa4-a97d-d965ccfc6d4b" outcome="Passed" testListId="8c84fa94-04c1-424b-9868-57a2d4851a1d" relativeResultsDirectory="2b4f9448-9119-4a68-ad45-d17791fe93b8" />
    <UnitTestResult executionId="482993b1-e372-422d-853e-8359cfaff5dd" testId="02ecd7ab-bcdf-e3ce-73c4-60d49e1f8cf1" testName="_2020.Tests.Days.Day12Tests.Part2_Pack(testCaseName: &quot;example1&quot;, _: &quot;25&quot;, expectedResult: &quot;286&quot;, fileContent: &quot;F10\r\nN3\r\nF7\r\nR90\r\nF11&quot;)" computerName="LAPTOP-35RG0TO8" duration="00:00:00.0000368" startTime="2020-12-22T11:15:04.8473686+01:00" endTime="2020-12-22T11:15:04.8473691+01:00" testType="13cdc9d9-ddb5-4fa4-a97d-d965ccfc6d4b" outcome="Passed" testListId="8c84fa94-04c1-424b-9868-57a2d4851a1d" relativeResultsDirectory="482993b1-e372-422d-853e-8359cfaff5dd" />
    <UnitTestResult executionId="6c188906-472c-4389-903d-ff72b9f71c74" testId="26f20c36-20b3-9005-cb04-ee3276a58fd4" testName="_2020.Tests.Days.Day1Tests.Part1(lines: &quot;1753\r\n1976\r\n1574\r\n308\r\n1384\r\n1191\r\n173&quot;...)" computerName="LAPTOP-35RG0TO8" duration="00:00:00.0072939" startTime="2020-12-22T11:15:04.8079612+01:00" endTime="2020-12-22T11:15:04.8079616+01:00" testType="13cdc9d9-ddb5-4fa4-a97d-d965ccfc6d4b" outcome="Passed" testListId="8c84fa94-04c1-424b-9868-57a2d4851a1d" relativeResultsDirectory="6c188906-472c-4389-903d-ff72b9f71c74">
      <Output>
        <StdOut>answer for part 1 is: 989824</StdOut>
      </Output>
    </UnitTestResult>
    <UnitTestResult executionId="4774e772-19e8-440a-bef8-c9f1199a702f" testId="c8eb35de-3806-7a84-c356-ef8a1ba0e171" testName="_2020.Tests.Days.Day14Tests.Part2_Pack(testCaseName: &quot;puzzleinput&quot;, _: &quot;13496669152158&quot;, expectedResult: &quot;3278997609887&quot;, fileContent: &quot;mask = 01111X0011X11110XX11X110111001X00001\r\nmem&quot;...)" computerName="LAPTOP-35RG0TO8" duration="00:00:00.5167074" startTime="2020-12-22T11:15:05.2367225+01:00" endTime="2020-12-22T11:15:05.2367253+01:00" testType="13cdc9d9-ddb5-4fa4-a97d-d965ccfc6d4b" outcome="Passed" testListId="8c84fa94-04c1-424b-9868-57a2d4851a1d" relativeResultsDirectory="4774e772-19e8-440a-bef8-c9f1199a702f" />
    <UnitTestResult executionId="79a3ce47-75c9-48bc-83fb-fed402838dc7" testId="b73fc7b5-5c4f-ce2b-029f-5099fc932df8" testName="_2020.Tests.Days.Day9Tests.Part1_pack(testCaseName: &quot;puzzleinput&quot;, expectedResult: &quot;41682220&quot;, preamble: &quot;25&quot;, _: &quot;5388976&quot;, fileContent: &quot;23\r\n3\r\n36\r\n14\r\n50\r\n8\r\n2\r\n44\r\n30\r\&quot;...)" computerName="LAPTOP-35RG0TO8" duration="00:00:00.0030940" startTime="2020-12-22T11:15:04.9155306+01:00" endTime="2020-12-22T11:15:04.9155319+01:00" testType="13cdc9d9-ddb5-4fa4-a97d-d965ccfc6d4b" outcome="Passed" testListId="8c84fa94-04c1-424b-9868-57a2d4851a1d" relativeResultsDirectory="79a3ce47-75c9-48bc-83fb-fed402838dc7" />
    <UnitTestResult executionId="e1e55eb1-df44-4de1-bce4-a87af8df3063" testId="02be2eb2-b9b7-27e5-1198-908b3671a59d" testName="_2020.Tests.Days.Day16Tests.Part1_pack(testCaseName: &quot;puzzleinput&quot;, expectedResult: &quot;20060&quot;, _: &quot;1213906609901&quot;, fileContent: &quot;departure location: 37-594 or 615-952\r\ndeparture&quot;...)" computerName="LAPTOP-35RG0TO8" duration="00:00:00.0743843" startTime="2020-12-22T11:15:04.8884247+01:00" endTime="2020-12-22T11:15:04.8884251+01:00" testType="13cdc9d9-ddb5-4fa4-a97d-d965ccfc6d4b" outcome="Passed" testListId="8c84fa94-04c1-424b-9868-57a2d4851a1d" relativeResultsDirectory="e1e55eb1-df44-4de1-bce4-a87af8df3063" />
    <UnitTestResult executionId="41ac3ccf-d38d-4e50-9286-03eaf29e27ab" testId="01c6738e-928f-12e9-002b-a3010d7f109b" testName="_2020.Tests.Days.Day8Tests.Part2_Pack(testCaseName: &quot;puzzleinput&quot;, _: &quot;2051&quot;, expectedResult: &quot;2304&quot;, fileContent: &quot;jmp +583\r\nacc +9\r\njmp +525\r\njmp +302\r\njmp &quot;...)" computerName="LAPTOP-35RG0TO8" duration="00:00:00.0213331" startTime="2020-12-22T11:15:04.8752318+01:00" endTime="2020-12-22T11:15:04.8752320+01:00" testType="13cdc9d9-ddb5-4fa4-a97d-d965ccfc6d4b" outcome="Passed" testListId="8c84fa94-04c1-424b-9868-57a2d4851a1d" relativeResultsDirectory="41ac3ccf-d38d-4e50-9286-03eaf29e27ab" />
    <UnitTestResult executionId="1a77c01e-612a-41a7-b09d-3fb76455c192" testId="ea350fd8-4960-b90d-698c-7f319b46d10e" testName="_2020.Tests.Days.Day11Tests.Part1_pack(testCaseName: &quot;puzzleinput&quot;, expectedResult: &quot;2310&quot;, _: &quot;2074&quot;, fileContent: &quot;LLLLLLLLLL.LLLLLLLL.LLLLLLLLLLLLL.LLLLL.LLLL.LL.L.&quot;...)" computerName="LAPTOP-35RG0TO8" duration="00:00:01.2394165" startTime="2020-12-22T11:15:07.3422942+01:00" endTime="2020-12-22T11:15:07.3423086+01:00" testType="13cdc9d9-ddb5-4fa4-a97d-d965ccfc6d4b" outcome="Passed" testListId="8c84fa94-04c1-424b-9868-57a2d4851a1d" relativeResultsDirectory="1a77c01e-612a-41a7-b09d-3fb76455c192" />
    <UnitTestResult executionId="08b55044-ee8e-4970-ba53-5f9b8c04792f" testId="f0d3000f-be7b-27df-36a0-5c04859590b9" testName="_2020.Tests.Days.Day18Tests.Part1_pack(testCaseName: &quot;puzzleinput&quot;, expectedResult: &quot;3885386961962&quot;, _: &quot;112899558798666&quot;, fileContent: &quot;2 + (2 + 6 * (4 * 5 * 8 * 7) + 3) * (9 + (4 * 3 * &quot;...)" computerName="LAPTOP-35RG0TO8" duration="00:00:00.3388239" startTime="2020-12-22T11:15:05.1172193+01:00" endTime="2020-12-22T11:15:05.1172224+01:00" testType="13cdc9d9-ddb5-4fa4-a97d-d965ccfc6d4b" outcome="Passed" testListId="8c84fa94-04c1-424b-9868-57a2d4851a1d" relativeResultsDirectory="08b55044-ee8e-4970-ba53-5f9b8c04792f" />
    <UnitTestResult executionId="565ed25c-442a-43c9-8d7e-ba94ecb2f96d" testId="7e2b291f-4d36-b74a-6972-5466517a8596" testName="_2020.Tests.Days.Day10Tests.Part2_Pack(testCaseName: &quot;example2&quot;, _: &quot;220&quot;, expectedResult: &quot;19208&quot;, fileContent: &quot;28\r\n33\r\n18\r\n42\r\n31\r\n14\r\n46\r\n20\r\n48&quot;...)" computerName="LAPTOP-35RG0TO8" duration="00:00:00.0000385" startTime="2020-12-22T11:15:04.8434744+01:00" endTime="2020-12-22T11:15:04.8434749+01:00" testType="13cdc9d9-ddb5-4fa4-a97d-d965ccfc6d4b" outcome="Passed" testListId="8c84fa94-04c1-424b-9868-57a2d4851a1d" relativeResultsDirectory="565ed25c-442a-43c9-8d7e-ba94ecb2f96d" />
    <UnitTestResult executionId="defcd386-77cf-4a4a-aa2b-cf52971af313" testId="babf93f6-1c89-9c1d-499b-7212ab41b8fb" testName="_2020.Tests.Days.Day17Tests.Part2_Pack(testCaseName: &quot;example1&quot;, _: &quot;112&quot;, expectedResult: &quot;848&quot;, fileContent: &quot;.#.\r\n..#\r\n###&quot;)" computerName="LAPTOP-35RG0TO8" duration="00:00:05.8295136" startTime="2020-12-22T11:15:10.5200157+01:00" endTime="2020-12-22T11:15:10.5200238+01:00" testType="13cdc9d9-ddb5-4fa4-a97d-d965ccfc6d4b" outcome="Passed" testListId="8c84fa94-04c1-424b-9868-57a2d4851a1d" relativeResultsDirectory="defcd386-77cf-4a4a-aa2b-cf52971af313" />
    <UnitTestResult executionId="00f943b4-2d95-4eb0-a5ba-7873680869eb" testId="5e9fd67a-100d-f0f8-28f8-739d3a791929" testName="_2020.Tests.Days.Day19Tests.Part1_pack(testCaseName: &quot;example2&quot;, expectedResult: &quot;3&quot;, _: &quot;12&quot;, fileContent: &quot;42: 9 14 | 10 1\r\n9: 14 27 | 1 26\r\n10: 23 14 | &quot;...)" computerName="LAPTOP-35RG0TO8" duration="00:00:00.0125447" startTime="2020-12-22T11:15:04.8819049+01:00" endTime="2020-12-22T11:15:04.8819059+01:00" testType="13cdc9d9-ddb5-4fa4-a97d-d965ccfc6d4b" outcome="Passed" testListId="8c84fa94-04c1-424b-9868-57a2d4851a1d" relativeResultsDirectory="00f943b4-2d95-4eb0-a5ba-7873680869eb" />
    <UnitTestResult executionId="4fa71ee8-cc14-4262-9b29-0c462b28ff84" testId="0e0b30c5-6422-25c8-2172-d67c44a7d25d" testName="_2020.Tests.Days.Day10Tests.Part1_pack(testCaseName: &quot;puzzleinput&quot;, expectedResult: &quot;2059&quot;, _: &quot;86812553324672&quot;, fileContent: &quot;77\r\n58\r\n25\r\n92\r\n14\r\n154\r\n105\r\n112\r\&quot;...)" computerName="LAPTOP-35RG0TO8" duration="00:00:00.0000668" startTime="2020-12-22T11:15:04.8077270+01:00" endTime="2020-12-22T11:15:04.8077281+01:00" testType="13cdc9d9-ddb5-4fa4-a97d-d965ccfc6d4b" outcome="Passed" testListId="8c84fa94-04c1-424b-9868-57a2d4851a1d" relativeResultsDirectory="4fa71ee8-cc14-4262-9b29-0c462b28ff84" />
    <UnitTestResult executionId="b77d291f-87cf-403b-9705-2a115da66a2f" testId="43631560-4363-7ae1-1dad-8677710aa43a" testName="_2020.Tests.Days.Day18Tests.Part2_Calculates_AsExpectedResult(testCase: &quot;1 + 2 * 3 + 4 * 5 + 6&quot;, expectedResult: 231)" computerName="LAPTOP-35RG0TO8" duration="00:00:00.0001609" startTime="2020-12-22T11:15:04.8686654+01:00" endTime="2020-12-22T11:15:04.8686657+01:00" testType="13cdc9d9-ddb5-4fa4-a97d-d965ccfc6d4b" outcome="Passed" testListId="8c84fa94-04c1-424b-9868-57a2d4851a1d" relativeResultsDirectory="b77d291f-87cf-403b-9705-2a115da66a2f" />
    <UnitTestResult executionId="c38c320e-55ff-406c-b4b4-8f70f9906c79" testId="bdaba18c-2c59-04ae-e240-7ebf7e7a64fb" testName="_2020.Tests.Days.Day7Tests.Part2_Pack(testCaseName: &quot;puzzleinput&quot;, _: &quot;335&quot;, expectedResult: &quot;2431&quot;, fileContent: &quot;dim silver bags contain 3 posh fuchsia bags.\r\nwa&quot;...)" computerName="LAPTOP-35RG0TO8" duration="00:00:00.0810954" startTime="2020-12-22T11:15:04.9158274+01:00" endTime="2020-12-22T11:15:04.9158278+01:00" testType="13cdc9d9-ddb5-4fa4-a97d-d965ccfc6d4b" outcome="Passed" testListId="8c84fa94-04c1-424b-9868-57a2d4851a1d" relativeResultsDirectory="c38c320e-55ff-406c-b4b4-8f70f9906c79" />
    <UnitTestResult executionId="d90f3ddb-d5de-408a-a7b9-f6fa05aedc18" testId="f6865024-5e66-1a8c-8eaa-13d5eb300007" testName="_2020.Tests.Days.Day6Tests.Part1_pack(testCaseName: &quot;puzzleinput&quot;, expectedResult: &quot;6551&quot;, _: &quot;3358&quot;, fileContent: &quot;nvlyak\r\nnyvha\r\nyaen\r\nqynia\r\n\r\nkend\r\nen&quot;...)" computerName="LAPTOP-35RG0TO8" duration="00:00:00.0246650" startTime="2020-12-22T11:15:04.8886591+01:00" endTime="2020-12-22T11:15:04.8886597+01:00" testType="13cdc9d9-ddb5-4fa4-a97d-d965ccfc6d4b" outcome="Passed" testListId="8c84fa94-04c1-424b-9868-57a2d4851a1d" relativeResultsDirectory="d90f3ddb-d5de-408a-a7b9-f6fa05aedc18" />
    <UnitTestResult executionId="89dc95a9-7dd5-42ef-a345-b6becf3fe10b" testId="6d960990-c3fd-9f28-bdad-0681fd0a7d6b" testName="_2020.Tests.Days.Day15Tests.Part2_Pack(testCaseName: &quot;example3&quot;, _: &quot;10&quot;, expectedResult: &quot;3544142&quot;, fileContent: &quot;2,1,3&quot;)" computerName="LAPTOP-35RG0TO8" duration="00:00:03.7473096" startTime="2020-12-22T11:15:37.4264263+01:00" endTime="2020-12-22T11:15:37.4264319+01:00" testType="13cdc9d9-ddb5-4fa4-a97d-d965ccfc6d4b" outcome="Passed" testListId="8c84fa94-04c1-424b-9868-57a2d4851a1d" relativeResultsDirectory="89dc95a9-7dd5-42ef-a345-b6becf3fe10b" />
    <UnitTestResult executionId="49c7a7f9-fa55-42d4-b768-bff03bee5487" testId="e7fe6284-3fcb-b9cb-9a4e-f74cf392b140" testName="_2020.Tests.Days.Day3Tests.Part1_case3(fileContent: &quot;..##.......\r\n#...#...#..\r\n.#....#..#.\r\n..#.#&quot;...)" computerName="LAPTOP-35RG0TO8" duration="00:00:00.0001721" startTime="2020-12-22T11:15:04.8438703+01:00" endTime="2020-12-22T11:15:04.8438707+01:00" testType="13cdc9d9-ddb5-4fa4-a97d-d965ccfc6d4b" outcome="Passed" testListId="8c84fa94-04c1-424b-9868-57a2d4851a1d" relativeResultsDirectory="49c7a7f9-fa55-42d4-b768-bff03bee5487" />
    <UnitTestResult executionId="ecf26aef-18be-4224-a586-b4e8d232a4dc" testId="0b60d97b-b22a-43f0-3b65-c801f8f15e8d" testName="_2020.Tests.Days.Day9Tests.Part2_Pack(testCaseName: &quot;puzzleinput&quot;, _: &quot;41682220&quot;, preamble: &quot;25&quot;, expectedResult: &quot;5388976&quot;, fileContent: &quot;23\r\n3\r\n36\r\n14\r\n50\r\n8\r\n2\r\n44\r\n30\r\&quot;...)" computerName="LAPTOP-35RG0TO8" duration="00:00:00.0017380" startTime="2020-12-22T11:15:04.9156584+01:00" endTime="2020-12-22T11:15:04.9156588+01:00" testType="13cdc9d9-ddb5-4fa4-a97d-d965ccfc6d4b" outcome="Passed" testListId="8c84fa94-04c1-424b-9868-57a2d4851a1d" relativeResultsDirectory="ecf26aef-18be-4224-a586-b4e8d232a4dc" />
    <UnitTestResult executionId="52660fd3-a7f1-4380-bb39-b270c593b91b" testId="b27c9020-e789-a65d-c36f-5611503fe0b7" testName="_2020.Tests.Days.Day8Tests.Part1_pack(testCaseName: &quot;puzzleinput&quot;, expectedResult: &quot;2051&quot;, _: &quot;2304&quot;, fileContent: &quot;jmp +583\r\nacc +9\r\njmp +525\r\njmp +302\r\njmp &quot;...)" computerName="LAPTOP-35RG0TO8" duration="00:00:00.0059914" startTime="2020-12-22T11:15:04.8753594+01:00" endTime="2020-12-22T11:15:04.8753597+01:00" testType="13cdc9d9-ddb5-4fa4-a97d-d965ccfc6d4b" outcome="Passed" testListId="8c84fa94-04c1-424b-9868-57a2d4851a1d" relativeResultsDirectory="52660fd3-a7f1-4380-bb39-b270c593b91b" />
    <UnitTestResult executionId="52206a60-e3a8-42f0-aa23-a23807790293" testId="efa601cc-54d7-c236-5a09-1fc8039d2d61" testName="_2020.Tests.Days.Day21Tests.Part1_pack(testCaseName: &quot;example&quot;, expectedResult: &quot;5&quot;, _: &quot;mxmxvkd,sqjhc,fvjkl&quot;, fileContent: &quot;mxmxvkd kfcds sqjhc nhms (contains dairy, fish)\r\&quot;...)" computerName="LAPTOP-35RG0TO8" duration="00:00:00.0001073" startTime="2020-12-22T11:15:04.9058133+01:00" endTime="2020-12-22T11:15:04.9058135+01:00" testType="13cdc9d9-ddb5-4fa4-a97d-d965ccfc6d4b" outcome="Passed" testListId="8c84fa94-04c1-424b-9868-57a2d4851a1d" relativeResultsDirectory="52206a60-e3a8-42f0-aa23-a23807790293" />
    <UnitTestResult executionId="5a636ffd-6f55-4887-9818-89d4a060df11" testId="5670067d-1cf3-a96b-1c13-3fd4f02d341b" testName="_2020.Tests.Days.Day5Tests.Part2_Pack(testCaseName: &quot;mydata&quot;, _: &quot;998&quot;, expectedResult: &quot;676&quot;, fileContent: &quot;BFBBBBBLLR\r\nBBFFBBFRRL\r\nFBFBFFFRRL\r\nBBFFFBFR&quot;...)" computerName="LAPTOP-35RG0TO8" duration="00:00:00.0155893" startTime="2020-12-22T11:15:04.8197356+01:00" endTime="2020-12-22T11:15:04.8197360+01:00" testType="13cdc9d9-ddb5-4fa4-a97d-d965ccfc6d4b" outcome="Passed" testListId="8c84fa94-04c1-424b-9868-57a2d4851a1d" relativeResultsDirectory="5a636ffd-6f55-4887-9818-89d4a060df11" />
    <UnitTestResult executionId="e545826a-f2df-4f70-9881-8bacfcb342b1" testId="fc6461b5-e450-3964-c0c6-8dde33d0fbf9" testName="_2020.Tests.Days.Day4Tests.Part1Example(fileContent: &quot;ecl:gry pid:860033327 eyr:2020 hcl:#fffffd\r\nbyr:&quot;...)" computerName="LAPTOP-35RG0TO8" duration="00:00:00.0078581" startTime="2020-12-22T11:15:04.8751658+01:00" endTime="2020-12-22T11:15:04.8751661+01:00" testType="13cdc9d9-ddb5-4fa4-a97d-d965ccfc6d4b" outcome="Passed" testListId="8c84fa94-04c1-424b-9868-57a2d4851a1d" relativeResultsDirectory="e545826a-f2df-4f70-9881-8bacfcb342b1">
      <Output>
        <StdOut>answer for part 1 is: 2</StdOut>
      </Output>
    </UnitTestResult>
    <UnitTestResult executionId="5bfab816-ced7-4374-9e82-83eba7e2290a" testId="d07cd30b-d230-d13b-93e4-5f93de4f56b2" testName="_2020.Tests.Days.Day12Tests.Part1_pack(testCaseName: &quot;example1&quot;, expectedResult: &quot;25&quot;, _: &quot;286&quot;, fileContent: &quot;F10\r\nN3\r\nF7\r\nR90\r\nF11&quot;)" computerName="LAPTOP-35RG0TO8" duration="00:00:00.0009245" startTime="2020-12-22T11:15:04.8474445+01:00" endTime="2020-12-22T11:15:04.8474450+01:00" testType="13cdc9d9-ddb5-4fa4-a97d-d965ccfc6d4b" outcome="Passed" testListId="8c84fa94-04c1-424b-9868-57a2d4851a1d" relativeResultsDirectory="5bfab816-ced7-4374-9e82-83eba7e2290a" />
    <UnitTestResult executionId="6d08e4c7-1297-43c4-ba25-26ebe91bc237" testId="ac5db98b-95ab-8428-6c0e-9c3d2b01381d" testName="_2020.Tests.Days.Day19Tests.Part1_pack(testCaseName: &quot;example&quot;, expectedResult: &quot;2&quot;, _: &quot;2&quot;, fileContent: &quot;0: 4 1 5\r\n1: 2 3 | 3 2\r\n2: 4 4 | 5 5\r\n3: 4 5&quot;...)" computerName="LAPTOP-35RG0TO8" duration="00:00:00.0002802" startTime="2020-12-22T11:15:04.8819824+01:00" endTime="2020-12-22T11:15:04.8819830+01:00" testType="13cdc9d9-ddb5-4fa4-a97d-d965ccfc6d4b" outcome="Passed" testListId="8c84fa94-04c1-424b-9868-57a2d4851a1d" relativeResultsDirectory="6d08e4c7-1297-43c4-ba25-26ebe91bc237" />
    <UnitTestResult executionId="46e3fca3-29ab-461e-aed2-411cf19ad712" testId="ac7e7db2-01de-f348-0757-1a5540553b98" testName="_2020.Tests.Days.Day15Tests.Part2_Pack(testCaseName: &quot;example5&quot;, _: &quot;78&quot;, expectedResult: &quot;6895259&quot;, fileContent: &quot;2,3,1&quot;)" computerName="LAPTOP-35RG0TO8" duration="00:00:05.0642554" startTime="2020-12-22T11:15:26.0847892+01:00" endTime="2020-12-22T11:15:26.0847958+01:00" testType="13cdc9d9-ddb5-4fa4-a97d-d965ccfc6d4b" outcome="Passed" testListId="8c84fa94-04c1-424b-9868-57a2d4851a1d" relativeResultsDirectory="46e3fca3-29ab-461e-aed2-411cf19ad712" />
    <UnitTestResult executionId="cefbbfe9-f773-40c8-a734-41954884e922" testId="160b6563-2105-ca70-48f4-f9c0ddc5ea76" testName="_2020.Tests.Days.Day19Tests.Part1_pack(testCaseName: &quot;puzzleexample&quot;, expectedResult: &quot;147&quot;, _: &quot;263&quot;, fileContent: &quot;90: 86 86\r\n122: 86 1 | 99 20\r\n116: 86 58 | 99 &quot;...)" computerName="LAPTOP-35RG0TO8" duration="00:00:00.1015648" startTime="2020-12-22T11:15:04.8755265+01:00" endTime="2020-12-22T11:15:04.8755268+01:00" testType="13cdc9d9-ddb5-4fa4-a97d-d965ccfc6d4b" outcome="Passed" testListId="8c84fa94-04c1-424b-9868-57a2d4851a1d" relativeResultsDirectory="cefbbfe9-f773-40c8-a734-41954884e922" />
    <UnitTestResult executionId="64aede9a-3a52-4f70-ac97-27aeada30922" testId="0bed3344-fa0a-42d1-498c-c81531501fe8" testName="_2020.Tests.Days.Day21Tests.Part1_pack(testCaseName: &quot;puzzleexample&quot;, expectedResult: &quot;2176&quot;, _: &quot;lvv,xblchx,tr,gzvsg,jlsqx,fnntr,pmz,csqc&quot;, fileContent: &quot;hptqj nsmzxmb fzrl dqzqc lpdzt jlsqx hxppxj thfxd &quot;...)" computerName="LAPTOP-35RG0TO8" duration="00:00:00.0292743" startTime="2020-12-22T11:15:04.9057611+01:00" endTime="2020-12-22T11:15:04.9057613+01:00" testType="13cdc9d9-ddb5-4fa4-a97d-d965ccfc6d4b" outcome="Passed" testListId="8c84fa94-04c1-424b-9868-57a2d4851a1d" relativeResultsDirectory="64aede9a-3a52-4f70-ac97-27aeada30922" />
    <UnitTestResult executionId="acbb2baf-5b19-47a5-88ba-cc1061277bbb" testId="15c14f8d-8822-958b-82c7-410f02f8a203" testName="_2020.Tests.Days.Day22Tests.Part2_Pack" computerName="LAPTOP-35RG0TO8" duration="00:00:00.0010000" startTime="2020-12-22T11:15:04.9030097+01:00" endTime="2020-12-22T11:15:04.9030127+01:00" testType="13cdc9d9-ddb5-4fa4-a97d-d965ccfc6d4b" outcome="NotExecuted" testListId="8c84fa94-04c1-424b-9868-57a2d4851a1d" relativeResultsDirectory="acbb2baf-5b19-47a5-88ba-cc1061277bbb">
      <Output>
        <StdOut>Only running in interactive mode.</StdOut>
      </Output>
    </UnitTestResult>
    <UnitTestResult executionId="805cf1b1-e43d-450d-a012-ceeb9162cd2c" testId="d36ee119-83d8-bc35-7ac6-7f5ac328dab5" testName="_2020.Tests.Days.Day3Tests.Move_Works(fileContent: &quot;.......\r\n...#...\r\n......#&quot;, coordinates: [0, 0, 3, 1], isTree: True)" computerName="LAPTOP-35RG0TO8" duration="00:00:00.0000071" startTime="2020-12-22T11:15:04.7942915+01:00" endTime="2020-12-22T11:15:04.7942921+01:00" testType="13cdc9d9-ddb5-4fa4-a97d-d965ccfc6d4b" outcome="Passed" testListId="8c84fa94-04c1-424b-9868-57a2d4851a1d" relativeResultsDirectory="805cf1b1-e43d-450d-a012-ceeb9162cd2c" />
    <UnitTestResult executionId="fcc85267-3e01-4f6d-b3c0-ffc4ad5f0be5" testId="ead7075b-f824-edda-74c3-54f68b078b04" testName="_2020.Tests.Days.Day15Tests.Part2_Pack(testCaseName: &quot;example7&quot;, _: &quot;1836&quot;, expectedResult: &quot;362&quot;, fileContent: &quot;3,1,2&quot;)" computerName="LAPTOP-35RG0TO8" duration="00:00:03.7372022" startTime="2020-12-22T11:15:29.8222960+01:00" endTime="2020-12-22T11:15:29.8223027+01:00" testType="13cdc9d9-ddb5-4fa4-a97d-d965ccfc6d4b" outcome="Passed" testListId="8c84fa94-04c1-424b-9868-57a2d4851a1d" relativeResultsDirectory="fcc85267-3e01-4f6d-b3c0-ffc4ad5f0be5" />
    <UnitTestResult executionId="2cc354a4-2e82-40f9-a18e-434bb84b460f" testId="7deeee6f-5f68-e96c-55d2-19a70aab7c3d" testName="_2020.Tests.Days.Day3Tests.Move_Works(fileContent: &quot;.......\r\n...#...\r\n......#&quot;, coordinates: [3, 1, 6, 2], isTree: True)" computerName="LAPTOP-35RG0TO8" duration="00:00:00.0000553" startTime="2020-12-22T11:15:04.7940069+01:00" endTime="2020-12-22T11:15:04.7940078+01:00" testType="13cdc9d9-ddb5-4fa4-a97d-d965ccfc6d4b" outcome="Passed" testListId="8c84fa94-04c1-424b-9868-57a2d4851a1d" relativeResultsDirectory="2cc354a4-2e82-40f9-a18e-434bb84b460f" />
    <UnitTestResult executionId="4f9b988b-3947-4287-8c99-eedcc157c6c4" testId="d612b35d-eb74-c9d6-7c08-b6087fbf724b" testName="_2020.Tests.Days.Day13Tests.Part1_pack(testCaseName: &quot;puzzleinput&quot;, expectedResult: &quot;4135&quot;, _: &quot;640856202464541&quot;, fileContent: &quot;1011416\r\n41,x,x,x,x,x,x,x,x,x,x,x,x,x,x,x,x,x,x,&quot;...)" computerName="LAPTOP-35RG0TO8" duration="00:00:00.0247727" startTime="2020-12-22T11:15:04.8566457+01:00" endTime="2020-12-22T11:15:04.8566460+01:00" testType="13cdc9d9-ddb5-4fa4-a97d-d965ccfc6d4b" outcome="Passed" testListId="8c84fa94-04c1-424b-9868-57a2d4851a1d" relativeResultsDirectory="4f9b988b-3947-4287-8c99-eedcc157c6c4" />
    <UnitTestResult executionId="82d0b255-a730-4473-9ff5-c22c5b966ee1" testId="d87515a5-cd25-21bb-1381-51ed2081f274" testName="_2020.Tests.Days.Day8Tests.Part2_Pack(testCaseName: &quot;example1&quot;, _: &quot;5&quot;, expectedResult: &quot;8&quot;, fileContent: &quot;nop +0\r\nacc +1\r\njmp +4\r\nacc +3\r\njmp -3\r\n&quot;...)" computerName="LAPTOP-35RG0TO8" duration="00:00:00.0136093" startTime="2020-12-22T11:15:04.8476169+01:00" endTime="2020-12-22T11:15:04.8476175+01:00" testType="13cdc9d9-ddb5-4fa4-a97d-d965ccfc6d4b" outcome="Passed" testListId="8c84fa94-04c1-424b-9868-57a2d4851a1d" relativeResultsDirectory="82d0b255-a730-4473-9ff5-c22c5b966ee1" />
    <UnitTestResult executionId="8389da21-a440-40c4-814a-df093d478916" testId="5fa2b639-d7d3-7e54-f35e-518a5bab3568" testName="_2020.Tests.Days.Day17Tests.Part1_pack(testCaseName: &quot;puzzleinput&quot;, expectedResult: &quot;338&quot;, _: &quot;2440&quot;, fileContent: &quot;.#.##..#\r\n....#.##\r\n##.###..\r\n.#.#.###\r\n#.&quot;...)" computerName="LAPTOP-35RG0TO8" duration="00:00:00.0970958" startTime="2020-12-22T11:15:25.6605530+01:00" endTime="2020-12-22T11:15:25.6605611+01:00" testType="13cdc9d9-ddb5-4fa4-a97d-d965ccfc6d4b" outcome="Passed" testListId="8c84fa94-04c1-424b-9868-57a2d4851a1d" relativeResultsDirectory="8389da21-a440-40c4-814a-df093d478916" />
    <UnitTestResult executionId="c0e10d8a-0eb6-4ea0-92e8-b0ececea935f" testId="1bd4918e-984f-4b09-f089-8b165ff131a6" testName="_2020.Tests.Days.Day12Tests.Part2_Pack(testCaseName: &quot;puzzleinput&quot;, _: &quot;1565&quot;, expectedResult: &quot;78883&quot;, fileContent: &quot;E5\r\nR90\r\nE5\r\nL90\r\nF80\r\nL90\r\nE3\r\nN5\r&quot;...)" computerName="LAPTOP-35RG0TO8" duration="00:00:00.0076811" startTime="2020-12-22T11:15:04.8472871+01:00" endTime="2020-12-22T11:15:04.8472875+01:00" testType="13cdc9d9-ddb5-4fa4-a97d-d965ccfc6d4b" outcome="Passed" testListId="8c84fa94-04c1-424b-9868-57a2d4851a1d" relativeResultsDirectory="c0e10d8a-0eb6-4ea0-92e8-b0ececea935f" />
    <UnitTestResult executionId="58c73a06-574b-43f6-9f3b-e3b5b825cb5a" testId="0d9d879c-a85a-bdc6-b8ff-9a6ab509a103" testName="_2020.Tests.Days.Day16Tests.Part1_pack(testCaseName: &quot;example1&quot;, expectedResult: &quot;71&quot;, _: &quot;0&quot;, fileContent: &quot;class: 1-3 or 5-7\r\nrow: 6-11 or 33-44\r\nseat: 1&quot;...)" computerName="LAPTOP-35RG0TO8" duration="00:00:00.0002239" startTime="2020-12-22T11:15:04.8884955+01:00" endTime="2020-12-22T11:15:04.8884959+01:00" testType="13cdc9d9-ddb5-4fa4-a97d-d965ccfc6d4b" outcome="Passed" testListId="8c84fa94-04c1-424b-9868-57a2d4851a1d" relativeResultsDirectory="58c73a06-574b-43f6-9f3b-e3b5b825cb5a" />
    <UnitTestResult executionId="35f4d282-3b00-4553-bb69-cbf364b0b20a" testId="dce4b7c0-81f4-b41c-94b9-afb06d0ad99d" testName="_2020.Tests.Days.Day6Tests.Part1_pack(testCaseName: &quot;example1&quot;, expectedResult: &quot;11&quot;, _: &quot;6&quot;, fileContent: &quot;abc\r\n\r\na\r\nb\r\nc\r\n\r\nab\r\nac\r\n\r\na\r\&quot;...)" computerName="LAPTOP-35RG0TO8" duration="00:00:00.0000603" startTime="2020-12-22T11:15:04.9006442+01:00" endTime="2020-12-22T11:15:04.9006458+01:00" testType="13cdc9d9-ddb5-4fa4-a97d-d965ccfc6d4b" outcome="Passed" testListId="8c84fa94-04c1-424b-9868-57a2d4851a1d" relativeResultsDirectory="35f4d282-3b00-4553-bb69-cbf364b0b20a" />
    <UnitTestResult executionId="608bb36e-c142-468f-a520-895471d4bab8" testId="821db9cf-a5c7-f686-a035-a78be04f731f" testName="_2020.Tests.Days.Day16Tests.Part1_pack(testCaseName: &quot;example2&quot;, expectedResult: &quot;0&quot;, _: &quot;1716&quot;, fileContent: &quot;departure class: 0-1 or 4-19\r\ndeparture row: 0-5&quot;...)" computerName="LAPTOP-35RG0TO8" duration="00:00:00.0000660" startTime="2020-12-22T11:15:04.8885675+01:00" endTime="2020-12-22T11:15:04.8885680+01:00" testType="13cdc9d9-ddb5-4fa4-a97d-d965ccfc6d4b" outcome="Passed" testListId="8c84fa94-04c1-424b-9868-57a2d4851a1d" relativeResultsDirectory="608bb36e-c142-468f-a520-895471d4bab8" />
    <UnitTestResult executionId="457757be-4096-4ccd-bbf1-3708c19b427f" testId="f7e40ddb-a284-7426-9379-70e1c4cc7afa" testName="_2020.Tests.Days.Day12Tests.Part1_pack(testCaseName: &quot;puzzleinput&quot;, expectedResult: &quot;1565&quot;, _: &quot;78883&quot;, fileContent: &quot;E5\r\nR90\r\nE5\r\nL90\r\nF80\r\nL90\r\nE3\r\nN5\r&quot;...)" computerName="LAPTOP-35RG0TO8" duration="00:00:00.0010137" startTime="2020-12-22T11:15:04.8475088+01:00" endTime="2020-12-22T11:15:04.8475093+01:00" testType="13cdc9d9-ddb5-4fa4-a97d-d965ccfc6d4b" outcome="Passed" testListId="8c84fa94-04c1-424b-9868-57a2d4851a1d" relativeResultsDirectory="457757be-4096-4ccd-bbf1-3708c19b427f" />
    <UnitTestResult executionId="dd4759cf-a1cc-4972-a629-7886d7bd6409" testId="5cb521d9-b508-87d2-d6b3-9430721a3a5b" testName="_2020.Tests.Days.Day11Tests.Part2_Pack(testCaseName: &quot;puzzleinput&quot;, _: &quot;2310&quot;, expectedResult: &quot;2074&quot;, fileContent: &quot;LLLLLLLLLL.LLLLLLLL.LLLLLLLLLLLLL.LLLLL.LLLL.LL.L.&quot;...)" computerName="LAPTOP-35RG0TO8" duration="00:00:01.3748348" startTime="2020-12-22T11:15:06.1025383+01:00" endTime="2020-12-22T11:15:06.1025492+01:00" testType="13cdc9d9-ddb5-4fa4-a97d-d965ccfc6d4b" outcome="Passed" testListId="8c84fa94-04c1-424b-9868-57a2d4851a1d" relativeResultsDirectory="dd4759cf-a1cc-4972-a629-7886d7bd6409" />
    <UnitTestResult executionId="b2c22132-e43c-452e-a855-34bbce32e70e" testId="6c059688-c465-f5a5-7144-0e70ce180f19" testName="_2020.Tests.Days.Day14Tests.Part1_pack(testCaseName: &quot;example2&quot;, expectedResult: &quot;51&quot;, _: &quot;208&quot;, fileContent: &quot;mask = 000000000000000000000000000000X1001X\r\nmem&quot;...)" computerName="LAPTOP-35RG0TO8" duration="00:00:00.0001185" startTime="2020-12-22T11:15:04.7942087+01:00" endTime="2020-12-22T11:15:04.7942093+01:00" testType="13cdc9d9-ddb5-4fa4-a97d-d965ccfc6d4b" outcome="Passed" testListId="8c84fa94-04c1-424b-9868-57a2d4851a1d" relativeResultsDirectory="b2c22132-e43c-452e-a855-34bbce32e70e" />
    <UnitTestResult executionId="c1153536-93b3-4ece-88b7-3b03043949f8" testId="ec5f10ca-3aba-60b0-6d4f-6390df8262d9" testName="_2020.Tests.Days.Day18Tests.Part2_Calculates_AsExpectedResult(testCase: &quot;2 * 3 + (4 * 5)&quot;, expectedResult: 46)" computerName="LAPTOP-35RG0TO8" duration="00:00:00.0001192" startTime="2020-12-22T11:15:04.8687122+01:00" endTime="2020-12-22T11:15:04.8687124+01:00" testType="13cdc9d9-ddb5-4fa4-a97d-d965ccfc6d4b" outcome="Passed" testListId="8c84fa94-04c1-424b-9868-57a2d4851a1d" relativeResultsDirectory="c1153536-93b3-4ece-88b7-3b03043949f8" />
    <UnitTestResult executionId="15e15d39-3c63-4834-b561-b53248b00734" testId="5d9c47dd-439e-67ac-b1d4-8dc742348d44" testName="_2020.Tests.Days.Day10Tests.Part1_pack(testCaseName: &quot;example2&quot;, expectedResult: &quot;220&quot;, _: &quot;19208&quot;, fileContent: &quot;28\r\n33\r\n18\r\n42\r\n31\r\n14\r\n46\r\n20\r\n48&quot;...)" computerName="LAPTOP-35RG0TO8" duration="00:00:00.0000270" startTime="2020-12-22T11:15:04.8077982+01:00" endTime="2020-12-22T11:15:04.8077985+01:00" testType="13cdc9d9-ddb5-4fa4-a97d-d965ccfc6d4b" outcome="Passed" testListId="8c84fa94-04c1-424b-9868-57a2d4851a1d" relativeResultsDirectory="15e15d39-3c63-4834-b561-b53248b00734" />
    <UnitTestResult executionId="73c3ad72-0e08-4141-916a-f0a8103290a4" testId="de573764-ea0d-8509-05be-8709ab895a61" testName="_2020.Tests.Days.Day4Tests.Part1(fileContent: &quot;eyr:2027\r\nhcl:#602927\r\nhgt:186cm byr:1939 iyr:&quot;...)" computerName="LAPTOP-35RG0TO8" duration="00:00:00.0083316" startTime="2020-12-22T11:15:04.8754531+01:00" endTime="2020-12-22T11:15:04.8754535+01:00" testType="13cdc9d9-ddb5-4fa4-a97d-d965ccfc6d4b" outcome="Passed" testListId="8c84fa94-04c1-424b-9868-57a2d4851a1d" relativeResultsDirectory="73c3ad72-0e08-4141-916a-f0a8103290a4">
      <Output>
        <StdOut>answer for part 1 is: 235</StdOut>
      </Output>
    </UnitTestResult>
    <UnitTestResult executionId="d05654d7-dcec-4194-94f2-9e5ce07e964e" testId="5a6838e8-c034-4ac2-cf4a-650d8f91ee6f" testName="_2020.Tests.Days.Day15Tests.Part2_Pack(testCaseName: &quot;example1&quot;, _: &quot;436&quot;, expectedResult: &quot;175594&quot;, fileContent: &quot;0,3,6&quot;)" computerName="LAPTOP-35RG0TO8" duration="00:00:05.7443090" startTime="2020-12-22T11:15:10.4746292+01:00" endTime="2020-12-22T11:15:10.4746412+01:00" testType="13cdc9d9-ddb5-4fa4-a97d-d965ccfc6d4b" outcome="Passed" testListId="8c84fa94-04c1-424b-9868-57a2d4851a1d" relativeResultsDirectory="d05654d7-dcec-4194-94f2-9e5ce07e964e" />
    <UnitTestResult executionId="4e8a84c4-84e8-4fa2-a35a-6ebcb9135fb0" testId="edfee89c-6991-817a-4b5f-507b7c5607c8" testName="_2020.Tests.Days.Day8Tests.Part1_pack(testCaseName: &quot;example1&quot;, expectedResult: &quot;5&quot;, _: &quot;8&quot;, fileContent: &quot;nop +0\r\nacc +1\r\njmp +4\r\nacc +3\r\njmp -3\r\n&quot;...)" computerName="LAPTOP-35RG0TO8" duration="00:00:00.0008997" startTime="2020-12-22T11:15:04.8753028+01:00" endTime="2020-12-22T11:15:04.8753030+01:00" testType="13cdc9d9-ddb5-4fa4-a97d-d965ccfc6d4b" outcome="Passed" testListId="8c84fa94-04c1-424b-9868-57a2d4851a1d" relativeResultsDirectory="4e8a84c4-84e8-4fa2-a35a-6ebcb9135fb0" />
    <UnitTestResult executionId="76eae583-070c-4598-82eb-b0f08a81592d" testId="4dc9e345-1e1c-7c56-ffd6-51f432d6c33b" testName="_2020.Tests.Days.Day9Tests.Part1_pack(testCaseName: &quot;example1&quot;, expectedResult: &quot;127&quot;, preamble: &quot;5&quot;, _: &quot;62&quot;, fileContent: &quot;35\r\n20\r\n15\r\n25\r\n47\r\n40\r\n62\r\n55\r\n65&quot;...)" computerName="LAPTOP-35RG0TO8" duration="00:00:00.0445703" startTime="2020-12-22T11:15:04.9059313+01:00" endTime="2020-12-22T11:15:04.9059319+01:00" testType="13cdc9d9-ddb5-4fa4-a97d-d965ccfc6d4b" outcome="Passed" testListId="8c84fa94-04c1-424b-9868-57a2d4851a1d" relativeResultsDirectory="76eae583-070c-4598-82eb-b0f08a81592d" />
    <UnitTestResult executionId="0c0c4ac3-a6e3-4939-abdb-84f2a9d45d87" testId="0621e765-88ea-dc42-5665-bfda0b35c593" testName="_2020.Tests.Days.Day20Tests.Part1_example1(testCaseName: &quot;example&quot;, expectedResult: &quot;20899048083289&quot;, _: &quot;2&quot;, fileContent: &quot;Tile 2311:\r\n..##.#..#.\r\n##..#.....\r\n#...##..&quot;...)" computerName="LAPTOP-35RG0TO8" duration="00:00:00.0004139" startTime="2020-12-22T11:15:04.9307973+01:00" endTime="2020-12-22T11:15:04.9307986+01:00" testType="13cdc9d9-ddb5-4fa4-a97d-d965ccfc6d4b" outcome="Passed" testListId="8c84fa94-04c1-424b-9868-57a2d4851a1d" relativeResultsDirectory="0c0c4ac3-a6e3-4939-abdb-84f2a9d45d87" />
    <UnitTestResult executionId="900b85e9-3ad4-4e98-9de2-014ada3c1839" testId="9cf0cba5-172e-c153-e796-92c43fe8b799" testName="_2020.Tests.Days.Day13Tests.Part2_Pack(testCaseName: &quot;puzzleinput&quot;, _: &quot;4135&quot;, expectedResult: &quot;640856202464541&quot;, fileContent: &quot;1011416\r\n41,x,x,x,x,x,x,x,x,x,x,x,x,x,x,x,x,x,x,&quot;...)" computerName="LAPTOP-35RG0TO8" duration="00:00:00.0457088" startTime="2020-12-22T11:15:04.8197784+01:00" endTime="2020-12-22T11:15:04.8197787+01:00" testType="13cdc9d9-ddb5-4fa4-a97d-d965ccfc6d4b" outcome="Passed" testListId="8c84fa94-04c1-424b-9868-57a2d4851a1d" relativeResultsDirectory="900b85e9-3ad4-4e98-9de2-014ada3c1839" />
    <UnitTestResult executionId="4c5fadae-2016-4689-bce1-d3b5298fdb6e" testId="67ca508f-a17c-3db3-c22c-394aa968c00c" testName="_2020.Tests.Days.Day15Tests.Part2_Pack(testCaseName: &quot;example6&quot;, _: &quot;438&quot;, expectedResult: &quot;18&quot;, fileContent: &quot;3,2,1&quot;)" computerName="LAPTOP-35RG0TO8" duration="00:00:05.3404814" startTime="2020-12-22T11:15:21.0202519+01:00" endTime="2020-12-22T11:15:21.0202606+01:00" testType="13cdc9d9-ddb5-4fa4-a97d-d965ccfc6d4b" outcome="Passed" testListId="8c84fa94-04c1-424b-9868-57a2d4851a1d" relativeResultsDirectory="4c5fadae-2016-4689-bce1-d3b5298fdb6e" />
    <UnitTestResult executionId="f055fb7b-9c63-4e39-8c31-868172b97245" testId="0f9af31d-0f66-fa47-7811-06be3c347ad8" testName="_2020.Tests.Days.Day4Tests.Part2_Pack(testCaseName: &quot;invalid&quot;, _: &quot;4&quot;, expectedResult: &quot;0&quot;, fileContent: &quot;eyr:1972 cid:100\r\nhcl:#18171d ecl:amb hgt:170 pi&quot;...)" computerName="LAPTOP-35RG0TO8" duration="00:00:00.0014066" startTime="2020-12-22T11:15:04.8567943+01:00" endTime="2020-12-22T11:15:04.8567946+01:00" testType="13cdc9d9-ddb5-4fa4-a97d-d965ccfc6d4b" outcome="Passed" testListId="8c84fa94-04c1-424b-9868-57a2d4851a1d" relativeResultsDirectory="f055fb7b-9c63-4e39-8c31-868172b97245" />
    <UnitTestResult executionId="dfc850d0-a3d3-45e2-8a5d-fc03e84198c0" testId="854f4902-0945-d06b-12ec-30d497dc6ec6" testName="_2020.Tests.Days.Day20Tests.Part2_Pack" computerName="LAPTOP-35RG0TO8" duration="00:00:00.0010000" startTime="2020-12-22T11:15:04.9311281+01:00" endTime="2020-12-22T11:15:04.9311291+01:00" testType="13cdc9d9-ddb5-4fa4-a97d-d965ccfc6d4b" outcome="NotExecuted" testListId="8c84fa94-04c1-424b-9868-57a2d4851a1d" relativeResultsDirectory="dfc850d0-a3d3-45e2-8a5d-fc03e84198c0">
      <Output>
        <StdOut>Only running in interactive mode.</StdOut>
      </Output>
    </UnitTestResult>
    <UnitTestResult executionId="4064272a-e3df-423a-b018-0e1f4140ebfd" testId="355791e2-453d-1a99-4de5-71823162968c" testName="_2020.Tests.Days.Day19Tests.Part2_Pack(testCaseName: &quot;example&quot;, _: &quot;2&quot;, expectedResult: &quot;2&quot;, fileContent: &quot;0: 4 1 5\r\n1: 2 3 | 3 2\r\n2: 4 4 | 5 5\r\n3: 4 5&quot;...)" computerName="LAPTOP-35RG0TO8" duration="00:00:00.0002368" startTime="2020-12-22T11:15:05.0854901+01:00" endTime="2020-12-22T11:15:05.0854916+01:00" testType="13cdc9d9-ddb5-4fa4-a97d-d965ccfc6d4b" outcome="Passed" testListId="8c84fa94-04c1-424b-9868-57a2d4851a1d" relativeResultsDirectory="4064272a-e3df-423a-b018-0e1f4140ebfd" />
    <UnitTestResult executionId="fce05cb7-232f-4d40-8536-f6d1657c0431" testId="5b9149bb-3a0e-df91-0be0-26f9f7da6a9a" testName="_2020.Tests.Days.Day18Tests.Part1_Calculates_AsExpectedResult(testCase: &quot;1 + (2 * 3) + (4 * (5 + 6))&quot;, expectedResult: 51)" computerName="LAPTOP-35RG0TO8" duration="00:00:00.0001819" startTime="2020-12-22T11:15:04.8688684+01:00" endTime="2020-12-22T11:15:04.8688686+01:00" testType="13cdc9d9-ddb5-4fa4-a97d-d965ccfc6d4b" outcome="Passed" testListId="8c84fa94-04c1-424b-9868-57a2d4851a1d" relativeResultsDirectory="fce05cb7-232f-4d40-8536-f6d1657c0431" />
    <UnitTestResult executionId="6db50671-9f95-4760-a3de-1fe6a93d1213" testId="c1b39591-e148-1ede-3450-ca36e80a70b0" testName="_2020.Tests.Days.Day15Tests.Part2_Pack(testCaseName: &quot;example2&quot;, _: &quot;1&quot;, expectedResult: &quot;2578&quot;, fileContent: &quot;1,3,2&quot;)" computerName="LAPTOP-35RG0TO8" duration="00:00:05.2042953" startTime="2020-12-22T11:15:15.6793493+01:00" endTime="2020-12-22T11:15:15.6793565+01:00" testType="13cdc9d9-ddb5-4fa4-a97d-d965ccfc6d4b" outcome="Passed" testListId="8c84fa94-04c1-424b-9868-57a2d4851a1d" relativeResultsDirectory="6db50671-9f95-4760-a3de-1fe6a93d1213" />
    <UnitTestResult executionId="7e851f80-9f2b-4ab3-9ed2-021c4e4934c0" testId="6c7ab625-d6dc-0b1e-f7ad-fc94ba9002b5" testName="_2020.Tests.Days.Day18Tests.Part1_Calculates_AsExpectedResult(testCase: &quot;1 + 2 * 3 + 4 * 5 + 6&quot;, expectedResult: 71)" computerName="LAPTOP-35RG0TO8" duration="00:00:00.0000956" startTime="2020-12-22T11:15:04.8750772+01:00" endTime="2020-12-22T11:15:04.8750780+01:00" testType="13cdc9d9-ddb5-4fa4-a97d-d965ccfc6d4b" outcome="Passed" testListId="8c84fa94-04c1-424b-9868-57a2d4851a1d" relativeResultsDirectory="7e851f80-9f2b-4ab3-9ed2-021c4e4934c0" />
    <UnitTestResult executionId="9330062a-bdd4-4345-8eb0-30b58bf6b3a6" testId="e3b45518-8d0a-2cd6-89ed-a43178b94cdf" testName="_2020.Tests.Days.Day9Tests.Part2_Pack(testCaseName: &quot;example1&quot;, _: &quot;127&quot;, preamble: &quot;5&quot;, expectedResult: &quot;62&quot;, fileContent: &quot;35\r\n20\r\n15\r\n25\r\n47\r\n40\r\n62\r\n55\r\n65&quot;...)" computerName="LAPTOP-35RG0TO8" duration="00:00:00.0000690" startTime="2020-12-22T11:15:04.9157616+01:00" endTime="2020-12-22T11:15:04.9157622+01:00" testType="13cdc9d9-ddb5-4fa4-a97d-d965ccfc6d4b" outcome="Passed" testListId="8c84fa94-04c1-424b-9868-57a2d4851a1d" relativeResultsDirectory="9330062a-bdd4-4345-8eb0-30b58bf6b3a6" />
    <UnitTestResult executionId="921056c6-b626-45df-8bfc-f7ccba3fc71e" testId="9f0ccaf6-c07d-b20e-be6b-7733f88e5aab" testName="_2020.Tests.Days.Day11Tests.Part1_pack(testCaseName: &quot;example1&quot;, expectedResult: &quot;37&quot;, _: &quot;26&quot;, fileContent: &quot;L.LL.LL.LL\r\nLLLLLLL.LL\r\nL.L.L..L..\r\nLLLL.LL.&quot;...)" computerName="LAPTOP-35RG0TO8" duration="00:00:00.0015916" startTime="2020-12-22T11:15:07.3444290+01:00" endTime="2020-12-22T11:15:07.3444403+01:00" testType="13cdc9d9-ddb5-4fa4-a97d-d965ccfc6d4b" outcome="Passed" testListId="8c84fa94-04c1-424b-9868-57a2d4851a1d" relativeResultsDirectory="921056c6-b626-45df-8bfc-f7ccba3fc71e" />
    <UnitTestResult executionId="df85a13b-5664-42dc-830e-069b3cb46b9e" testId="de2d88b7-cfd9-036b-e718-618c36e4686c" testName="_2020.Tests.Days.Day4Tests.Part2(fileContent: &quot;eyr:2027\r\nhcl:#602927\r\nhgt:186cm byr:1939 iyr:&quot;...)" computerName="LAPTOP-35RG0TO8" duration="00:00:00.0187394" startTime="2020-12-22T11:15:04.8820737+01:00" endTime="2020-12-22T11:15:04.8820744+01:00" testType="13cdc9d9-ddb5-4fa4-a97d-d965ccfc6d4b" outcome="Passed" testListId="8c84fa94-04c1-424b-9868-57a2d4851a1d" relativeResultsDirectory="df85a13b-5664-42dc-830e-069b3cb46b9e">
      <Output>
        <StdOut>answer for part 2 is: 194</StdOut>
      </Output>
    </UnitTestResult>
    <UnitTestResult executionId="e2db4ae7-3e56-4467-8a74-7e7681c0acf8" testId="d950a7c4-72e5-0b34-aa9c-ed718050682b" testName="_2020.Tests.Days.Day15Tests.Part1_pack(testCaseName: &quot;example2&quot;, expectedResult: &quot;1&quot;, _: &quot;2578&quot;, fileContent: &quot;1,3,2&quot;)" computerName="LAPTOP-35RG0TO8" duration="00:00:00.0317626" startTime="2020-12-22T11:15:04.8046549+01:00" endTime="2020-12-22T11:15:04.8046558+01:00" testType="13cdc9d9-ddb5-4fa4-a97d-d965ccfc6d4b" outcome="Passed" testListId="8c84fa94-04c1-424b-9868-57a2d4851a1d" relativeResultsDirectory="e2db4ae7-3e56-4467-8a74-7e7681c0acf8" />
    <UnitTestResult executionId="3dd354fa-f513-4d31-9c5e-0f02d709a5ba" testId="e1d927d7-1291-e12a-bf18-839c35a2f680" testName="_2020.Tests.Days.Day21Tests.Part2_Pack(testCaseName: &quot;puzzleexample&quot;, _: &quot;2176&quot;, expectedResult: &quot;lvv,xblchx,tr,gzvsg,jlsqx,fnntr,pmz,csqc&quot;, fileContent: &quot;hptqj nsmzxmb fzrl dqzqc lpdzt jlsqx hxppxj thfxd &quot;...)" computerName="LAPTOP-35RG0TO8" duration="00:00:00.0190597" startTime="2020-12-22T11:15:04.9054802+01:00" endTime="2020-12-22T11:15:04.9054824+01:00" testType="13cdc9d9-ddb5-4fa4-a97d-d965ccfc6d4b" outcome="Passed" testListId="8c84fa94-04c1-424b-9868-57a2d4851a1d" relativeResultsDirectory="3dd354fa-f513-4d31-9c5e-0f02d709a5ba" />
    <UnitTestResult executionId="b0565110-adca-4737-a984-59069b0adbc3" testId="8146e86e-cd6b-cf36-e743-61cfc2778296" testName="_2020.Tests.Days.Day3Tests.Move_Works(fileContent: &quot;.......\r\n...X...\r\n......X&quot;, coordinates: [0, 0, 3, 1], isTree: False)" computerName="LAPTOP-35RG0TO8" duration="00:00:00.0000054" startTime="2020-12-22T11:15:04.7943940+01:00" endTime="2020-12-22T11:15:04.7943949+01:00" testType="13cdc9d9-ddb5-4fa4-a97d-d965ccfc6d4b" outcome="Passed" testListId="8c84fa94-04c1-424b-9868-57a2d4851a1d" relativeResultsDirectory="b0565110-adca-4737-a984-59069b0adbc3" />
    <UnitTestResult executionId="1b16f952-ec75-4919-b20f-e350f514a0c7" testId="dffdb84d-1db1-5f4c-67d3-f3140d14b547" testName="_2020.Tests.Days.Day16Tests.Part2_Pack(testCaseName: &quot;example1&quot;, _: &quot;71&quot;, expectedResult: &quot;0&quot;, fileContent: &quot;class: 1-3 or 5-7\r\nrow: 6-11 or 33-44\r\nseat: 1&quot;...)" computerName="LAPTOP-35RG0TO8" duration="00:00:00.0001720" startTime="2020-12-22T11:15:04.9057021+01:00" endTime="2020-12-22T11:15:04.9057027+01:00" testType="13cdc9d9-ddb5-4fa4-a97d-d965ccfc6d4b" outcome="Passed" testListId="8c84fa94-04c1-424b-9868-57a2d4851a1d" relativeResultsDirectory="1b16f952-ec75-4919-b20f-e350f514a0c7" />
    <UnitTestResult executionId="c91950d9-172a-418e-89f9-95b78d992718" testId="3e90431b-d28c-c271-ef23-978dcb2898e8" testName="_2020.Tests.Days.Day3Tests.Move_Works(fileContent: &quot;...\r\nX..&quot;, coordinates: [0, 0, 0, 1], isTree: False)" computerName="LAPTOP-35RG0TO8" duration="00:00:00.0135081" startTime="2020-12-22T11:15:04.7530478+01:00" endTime="2020-12-22T11:15:04.7530482+01:00" testType="13cdc9d9-ddb5-4fa4-a97d-d965ccfc6d4b" outcome="Passed" testListId="8c84fa94-04c1-424b-9868-57a2d4851a1d" relativeResultsDirectory="c91950d9-172a-418e-89f9-95b78d992718" />
    <UnitTestResult executionId="5592a547-81c4-40c4-bebf-a98eb19ec6d7" testId="6b95806a-569f-591e-33c5-cf371e97a169" testName="_2020.Tests.Days.Day7Tests.Part1_pack(testCaseName: &quot;puzzleinput&quot;, expectedResult: &quot;335&quot;, _: &quot;2431&quot;, fileContent: &quot;dim silver bags contain 3 posh fuchsia bags.\r\nwa&quot;...)" computerName="LAPTOP-35RG0TO8" duration="00:00:00.0306307" startTime="2020-12-22T11:15:04.9318725+01:00" endTime="2020-12-22T11:15:04.9318742+01:00" testType="13cdc9d9-ddb5-4fa4-a97d-d965ccfc6d4b" outcome="Passed" testListId="8c84fa94-04c1-424b-9868-57a2d4851a1d" relativeResultsDirectory="5592a547-81c4-40c4-bebf-a98eb19ec6d7" />
    <UnitTestResult executionId="f21b244b-e2c7-4b80-afde-33de59bbc3c2" testId="8616f313-0874-0a03-7810-4f3d3de80c81" testName="_2020.Tests.Days.Day18Tests.Part2_Calculates_AsExpectedResult(testCase: &quot;5 + (8 * 3 + 9 + 3 * 4 * 3)&quot;, expectedResult: 1445)" computerName="LAPTOP-35RG0TO8" duration="00:00:00.0019867" startTime="2020-12-22T11:15:04.8569576+01:00" endTime="2020-12-22T11:15:04.8569578+01:00" testType="13cdc9d9-ddb5-4fa4-a97d-d965ccfc6d4b" outcome="Passed" testListId="8c84fa94-04c1-424b-9868-57a2d4851a1d" relativeResultsDirectory="f21b244b-e2c7-4b80-afde-33de59bbc3c2" />
    <UnitTestResult executionId="8b666b6e-cbcd-43cc-bcd2-463c8df490c3" testId="9b48be43-b6dc-ab4a-e9b5-a0f0a0083d37" testName="_2020.Tests.Days.Day3Tests.Move_Works(fileContent: &quot;...\r\n#..&quot;, coordinates: [0, 0, 0, 1], isTree: True)" computerName="LAPTOP-35RG0TO8" duration="00:00:00.0000087" startTime="2020-12-22T11:15:04.7941039+01:00" endTime="2020-12-22T11:15:04.7941049+01:00" testType="13cdc9d9-ddb5-4fa4-a97d-d965ccfc6d4b" outcome="Passed" testListId="8c84fa94-04c1-424b-9868-57a2d4851a1d" relativeResultsDirectory="8b666b6e-cbcd-43cc-bcd2-463c8df490c3" />
    <UnitTestResult executionId="2e968545-5f99-478e-afd0-30c165417ce9" testId="7b22ac76-e28b-d566-054d-8cca4f51f9c4" testName="_2020.Tests.Days.Day22Tests.Part1_pack(testCaseName: &quot;puzzleinput&quot;, expectedResult: &quot;32102&quot;, _: &quot;&quot;, fileContent: &quot;Player 1:\r\n38\r\n1\r\n28\r\n32\r\n43\r\n21\r\n42&quot;...)" computerName="LAPTOP-35RG0TO8" duration="00:00:00.0001770" startTime="2020-12-22T11:15:04.8883711+01:00" endTime="2020-12-22T11:15:04.8883715+01:00" testType="13cdc9d9-ddb5-4fa4-a97d-d965ccfc6d4b" outcome="Passed" testListId="8c84fa94-04c1-424b-9868-57a2d4851a1d" relativeResultsDirectory="2e968545-5f99-478e-afd0-30c165417ce9" />
    <UnitTestResult executionId="26db725c-fb3e-4cd7-a0d0-9830e802b7ad" testId="9e27424c-7bf4-a54a-a23f-62f6c33d62bb" testName="_2020.Tests.Days.Day3Tests.Part2(fileContent: &quot;.#.......#...........#.........\r\n..##.......#.#.&quot;...)" computerName="LAPTOP-35RG0TO8" duration="00:00:00.0173141" startTime="2020-12-22T11:15:04.8437887+01:00" endTime="2020-12-22T11:15:04.8437892+01:00" testType="13cdc9d9-ddb5-4fa4-a97d-d965ccfc6d4b" outcome="Passed" testListId="8c84fa94-04c1-424b-9868-57a2d4851a1d" relativeResultsDirectory="26db725c-fb3e-4cd7-a0d0-9830e802b7ad">
      <Output>
        <StdOut>answer for part 2 is: 1574890240</StdOut>
      </Output>
    </UnitTestResult>
    <UnitTestResult executionId="509d5838-3c1f-4374-875b-6806caa6f1a7" testId="4884422f-a201-6166-d234-44d86f6dd8d3" testName="_2020.Tests.Days.Day3Tests.Move_Works(fileContent: &quot;.......\r\n...X...\r\n......X&quot;, coordinates: [3, 1, 6, 2], isTree: False)" computerName="LAPTOP-35RG0TO8" duration="00:00:00.0000050" startTime="2020-12-22T11:15:04.7944765+01:00" endTime="2020-12-22T11:15:04.7944772+01:00" testType="13cdc9d9-ddb5-4fa4-a97d-d965ccfc6d4b" outcome="Passed" testListId="8c84fa94-04c1-424b-9868-57a2d4851a1d" relativeResultsDirectory="509d5838-3c1f-4374-875b-6806caa6f1a7" />
  </Results>
  <TestDefinitions>
[...]
    <TestEntry testId="90af8466-2ea2-b30d-8b80-8f3acbcf1032" executionId="bce415cc-b440-4202-8aee-be993436f338" testListId="8c84fa94-04c1-424b-9868-57a2d4851a1d" />
    <TestEntry testId="844a928f-443a-c27a-8ee8-10b193eadc8b" executionId="ecf4c30b-adb5-4dcf-be87-1799f7067d71" testListId="8c84fa94-04c1-424b-9868-57a2d4851a1d" />
    <TestEntry testId="2de34128-cf23-033a-0c60-b9a1ffa1dd89" executionId="cb6e8c0f-a5db-4c51-b21d-b20db5ce3200" testListId="8c84fa94-04c1-424b-9868-57a2d4851a1d" />
    <TestEntry testId="bfaca6be-0b52-deae-c673-4467abedb8b9" executionId="b571e9f5-294d-4778-8979-01a9a21fa11e" testListId="8c84fa94-04c1-424b-9868-57a2d4851a1d" />
    <TestEntry testId="b75d5504-15c9-62e2-7727-b66d1b06fae6" executionId="c040c063-d812-4d01-8d17-44abb7b78afd" testListId="8c84fa94-04c1-424b-9868-57a2d4851a1d" />
    <TestEntry testId="04f07e51-e06f-f9ef-687e-27f8f50cd69c" executionId="a862d66c-1546-415d-8b6b-fac93decd6cf" testListId="8c84fa94-04c1-424b-9868-57a2d4851a1d" />
    <TestEntry testId="7df7f244-2fd3-a955-75ef-80b7d924f8e2" executionId="4ea526be-ce75-4567-9081-8f4af0857d7d" testListId="8c84fa94-04c1-424b-9868-57a2d4851a1d" />
    <TestEntry testId="9fcb3a2b-27f0-5f22-0206-56c0549b9a84" executionId="d490c876-8a81-4b0d-9cf7-0b905bfe77e0" testListId="8c84fa94-04c1-424b-9868-57a2d4851a1d" />
    <TestEntry testId="3313912d-5a78-642f-b1f1-ec6ce77d37ce" executionId="b966940a-baf9-4a77-9cd3-f7c9bccbde08" testListId="8c84fa94-04c1-424b-9868-57a2d4851a1d" />
    <TestEntry testId="90e894cc-e9f5-0b66-7327-41b15f453ed9" executionId="ada88eb0-2605-465d-aae1-45e2dfc87c5b" testListId="8c84fa94-04c1-424b-9868-57a2d4851a1d" />
    <TestEntry testId="2cc010d6-e101-5b64-2847-d92eb3aca667" executionId="b47aaee9-93b2-49e9-918b-e73cdc7785f4" testListId="8c84fa94-04c1-424b-9868-57a2d4851a1d" />
    <TestEntry testId="159d3ea9-44fc-4aaa-9da0-18c06a48805e" executionId="dca35663-63ce-4c62-8394-4640551bf073" testListId="8c84fa94-04c1-424b-9868-57a2d4851a1d" />
    <TestEntry testId="56b8ecc6-4451-516f-e6ef-1f4a55f10fe8" executionId="c1c4403f-8e47-4bc7-80d1-ec41dbdd5ff6" testListId="8c84fa94-04c1-424b-9868-57a2d4851a1d" />
    <TestEntry testId="2c83aeec-41f1-c9e6-9c5b-7d5ecf29ccdd" executionId="b97ab555-e0ab-40e8-824c-a253a2454d4c" testListId="8c84fa94-04c1-424b-9868-57a2d4851a1d" />
    <TestEntry testId="36215da0-52f5-a57a-5cb4-ff033b29d94a" executionId="9face0a3-bd5b-444a-82b6-3269d90ac0b7" testListId="8c84fa94-04c1-424b-9868-57a2d4851a1d" />
    <TestEntry testId="136cf6b3-49e2-8bb0-486f-d1f9a3983f12" executionId="c79ca68b-9b4d-46cf-9bf4-3fa337cac624" testListId="8c84fa94-04c1-424b-9868-57a2d4851a1d" />
    <TestEntry testId="16df4b72-a1be-7d8a-175c-1e6c5237fc4e" executionId="b8776f3d-f1f0-4811-b5d0-7d288ed0fa3a" testListId="8c84fa94-04c1-424b-9868-57a2d4851a1d" />
    <TestEntry testId="ef12b05a-db9c-a4d1-6bf6-f50fcc998ceb" executionId="d7a9fdf4-956a-45d9-870d-a70748ea90ad" testListId="8c84fa94-04c1-424b-9868-57a2d4851a1d" />
    <TestEntry testId="3e8c6d43-8d09-84bb-a295-43059662202b" executionId="731def8d-6ed3-41f5-9eb9-2b135dde22cf" testListId="8c84fa94-04c1-424b-9868-57a2d4851a1d" />
    <TestEntry testId="f628c761-3433-71e0-dc9a-7aeaf5162951" executionId="ef5ba4da-cfda-4b83-8f21-cd3d9c87c758" testListId="8c84fa94-04c1-424b-9868-57a2d4851a1d" />
    <TestEntry testId="9c6adfa0-dd3c-9e72-a127-4e1805362479" executionId="2f2a9671-15cc-46df-9322-bdd6bcee3ca8" testListId="8c84fa94-04c1-424b-9868-57a2d4851a1d" />
    <TestEntry testId="0ae8165c-5db8-2151-c07c-655806764c15" executionId="e8cfbf80-33ff-4827-ab0a-b793dbffcecc" testListId="8c84fa94-04c1-424b-9868-57a2d4851a1d" />
    <TestEntry testId="59db20d0-347c-a453-444e-683e23e9a040" executionId="8bb7909a-beb7-49b4-9b70-ffa277a3a4e9" testListId="8c84fa94-04c1-424b-9868-57a2d4851a1d" />
    <TestEntry testId="1f5e50cb-54fd-2c1d-5c96-c69e9c09c257" executionId="c1e935a6-fa1f-46a3-ab32-217b1fefcc65" testListId="8c84fa94-04c1-424b-9868-57a2d4851a1d" />
    <TestEntry testId="080b3b6b-2753-c9a6-9f1e-0b651fcd9c49" executionId="5d15a368-4f60-4254-bc9e-a4b26707a794" testListId="8c84fa94-04c1-424b-9868-57a2d4851a1d" />
    <TestEntry testId="de8b5722-7c80-d4eb-b97c-ebe57717fb6c" executionId="d33b98e5-ec7e-49a7-afc0-685f6a0eeb47" testListId="8c84fa94-04c1-424b-9868-57a2d4851a1d" />
    <TestEntry testId="21cf7987-0bbe-7998-2a6a-b62be16638fd" executionId="0166e1e4-8c3d-4453-9b51-08b629d4bd6a" testListId="8c84fa94-04c1-424b-9868-57a2d4851a1d" />
    <TestEntry testId="334e5607-9cdb-e672-5c7f-406da37d6d7e" executionId="b325966f-9feb-4e50-9fe9-b63cbd5d05eb" testListId="8c84fa94-04c1-424b-9868-57a2d4851a1d" />
    <TestEntry testId="32ed6bd8-e0af-dd5c-7f74-96ea03b7cf74" executionId="a24e0c12-c6f0-40ce-aa79-ec74735480ce" testListId="8c84fa94-04c1-424b-9868-57a2d4851a1d" />
    <TestEntry testId="c1bf15e1-6fa1-858b-9ba8-a53ccc8ed266" executionId="3e149625-a2d2-4356-bef6-9b760b7e955b" testListId="8c84fa94-04c1-424b-9868-57a2d4851a1d" />
    <TestEntry testId="9d63c5ca-cd81-dfa2-45c3-bef99b47c927" executionId="4aaacdbc-a29c-4a85-bd56-8f06b41d5311" testListId="8c84fa94-04c1-424b-9868-57a2d4851a1d" />
    <TestEntry testId="8bad9a6e-64b2-6364-8b28-5b3c61b85444" executionId="c6380a55-f8a0-436b-a6d9-d5e237e8cc0f" testListId="8c84fa94-04c1-424b-9868-57a2d4851a1d" />
    <TestEntry testId="ec7478bc-4a20-3d74-98c7-efac9e3c0b10" executionId="e9c7e2c1-924b-4aaa-b4d4-6dafaba1e4a3" testListId="8c84fa94-04c1-424b-9868-57a2d4851a1d" />
    <TestEntry testId="db94a0d2-a22c-8314-89a3-1a38e815913a" executionId="5bfa9373-dcce-4c33-94d3-f2bc9b59d043" testListId="8c84fa94-04c1-424b-9868-57a2d4851a1d" />
    <TestEntry testId="2aa3cc9c-1e67-63fe-0e48-b59a2268710d" executionId="09f2615b-fe09-4a6b-910e-3e751c4c8cca" testListId="8c84fa94-04c1-424b-9868-57a2d4851a1d" />
    <TestEntry testId="b2758025-0ea6-8920-1ed3-b47e23fd5591" executionId="6bb1a455-00ac-441a-95e6-096f973db70d" testListId="8c84fa94-04c1-424b-9868-57a2d4851a1d" />
    <TestEntry testId="0a2c2f88-73a7-a432-398b-2f86564fd773" executionId="862a5be8-e053-402a-b9e9-41f6e07ffc9d" testListId="8c84fa94-04c1-424b-9868-57a2d4851a1d" />
    <TestEntry testId="a6bc7069-b162-23bc-232a-4d44be2a9196" executionId="3a3b0a52-5724-47da-96c9-5ed4cd37dc34" testListId="8c84fa94-04c1-424b-9868-57a2d4851a1d" />
    <TestEntry testId="2457c214-d49a-003d-4e5f-ffc3d1c0b075" executionId="bd9d2949-0a12-4406-aab2-74635ca15990" testListId="8c84fa94-04c1-424b-9868-57a2d4851a1d" />
    <TestEntry testId="4d95249a-c4ec-74a6-909c-c074eed39474" executionId="2b4f9448-9119-4a68-ad45-d17791fe93b8" testListId="8c84fa94-04c1-424b-9868-57a2d4851a1d" />
    <TestEntry testId="02ecd7ab-bcdf-e3ce-73c4-60d49e1f8cf1" executionId="482993b1-e372-422d-853e-8359cfaff5dd" testListId="8c84fa94-04c1-424b-9868-57a2d4851a1d" />
    <TestEntry testId="26f20c36-20b3-9005-cb04-ee3276a58fd4" executionId="6c188906-472c-4389-903d-ff72b9f71c74" testListId="8c84fa94-04c1-424b-9868-57a2d4851a1d" />
    <TestEntry testId="c8eb35de-3806-7a84-c356-ef8a1ba0e171" executionId="4774e772-19e8-440a-bef8-c9f1199a702f" testListId="8c84fa94-04c1-424b-9868-57a2d4851a1d" />
    <TestEntry testId="b73fc7b5-5c4f-ce2b-029f-5099fc932df8" executionId="79a3ce47-75c9-48bc-83fb-fed402838dc7" testListId="8c84fa94-04c1-424b-9868-57a2d4851a1d" />
    <TestEntry testId="02be2eb2-b9b7-27e5-1198-908b3671a59d" executionId="e1e55eb1-df44-4de1-bce4-a87af8df3063" testListId="8c84fa94-04c1-424b-9868-57a2d4851a1d" />
    <TestEntry testId="01c6738e-928f-12e9-002b-a3010d7f109b" executionId="41ac3ccf-d38d-4e50-9286-03eaf29e27ab" testListId="8c84fa94-04c1-424b-9868-57a2d4851a1d" />
    <TestEntry testId="ea350fd8-4960-b90d-698c-7f319b46d10e" executionId="1a77c01e-612a-41a7-b09d-3fb76455c192" testListId="8c84fa94-04c1-424b-9868-57a2d4851a1d" />
    <TestEntry testId="f0d3000f-be7b-27df-36a0-5c04859590b9" executionId="08b55044-ee8e-4970-ba53-5f9b8c04792f" testListId="8c84fa94-04c1-424b-9868-57a2d4851a1d" />
    <TestEntry testId="7e2b291f-4d36-b74a-6972-5466517a8596" executionId="565ed25c-442a-43c9-8d7e-ba94ecb2f96d" testListId="8c84fa94-04c1-424b-9868-57a2d4851a1d" />
    <TestEntry testId="babf93f6-1c89-9c1d-499b-7212ab41b8fb" executionId="defcd386-77cf-4a4a-aa2b-cf52971af313" testListId="8c84fa94-04c1-424b-9868-57a2d4851a1d" />
    <TestEntry testId="5e9fd67a-100d-f0f8-28f8-739d3a791929" executionId="00f943b4-2d95-4eb0-a5ba-7873680869eb" testListId="8c84fa94-04c1-424b-9868-57a2d4851a1d" />
    <TestEntry testId="0e0b30c5-6422-25c8-2172-d67c44a7d25d" executionId="4fa71ee8-cc14-4262-9b29-0c462b28ff84" testListId="8c84fa94-04c1-424b-9868-57a2d4851a1d" />
    <TestEntry testId="43631560-4363-7ae1-1dad-8677710aa43a" executionId="b77d291f-87cf-403b-9705-2a115da66a2f" testListId="8c84fa94-04c1-424b-9868-57a2d4851a1d" />
    <TestEntry testId="bdaba18c-2c59-04ae-e240-7ebf7e7a64fb" executionId="c38c320e-55ff-406c-b4b4-8f70f9906c79" testListId="8c84fa94-04c1-424b-9868-57a2d4851a1d" />
    <TestEntry testId="f6865024-5e66-1a8c-8eaa-13d5eb300007" executionId="d90f3ddb-d5de-408a-a7b9-f6fa05aedc18" testListId="8c84fa94-04c1-424b-9868-57a2d4851a1d" />
    <TestEntry testId="6d960990-c3fd-9f28-bdad-0681fd0a7d6b" executionId="89dc95a9-7dd5-42ef-a345-b6becf3fe10b" testListId="8c84fa94-04c1-424b-9868-57a2d4851a1d" />
    <TestEntry testId="e7fe6284-3fcb-b9cb-9a4e-f74cf392b140" executionId="49c7a7f9-fa55-42d4-b768-bff03bee5487" testListId="8c84fa94-04c1-424b-9868-57a2d4851a1d" />
    <TestEntry testId="0b60d97b-b22a-43f0-3b65-c801f8f15e8d" executionId="ecf26aef-18be-4224-a586-b4e8d232a4dc" testListId="8c84fa94-04c1-424b-9868-57a2d4851a1d" />
    <TestEntry testId="b27c9020-e789-a65d-c36f-5611503fe0b7" executionId="52660fd3-a7f1-4380-bb39-b270c593b91b" testListId="8c84fa94-04c1-424b-9868-57a2d4851a1d" />
    <TestEntry testId="efa601cc-54d7-c236-5a09-1fc8039d2d61" executionId="52206a60-e3a8-42f0-aa23-a23807790293" testListId="8c84fa94-04c1-424b-9868-57a2d4851a1d" />
    <TestEntry testId="5670067d-1cf3-a96b-1c13-3fd4f02d341b" executionId="5a636ffd-6f55-4887-9818-89d4a060df11" testListId="8c84fa94-04c1-424b-9868-57a2d4851a1d" />
    <TestEntry testId="fc6461b5-e450-3964-c0c6-8dde33d0fbf9" executionId="e545826a-f2df-4f70-9881-8bacfcb342b1" testListId="8c84fa94-04c1-424b-9868-57a2d4851a1d" />
    <TestEntry testId="d07cd30b-d230-d13b-93e4-5f93de4f56b2" executionId="5bfab816-ced7-4374-9e82-83eba7e2290a" testListId="8c84fa94-04c1-424b-9868-57a2d4851a1d" />
    <TestEntry testId="ac5db98b-95ab-8428-6c0e-9c3d2b01381d" executionId="6d08e4c7-1297-43c4-ba25-26ebe91bc237" testListId="8c84fa94-04c1-424b-9868-57a2d4851a1d" />
    <TestEntry testId="ac7e7db2-01de-f348-0757-1a5540553b98" executionId="46e3fca3-29ab-461e-aed2-411cf19ad712" testListId="8c84fa94-04c1-424b-9868-57a2d4851a1d" />
    <TestEntry testId="160b6563-2105-ca70-48f4-f9c0ddc5ea76" executionId="cefbbfe9-f773-40c8-a734-41954884e922" testListId="8c84fa94-04c1-424b-9868-57a2d4851a1d" />
    <TestEntry testId="0bed3344-fa0a-42d1-498c-c81531501fe8" executionId="64aede9a-3a52-4f70-ac97-27aeada30922" testListId="8c84fa94-04c1-424b-9868-57a2d4851a1d" />
    <TestEntry testId="15c14f8d-8822-958b-82c7-410f02f8a203" executionId="acbb2baf-5b19-47a5-88ba-cc1061277bbb" testListId="8c84fa94-04c1-424b-9868-57a2d4851a1d" />
    <TestEntry testId="d36ee119-83d8-bc35-7ac6-7f5ac328dab5" executionId="805cf1b1-e43d-450d-a012-ceeb9162cd2c" testListId="8c84fa94-04c1-424b-9868-57a2d4851a1d" />
    <TestEntry testId="ead7075b-f824-edda-74c3-54f68b078b04" executionId="fcc85267-3e01-4f6d-b3c0-ffc4ad5f0be5" testListId="8c84fa94-04c1-424b-9868-57a2d4851a1d" />
    <TestEntry testId="7deeee6f-5f68-e96c-55d2-19a70aab7c3d" executionId="2cc354a4-2e82-40f9-a18e-434bb84b460f" testListId="8c84fa94-04c1-424b-9868-57a2d4851a1d" />
    <TestEntry testId="d612b35d-eb74-c9d6-7c08-b6087fbf724b" executionId="4f9b988b-3947-4287-8c99-eedcc157c6c4" testListId="8c84fa94-04c1-424b-9868-57a2d4851a1d" />
    <TestEntry testId="d87515a5-cd25-21bb-1381-51ed2081f274" executionId="82d0b255-a730-4473-9ff5-c22c5b966ee1" testListId="8c84fa94-04c1-424b-9868-57a2d4851a1d" />
    <TestEntry testId="5fa2b639-d7d3-7e54-f35e-518a5bab3568" executionId="8389da21-a440-40c4-814a-df093d478916" testListId="8c84fa94-04c1-424b-9868-57a2d4851a1d" />
    <TestEntry testId="1bd4918e-984f-4b09-f089-8b165ff131a6" executionId="c0e10d8a-0eb6-4ea0-92e8-b0ececea935f" testListId="8c84fa94-04c1-424b-9868-57a2d4851a1d" />
    <TestEntry testId="0d9d879c-a85a-bdc6-b8ff-9a6ab509a103" executionId="58c73a06-574b-43f6-9f3b-e3b5b825cb5a" testListId="8c84fa94-04c1-424b-9868-57a2d4851a1d" />
    <TestEntry testId="dce4b7c0-81f4-b41c-94b9-afb06d0ad99d" executionId="35f4d282-3b00-4553-bb69-cbf364b0b20a" testListId="8c84fa94-04c1-424b-9868-57a2d4851a1d" />
    <TestEntry testId="821db9cf-a5c7-f686-a035-a78be04f731f" executionId="608bb36e-c142-468f-a520-895471d4bab8" testListId="8c84fa94-04c1-424b-9868-57a2d4851a1d" />
    <TestEntry testId="f7e40ddb-a284-7426-9379-70e1c4cc7afa" executionId="457757be-4096-4ccd-bbf1-3708c19b427f" testListId="8c84fa94-04c1-424b-9868-57a2d4851a1d" />
    <TestEntry testId="5cb521d9-b508-87d2-d6b3-9430721a3a5b" executionId="dd4759cf-a1cc-4972-a629-7886d7bd6409" testListId="8c84fa94-04c1-424b-9868-57a2d4851a1d" />
    <TestEntry testId="6c059688-c465-f5a5-7144-0e70ce180f19" executionId="b2c22132-e43c-452e-a855-34bbce32e70e" testListId="8c84fa94-04c1-424b-9868-57a2d4851a1d" />
    <TestEntry testId="ec5f10ca-3aba-60b0-6d4f-6390df8262d9" executionId="c1153536-93b3-4ece-88b7-3b03043949f8" testListId="8c84fa94-04c1-424b-9868-57a2d4851a1d" />
    <TestEntry testId="5d9c47dd-439e-67ac-b1d4-8dc742348d44" executionId="15e15d39-3c63-4834-b561-b53248b00734" testListId="8c84fa94-04c1-424b-9868-57a2d4851a1d" />
    <TestEntry testId="de573764-ea0d-8509-05be-8709ab895a61" executionId="73c3ad72-0e08-4141-916a-f0a8103290a4" testListId="8c84fa94-04c1-424b-9868-57a2d4851a1d" />
    <TestEntry testId="5a6838e8-c034-4ac2-cf4a-650d8f91ee6f" executionId="d05654d7-dcec-4194-94f2-9e5ce07e964e" testListId="8c84fa94-04c1-424b-9868-57a2d4851a1d" />
    <TestEntry testId="edfee89c-6991-817a-4b5f-507b7c5607c8" executionId="4e8a84c4-84e8-4fa2-a35a-6ebcb9135fb0" testListId="8c84fa94-04c1-424b-9868-57a2d4851a1d" />
    <TestEntry testId="4dc9e345-1e1c-7c56-ffd6-51f432d6c33b" executionId="76eae583-070c-4598-82eb-b0f08a81592d" testListId="8c84fa94-04c1-424b-9868-57a2d4851a1d" />
    <TestEntry testId="0621e765-88ea-dc42-5665-bfda0b35c593" executionId="0c0c4ac3-a6e3-4939-abdb-84f2a9d45d87" testListId="8c84fa94-04c1-424b-9868-57a2d4851a1d" />
    <TestEntry testId="9cf0cba5-172e-c153-e796-92c43fe8b799" executionId="900b85e9-3ad4-4e98-9de2-014ada3c1839" testListId="8c84fa94-04c1-424b-9868-57a2d4851a1d" />
    <TestEntry testId="67ca508f-a17c-3db3-c22c-394aa968c00c" executionId="4c5fadae-2016-4689-bce1-d3b5298fdb6e" testListId="8c84fa94-04c1-424b-9868-57a2d4851a1d" />
    <TestEntry testId="0f9af31d-0f66-fa47-7811-06be3c347ad8" executionId="f055fb7b-9c63-4e39-8c31-868172b97245" testListId="8c84fa94-04c1-424b-9868-57a2d4851a1d" />
    <TestEntry testId="854f4902-0945-d06b-12ec-30d497dc6ec6" executionId="dfc850d0-a3d3-45e2-8a5d-fc03e84198c0" testListId="8c84fa94-04c1-424b-9868-57a2d4851a1d" />
    <TestEntry testId="355791e2-453d-1a99-4de5-71823162968c" executionId="4064272a-e3df-423a-b018-0e1f4140ebfd" testListId="8c84fa94-04c1-424b-9868-57a2d4851a1d" />
    <TestEntry testId="5b9149bb-3a0e-df91-0be0-26f9f7da6a9a" executionId="fce05cb7-232f-4d40-8536-f6d1657c0431" testListId="8c84fa94-04c1-424b-9868-57a2d4851a1d" />
    <TestEntry testId="c1b39591-e148-1ede-3450-ca36e80a70b0" executionId="6db50671-9f95-4760-a3de-1fe6a93d1213" testListId="8c84fa94-04c1-424b-9868-57a2d4851a1d" />
    <TestEntry testId="6c7ab625-d6dc-0b1e-f7ad-fc94ba9002b5" executionId="7e851f80-9f2b-4ab3-9ed2-021c4e4934c0" testListId="8c84fa94-04c1-424b-9868-57a2d4851a1d" />
    <TestEntry testId="e3b45518-8d0a-2cd6-89ed-a43178b94cdf" executionId="9330062a-bdd4-4345-8eb0-30b58bf6b3a6" testListId="8c84fa94-04c1-424b-9868-57a2d4851a1d" />
    <TestEntry testId="9f0ccaf6-c07d-b20e-be6b-7733f88e5aab" executionId="921056c6-b626-45df-8bfc-f7ccba3fc71e" testListId="8c84fa94-04c1-424b-9868-57a2d4851a1d" />
    <TestEntry testId="de2d88b7-cfd9-036b-e718-618c36e4686c" executionId="df85a13b-5664-42dc-830e-069b3cb46b9e" testListId="8c84fa94-04c1-424b-9868-57a2d4851a1d" />
    <TestEntry testId="d950a7c4-72e5-0b34-aa9c-ed718050682b" executionId="e2db4ae7-3e56-4467-8a74-7e7681c0acf8" testListId="8c84fa94-04c1-424b-9868-57a2d4851a1d" />
    <TestEntry testId="e1d927d7-1291-e12a-bf18-839c35a2f680" executionId="3dd354fa-f513-4d31-9c5e-0f02d709a5ba" testListId="8c84fa94-04c1-424b-9868-57a2d4851a1d" />
    <TestEntry testId="8146e86e-cd6b-cf36-e743-61cfc2778296" executionId="b0565110-adca-4737-a984-59069b0adbc3" testListId="8c84fa94-04c1-424b-9868-57a2d4851a1d" />
    <TestEntry testId="dffdb84d-1db1-5f4c-67d3-f3140d14b547" executionId="1b16f952-ec75-4919-b20f-e350f514a0c7" testListId="8c84fa94-04c1-424b-9868-57a2d4851a1d" />
    <TestEntry testId="3e90431b-d28c-c271-ef23-978dcb2898e8" executionId="c91950d9-172a-418e-89f9-95b78d992718" testListId="8c84fa94-04c1-424b-9868-57a2d4851a1d" />
    <TestEntry testId="6b95806a-569f-591e-33c5-cf371e97a169" executionId="5592a547-81c4-40c4-bebf-a98eb19ec6d7" testListId="8c84fa94-04c1-424b-9868-57a2d4851a1d" />
    <TestEntry testId="8616f313-0874-0a03-7810-4f3d3de80c81" executionId="f21b244b-e2c7-4b80-afde-33de59bbc3c2" testListId="8c84fa94-04c1-424b-9868-57a2d4851a1d" />
    <TestEntry testId="9b48be43-b6dc-ab4a-e9b5-a0f0a0083d37" executionId="8b666b6e-cbcd-43cc-bcd2-463c8df490c3" testListId="8c84fa94-04c1-424b-9868-57a2d4851a1d" />
    <TestEntry testId="7b22ac76-e28b-d566-054d-8cca4f51f9c4" executionId="2e968545-5f99-478e-afd0-30c165417ce9" testListId="8c84fa94-04c1-424b-9868-57a2d4851a1d" />
    <TestEntry testId="9e27424c-7bf4-a54a-a23f-62f6c33d62bb" executionId="26db725c-fb3e-4cd7-a0d0-9830e802b7ad" testListId="8c84fa94-04c1-424b-9868-57a2d4851a1d" />
    <TestEntry testId="4884422f-a201-6166-d234-44d86f6dd8d3" executionId="509d5838-3c1f-4374-875b-6806caa6f1a7" testListId="8c84fa94-04c1-424b-9868-57a2d4851a1d" />
  </TestEntries>
  <TestLists>
    <TestList name="Wyniki, których nie ma na liście" id="8c84fa94-04c1-424b-9868-57a2d4851a1d" />
    <TestList name="Wszystkie załadowane wyniki" id="19431567-8539-422a-85d7-44ee4e166bda" />
  </TestLists>
  <ResultSummary outcome="Completed">
    <Counters total="122" executed="120" passed="120" failed="0" error="0" timeout="0" aborted="0" inconclusive="0" passedButRunAborted="0" notRunnable="0" notExecuted="0" disconnected="0" warning="0" completed="0" inProgress="0" pending="0" />
    <Output>
      <StdOut>[xUnit.net 00:00:00.00] xUnit.net VSTest Adapter v2.4.3+1b45f5407b (64-bit .NET Core 3.1.10)&#xD;
[xUnit.net 00:00:00.34]   Discovering: 2020.Tests&#xD;
[xUnit.net 00:00:00.44]   Discovered:  2020.Tests&#xD;
[xUnit.net 00:00:00.45]   Starting:    2020.Tests&#xD;
[xUnit.net 00:00:00.72]       Only running in interactive mode.&#xD;
Test „_2020.Tests.Days.Day22Tests.Part2_Pack” został pominięty w przebiegu testu.&#xD;
[xUnit.net 00:00:00.74]       Only running in interactive mode.&#xD;
Test „_2020.Tests.Days.Day20Tests.Part2_Pack” został pominięty w przebiegu testu.&#xD;
[xUnit.net 00:00:37.00]   Finished:    2020.Tests&#xD;
</StdOut>
    </Output>
    <RunInfos>
      <RunInfo computerName="LAPTOP-35RG0TO8" outcome="Warning" timestamp="2020-12-22T11:15:04.9242628+01:00">
        <Text>[xUnit.net 00:00:00.72]     _2020.Tests.Days.Day22Tests.Part2_Pack [SKIP]</Text>
      </RunInfo>
      <RunInfo computerName="LAPTOP-35RG0TO8" outcome="Warning" timestamp="2020-12-22T11:15:04.9354889+01:00">
        <Text>[xUnit.net 00:00:00.74]     _2020.Tests.Days.Day20Tests.Part2_Pack [SKIP]</Text>
      </RunInfo>
    </RunInfos>
  </ResultSummary>
</TestRun>