<?xml version="1.0" encoding="utf-8"?>
<TestRun id="01975ed9-ccda-4c7b-9698-5754e6b981b3" name="pnaro@LAPTOP-35RG0TO8 2020-12-17 23:19:43" runUser="LAPTOP-35RG0TO8\pnaro" xmlns="http://microsoft.com/schemas/VisualStudio/TeamTest/2010">
  <Times creation="2020-12-17T23:19:43.7727994+01:00" queuing="2020-12-17T23:19:43.7728001+01:00" start="2020-12-17T23:19:41.8280727+01:00" finish="2020-12-17T23:20:24.6181840+01:00" />
  <TestSettings name="default" id="00cabd58-d775-47e2-9445-b12e6de74104">
    <Deployment runDeploymentRoot="pnaro_LAPTOP-35RG0TO8_2020-12-17_23_19_43" />
  </TestSettings>
  <Results>
    <UnitTestResult executionId="1ba5666a-6471-4e62-8179-0876699adb4d" testId="56b8ecc6-4451-516f-e6ef-1f4a55f10fe8" testName="_2020.Tests.Days.Day13Tests.Part2_Pack(testCaseName: &quot;example1&quot;, _: &quot;295&quot;, expectedResult: &quot;1068781&quot;, fileContent: &quot;939\r\n7,13,x,x,59,x,31,19&quot;)" computerName="LAPTOP-35RG0TO8" duration="00:00:00.0001666" startTime="2020-12-17T23:19:43.7470851+01:00" endTime="2020-12-17T23:19:43.7470854+01:00" testType="13cdc9d9-ddb5-4fa4-a97d-d965ccfc6d4b" outcome="Passed" testListId="8c84fa94-04c1-424b-9868-57a2d4851a1d" relativeResultsDirectory="1ba5666a-6471-4e62-8179-0876699adb4d" />
    <UnitTestResult executionId="a0900597-6a26-42f8-8e85-7c8b7967e86d" testId="d36ee119-83d8-bc35-7ac6-7f5ac328dab5" testName="_2020.Tests.Days.Day3Tests.Move_Works(fileContent: &quot;.......\r\n...#...\r\n......#&quot;, coordinates: [0, 0, 3, 1], isTree: True)" computerName="LAPTOP-35RG0TO8" duration="00:00:00.0000102" startTime="2020-12-17T23:19:43.7294180+01:00" endTime="2020-12-17T23:19:43.7294183+01:00" testType="13cdc9d9-ddb5-4fa4-a97d-d965ccfc6d4b" outcome="Passed" testListId="8c84fa94-04c1-424b-9868-57a2d4851a1d" relativeResultsDirectory="a0900597-6a26-42f8-8e85-7c8b7967e86d" />
    <UnitTestResult executionId="cc03e3ee-7ab9-44a1-ac8e-4f862f8605cc" testId="d87515a5-cd25-21bb-1381-51ed2081f274" testName="_2020.Tests.Days.Day8Tests.Part2_Pack(testCaseName: &quot;example1&quot;, _: &quot;5&quot;, expectedResult: &quot;8&quot;, fileContent: &quot;nop +0\r\nacc +1\r\njmp +4\r\nacc +3\r\njmp -3\r\n&quot;...)" computerName="LAPTOP-35RG0TO8" duration="00:00:00.0219225" startTime="2020-12-17T23:19:43.7554164+01:00" endTime="2020-12-17T23:19:43.7554167+01:00" testType="13cdc9d9-ddb5-4fa4-a97d-d965ccfc6d4b" outcome="Passed" testListId="8c84fa94-04c1-424b-9868-57a2d4851a1d" relativeResultsDirectory="cc03e3ee-7ab9-44a1-ac8e-4f862f8605cc" />
    <UnitTestResult executionId="e746a933-969f-4043-840e-3089b9b215b0" testId="db94a0d2-a22c-8314-89a3-1a38e815913a" testName="_2020.Tests.Days.Day1Tests.Part2(lines: &quot;1753\r\n1976\r\n1574\r\n308\r\n1384\r\n1191\r\n173&quot;...)" computerName="LAPTOP-35RG0TO8" duration="00:00:00.0211626" startTime="2020-12-17T23:19:43.7553278+01:00" endTime="2020-12-17T23:19:43.7553288+01:00" testType="13cdc9d9-ddb5-4fa4-a97d-d965ccfc6d4b" outcome="Passed" testListId="8c84fa94-04c1-424b-9868-57a2d4851a1d" relativeResultsDirectory="e746a933-969f-4043-840e-3089b9b215b0" />
    <UnitTestResult executionId="0abd97c9-2823-43d8-86b4-9392735018fe" testId="821db9cf-a5c7-f686-a035-a78be04f731f" testName="_2020.Tests.Days.Day16Tests.Part1_pack(testCaseName: &quot;example2&quot;, expectedResult: &quot;0&quot;, _: &quot;1716&quot;, fileContent: &quot;departure class: 0-1 or 4-19\r\ndeparture row: 0-5&quot;...)" computerName="LAPTOP-35RG0TO8" duration="00:00:00.0000649" startTime="2020-12-17T23:19:43.7509284+01:00" endTime="2020-12-17T23:19:43.7509290+01:00" testType="13cdc9d9-ddb5-4fa4-a97d-d965ccfc6d4b" outcome="Passed" testListId="8c84fa94-04c1-424b-9868-57a2d4851a1d" relativeResultsDirectory="0abd97c9-2823-43d8-86b4-9392735018fe" />
    <UnitTestResult executionId="dd225081-2577-4724-a9ed-3fca0fb1d319" testId="f6865024-5e66-1a8c-8eaa-13d5eb300007" testName="_2020.Tests.Days.Day6Tests.Part1_pack(testCaseName: &quot;puzzleinput&quot;, expectedResult: &quot;6551&quot;, _: &quot;3358&quot;, fileContent: &quot;nvlyak\r\nnyvha\r\nyaen\r\nqynia\r\n\r\nkend\r\nen&quot;...)" computerName="LAPTOP-35RG0TO8" duration="00:00:00.0198233" startTime="2020-12-17T23:19:43.7468425+01:00" endTime="2020-12-17T23:19:43.7468427+01:00" testType="13cdc9d9-ddb5-4fa4-a97d-d965ccfc6d4b" outcome="Passed" testListId="8c84fa94-04c1-424b-9868-57a2d4851a1d" relativeResultsDirectory="dd225081-2577-4724-a9ed-3fca0fb1d319" />
    <UnitTestResult executionId="89232b13-b4dc-4a22-a94e-6d3cb0ca9a0c" testId="ea350fd8-4960-b90d-698c-7f319b46d10e" testName="_2020.Tests.Days.Day11Tests.Part1_pack(testCaseName: &quot;puzzleinput&quot;, expectedResult: &quot;2310&quot;, _: &quot;2074&quot;, fileContent: &quot;LLLLLLLLLL.LLLLLLLL.LLLLLLLLLLLLL.LLLLL.LLLL.LL.L.&quot;...)" computerName="LAPTOP-35RG0TO8" duration="00:00:01.2636251" startTime="2020-12-17T23:19:46.1322958+01:00" endTime="2020-12-17T23:19:46.1323095+01:00" testType="13cdc9d9-ddb5-4fa4-a97d-d965ccfc6d4b" outcome="Passed" testListId="8c84fa94-04c1-424b-9868-57a2d4851a1d" relativeResultsDirectory="89232b13-b4dc-4a22-a94e-6d3cb0ca9a0c" />
    <UnitTestResult executionId="91217ec8-70f7-4efb-93a3-aa8f7606718c" testId="5d9c47dd-439e-67ac-b1d4-8dc742348d44" testName="_2020.Tests.Days.Day10Tests.Part1_pack(testCaseName: &quot;example2&quot;, expectedResult: &quot;220&quot;, _: &quot;19208&quot;, fileContent: &quot;28\r\n33\r\n18\r\n42\r\n31\r\n14\r\n46\r\n20\r\n48&quot;...)" computerName="LAPTOP-35RG0TO8" duration="00:00:00.0000342" startTime="2020-12-17T23:19:43.7378379+01:00" endTime="2020-12-17T23:19:43.7378381+01:00" testType="13cdc9d9-ddb5-4fa4-a97d-d965ccfc6d4b" outcome="Passed" testListId="8c84fa94-04c1-424b-9868-57a2d4851a1d" relativeResultsDirectory="91217ec8-70f7-4efb-93a3-aa8f7606718c" />
    <UnitTestResult executionId="4c3b74c3-a8e2-4cc3-9b42-83c5d364d98a" testId="3e90431b-d28c-c271-ef23-978dcb2898e8" testName="_2020.Tests.Days.Day3Tests.Move_Works(fileContent: &quot;...\r\nX..&quot;, coordinates: [0, 0, 0, 1], isTree: False)" computerName="LAPTOP-35RG0TO8" duration="00:00:00.0197077" startTime="2020-12-17T23:19:43.6670125+01:00" endTime="2020-12-17T23:19:43.6670139+01:00" testType="13cdc9d9-ddb5-4fa4-a97d-d965ccfc6d4b" outcome="Passed" testListId="8c84fa94-04c1-424b-9868-57a2d4851a1d" relativeResultsDirectory="4c3b74c3-a8e2-4cc3-9b42-83c5d364d98a" />
    <UnitTestResult executionId="ae0d7c8c-4ebe-4857-9359-83fcc8cef643" testId="9cf0cba5-172e-c153-e796-92c43fe8b799" testName="_2020.Tests.Days.Day13Tests.Part2_Pack(testCaseName: &quot;puzzleinput&quot;, _: &quot;4135&quot;, expectedResult: &quot;640856202464541&quot;, fileContent: &quot;1011416\r\n41,x,x,x,x,x,x,x,x,x,x,x,x,x,x,x,x,x,x,&quot;...)" computerName="LAPTOP-35RG0TO8" duration="00:00:00.0626532" startTime="2020-12-17T23:19:43.7470410+01:00" endTime="2020-12-17T23:19:43.7470412+01:00" testType="13cdc9d9-ddb5-4fa4-a97d-d965ccfc6d4b" outcome="Passed" testListId="8c84fa94-04c1-424b-9868-57a2d4851a1d" relativeResultsDirectory="ae0d7c8c-4ebe-4857-9359-83fcc8cef643" />
    <UnitTestResult executionId="6a42b275-aa7e-4a14-b620-ad13f2b00555" testId="b9a0883d-021b-16e7-be90-275f6000cc9d" testName="_2020.Tests.Days.Day2Tests.Part1(fileContent: &quot;1-5 k: kkkkhkkkkkkkkkk\r\n5-7 k: blkqhtxfgktdkxzkk&quot;...)" computerName="LAPTOP-35RG0TO8" duration="00:00:00.0207077" startTime="2020-12-17T23:19:43.6676678+01:00" endTime="2020-12-17T23:19:43.6676700+01:00" testType="13cdc9d9-ddb5-4fa4-a97d-d965ccfc6d4b" outcome="Passed" testListId="8c84fa94-04c1-424b-9868-57a2d4851a1d" relativeResultsDirectory="6a42b275-aa7e-4a14-b620-ad13f2b00555">
      <Output>
        <StdOut>answer for part 1 is: 519</StdOut>
      </Output>
    </UnitTestResult>
    <UnitTestResult executionId="afada3df-b37c-4cb5-b172-6291fa69b113" testId="2aa3cc9c-1e67-63fe-0e48-b59a2268710d" testName="_2020.Tests.Days.Day15Tests.Part1_pack(testCaseName: &quot;example3&quot;, expectedResult: &quot;10&quot;, _: &quot;3544142&quot;, fileContent: &quot;2,1,3&quot;)" computerName="LAPTOP-35RG0TO8" duration="00:00:00.0003494" startTime="2020-12-17T23:19:43.7402527+01:00" endTime="2020-12-17T23:19:43.7402529+01:00" testType="13cdc9d9-ddb5-4fa4-a97d-d965ccfc6d4b" outcome="Passed" testListId="8c84fa94-04c1-424b-9868-57a2d4851a1d" relativeResultsDirectory="afada3df-b37c-4cb5-b172-6291fa69b113" />
    <UnitTestResult executionId="4763c2eb-528d-4d05-b1da-4b81a27822ef" testId="9e27424c-7bf4-a54a-a23f-62f6c33d62bb" testName="_2020.Tests.Days.Day3Tests.Part2(fileContent: &quot;.#.......#...........#.........\r\n..##.......#.#.&quot;...)" computerName="LAPTOP-35RG0TO8" duration="00:00:00.0356447" startTime="2020-12-17T23:19:43.7558004+01:00" endTime="2020-12-17T23:19:43.7558007+01:00" testType="13cdc9d9-ddb5-4fa4-a97d-d965ccfc6d4b" outcome="Passed" testListId="8c84fa94-04c1-424b-9868-57a2d4851a1d" relativeResultsDirectory="4763c2eb-528d-4d05-b1da-4b81a27822ef">
      <Output>
        <StdOut>answer for part 2 is: 1574890240</StdOut>
      </Output>
    </UnitTestResult>
    <UnitTestResult executionId="e7f37bed-0ace-4772-8d88-b5f0985a88fd" testId="edfee89c-6991-817a-4b5f-507b7c5607c8" testName="_2020.Tests.Days.Day8Tests.Part1_pack(testCaseName: &quot;example1&quot;, expectedResult: &quot;5&quot;, _: &quot;8&quot;, fileContent: &quot;nop +0\r\nacc +1\r\njmp +4\r\nacc +3\r\njmp -3\r\n&quot;...)" computerName="LAPTOP-35RG0TO8" duration="00:00:00.0003895" startTime="2020-12-17T23:19:43.7626433+01:00" endTime="2020-12-17T23:19:43.7626434+01:00" testType="13cdc9d9-ddb5-4fa4-a97d-d965ccfc6d4b" outcome="Passed" testListId="8c84fa94-04c1-424b-9868-57a2d4851a1d" relativeResultsDirectory="e7f37bed-0ace-4772-8d88-b5f0985a88fd" />
    <UnitTestResult executionId="1e9f3b15-f0d0-40a4-a653-ba9b96168127" testId="02ecd7ab-bcdf-e3ce-73c4-60d49e1f8cf1" testName="_2020.Tests.Days.Day12Tests.Part2_Pack(testCaseName: &quot;example1&quot;, _: &quot;25&quot;, expectedResult: &quot;286&quot;, fileContent: &quot;F10\r\nN3\r\nF7\r\nR90\r\nF11&quot;)" computerName="LAPTOP-35RG0TO8" duration="00:00:00.0000287" startTime="2020-12-17T23:19:43.7579349+01:00" endTime="2020-12-17T23:19:43.7579352+01:00" testType="13cdc9d9-ddb5-4fa4-a97d-d965ccfc6d4b" outcome="Passed" testListId="8c84fa94-04c1-424b-9868-57a2d4851a1d" relativeResultsDirectory="1e9f3b15-f0d0-40a4-a653-ba9b96168127" />
    <UnitTestResult executionId="75474a98-6eaf-4439-a7fb-9e84a805cf46" testId="136cf6b3-49e2-8bb0-486f-d1f9a3983f12" testName="_2020.Tests.Days.Day3Tests.Part1_case2(fileContent: &quot;...\r\n#..&quot;)" computerName="LAPTOP-35RG0TO8" duration="00:00:00.0207517" startTime="2020-12-17T23:19:43.7469750+01:00" endTime="2020-12-17T23:19:43.7469752+01:00" testType="13cdc9d9-ddb5-4fa4-a97d-d965ccfc6d4b" outcome="Passed" testListId="8c84fa94-04c1-424b-9868-57a2d4851a1d" relativeResultsDirectory="75474a98-6eaf-4439-a7fb-9e84a805cf46">
      <Output>
        <StdOut>answer for part 1 is: 1</StdOut>
      </Output>
    </UnitTestResult>
    <UnitTestResult executionId="acb12e70-8465-48d9-99e3-9e78317a2bc7" testId="1f5e50cb-54fd-2c1d-5c96-c69e9c09c257" testName="_2020.Tests.Days.Day15Tests.Part2_Pack(testCaseName: &quot;puzzleinput&quot;, _: &quot;700&quot;, expectedResult: &quot;51358&quot;, fileContent: &quot;6,3,15,13,1,0&quot;)" computerName="LAPTOP-35RG0TO8" duration="00:00:04.2174026" startTime="2020-12-17T23:20:24.5232145+01:00" endTime="2020-12-17T23:20:24.5232260+01:00" testType="13cdc9d9-ddb5-4fa4-a97d-d965ccfc6d4b" outcome="Passed" testListId="8c84fa94-04c1-424b-9868-57a2d4851a1d" relativeResultsDirectory="acb12e70-8465-48d9-99e3-9e78317a2bc7" />
    <UnitTestResult executionId="962d3787-e01a-4f08-9c7f-43c5bcc6ddd1" testId="6c059688-c465-f5a5-7144-0e70ce180f19" testName="_2020.Tests.Days.Day14Tests.Part1_pack(testCaseName: &quot;example2&quot;, expectedResult: &quot;51&quot;, _: &quot;208&quot;, fileContent: &quot;mask = 000000000000000000000000000000X1001X\r\nmem&quot;...)" computerName="LAPTOP-35RG0TO8" duration="00:00:00.0001139" startTime="2020-12-17T23:19:43.7293675+01:00" endTime="2020-12-17T23:19:43.7293678+01:00" testType="13cdc9d9-ddb5-4fa4-a97d-d965ccfc6d4b" outcome="Passed" testListId="8c84fa94-04c1-424b-9868-57a2d4851a1d" relativeResultsDirectory="962d3787-e01a-4f08-9c7f-43c5bcc6ddd1" />
    <UnitTestResult executionId="f6329f72-66ed-492a-9414-02dad3e727d8" testId="ac7e7db2-01de-f348-0757-1a5540553b98" testName="_2020.Tests.Days.Day15Tests.Part2_Pack(testCaseName: &quot;example5&quot;, _: &quot;78&quot;, expectedResult: &quot;6895259&quot;, fileContent: &quot;2,3,1&quot;)" computerName="LAPTOP-35RG0TO8" duration="00:00:05.3756665" startTime="2020-12-17T23:20:07.6025352+01:00" endTime="2020-12-17T23:20:07.6025408+01:00" testType="13cdc9d9-ddb5-4fa4-a97d-d965ccfc6d4b" outcome="Passed" testListId="8c84fa94-04c1-424b-9868-57a2d4851a1d" relativeResultsDirectory="f6329f72-66ed-492a-9414-02dad3e727d8" />
    <UnitTestResult executionId="a09b6d1b-bf42-4968-a175-24bf0d21a5d9" testId="4884422f-a201-6166-d234-44d86f6dd8d3" testName="_2020.Tests.Days.Day3Tests.Move_Works(fileContent: &quot;.......\r\n...X...\r\n......X&quot;, coordinates: [3, 1, 6, 2], isTree: False)" computerName="LAPTOP-35RG0TO8" duration="00:00:00.0000105" startTime="2020-12-17T23:19:43.7377879+01:00" endTime="2020-12-17T23:19:43.7377885+01:00" testType="13cdc9d9-ddb5-4fa4-a97d-d965ccfc6d4b" outcome="Passed" testListId="8c84fa94-04c1-424b-9868-57a2d4851a1d" relativeResultsDirectory="a09b6d1b-bf42-4968-a175-24bf0d21a5d9" />
    <UnitTestResult executionId="3db23948-a8e5-45d0-850d-d96806cdf57a" testId="7deeee6f-5f68-e96c-55d2-19a70aab7c3d" testName="_2020.Tests.Days.Day3Tests.Move_Works(fileContent: &quot;.......\r\n...#...\r\n......#&quot;, coordinates: [3, 1, 6, 2], isTree: True)" computerName="LAPTOP-35RG0TO8" duration="00:00:00.0000638" startTime="2020-12-17T23:19:43.7291122+01:00" endTime="2020-12-17T23:19:43.7291164+01:00" testType="13cdc9d9-ddb5-4fa4-a97d-d965ccfc6d4b" outcome="Passed" testListId="8c84fa94-04c1-424b-9868-57a2d4851a1d" relativeResultsDirectory="3db23948-a8e5-45d0-850d-d96806cdf57a" />
    <UnitTestResult executionId="651baa2c-3cb2-4baf-8f54-c024038b8cc3" testId="ef12b05a-db9c-a4d1-6bf6-f50fcc998ceb" testName="_2020.Tests.Days.Day15Tests.Part1_pack(testCaseName: &quot;example6&quot;, expectedResult: &quot;438&quot;, _: &quot;18&quot;, fileContent: &quot;3,2,1&quot;)" computerName="LAPTOP-35RG0TO8" duration="00:00:00.0004431" startTime="2020-12-17T23:19:43.7378560+01:00" endTime="2020-12-17T23:19:43.7378562+01:00" testType="13cdc9d9-ddb5-4fa4-a97d-d965ccfc6d4b" outcome="Passed" testListId="8c84fa94-04c1-424b-9868-57a2d4851a1d" relativeResultsDirectory="651baa2c-3cb2-4baf-8f54-c024038b8cc3" />
    <UnitTestResult executionId="46380487-51b4-4613-b8e4-9b54430c919c" testId="16df4b72-a1be-7d8a-175c-1e6c5237fc4e" testName="_2020.Tests.Days.Day14Tests.Part1_pack(testCaseName: &quot;example1&quot;, expectedResult: &quot;165&quot;, _: &quot;&quot;, fileContent: &quot;mask = XXXXXXXXXXXXXXXXXXXXXXXXXXXXX1XXXX0X\r\nmem&quot;...)" computerName="LAPTOP-35RG0TO8" duration="00:00:00.0000421" startTime="2020-12-17T23:19:43.7376286+01:00" endTime="2020-12-17T23:19:43.7376295+01:00" testType="13cdc9d9-ddb5-4fa4-a97d-d965ccfc6d4b" outcome="Passed" testListId="8c84fa94-04c1-424b-9868-57a2d4851a1d" relativeResultsDirectory="46380487-51b4-4613-b8e4-9b54430c919c" />
    <UnitTestResult executionId="8c5d31fa-d6b8-440a-b4e7-f237f903e08d" testId="bdaba18c-2c59-04ae-e240-7ebf7e7a64fb" testName="_2020.Tests.Days.Day7Tests.Part2_Pack(testCaseName: &quot;puzzleinput&quot;, _: &quot;335&quot;, expectedResult: &quot;2431&quot;, fileContent: &quot;dim silver bags contain 3 posh fuchsia bags.\r\nwa&quot;...)" computerName="LAPTOP-35RG0TO8" duration="00:00:00.0415849" startTime="2020-12-17T23:19:43.7627027+01:00" endTime="2020-12-17T23:19:43.7627029+01:00" testType="13cdc9d9-ddb5-4fa4-a97d-d965ccfc6d4b" outcome="Passed" testListId="8c84fa94-04c1-424b-9868-57a2d4851a1d" relativeResultsDirectory="8c5d31fa-d6b8-440a-b4e7-f237f903e08d" />
    <UnitTestResult executionId="fd5b1e74-e01d-49da-8478-d6bdae6cce47" testId="de2d88b7-cfd9-036b-e718-618c36e4686c" testName="_2020.Tests.Days.Day4Tests.Part2(fileContent: &quot;eyr:2027\r\nhcl:#602927\r\nhgt:186cm byr:1939 iyr:&quot;...)" computerName="LAPTOP-35RG0TO8" duration="00:00:00.0038752" startTime="2020-12-17T23:19:43.7686058+01:00" endTime="2020-12-17T23:19:43.7686063+01:00" testType="13cdc9d9-ddb5-4fa4-a97d-d965ccfc6d4b" outcome="Passed" testListId="8c84fa94-04c1-424b-9868-57a2d4851a1d" relativeResultsDirectory="fd5b1e74-e01d-49da-8478-d6bdae6cce47">
      <Output>
        <StdOut>answer for part 2 is: 194</StdOut>
      </Output>
    </UnitTestResult>
    <UnitTestResult executionId="2abe1b57-d762-48d7-b217-0f8745de1330" testId="04f07e51-e06f-f9ef-687e-27f8f50cd69c" testName="_2020.Tests.Days.Day10Tests.Part1_pack(testCaseName: &quot;example_small&quot;, expectedResult: &quot;12&quot;, _: &quot;4&quot;, fileContent: &quot;3\r\n4\r\n5\r\n8\r\n9\r\n10&quot;)" computerName="LAPTOP-35RG0TO8" duration="00:00:00.0001613" startTime="2020-12-17T23:19:43.7293372+01:00" endTime="2020-12-17T23:19:43.7293374+01:00" testType="13cdc9d9-ddb5-4fa4-a97d-d965ccfc6d4b" outcome="Passed" testListId="8c84fa94-04c1-424b-9868-57a2d4851a1d" relativeResultsDirectory="2abe1b57-d762-48d7-b217-0f8745de1330" />
    <UnitTestResult executionId="5660a505-4a0a-49d4-a773-f541aa5a1546" testId="2cc010d6-e101-5b64-2847-d92eb3aca667" testName="_2020.Tests.Days.Day10Tests.Part2_Pack(testCaseName: &quot;puzzleinput&quot;, _: &quot;2059&quot;, expectedResult: &quot;86812553324672&quot;, fileContent: &quot;77\r\n58\r\n25\r\n92\r\n14\r\n154\r\n105\r\n112\r\&quot;...)" computerName="LAPTOP-35RG0TO8" duration="00:00:00.0002104" startTime="2020-12-17T23:19:43.7450588+01:00" endTime="2020-12-17T23:19:43.7450595+01:00" testType="13cdc9d9-ddb5-4fa4-a97d-d965ccfc6d4b" outcome="Passed" testListId="8c84fa94-04c1-424b-9868-57a2d4851a1d" relativeResultsDirectory="5660a505-4a0a-49d4-a773-f541aa5a1546" />
    <UnitTestResult executionId="17dbd096-0d02-4da9-9973-fd936e801b96" testId="9d63c5ca-cd81-dfa2-45c3-bef99b47c927" testName="_2020.Tests.Days.Day3Tests.Part2_TC3(fileContent: &quot;..##.......\r\n#...#...#..\r\n.#....#..#.\r\n..#.#&quot;...)" computerName="LAPTOP-35RG0TO8" duration="00:00:00.0004033" startTime="2020-12-17T23:19:43.7577903+01:00" endTime="2020-12-17T23:19:43.7577905+01:00" testType="13cdc9d9-ddb5-4fa4-a97d-d965ccfc6d4b" outcome="Passed" testListId="8c84fa94-04c1-424b-9868-57a2d4851a1d" relativeResultsDirectory="17dbd096-0d02-4da9-9973-fd936e801b96" />
    <UnitTestResult executionId="cd43baa2-b175-4003-a757-691f1d6d33cc" testId="babf93f6-1c89-9c1d-499b-7212ab41b8fb" testName="_2020.Tests.Days.Day17Tests.Part2_Pack(testCaseName: &quot;example1&quot;, _: &quot;112&quot;, expectedResult: &quot;848&quot;, fileContent: &quot;.#.\r\n..#\r\n###&quot;)" computerName="LAPTOP-35RG0TO8" duration="00:00:06.0676873" startTime="2020-12-17T23:19:49.6703524+01:00" endTime="2020-12-17T23:19:49.6703660+01:00" testType="13cdc9d9-ddb5-4fa4-a97d-d965ccfc6d4b" outcome="Passed" testListId="8c84fa94-04c1-424b-9868-57a2d4851a1d" relativeResultsDirectory="cd43baa2-b175-4003-a757-691f1d6d33cc" />
    <UnitTestResult executionId="3d6986c5-5a1e-4416-988a-f6410107d039" testId="d950a7c4-72e5-0b34-aa9c-ed718050682b" testName="_2020.Tests.Days.Day15Tests.Part1_pack(testCaseName: &quot;example2&quot;, expectedResult: &quot;1&quot;, _: &quot;2578&quot;, fileContent: &quot;1,3,2&quot;)" computerName="LAPTOP-35RG0TO8" duration="00:00:00.0335298" startTime="2020-12-17T23:19:43.6784525+01:00" endTime="2020-12-17T23:19:43.6784529+01:00" testType="13cdc9d9-ddb5-4fa4-a97d-d965ccfc6d4b" outcome="Passed" testListId="8c84fa94-04c1-424b-9868-57a2d4851a1d" relativeResultsDirectory="3d6986c5-5a1e-4416-988a-f6410107d039" />
    <UnitTestResult executionId="8b3df526-3f6a-4c55-bff5-1069d3a10139" testId="5cb521d9-b508-87d2-d6b3-9430721a3a5b" testName="_2020.Tests.Days.Day11Tests.Part2_Pack(testCaseName: &quot;puzzleinput&quot;, _: &quot;2310&quot;, expectedResult: &quot;2074&quot;, fileContent: &quot;LLLLLLLLLL.LLLLLLLL.LLLLLLLLLLLLL.LLLLL.LLLL.LL.L.&quot;...)" computerName="LAPTOP-35RG0TO8" duration="00:00:01.2239900" startTime="2020-12-17T23:19:44.8680515+01:00" endTime="2020-12-17T23:19:44.8680921+01:00" testType="13cdc9d9-ddb5-4fa4-a97d-d965ccfc6d4b" outcome="Passed" testListId="8c84fa94-04c1-424b-9868-57a2d4851a1d" relativeResultsDirectory="8b3df526-3f6a-4c55-bff5-1069d3a10139" />
    <UnitTestResult executionId="f1c06f89-6a57-4b6e-b187-078228f1e487" testId="b73fc7b5-5c4f-ce2b-029f-5099fc932df8" testName="_2020.Tests.Days.Day9Tests.Part1_pack(testCaseName: &quot;puzzleinput&quot;, expectedResult: &quot;41682220&quot;, preamble: &quot;25&quot;, _: &quot;5388976&quot;, fileContent: &quot;23\r\n3\r\n36\r\n14\r\n50\r\n8\r\n2\r\n44\r\n30\r\&quot;...)" computerName="LAPTOP-35RG0TO8" duration="00:00:00.0006158" startTime="2020-12-17T23:19:43.7448231+01:00" endTime="2020-12-17T23:19:43.7448233+01:00" testType="13cdc9d9-ddb5-4fa4-a97d-d965ccfc6d4b" outcome="Passed" testListId="8c84fa94-04c1-424b-9868-57a2d4851a1d" relativeResultsDirectory="f1c06f89-6a57-4b6e-b187-078228f1e487" />
    <UnitTestResult executionId="d2f50dfc-d451-4177-82fb-cc131082651b" testId="26f20c36-20b3-9005-cb04-ee3276a58fd4" testName="_2020.Tests.Days.Day1Tests.Part1(lines: &quot;1753\r\n1976\r\n1574\r\n308\r\n1384\r\n1191\r\n173&quot;...)" computerName="LAPTOP-35RG0TO8" duration="00:00:00.0023854" startTime="2020-12-17T23:19:43.7556300+01:00" endTime="2020-12-17T23:19:43.7556305+01:00" testType="13cdc9d9-ddb5-4fa4-a97d-d965ccfc6d4b" outcome="Passed" testListId="8c84fa94-04c1-424b-9868-57a2d4851a1d" relativeResultsDirectory="d2f50dfc-d451-4177-82fb-cc131082651b">
      <Output>
        <StdOut>answer for part 1 is: 989824</StdOut>
      </Output>
    </UnitTestResult>
    <UnitTestResult executionId="3b0833d4-4868-4bf2-a272-dbf674ce0ff0" testId="8aed83a5-1388-ee14-1e01-687801be888e" testName="_2020.Tests.Days.Day4Tests.Part1_pack(testCaseName: &quot;valid&quot;, expectedResult: &quot;4&quot;, _: &quot;4&quot;, fileContent: &quot;pid:087499704 hgt:74in ecl:grn iyr:2012 eyr:2030 b&quot;...)" computerName="LAPTOP-35RG0TO8" duration="00:00:00.0235049" startTime="2020-12-17T23:19:43.7554840+01:00" endTime="2020-12-17T23:19:43.7554843+01:00" testType="13cdc9d9-ddb5-4fa4-a97d-d965ccfc6d4b" outcome="Passed" testListId="8c84fa94-04c1-424b-9868-57a2d4851a1d" relativeResultsDirectory="3b0833d4-4868-4bf2-a272-dbf674ce0ff0" />
    <UnitTestResult executionId="acca3b84-3671-4063-8f72-bc1b41c544a7" testId="de8b5722-7c80-d4eb-b97c-ebe57717fb6c" testName="_2020.Tests.Days.Day5Tests.Part1_pack(testCaseName: &quot;example1&quot;, expectedResult: &quot;820&quot;, _: &quot;&quot;, fileContent: &quot;BFFFBBFRRR\r\nFFFBBBFRRR\r\nBBFFBBFRLL&quot;)" computerName="LAPTOP-35RG0TO8" duration="00:00:00.0000393" startTime="2020-12-17T23:19:43.7510480+01:00" endTime="2020-12-17T23:19:43.7510482+01:00" testType="13cdc9d9-ddb5-4fa4-a97d-d965ccfc6d4b" outcome="Passed" testListId="8c84fa94-04c1-424b-9868-57a2d4851a1d" relativeResultsDirectory="acca3b84-3671-4063-8f72-bc1b41c544a7" />
    <UnitTestResult executionId="7e520a54-d136-4195-9428-25ded99b20c3" testId="5fa2b639-d7d3-7e54-f35e-518a5bab3568" testName="_2020.Tests.Days.Day17Tests.Part1_pack(testCaseName: &quot;puzzleinput&quot;, expectedResult: &quot;338&quot;, _: &quot;2440&quot;, fileContent: &quot;.#.##..#\r\n....#.##\r\n##.###..\r\n.#.#.###\r\n#.&quot;...)" computerName="LAPTOP-35RG0TO8" duration="00:00:00.1016742" startTime="2020-12-17T23:20:05.9133019+01:00" endTime="2020-12-17T23:20:05.9133094+01:00" testType="13cdc9d9-ddb5-4fa4-a97d-d965ccfc6d4b" outcome="Passed" testListId="8c84fa94-04c1-424b-9868-57a2d4851a1d" relativeResultsDirectory="7e520a54-d136-4195-9428-25ded99b20c3" />
    <UnitTestResult executionId="f7863f07-12ee-4c89-b097-d8250a4a832b" testId="9fcb3a2b-27f0-5f22-0206-56c0549b9a84" testName="_2020.Tests.Days.Day6Tests.Part2_Pack(testCaseName: &quot;example1&quot;, _: &quot;11&quot;, expectedResult: &quot;6&quot;, fileContent: &quot;abc\r\n\r\na\r\nb\r\nc\r\n\r\nab\r\nac\r\n\r\na\r\&quot;...)" computerName="LAPTOP-35RG0TO8" duration="00:00:00.0281997" startTime="2020-12-17T23:19:43.6526362+01:00" endTime="2020-12-17T23:19:43.6527979+01:00" testType="13cdc9d9-ddb5-4fa4-a97d-d965ccfc6d4b" outcome="Passed" testListId="8c84fa94-04c1-424b-9868-57a2d4851a1d" relativeResultsDirectory="f7863f07-12ee-4c89-b097-d8250a4a832b" />
    <UnitTestResult executionId="5819c2a7-116e-472e-ada0-040d83bc1f77" testId="159d3ea9-44fc-4aaa-9da0-18c06a48805e" testName="_2020.Tests.Days.Day4Tests.Part2_Pack(testCaseName: &quot;valid&quot;, _: &quot;4&quot;, expectedResult: &quot;4&quot;, fileContent: &quot;pid:087499704 hgt:74in ecl:grn iyr:2012 eyr:2030 b&quot;...)" computerName="LAPTOP-35RG0TO8" duration="00:00:00.0095557" startTime="2020-12-17T23:19:43.7626024+01:00" endTime="2020-12-17T23:19:43.7626026+01:00" testType="13cdc9d9-ddb5-4fa4-a97d-d965ccfc6d4b" outcome="Passed" testListId="8c84fa94-04c1-424b-9868-57a2d4851a1d" relativeResultsDirectory="5819c2a7-116e-472e-ada0-040d83bc1f77" />
    <UnitTestResult executionId="88e719bb-3bb0-4d33-877a-9ca0f726d308" testId="de573764-ea0d-8509-05be-8709ab895a61" testName="_2020.Tests.Days.Day4Tests.Part1(fileContent: &quot;eyr:2027\r\nhcl:#602927\r\nhgt:186cm byr:1939 iyr:&quot;...)" computerName="LAPTOP-35RG0TO8" duration="00:00:00.0130628" startTime="2020-12-17T23:19:43.7684814+01:00" endTime="2020-12-17T23:19:43.7684818+01:00" testType="13cdc9d9-ddb5-4fa4-a97d-d965ccfc6d4b" outcome="Passed" testListId="8c84fa94-04c1-424b-9868-57a2d4851a1d" relativeResultsDirectory="88e719bb-3bb0-4d33-877a-9ca0f726d308">
      <Output>
        <StdOut>answer for part 1 is: 235</StdOut>
      </Output>
    </UnitTestResult>
    <UnitTestResult executionId="79d01bcb-140f-43b6-bb8a-af243006c4e8" testId="6d960990-c3fd-9f28-bdad-0681fd0a7d6b" testName="_2020.Tests.Days.Day15Tests.Part2_Pack(testCaseName: &quot;example3&quot;, _: &quot;10&quot;, expectedResult: &quot;3544142&quot;, fileContent: &quot;2,1,3&quot;)" computerName="LAPTOP-35RG0TO8" duration="00:00:04.2012418" startTime="2020-12-17T23:20:20.3055086+01:00" endTime="2020-12-17T23:20:20.3055159+01:00" testType="13cdc9d9-ddb5-4fa4-a97d-d965ccfc6d4b" outcome="Passed" testListId="8c84fa94-04c1-424b-9868-57a2d4851a1d" relativeResultsDirectory="79d01bcb-140f-43b6-bb8a-af243006c4e8" />
    <UnitTestResult executionId="e9ccaec3-9b8c-440c-8ac1-5e89df371c48" testId="31e4599a-6dad-6e73-df11-b7eddbe65212" testName="_2020.Tests.Days.Day17Tests.Part2_Pack(testCaseName: &quot;puzzleinput&quot;, _: &quot;338&quot;, expectedResult: &quot;2440&quot;, fileContent: &quot;.#.##..#\r\n....#.##\r\n##.###..\r\n.#.#.###\r\n#.&quot;...)" computerName="LAPTOP-35RG0TO8" duration="00:00:16.1406302" startTime="2020-12-17T23:20:05.8113121+01:00" endTime="2020-12-17T23:20:05.8113202+01:00" testType="13cdc9d9-ddb5-4fa4-a97d-d965ccfc6d4b" outcome="Passed" testListId="8c84fa94-04c1-424b-9868-57a2d4851a1d" relativeResultsDirectory="e9ccaec3-9b8c-440c-8ac1-5e89df371c48" />
    <UnitTestResult executionId="fe5ddf18-10e9-428b-ad44-29e478ea665a" testId="59db20d0-347c-a453-444e-683e23e9a040" testName="_2020.Tests.Days.Day15Tests.Part1_pack(testCaseName: &quot;example5&quot;, expectedResult: &quot;78&quot;, _: &quot;6895259&quot;, fileContent: &quot;2,3,1&quot;)" computerName="LAPTOP-35RG0TO8" duration="00:00:00.0004109" startTime="2020-12-17T23:19:43.7379153+01:00" endTime="2020-12-17T23:19:43.7379154+01:00" testType="13cdc9d9-ddb5-4fa4-a97d-d965ccfc6d4b" outcome="Passed" testListId="8c84fa94-04c1-424b-9868-57a2d4851a1d" relativeResultsDirectory="fe5ddf18-10e9-428b-ad44-29e478ea665a" />
    <UnitTestResult executionId="b8e164a8-d5a5-4e1c-bf0f-d2697da2863d" testId="32ed6bd8-e0af-dd5c-7f74-96ea03b7cf74" testName="_2020.Tests.Days.Day11Tests.Part2_Pack(testCaseName: &quot;example1&quot;, _: &quot;37&quot;, expectedResult: &quot;26&quot;, fileContent: &quot;L.LL.LL.LL\r\nLLLLLLL.LL\r\nL.L.L..L..\r\nLLLL.LL.&quot;...)" computerName="LAPTOP-35RG0TO8" duration="00:00:00.0411815" startTime="2020-12-17T23:19:43.7402819+01:00" endTime="2020-12-17T23:19:43.7402821+01:00" testType="13cdc9d9-ddb5-4fa4-a97d-d965ccfc6d4b" outcome="Passed" testListId="8c84fa94-04c1-424b-9868-57a2d4851a1d" relativeResultsDirectory="b8e164a8-d5a5-4e1c-bf0f-d2697da2863d" />
    <UnitTestResult executionId="674dde76-c312-42bb-8313-56ea3b9bf95c" testId="c1b39591-e148-1ede-3450-ca36e80a70b0" testName="_2020.Tests.Days.Day15Tests.Part2_Pack(testCaseName: &quot;example2&quot;, _: &quot;1&quot;, expectedResult: &quot;2578&quot;, fileContent: &quot;1,3,2&quot;)" computerName="LAPTOP-35RG0TO8" duration="00:00:06.1280317" startTime="2020-12-17T23:19:56.1854235+01:00" endTime="2020-12-17T23:19:56.1854305+01:00" testType="13cdc9d9-ddb5-4fa4-a97d-d965ccfc6d4b" outcome="Passed" testListId="8c84fa94-04c1-424b-9868-57a2d4851a1d" relativeResultsDirectory="674dde76-c312-42bb-8313-56ea3b9bf95c" />
    <UnitTestResult executionId="a0bb3c43-50b0-45a0-bcd7-ec55e8659783" testId="5a6838e8-c034-4ac2-cf4a-650d8f91ee6f" testName="_2020.Tests.Days.Day15Tests.Part2_Pack(testCaseName: &quot;example1&quot;, _: &quot;436&quot;, expectedResult: &quot;175594&quot;, fileContent: &quot;0,3,6&quot;)" computerName="LAPTOP-35RG0TO8" duration="00:00:06.4131163" startTime="2020-12-17T23:19:50.0569195+01:00" endTime="2020-12-17T23:19:50.0569314+01:00" testType="13cdc9d9-ddb5-4fa4-a97d-d965ccfc6d4b" outcome="Passed" testListId="8c84fa94-04c1-424b-9868-57a2d4851a1d" relativeResultsDirectory="a0bb3c43-50b0-45a0-bcd7-ec55e8659783" />
    <UnitTestResult executionId="1a7c74c4-bcc1-4e78-90ed-d808f329f9ae" testId="0e0b30c5-6422-25c8-2172-d67c44a7d25d" testName="_2020.Tests.Days.Day10Tests.Part1_pack(testCaseName: &quot;puzzleinput&quot;, expectedResult: &quot;2059&quot;, _: &quot;86812553324672&quot;, fileContent: &quot;77\r\n58\r\n25\r\n92\r\n14\r\n154\r\n105\r\n112\r\&quot;...)" computerName="LAPTOP-35RG0TO8" duration="00:00:00.0000833" startTime="2020-12-17T23:19:43.7378039+01:00" endTime="2020-12-17T23:19:43.7378040+01:00" testType="13cdc9d9-ddb5-4fa4-a97d-d965ccfc6d4b" outcome="Passed" testListId="8c84fa94-04c1-424b-9868-57a2d4851a1d" relativeResultsDirectory="1a7c74c4-bcc1-4e78-90ed-d808f329f9ae" />
    <UnitTestResult executionId="855828b3-1163-4ea1-a8bf-334fc32c110c" testId="67ca508f-a17c-3db3-c22c-394aa968c00c" testName="_2020.Tests.Days.Day15Tests.Part2_Pack(testCaseName: &quot;example6&quot;, _: &quot;438&quot;, expectedResult: &quot;18&quot;, fileContent: &quot;3,2,1&quot;)" computerName="LAPTOP-35RG0TO8" duration="00:00:06.0407999" startTime="2020-12-17T23:20:02.2265938+01:00" endTime="2020-12-17T23:20:02.2266006+01:00" testType="13cdc9d9-ddb5-4fa4-a97d-d965ccfc6d4b" outcome="Passed" testListId="8c84fa94-04c1-424b-9868-57a2d4851a1d" relativeResultsDirectory="855828b3-1163-4ea1-a8bf-334fc32c110c" />
    <UnitTestResult executionId="61050a54-a622-42cf-af47-51add7d534b3" testId="2de34128-cf23-033a-0c60-b9a1ffa1dd89" testName="_2020.Tests.Days.Day15Tests.Part1_pack(testCaseName: &quot;example4&quot;, expectedResult: &quot;27&quot;, _: &quot;261214&quot;, fileContent: &quot;1,2,3&quot;)" computerName="LAPTOP-35RG0TO8" duration="00:00:00.0003803" startTime="2020-12-17T23:19:43.7401822+01:00" endTime="2020-12-17T23:19:43.7401824+01:00" testType="13cdc9d9-ddb5-4fa4-a97d-d965ccfc6d4b" outcome="Passed" testListId="8c84fa94-04c1-424b-9868-57a2d4851a1d" relativeResultsDirectory="61050a54-a622-42cf-af47-51add7d534b3" />
    <UnitTestResult executionId="01144d7c-4540-46ac-9a55-a7d22d3b2784" testId="844a928f-443a-c27a-8ee8-10b193eadc8b" testName="_2020.Tests.Days.Day7Tests.Part2_Pack(testCaseName: &quot;example2&quot;, _: &quot;&quot;, expectedResult: &quot;126&quot;, fileContent: &quot;shiny gold bags contain 2 dark red bags.\r\ndark r&quot;...)" computerName="LAPTOP-35RG0TO8" duration="00:00:00.0608110" startTime="2020-12-17T23:19:43.7469175+01:00" endTime="2020-12-17T23:19:43.7469178+01:00" testType="13cdc9d9-ddb5-4fa4-a97d-d965ccfc6d4b" outcome="Passed" testListId="8c84fa94-04c1-424b-9868-57a2d4851a1d" relativeResultsDirectory="01144d7c-4540-46ac-9a55-a7d22d3b2784" />
    <UnitTestResult executionId="5b2c5920-e1a9-42ea-816a-125594de2811" testId="7df7f244-2fd3-a955-75ef-80b7d924f8e2" testName="_2020.Tests.Days.Day14Tests.Part2_Pack(testCaseName: &quot;example2&quot;, _: &quot;51&quot;, expectedResult: &quot;208&quot;, fileContent: &quot;mask = 000000000000000000000000000000X1001X\r\nmem&quot;...)" computerName="LAPTOP-35RG0TO8" duration="00:00:00.0001314" startTime="2020-12-17T23:19:43.9893031+01:00" endTime="2020-12-17T23:19:43.9893042+01:00" testType="13cdc9d9-ddb5-4fa4-a97d-d965ccfc6d4b" outcome="Passed" testListId="8c84fa94-04c1-424b-9868-57a2d4851a1d" relativeResultsDirectory="5b2c5920-e1a9-42ea-816a-125594de2811" />
    <UnitTestResult executionId="bf9da368-8aae-49c7-ad35-f45f354b30f7" testId="db9d81cc-9f3b-68f2-2d29-410e4425b6d1" testName="_2020.Tests.Days.Day10Tests.Part2_Pack(testCaseName: &quot;example_small&quot;, _: &quot;12&quot;, expectedResult: &quot;4&quot;, fileContent: &quot;3\r\n4\r\n5\r\n8\r\n9\r\n10&quot;)" computerName="LAPTOP-35RG0TO8" duration="00:00:00.0000320" startTime="2020-12-17T23:19:43.7468014+01:00" endTime="2020-12-17T23:19:43.7468021+01:00" testType="13cdc9d9-ddb5-4fa4-a97d-d965ccfc6d4b" outcome="Passed" testListId="8c84fa94-04c1-424b-9868-57a2d4851a1d" relativeResultsDirectory="bf9da368-8aae-49c7-ad35-f45f354b30f7" />
    <UnitTestResult executionId="79cae50b-292b-41f0-9f25-b588c640018a" testId="6b95806a-569f-591e-33c5-cf371e97a169" testName="_2020.Tests.Days.Day7Tests.Part1_pack(testCaseName: &quot;puzzleinput&quot;, expectedResult: &quot;335&quot;, _: &quot;2431&quot;, fileContent: &quot;dim silver bags contain 3 posh fuchsia bags.\r\nwa&quot;...)" computerName="LAPTOP-35RG0TO8" duration="00:00:00.0324906" startTime="2020-12-17T23:19:43.7686818+01:00" endTime="2020-12-17T23:19:43.7686825+01:00" testType="13cdc9d9-ddb5-4fa4-a97d-d965ccfc6d4b" outcome="Passed" testListId="8c84fa94-04c1-424b-9868-57a2d4851a1d" relativeResultsDirectory="79cae50b-292b-41f0-9f25-b588c640018a" />
    <UnitTestResult executionId="ed468ec9-1991-4824-a533-6e2c1d13d88b" testId="0b60d97b-b22a-43f0-3b65-c801f8f15e8d" testName="_2020.Tests.Days.Day9Tests.Part2_Pack(testCaseName: &quot;puzzleinput&quot;, _: &quot;41682220&quot;, preamble: &quot;25&quot;, expectedResult: &quot;5388976&quot;, fileContent: &quot;23\r\n3\r\n36\r\n14\r\n50\r\n8\r\n2\r\n44\r\n30\r\&quot;...)" computerName="LAPTOP-35RG0TO8" duration="00:00:00.0022203" startTime="2020-12-17T23:19:43.7448611+01:00" endTime="2020-12-17T23:19:43.7448612+01:00" testType="13cdc9d9-ddb5-4fa4-a97d-d965ccfc6d4b" outcome="Passed" testListId="8c84fa94-04c1-424b-9868-57a2d4851a1d" relativeResultsDirectory="ed468ec9-1991-4824-a533-6e2c1d13d88b" />
    <UnitTestResult executionId="af5772a2-a8dd-4a0b-b9bf-2607c83585f3" testId="36215da0-52f5-a57a-5cb4-ff033b29d94a" testName="_2020.Tests.Days.Day16Tests.Part2_Pack(testCaseName: &quot;puzzleinput&quot;, _: &quot;20060&quot;, expectedResult: &quot;1213906609901&quot;, fileContent: &quot;departure location: 37-594 or 615-952\r\ndeparture&quot;...)" computerName="LAPTOP-35RG0TO8" duration="00:00:00.0132284" startTime="2020-12-17T23:19:43.7685164+01:00" endTime="2020-12-17T23:19:43.7685167+01:00" testType="13cdc9d9-ddb5-4fa4-a97d-d965ccfc6d4b" outcome="Passed" testListId="8c84fa94-04c1-424b-9868-57a2d4851a1d" relativeResultsDirectory="af5772a2-a8dd-4a0b-b9bf-2607c83585f3" />
    <UnitTestResult executionId="aac99c68-1862-4105-b35f-8bf5deab74bb" testId="9c6adfa0-dd3c-9e72-a127-4e1805362479" testName="_2020.Tests.Days.Day14Tests.Part1_pack(testCaseName: &quot;puzzleinput&quot;, expectedResult: &quot;13496669152158&quot;, _: &quot;3278997609887&quot;, fileContent: &quot;mask = 01111X0011X11110XX11X110111001X00001\r\nmem&quot;...)" computerName="LAPTOP-35RG0TO8" duration="00:00:00.0283905" startTime="2020-12-17T23:19:43.6670830+01:00" endTime="2020-12-17T23:19:43.6670833+01:00" testType="13cdc9d9-ddb5-4fa4-a97d-d965ccfc6d4b" outcome="Passed" testListId="8c84fa94-04c1-424b-9868-57a2d4851a1d" relativeResultsDirectory="aac99c68-1862-4105-b35f-8bf5deab74bb" />
    <UnitTestResult executionId="62fef178-b840-4d41-a9fb-d3a551b212ff" testId="b27c9020-e789-a65d-c36f-5611503fe0b7" testName="_2020.Tests.Days.Day8Tests.Part1_pack(testCaseName: &quot;puzzleinput&quot;, expectedResult: &quot;2051&quot;, _: &quot;2304&quot;, fileContent: &quot;jmp +583\r\nacc +9\r\njmp +525\r\njmp +302\r\njmp &quot;...)" computerName="LAPTOP-35RG0TO8" duration="00:00:00.0003044" startTime="2020-12-17T23:19:43.7626751+01:00" endTime="2020-12-17T23:19:43.7626753+01:00" testType="13cdc9d9-ddb5-4fa4-a97d-d965ccfc6d4b" outcome="Passed" testListId="8c84fa94-04c1-424b-9868-57a2d4851a1d" relativeResultsDirectory="62fef178-b840-4d41-a9fb-d3a551b212ff" />
    <UnitTestResult executionId="12448260-b805-4286-ac36-bf3fec249a57" testId="99b22c00-0b2b-9e79-261c-dcb39b52aa8e" testName="_2020.Tests.Days.Day3Tests.Part1(fileContent: &quot;.#.......#...........#.........\r\n..##.......#.#.&quot;...)" computerName="LAPTOP-35RG0TO8" duration="00:00:00.0003607" startTime="2020-12-17T23:19:43.7577490+01:00" endTime="2020-12-17T23:19:43.7577492+01:00" testType="13cdc9d9-ddb5-4fa4-a97d-d965ccfc6d4b" outcome="Passed" testListId="8c84fa94-04c1-424b-9868-57a2d4851a1d" relativeResultsDirectory="12448260-b805-4286-ac36-bf3fec249a57">
      <Output>
        <StdOut>answer for part 1 is: 209</StdOut>
      </Output>
    </UnitTestResult>
    <UnitTestResult executionId="db83a5a8-a108-4aa0-ae6e-793c004ae0db" testId="7505053a-8388-b504-70a1-f4bcc9da9d25" testName="_2020.Tests.Days.Day4Tests.Part1_pack(testCaseName: &quot;invalid&quot;, expectedResult: &quot;4&quot;, _: &quot;0&quot;, fileContent: &quot;eyr:1972 cid:100\r\nhcl:#18171d ecl:amb hgt:170 pi&quot;...)" computerName="LAPTOP-35RG0TO8" duration="00:00:00.0000583" startTime="2020-12-17T23:19:43.7555414+01:00" endTime="2020-12-17T23:19:43.7555417+01:00" testType="13cdc9d9-ddb5-4fa4-a97d-d965ccfc6d4b" outcome="Passed" testListId="8c84fa94-04c1-424b-9868-57a2d4851a1d" relativeResultsDirectory="db83a5a8-a108-4aa0-ae6e-793c004ae0db" />
    <UnitTestResult executionId="48453a67-1a4a-415c-90dc-ef665254cc76" testId="dffdb84d-1db1-5f4c-67d3-f3140d14b547" testName="_2020.Tests.Days.Day16Tests.Part2_Pack(testCaseName: &quot;example1&quot;, _: &quot;71&quot;, expectedResult: &quot;0&quot;, fileContent: &quot;class: 1-3 or 5-7\r\nrow: 6-11 or 33-44\r\nseat: 1&quot;...)" computerName="LAPTOP-35RG0TO8" duration="00:00:00.0001886" startTime="2020-12-17T23:19:43.7682440+01:00" endTime="2020-12-17T23:19:43.7682458+01:00" testType="13cdc9d9-ddb5-4fa4-a97d-d965ccfc6d4b" outcome="Passed" testListId="8c84fa94-04c1-424b-9868-57a2d4851a1d" relativeResultsDirectory="48453a67-1a4a-415c-90dc-ef665254cc76" />
    <UnitTestResult executionId="f82308b9-734b-415f-adde-7d1993982430" testId="e7fe6284-3fcb-b9cb-9a4e-f74cf392b140" testName="_2020.Tests.Days.Day3Tests.Part1_case3(fileContent: &quot;..##.......\r\n#...#...#..\r\n.#....#..#.\r\n..#.#&quot;...)" computerName="LAPTOP-35RG0TO8" duration="00:00:00.0002803" startTime="2020-12-17T23:19:43.7576882+01:00" endTime="2020-12-17T23:19:43.7576889+01:00" testType="13cdc9d9-ddb5-4fa4-a97d-d965ccfc6d4b" outcome="Passed" testListId="8c84fa94-04c1-424b-9868-57a2d4851a1d" relativeResultsDirectory="f82308b9-734b-415f-adde-7d1993982430" />
    <UnitTestResult executionId="19f6ff1e-030f-4107-8b6b-3f3b702fce17" testId="4d95249a-c4ec-74a6-909c-c074eed39474" testName="_2020.Tests.Days.Day10Tests.Part1_pack(testCaseName: &quot;example1&quot;, expectedResult: &quot;35&quot;, _: &quot;8&quot;, fileContent: &quot;16\r\n10\r\n15\r\n5\r\n1\r\n11\r\n7\r\n19\r\n6\r\n&quot;...)" computerName="LAPTOP-35RG0TO8" duration="00:00:00.0326074" startTime="2020-12-17T23:19:43.6783643+01:00" endTime="2020-12-17T23:19:43.6783696+01:00" testType="13cdc9d9-ddb5-4fa4-a97d-d965ccfc6d4b" outcome="Passed" testListId="8c84fa94-04c1-424b-9868-57a2d4851a1d" relativeResultsDirectory="19f6ff1e-030f-4107-8b6b-3f3b702fce17" />
    <UnitTestResult executionId="edfe2d5c-bc53-4d3a-bc17-4192e519e7b7" testId="8146e86e-cd6b-cf36-e743-61cfc2778296" testName="_2020.Tests.Days.Day3Tests.Move_Works(fileContent: &quot;.......\r\n...X...\r\n......X&quot;, coordinates: [0, 0, 3, 1], isTree: False)" computerName="LAPTOP-35RG0TO8" duration="00:00:00.0000081" startTime="2020-12-17T23:19:43.7295173+01:00" endTime="2020-12-17T23:19:43.7295179+01:00" testType="13cdc9d9-ddb5-4fa4-a97d-d965ccfc6d4b" outcome="Passed" testListId="8c84fa94-04c1-424b-9868-57a2d4851a1d" relativeResultsDirectory="edfe2d5c-bc53-4d3a-bc17-4192e519e7b7" />
    <UnitTestResult executionId="b71e74d4-a097-4b0c-80e8-d8bde65de0d7" testId="3e8c6d43-8d09-84bb-a295-43059662202b" testName="_2020.Tests.Days.Day15Tests.Part1_pack(testCaseName: &quot;example7&quot;, expectedResult: &quot;1836&quot;, _: &quot;362&quot;, fileContent: &quot;3,1,2&quot;)" computerName="LAPTOP-35RG0TO8" duration="00:00:00.0003381" startTime="2020-12-17T23:19:43.7378868+01:00" endTime="2020-12-17T23:19:43.7378869+01:00" testType="13cdc9d9-ddb5-4fa4-a97d-d965ccfc6d4b" outcome="Passed" testListId="8c84fa94-04c1-424b-9868-57a2d4851a1d" relativeResultsDirectory="b71e74d4-a097-4b0c-80e8-d8bde65de0d7" />
    <UnitTestResult executionId="d0fd2262-dcd7-48d1-9129-eb506dd9c8b1" testId="dce4b7c0-81f4-b41c-94b9-afb06d0ad99d" testName="_2020.Tests.Days.Day6Tests.Part1_pack(testCaseName: &quot;example1&quot;, expectedResult: &quot;11&quot;, _: &quot;6&quot;, fileContent: &quot;abc\r\n\r\na\r\nb\r\nc\r\n\r\nab\r\nac\r\n\r\na\r\&quot;...)" computerName="LAPTOP-35RG0TO8" duration="00:00:00.0000517" startTime="2020-12-17T23:19:43.7468845+01:00" endTime="2020-12-17T23:19:43.7468847+01:00" testType="13cdc9d9-ddb5-4fa4-a97d-d965ccfc6d4b" outcome="Passed" testListId="8c84fa94-04c1-424b-9868-57a2d4851a1d" relativeResultsDirectory="d0fd2262-dcd7-48d1-9129-eb506dd9c8b1" />
    <UnitTestResult executionId="ab5c2a07-91e8-467a-9f11-dbe9e39bdc71" testId="90af8466-2ea2-b30d-8b80-8f3acbcf1032" testName="_2020.Tests.Days.Day15Tests.Part1_pack(testCaseName: &quot;puzzleinput&quot;, expectedResult: &quot;700&quot;, _: &quot;51358&quot;, fileContent: &quot;6,3,15,13,1,0&quot;)" computerName="LAPTOP-35RG0TO8" duration="00:00:00.0003582" startTime="2020-12-17T23:19:43.7379904+01:00" endTime="2020-12-17T23:19:43.7379905+01:00" testType="13cdc9d9-ddb5-4fa4-a97d-d965ccfc6d4b" outcome="Passed" testListId="8c84fa94-04c1-424b-9868-57a2d4851a1d" relativeResultsDirectory="ab5c2a07-91e8-467a-9f11-dbe9e39bdc71" />
    <UnitTestResult executionId="d84af07f-74dd-40a9-8d98-cae42d042341" testId="ead7075b-f824-edda-74c3-54f68b078b04" testName="_2020.Tests.Days.Day15Tests.Part2_Pack(testCaseName: &quot;example7&quot;, _: &quot;1836&quot;, expectedResult: &quot;362&quot;, fileContent: &quot;3,1,2&quot;)" computerName="LAPTOP-35RG0TO8" duration="00:00:04.2513431" startTime="2020-12-17T23:20:11.8541394+01:00" endTime="2020-12-17T23:20:11.8541458+01:00" testType="13cdc9d9-ddb5-4fa4-a97d-d965ccfc6d4b" outcome="Passed" testListId="8c84fa94-04c1-424b-9868-57a2d4851a1d" relativeResultsDirectory="d84af07f-74dd-40a9-8d98-cae42d042341" />
    <UnitTestResult executionId="21f549ad-a3f1-4aee-849f-faec55da5ad1" testId="d612b35d-eb74-c9d6-7c08-b6087fbf724b" testName="_2020.Tests.Days.Day13Tests.Part1_pack(testCaseName: &quot;puzzleinput&quot;, expectedResult: &quot;4135&quot;, _: &quot;640856202464541&quot;, fileContent: &quot;1011416\r\n41,x,x,x,x,x,x,x,x,x,x,x,x,x,x,x,x,x,x,&quot;...)" computerName="LAPTOP-35RG0TO8" duration="00:00:00.0363609" startTime="2020-12-17T23:19:43.7578475+01:00" endTime="2020-12-17T23:19:43.7578476+01:00" testType="13cdc9d9-ddb5-4fa4-a97d-d965ccfc6d4b" outcome="Passed" testListId="8c84fa94-04c1-424b-9868-57a2d4851a1d" relativeResultsDirectory="21f549ad-a3f1-4aee-849f-faec55da5ad1" />
    <UnitTestResult executionId="ce908ddd-27c4-4452-8565-5d2ed590b8ff" testId="69421f74-dab9-7682-2157-83ab4af72623" testName="_2020.Tests.Days.Day15Tests.Part2_Pack(testCaseName: &quot;example4&quot;, _: &quot;27&quot;, expectedResult: &quot;261214&quot;, fileContent: &quot;1,2,3&quot;)" computerName="LAPTOP-35RG0TO8" duration="00:00:04.2495573" startTime="2020-12-17T23:20:16.1039359+01:00" endTime="2020-12-17T23:20:16.1039427+01:00" testType="13cdc9d9-ddb5-4fa4-a97d-d965ccfc6d4b" outcome="Passed" testListId="8c84fa94-04c1-424b-9868-57a2d4851a1d" relativeResultsDirectory="ce908ddd-27c4-4452-8565-5d2ed590b8ff" />
    <UnitTestResult executionId="920ba9c0-1f22-481c-b8b7-ad1290051f66" testId="2c83aeec-41f1-c9e6-9c5b-7d5ecf29ccdd" testName="_2020.Tests.Days.Day15Tests.Part1_pack(testCaseName: &quot;example1&quot;, expectedResult: &quot;436&quot;, _: &quot;175594&quot;, fileContent: &quot;0,3,6&quot;)" computerName="LAPTOP-35RG0TO8" duration="00:00:00.0003300" startTime="2020-12-17T23:19:43.7379452+01:00" endTime="2020-12-17T23:19:43.7379454+01:00" testType="13cdc9d9-ddb5-4fa4-a97d-d965ccfc6d4b" outcome="Passed" testListId="8c84fa94-04c1-424b-9868-57a2d4851a1d" relativeResultsDirectory="920ba9c0-1f22-481c-b8b7-ad1290051f66" />
    <UnitTestResult executionId="78c7f926-5c56-48bf-9539-7a1cf7932fc7" testId="b2758025-0ea6-8920-1ed3-b47e23fd5591" testName="_2020.Tests.Days.Day10Tests.Part2_Pack(testCaseName: &quot;example1&quot;, _: &quot;35&quot;, expectedResult: &quot;8&quot;, fileContent: &quot;16\r\n10\r\n15\r\n5\r\n1\r\n11\r\n7\r\n19\r\n6\r\n&quot;...)" computerName="LAPTOP-35RG0TO8" duration="00:00:00.0189590" startTime="2020-12-17T23:19:43.7449948+01:00" endTime="2020-12-17T23:19:43.7449951+01:00" testType="13cdc9d9-ddb5-4fa4-a97d-d965ccfc6d4b" outcome="Passed" testListId="8c84fa94-04c1-424b-9868-57a2d4851a1d" relativeResultsDirectory="78c7f926-5c56-48bf-9539-7a1cf7932fc7" />
    <UnitTestResult executionId="2a68f00c-73ba-4c0a-b0ad-8d1f03b7ca0e" testId="fc6461b5-e450-3964-c0c6-8dde33d0fbf9" testName="_2020.Tests.Days.Day4Tests.Part1Example(fileContent: &quot;ecl:gry pid:860033327 eyr:2020 hcl:#fffffd\r\nbyr:&quot;...)" computerName="LAPTOP-35RG0TO8" duration="00:00:00.0072608" startTime="2020-12-17T23:19:43.7683730+01:00" endTime="2020-12-17T23:19:43.7683737+01:00" testType="13cdc9d9-ddb5-4fa4-a97d-d965ccfc6d4b" outcome="Passed" testListId="8c84fa94-04c1-424b-9868-57a2d4851a1d" relativeResultsDirectory="2a68f00c-73ba-4c0a-b0ad-8d1f03b7ca0e">
      <Output>
        <StdOut>answer for part 1 is: 2</StdOut>
      </Output>
    </UnitTestResult>
    <UnitTestResult executionId="6f046c17-0b71-43a1-9e1e-d25d41b4980b" testId="02be2eb2-b9b7-27e5-1198-908b3671a59d" testName="_2020.Tests.Days.Day16Tests.Part1_pack(testCaseName: &quot;puzzleinput&quot;, expectedResult: &quot;20060&quot;, _: &quot;1213906609901&quot;, fileContent: &quot;departure location: 37-594 or 615-952\r\ndeparture&quot;...)" computerName="LAPTOP-35RG0TO8" duration="00:00:00.0648614" startTime="2020-12-17T23:19:43.7491376+01:00" endTime="2020-12-17T23:19:43.7491385+01:00" testType="13cdc9d9-ddb5-4fa4-a97d-d965ccfc6d4b" outcome="Passed" testListId="8c84fa94-04c1-424b-9868-57a2d4851a1d" relativeResultsDirectory="6f046c17-0b71-43a1-9e1e-d25d41b4980b" />
    <UnitTestResult executionId="193c2c6b-864d-4c9c-9d49-23625edd9075" testId="26e5e629-8263-4046-5e10-c84b3539586e" testName="_2020.Tests.Days.Day2Tests.Part2(fileContent: &quot;1-5 k: kkkkhkkkkkkkkkk\r\n5-7 k: blkqhtxfgktdkxzkk&quot;...)" computerName="LAPTOP-35RG0TO8" duration="00:00:00.0110029" startTime="2020-12-17T23:19:43.7449433+01:00" endTime="2020-12-17T23:19:43.7449436+01:00" testType="13cdc9d9-ddb5-4fa4-a97d-d965ccfc6d4b" outcome="Passed" testListId="8c84fa94-04c1-424b-9868-57a2d4851a1d" relativeResultsDirectory="193c2c6b-864d-4c9c-9d49-23625edd9075">
      <Output>
        <StdOut>answer for part 2 is: 708</StdOut>
      </Output>
    </UnitTestResult>
    <UnitTestResult executionId="60249e19-6b7c-4f61-8d98-8dda9f0ee511" testId="0d9d879c-a85a-bdc6-b8ff-9a6ab509a103" testName="_2020.Tests.Days.Day16Tests.Part1_pack(testCaseName: &quot;example1&quot;, expectedResult: &quot;71&quot;, _: &quot;0&quot;, fileContent: &quot;class: 1-3 or 5-7\r\nrow: 6-11 or 33-44\r\nseat: 1&quot;...)" computerName="LAPTOP-35RG0TO8" duration="00:00:00.0001479" startTime="2020-12-17T23:19:43.7492215+01:00" endTime="2020-12-17T23:19:43.7492217+01:00" testType="13cdc9d9-ddb5-4fa4-a97d-d965ccfc6d4b" outcome="Passed" testListId="8c84fa94-04c1-424b-9868-57a2d4851a1d" relativeResultsDirectory="60249e19-6b7c-4f61-8d98-8dda9f0ee511" />
    <UnitTestResult executionId="1575980d-0e00-4a5d-917c-c978e41ab851" testId="c8eb35de-3806-7a84-c356-ef8a1ba0e171" testName="_2020.Tests.Days.Day14Tests.Part2_Pack(testCaseName: &quot;puzzleinput&quot;, _: &quot;13496669152158&quot;, expectedResult: &quot;3278997609887&quot;, fileContent: &quot;mask = 01111X0011X11110XX11X110111001X00001\r\nmem&quot;...)" computerName="LAPTOP-35RG0TO8" duration="00:00:00.3451552" startTime="2020-12-17T23:19:43.9889658+01:00" endTime="2020-12-17T23:19:43.9889790+01:00" testType="13cdc9d9-ddb5-4fa4-a97d-d965ccfc6d4b" outcome="Passed" testListId="8c84fa94-04c1-424b-9868-57a2d4851a1d" relativeResultsDirectory="1575980d-0e00-4a5d-917c-c978e41ab851" />
    <UnitTestResult executionId="c708abec-7ff1-45de-b69d-3c65aa6b5ea6" testId="90e894cc-e9f5-0b66-7327-41b15f453ed9" testName="_2020.Tests.Days.Day17Tests.Part1_pack(testCaseName: &quot;example1&quot;, expectedResult: &quot;112&quot;, _: &quot;848&quot;, fileContent: &quot;.#.\r\n..#\r\n###&quot;)" computerName="LAPTOP-35RG0TO8" duration="00:00:00.0345349" startTime="2020-12-17T23:20:05.9481569+01:00" endTime="2020-12-17T23:20:05.9481651+01:00" testType="13cdc9d9-ddb5-4fa4-a97d-d965ccfc6d4b" outcome="Passed" testListId="8c84fa94-04c1-424b-9868-57a2d4851a1d" relativeResultsDirectory="c708abec-7ff1-45de-b69d-3c65aa6b5ea6" />
    <UnitTestResult executionId="9fb4fc33-cb88-4e67-b32d-f0ddfeada1db" testId="216f5805-6dfd-d79f-4066-e2138129ea68" testName="_2020.Tests.Days.Day5Tests.Part1_pack(testCaseName: &quot;mydata&quot;, expectedResult: &quot;998&quot;, _: &quot;676&quot;, fileContent: &quot;BFBBBBBLLR\r\nBBFFBBFRRL\r\nFBFBFFFRRL\r\nBBFFFBFR&quot;...)" computerName="LAPTOP-35RG0TO8" duration="00:00:00.0166551" startTime="2020-12-17T23:19:43.7509929+01:00" endTime="2020-12-17T23:19:43.7509931+01:00" testType="13cdc9d9-ddb5-4fa4-a97d-d965ccfc6d4b" outcome="Passed" testListId="8c84fa94-04c1-424b-9868-57a2d4851a1d" relativeResultsDirectory="9fb4fc33-cb88-4e67-b32d-f0ddfeada1db" />
    <UnitTestResult executionId="62f090ea-005d-4547-937e-7345c40324a3" testId="9f0ccaf6-c07d-b20e-be6b-7733f88e5aab" testName="_2020.Tests.Days.Day11Tests.Part1_pack(testCaseName: &quot;example1&quot;, expectedResult: &quot;37&quot;, _: &quot;26&quot;, fileContent: &quot;L.LL.LL.LL\r\nLLLLLLL.LL\r\nL.L.L..L..\r\nLLLL.LL.&quot;...)" computerName="LAPTOP-35RG0TO8" duration="00:00:00.0013425" startTime="2020-12-17T23:19:46.1339773+01:00" endTime="2020-12-17T23:19:46.1339857+01:00" testType="13cdc9d9-ddb5-4fa4-a97d-d965ccfc6d4b" outcome="Passed" testListId="8c84fa94-04c1-424b-9868-57a2d4851a1d" relativeResultsDirectory="62f090ea-005d-4547-937e-7345c40324a3" />
    <UnitTestResult executionId="5326a91d-2251-4735-a2eb-2c60c4e38777" testId="f7e40ddb-a284-7426-9379-70e1c4cc7afa" testName="_2020.Tests.Days.Day12Tests.Part1_pack(testCaseName: &quot;puzzleinput&quot;, expectedResult: &quot;1565&quot;, _: &quot;78883&quot;, fileContent: &quot;E5\r\nR90\r\nE5\r\nL90\r\nF80\r\nL90\r\nE3\r\nN5\r&quot;...)" computerName="LAPTOP-35RG0TO8" duration="00:00:00.0004366" startTime="2020-12-17T23:19:43.7625568+01:00" endTime="2020-12-17T23:19:43.7625570+01:00" testType="13cdc9d9-ddb5-4fa4-a97d-d965ccfc6d4b" outcome="Passed" testListId="8c84fa94-04c1-424b-9868-57a2d4851a1d" relativeResultsDirectory="5326a91d-2251-4735-a2eb-2c60c4e38777" />
    <UnitTestResult executionId="e3c03c98-6559-46a9-bfb0-2d0dd2aba009" testId="0f9af31d-0f66-fa47-7811-06be3c347ad8" testName="_2020.Tests.Days.Day4Tests.Part2_Pack(testCaseName: &quot;invalid&quot;, _: &quot;4&quot;, expectedResult: &quot;0&quot;, fileContent: &quot;eyr:1972 cid:100\r\nhcl:#18171d ecl:amb hgt:170 pi&quot;...)" computerName="LAPTOP-35RG0TO8" duration="00:00:00.0034097" startTime="2020-12-17T23:19:43.7557307+01:00" endTime="2020-12-17T23:19:43.7557311+01:00" testType="13cdc9d9-ddb5-4fa4-a97d-d965ccfc6d4b" outcome="Passed" testListId="8c84fa94-04c1-424b-9868-57a2d4851a1d" relativeResultsDirectory="e3c03c98-6559-46a9-bfb0-2d0dd2aba009" />
    <UnitTestResult executionId="146666b2-2386-4ec8-bd5c-f8b7520e372c" testId="0ae8165c-5db8-2151-c07c-655806764c15" testName="_2020.Tests.Days.Day6Tests.Part2_Pack(testCaseName: &quot;puzzleinput&quot;, _: &quot;6551&quot;, expectedResult: &quot;3358&quot;, fileContent: &quot;nvlyak\r\nnyvha\r\nyaen\r\nqynia\r\n\r\nkend\r\nen&quot;...)" computerName="LAPTOP-35RG0TO8" duration="00:00:00.0023305" startTime="2020-12-17T23:19:43.7401195+01:00" endTime="2020-12-17T23:19:43.7401201+01:00" testType="13cdc9d9-ddb5-4fa4-a97d-d965ccfc6d4b" outcome="Passed" testListId="8c84fa94-04c1-424b-9868-57a2d4851a1d" relativeResultsDirectory="146666b2-2386-4ec8-bd5c-f8b7520e372c" />
    <UnitTestResult executionId="92796b2b-df60-4bbc-8a3a-b5c85f84eba9" testId="375e425c-9b53-a326-01d6-888b92935a87" testName="_2020.Tests.Days.Day7Tests.Part1_pack(testCaseName: &quot;example1&quot;, expectedResult: &quot;4&quot;, _: &quot;&quot;, fileContent: &quot;light red bags contain 1 bright white bag, 2 muted&quot;...)" computerName="LAPTOP-35RG0TO8" duration="00:00:00.0001862" startTime="2020-12-17T23:19:43.7687370+01:00" endTime="2020-12-17T23:19:43.7687373+01:00" testType="13cdc9d9-ddb5-4fa4-a97d-d965ccfc6d4b" outcome="Passed" testListId="8c84fa94-04c1-424b-9868-57a2d4851a1d" relativeResultsDirectory="92796b2b-df60-4bbc-8a3a-b5c85f84eba9" />
    <UnitTestResult executionId="ccdb1c5d-ea28-4a17-a4ea-e398e2b0bb7d" testId="d07cd30b-d230-d13b-93e4-5f93de4f56b2" testName="_2020.Tests.Days.Day12Tests.Part1_pack(testCaseName: &quot;example1&quot;, expectedResult: &quot;25&quot;, _: &quot;286&quot;, fileContent: &quot;F10\r\nN3\r\nF7\r\nR90\r\nF11&quot;)" computerName="LAPTOP-35RG0TO8" duration="00:00:00.0005492" startTime="2020-12-17T23:19:43.7579801+01:00" endTime="2020-12-17T23:19:43.7579802+01:00" testType="13cdc9d9-ddb5-4fa4-a97d-d965ccfc6d4b" outcome="Passed" testListId="8c84fa94-04c1-424b-9868-57a2d4851a1d" relativeResultsDirectory="ccdb1c5d-ea28-4a17-a4ea-e398e2b0bb7d" />
    <UnitTestResult executionId="772fb3ed-5027-45ac-8d10-5f7594e4f14c" testId="21cf7987-0bbe-7998-2a6a-b62be16638fd" testName="_2020.Tests.Days.Day16Tests.Part2_Pack(testCaseName: &quot;example2&quot;, _: &quot;0&quot;, expectedResult: &quot;1716&quot;, fileContent: &quot;departure class: 0-1 or 4-19\r\ndeparture row: 0-5&quot;...)" computerName="LAPTOP-35RG0TO8" duration="00:00:00.0425407" startTime="2020-12-17T23:19:43.7627421+01:00" endTime="2020-12-17T23:19:43.7627422+01:00" testType="13cdc9d9-ddb5-4fa4-a97d-d965ccfc6d4b" outcome="Passed" testListId="8c84fa94-04c1-424b-9868-57a2d4851a1d" relativeResultsDirectory="772fb3ed-5027-45ac-8d10-5f7594e4f14c" />
    <UnitTestResult executionId="4cf362fc-6341-4177-bbb9-504be856df7b" testId="0a2c2f88-73a7-a432-398b-2f86564fd773" testName="_2020.Tests.Days.Day13Tests.Part1_pack(testCaseName: &quot;example1&quot;, expectedResult: &quot;295&quot;, _: &quot;1068781&quot;, fileContent: &quot;939\r\n7,13,x,x,59,x,31,19&quot;)" computerName="LAPTOP-35RG0TO8" duration="00:00:00.0000953" startTime="2020-12-17T23:19:43.7579144+01:00" endTime="2020-12-17T23:19:43.7579146+01:00" testType="13cdc9d9-ddb5-4fa4-a97d-d965ccfc6d4b" outcome="Passed" testListId="8c84fa94-04c1-424b-9868-57a2d4851a1d" relativeResultsDirectory="4cf362fc-6341-4177-bbb9-504be856df7b" />
    <UnitTestResult executionId="3b4fafc3-19e1-412c-a30e-7b61b0a3a521" testId="1bd4918e-984f-4b09-f089-8b165ff131a6" testName="_2020.Tests.Days.Day12Tests.Part2_Pack(testCaseName: &quot;puzzleinput&quot;, _: &quot;1565&quot;, expectedResult: &quot;78883&quot;, fileContent: &quot;E5\r\nR90\r\nE5\r\nL90\r\nF80\r\nL90\r\nE3\r\nN5\r&quot;...)" computerName="LAPTOP-35RG0TO8" duration="00:00:00.0104043" startTime="2020-12-17T23:19:43.7578789+01:00" endTime="2020-12-17T23:19:43.7578790+01:00" testType="13cdc9d9-ddb5-4fa4-a97d-d965ccfc6d4b" outcome="Passed" testListId="8c84fa94-04c1-424b-9868-57a2d4851a1d" relativeResultsDirectory="3b4fafc3-19e1-412c-a30e-7b61b0a3a521" />
    <UnitTestResult executionId="0e702524-fb4f-430d-964b-dc23bd720850" testId="01c6738e-928f-12e9-002b-a3010d7f109b" testName="_2020.Tests.Days.Day8Tests.Part2_Pack(testCaseName: &quot;puzzleinput&quot;, _: &quot;2051&quot;, expectedResult: &quot;2304&quot;, fileContent: &quot;jmp +583\r\nacc +9\r\njmp +525\r\njmp +302\r\njmp &quot;...)" computerName="LAPTOP-35RG0TO8" duration="00:00:00.0134100" startTime="2020-12-17T23:19:43.7625124+01:00" endTime="2020-12-17T23:19:43.7625134+01:00" testType="13cdc9d9-ddb5-4fa4-a97d-d965ccfc6d4b" outcome="Passed" testListId="8c84fa94-04c1-424b-9868-57a2d4851a1d" relativeResultsDirectory="0e702524-fb4f-430d-964b-dc23bd720850" />
    <UnitTestResult executionId="c946d297-dbe6-43f3-b892-4deed860f9f7" testId="4dc9e345-1e1c-7c56-ffd6-51f432d6c33b" testName="_2020.Tests.Days.Day9Tests.Part1_pack(testCaseName: &quot;example1&quot;, expectedResult: &quot;127&quot;, preamble: &quot;5&quot;, _: &quot;62&quot;, fileContent: &quot;35\r\n20\r\n15\r\n25\r\n47\r\n40\r\n62\r\n55\r\n65&quot;...)" computerName="LAPTOP-35RG0TO8" duration="00:00:00.0476166" startTime="2020-12-17T23:19:43.7447793+01:00" endTime="2020-12-17T23:19:43.7447798+01:00" testType="13cdc9d9-ddb5-4fa4-a97d-d965ccfc6d4b" outcome="Passed" testListId="8c84fa94-04c1-424b-9868-57a2d4851a1d" relativeResultsDirectory="c946d297-dbe6-43f3-b892-4deed860f9f7" />
    <UnitTestResult executionId="31c442b5-d758-42cd-970c-67c120c9d5ac" testId="e3b45518-8d0a-2cd6-89ed-a43178b94cdf" testName="_2020.Tests.Days.Day9Tests.Part2_Pack(testCaseName: &quot;example1&quot;, _: &quot;127&quot;, preamble: &quot;5&quot;, expectedResult: &quot;62&quot;, fileContent: &quot;35\r\n20\r\n15\r\n25\r\n47\r\n40\r\n62\r\n55\r\n65&quot;...)" computerName="LAPTOP-35RG0TO8" duration="00:00:00.0000693" startTime="2020-12-17T23:19:43.7448913+01:00" endTime="2020-12-17T23:19:43.7448915+01:00" testType="13cdc9d9-ddb5-4fa4-a97d-d965ccfc6d4b" outcome="Passed" testListId="8c84fa94-04c1-424b-9868-57a2d4851a1d" relativeResultsDirectory="31c442b5-d758-42cd-970c-67c120c9d5ac" />
    <UnitTestResult executionId="7e2e2254-9f3e-483b-82ea-e4b4983e1eb7" testId="9b48be43-b6dc-ab4a-e9b5-a0f0a0083d37" testName="_2020.Tests.Days.Day3Tests.Move_Works(fileContent: &quot;...\r\n#..&quot;, coordinates: [0, 0, 0, 1], isTree: True)" computerName="LAPTOP-35RG0TO8" duration="00:00:00.0000121" startTime="2020-12-17T23:19:43.7293037+01:00" endTime="2020-12-17T23:19:43.7293040+01:00" testType="13cdc9d9-ddb5-4fa4-a97d-d965ccfc6d4b" outcome="Passed" testListId="8c84fa94-04c1-424b-9868-57a2d4851a1d" relativeResultsDirectory="7e2e2254-9f3e-483b-82ea-e4b4983e1eb7" />
    <UnitTestResult executionId="fab26b44-2673-4f00-90b0-b8568775919d" testId="5670067d-1cf3-a96b-1c13-3fd4f02d341b" testName="_2020.Tests.Days.Day5Tests.Part2_Pack(testCaseName: &quot;mydata&quot;, _: &quot;998&quot;, expectedResult: &quot;676&quot;, fileContent: &quot;BFBBBBBLLR\r\nBBFFBBFRRL\r\nFBFBFFFRRL\r\nBBFFFBFR&quot;...)" computerName="LAPTOP-35RG0TO8" duration="00:00:00.0180845" startTime="2020-12-17T23:19:43.7578199+01:00" endTime="2020-12-17T23:19:43.7578201+01:00" testType="13cdc9d9-ddb5-4fa4-a97d-d965ccfc6d4b" outcome="Passed" testListId="8c84fa94-04c1-424b-9868-57a2d4851a1d" relativeResultsDirectory="fab26b44-2673-4f00-90b0-b8568775919d" />
    <UnitTestResult executionId="11414fd8-8d2c-41c5-b278-f2d0ba7cc898" testId="7e2b291f-4d36-b74a-6972-5466517a8596" testName="_2020.Tests.Days.Day10Tests.Part2_Pack(testCaseName: &quot;example2&quot;, _: &quot;220&quot;, expectedResult: &quot;19208&quot;, fileContent: &quot;28\r\n33\r\n18\r\n42\r\n31\r\n14\r\n46\r\n20\r\n48&quot;...)" computerName="LAPTOP-35RG0TO8" duration="00:00:00.0000494" startTime="2020-12-17T23:19:43.7451159+01:00" endTime="2020-12-17T23:19:43.7451162+01:00" testType="13cdc9d9-ddb5-4fa4-a97d-d965ccfc6d4b" outcome="Passed" testListId="8c84fa94-04c1-424b-9868-57a2d4851a1d" relativeResultsDirectory="11414fd8-8d2c-41c5-b278-f2d0ba7cc898" />
  </Results>
  <TestDefinitions>
    <UnitTest name="_2020.Tests.Days.Day9Tests.Part1_pack(testCaseName: &quot;example1&quot;, expectedResult: &quot;127&quot;, preamble: &quot;5&quot;, _: &quot;62&quot;, fileContent: &quot;35\r\n20\r\n15\r\n25\r\n47\r\n40\r\n62\r\n55\r\n65&quot;...)" storage="c:\workspace\github\adventofcode\2020.tests\bin\debug\netcoreapp3.1\2020.tests.dll" id="4dc9e345-1e1c-7c56-ffd6-51f432d6c33b">
      <Execution id="c946d297-dbe6-43f3-b892-4deed860f9f7" />
      <TestMethod codeBase="C:\Workspace\GitHub\AdventOfCode\2020.Tests\bin\Debug\netcoreapp3.1\2020.Tests.dll" adapterTypeName="executor://xunit/VsTestRunner2/netcoreapp" className="_2020.Tests.Days.Day9Tests" name="Part1_pack" />
    </UnitTest>
    <UnitTest name="_2020.Tests.Days.Day7Tests.Part2_Pack(testCaseName: &quot;example2&quot;, _: &quot;&quot;, expectedResult: &quot;126&quot;, fileContent: &quot;shiny gold bags contain 2 dark red bags.\r\ndark r&quot;...)" storage="c:\workspace\github\adventofcode\2020.tests\bin\debug\netcoreapp3.1\2020.tests.dll" id="844a928f-443a-c27a-8ee8-10b193eadc8b">
      <Execution id="01144d7c-4540-46ac-9a55-a7d22d3b2784" />
      <TestMethod codeBase="C:\Workspace\GitHub\AdventOfCode\2020.Tests\bin\Debug\netcoreapp3.1\2020.Tests.dll" adapterTypeName="executor://xunit/VsTestRunner2/netcoreapp" className="_2020.Tests.Days.Day7Tests" name="Part2_Pack" />
    </UnitTest>
    <UnitTest name="_2020.Tests.Days.Day17Tests.Part2_Pack(testCaseName: &quot;example1&quot;, _: &quot;112&quot;, expectedResult: &quot;848&quot;, fileContent: &quot;.#.\r\n..#\r\n###&quot;)" storage="c:\workspace\github\adventofcode\2020.tests\bin\debug\netcoreapp3.1\2020.tests.dll" id="babf93f6-1c89-9c1d-499b-7212ab41b8fb">
      <Execution id="cd43baa2-b175-4003-a757-691f1d6d33cc" />
      <TestMethod codeBase="C:\Workspace\GitHub\AdventOfCode\2020.Tests\bin\Debug\netcoreapp3.1\2020.Tests.dll" adapterTypeName="executor://xunit/VsTestRunner2/netcoreapp" className="_2020.Tests.Days.Day17Tests" name="Part2_Pack" />
    </UnitTest>
    <UnitTest name="_2020.Tests.Days.Day11Tests.Part1_pack(testCaseName: &quot;example1&quot;, expectedResult: &quot;37&quot;, _: &quot;26&quot;, fileContent: &quot;L.LL.LL.LL\r\nLLLLLLL.LL\r\nL.L.L..L..\r\nLLLL.LL.&quot;...)" storage="c:\workspace\github\adventofcode\2020.tests\bin\debug\netcoreapp3.1\2020.tests.dll" id="9f0ccaf6-c07d-b20e-be6b-7733f88e5aab">
      <Execution id="62f090ea-005d-4547-937e-7345c40324a3" />
      <TestMethod codeBase="C:\Workspace\GitHub\AdventOfCode\2020.Tests\bin\Debug\netcoreapp3.1\2020.Tests.dll" adapterTypeName="executor://xunit/VsTestRunner2/netcoreapp" className="_2020.Tests.Days.Day11Tests" name="Part1_pack" />
    </UnitTest>
    <UnitTest name="_2020.Tests.Days.Day10Tests.Part1_pack(testCaseName: &quot;example1&quot;, expectedResult: &quot;35&quot;, _: &quot;8&quot;, fileContent: &quot;16\r\n10\r\n15\r\n5\r\n1\r\n11\r\n7\r\n19\r\n6\r\n&quot;...)" storage="c:\workspace\github\adventofcode\2020.tests\bin\debug\netcoreapp3.1\2020.tests.dll" id="4d95249a-c4ec-74a6-909c-c074eed39474">
      <Execution id="19f6ff1e-030f-4107-8b6b-3f3b702fce17" />
      <TestMethod codeBase="C:\Workspace\GitHub\AdventOfCode\2020.Tests\bin\Debug\netcoreapp3.1\2020.Tests.dll" adapterTypeName="executor://xunit/VsTestRunner2/netcoreapp" className="_2020.Tests.Days.Day10Tests" name="Part1_pack" />
    </UnitTest>
    <UnitTest name="_2020.Tests.Days.Day15Tests.Part2_Pack(testCaseName: &quot;example1&quot;, _: &quot;436&quot;, expectedResult: &quot;175594&quot;, fileContent: &quot;0,3,6&quot;)" storage="c:\workspace\github\adventofcode\2020.tests\bin\debug\netcoreapp3.1\2020.tests.dll" id="5a6838e8-c034-4ac2-cf4a-650d8f91ee6f">
      <Execution id="a0bb3c43-50b0-45a0-bcd7-ec55e8659783" />
      <TestMethod codeBase="C:\Workspace\GitHub\AdventOfCode\2020.Tests\bin\Debug\netcoreapp3.1\2020.Tests.dll" adapterTypeName="executor://xunit/VsTestRunner2/netcoreapp" className="_2020.Tests.Days.Day15Tests" name="Part2_Pack" />
    </UnitTest>
    <UnitTest name="_2020.Tests.Days.Day3Tests.Part2_TC3(fileContent: &quot;..##.......\r\n#...#...#..\r\n.#....#..#.\r\n..#.#&quot;...)" storage="c:\workspace\github\adventofcode\2020.tests\bin\debug\netcoreapp3.1\2020.tests.dll" id="9d63c5ca-cd81-dfa2-45c3-bef99b47c927">
      <Execution id="17dbd096-0d02-4da9-9973-fd936e801b96" />
      <TestMethod codeBase="C:\Workspace\GitHub\AdventOfCode\2020.Tests\bin\Debug\netcoreapp3.1\2020.Tests.dll" adapterTypeName="executor://xunit/VsTestRunner2/netcoreapp" className="_2020.Tests.Days.Day3Tests" name="Part2_TC3" />
    </UnitTest>
    <UnitTest name="_2020.Tests.Days.Day5Tests.Part1_pack(testCaseName: &quot;example1&quot;, expectedResult: &quot;820&quot;, _: &quot;&quot;, fileContent: &quot;BFFFBBFRRR\r\nFFFBBBFRRR\r\nBBFFBBFRLL&quot;)" storage="c:\workspace\github\adventofcode\2020.tests\bin\debug\netcoreapp3.1\2020.tests.dll" id="de8b5722-7c80-d4eb-b97c-ebe57717fb6c">
      <Execution id="acca3b84-3671-4063-8f72-bc1b41c544a7" />
      <TestMethod codeBase="C:\Workspace\GitHub\AdventOfCode\2020.Tests\bin\Debug\netcoreapp3.1\2020.Tests.dll" adapterTypeName="executor://xunit/VsTestRunner2/netcoreapp" className="_2020.Tests.Days.Day5Tests" name="Part1_pack" />
    </UnitTest>
    <UnitTest name="_2020.Tests.Days.Day10Tests.Part2_Pack(testCaseName: &quot;puzzleinput&quot;, _: &quot;2059&quot;, expectedResult: &quot;86812553324672&quot;, fileContent: &quot;77\r\n58\r\n25\r\n92\r\n14\r\n154\r\n105\r\n112\r\&quot;...)" storage="c:\workspace\github\adventofcode\2020.tests\bin\debug\netcoreapp3.1\2020.tests.dll" id="2cc010d6-e101-5b64-2847-d92eb3aca667">
      <Execution id="5660a505-4a0a-49d4-a773-f541aa5a1546" />
      <TestMethod codeBase="C:\Workspace\GitHub\AdventOfCode\2020.Tests\bin\Debug\netcoreapp3.1\2020.Tests.dll" adapterTypeName="executor://xunit/VsTestRunner2/netcoreapp" className="_2020.Tests.Days.Day10Tests" name="Part2_Pack" />
    </UnitTest>
    <UnitTest name="_2020.Tests.Days.Day16Tests.Part1_pack(testCaseName: &quot;example1&quot;, expectedResult: &quot;71&quot;, _: &quot;0&quot;, fileContent: &quot;class: 1-3 or 5-7\r\nrow: 6-11 or 33-44\r\nseat: 1&quot;...)" storage="c:\workspace\github\adventofcode\2020.tests\bin\debug\netcoreapp3.1\2020.tests.dll" id="0d9d879c-a85a-bdc6-b8ff-9a6ab509a103">
      <Execution id="60249e19-6b7c-4f61-8d98-8dda9f0ee511" />
      <TestMethod codeBase="C:\Workspace\GitHub\AdventOfCode\2020.Tests\bin\Debug\netcoreapp3.1\2020.Tests.dll" adapterTypeName="executor://xunit/VsTestRunner2/netcoreapp" className="_2020.Tests.Days.Day16Tests" name="Part1_pack" />
    </UnitTest>
    <UnitTest name="_2020.Tests.Days.Day15Tests.Part2_Pack(testCaseName: &quot;example3&quot;, _: &quot;10&quot;, expectedResult: &quot;3544142&quot;, fileContent: &quot;2,1,3&quot;)" storage="c:\workspace\github\adventofcode\2020.tests\bin\debug\netcoreapp3.1\2020.tests.dll" id="6d960990-c3fd-9f28-bdad-0681fd0a7d6b">
      <Execution id="79d01bcb-140f-43b6-bb8a-af243006c4e8" />
      <TestMethod codeBase="C:\Workspace\GitHub\AdventOfCode\2020.Tests\bin\Debug\netcoreapp3.1\2020.Tests.dll" adapterTypeName="executor://xunit/VsTestRunner2/netcoreapp" className="_2020.Tests.Days.Day15Tests" name="Part2_Pack" />
    </UnitTest>
    <UnitTest name="_2020.Tests.Days.Day17Tests.Part1_pack(testCaseName: &quot;example1&quot;, expectedResult: &quot;112&quot;, _: &quot;848&quot;, fileContent: &quot;.#.\r\n..#\r\n###&quot;)" storage="c:\workspace\github\adventofcode\2020.tests\bin\debug\netcoreapp3.1\2020.tests.dll" id="90e894cc-e9f5-0b66-7327-41b15f453ed9">
      <Execution id="c708abec-7ff1-45de-b69d-3c65aa6b5ea6" />
      <TestMethod codeBase="C:\Workspace\GitHub\AdventOfCode\2020.Tests\bin\Debug\netcoreapp3.1\2020.Tests.dll" adapterTypeName="executor://xunit/VsTestRunner2/netcoreapp" className="_2020.Tests.Days.Day17Tests" name="Part1_pack" />
    </UnitTest>
    <UnitTest name="_2020.Tests.Days.Day7Tests.Part2_Pack(testCaseName: &quot;puzzleinput&quot;, _: &quot;335&quot;, expectedResult: &quot;2431&quot;, fileContent: &quot;dim silver bags contain 3 posh fuchsia bags.\r\nwa&quot;...)" storage="c:\workspace\github\adventofcode\2020.tests\bin\debug\netcoreapp3.1\2020.tests.dll" id="bdaba18c-2c59-04ae-e240-7ebf7e7a64fb">
      <Execution id="8c5d31fa-d6b8-440a-b4e7-f237f903e08d" />
      <TestMethod codeBase="C:\Workspace\GitHub\AdventOfCode\2020.Tests\bin\Debug\netcoreapp3.1\2020.Tests.dll" adapterTypeName="executor://xunit/VsTestRunner2/netcoreapp" className="_2020.Tests.Days.Day7Tests" name="Part2_Pack" />
    </UnitTest>
    <UnitTest name="_2020.Tests.Days.Day4Tests.Part1_pack(testCaseName: &quot;valid&quot;, expectedResult: &quot;4&quot;, _: &quot;4&quot;, fileContent: &quot;pid:087499704 hgt:74in ecl:grn iyr:2012 eyr:2030 b&quot;...)" storage="c:\workspace\github\adventofcode\2020.tests\bin\debug\netcoreapp3.1\2020.tests.dll" id="8aed83a5-1388-ee14-1e01-687801be888e">
      <Execution id="3b0833d4-4868-4bf2-a272-dbf674ce0ff0" />
      <TestMethod codeBase="C:\Workspace\GitHub\AdventOfCode\2020.Tests\bin\Debug\netcoreapp3.1\2020.Tests.dll" adapterTypeName="executor://xunit/VsTestRunner2/netcoreapp" className="_2020.Tests.Days.Day4Tests" name="Part1_pack" />
    </UnitTest>
    <UnitTest name="_2020.Tests.Days.Day13Tests.Part1_pack(testCaseName: &quot;puzzleinput&quot;, expectedResult: &quot;4135&quot;, _: &quot;640856202464541&quot;, fileContent: &quot;1011416\r\n41,x,x,x,x,x,x,x,x,x,x,x,x,x,x,x,x,x,x,&quot;...)" storage="c:\workspace\github\adventofcode\2020.tests\bin\debug\netcoreapp3.1\2020.tests.dll" id="d612b35d-eb74-c9d6-7c08-b6087fbf724b">
      <Execution id="21f549ad-a3f1-4aee-849f-faec55da5ad1" />
      <TestMethod codeBase="C:\Workspace\GitHub\AdventOfCode\2020.Tests\bin\Debug\netcoreapp3.1\2020.Tests.dll" adapterTypeName="executor://xunit/VsTestRunner2/netcoreapp" className="_2020.Tests.Days.Day13Tests" name="Part1_pack" />
    </UnitTest>
    <UnitTest name="_2020.Tests.Days.Day10Tests.Part1_pack(testCaseName: &quot;puzzleinput&quot;, expectedResult: &quot;2059&quot;, _: &quot;86812553324672&quot;, fileContent: &quot;77\r\n58\r\n25\r\n92\r\n14\r\n154\r\n105\r\n112\r\&quot;...)" storage="c:\workspace\github\adventofcode\2020.tests\bin\debug\netcoreapp3.1\2020.tests.dll" id="0e0b30c5-6422-25c8-2172-d67c44a7d25d">
      <Execution id="1a7c74c4-bcc1-4e78-90ed-d808f329f9ae" />
      <TestMethod codeBase="C:\Workspace\GitHub\AdventOfCode\2020.Tests\bin\Debug\netcoreapp3.1\2020.Tests.dll" adapterTypeName="executor://xunit/VsTestRunner2/netcoreapp" className="_2020.Tests.Days.Day10Tests" name="Part1_pack" />
    </UnitTest>
    <UnitTest name="_2020.Tests.Days.Day15Tests.Part2_Pack(testCaseName: &quot;example7&quot;, _: &quot;1836&quot;, expectedResult: &quot;362&quot;, fileContent: &quot;3,1,2&quot;)" storage="c:\workspace\github\adventofcode\2020.tests\bin\debug\netcoreapp3.1\2020.tests.dll" id="ead7075b-f824-edda-74c3-54f68b078b04">
      <Execution id="d84af07f-74dd-40a9-8d98-cae42d042341" />
      <TestMethod codeBase="C:\Workspace\GitHub\AdventOfCode\2020.Tests\bin\Debug\netcoreapp3.1\2020.Tests.dll" adapterTypeName="executor://xunit/VsTestRunner2/netcoreapp" className="_2020.Tests.Days.Day15Tests" name="Part2_Pack" />
    </UnitTest>
    <UnitTest name="_2020.Tests.Days.Day3Tests.Move_Works(fileContent: &quot;...\r\n#..&quot;, coordinates: [0, 0, 0, 1], isTree: True)" storage="c:\workspace\github\adventofcode\2020.tests\bin\debug\netcoreapp3.1\2020.tests.dll" id="9b48be43-b6dc-ab4a-e9b5-a0f0a0083d37">
      <Execution id="7e2e2254-9f3e-483b-82ea-e4b4983e1eb7" />
      <TestMethod codeBase="C:\Workspace\GitHub\AdventOfCode\2020.Tests\bin\Debug\netcoreapp3.1\2020.Tests.dll" adapterTypeName="executor://xunit/VsTestRunner2/netcoreapp" className="_2020.Tests.Days.Day3Tests" name="Move_Works" />
    </UnitTest>
    <UnitTest name="_2020.Tests.Days.Day15Tests.Part1_pack(testCaseName: &quot;example4&quot;, expectedResult: &quot;27&quot;, _: &quot;261214&quot;, fileContent: &quot;1,2,3&quot;)" storage="c:\workspace\github\adventofcode\2020.tests\bin\debug\netcoreapp3.1\2020.tests.dll" id="2de34128-cf23-033a-0c60-b9a1ffa1dd89">
      <Execution id="61050a54-a622-42cf-af47-51add7d534b3" />
      <TestMethod codeBase="C:\Workspace\GitHub\AdventOfCode\2020.Tests\bin\Debug\netcoreapp3.1\2020.Tests.dll" adapterTypeName="executor://xunit/VsTestRunner2/netcoreapp" className="_2020.Tests.Days.Day15Tests" name="Part1_pack" />
    </UnitTest>
    <UnitTest name="_2020.Tests.Days.Day8Tests.Part1_pack(testCaseName: &quot;example1&quot;, expectedResult: &quot;5&quot;, _: &quot;8&quot;, fileContent: &quot;nop +0\r\nacc +1\r\njmp +4\r\nacc +3\r\njmp -3\r\n&quot;...)" storage="c:\workspace\github\adventofcode\2020.tests\bin\debug\netcoreapp3.1\2020.tests.dll" id="edfee89c-6991-817a-4b5f-507b7c5607c8">
      <Execution id="e7f37bed-0ace-4772-8d88-b5f0985a88fd" />
      <TestMethod codeBase="C:\Workspace\GitHub\AdventOfCode\2020.Tests\bin\Debug\netcoreapp3.1\2020.Tests.dll" adapterTypeName="executor://xunit/VsTestRunner2/netcoreapp" className="_2020.Tests.Days.Day8Tests" name="Part1_pack" />
    </UnitTest>
    <UnitTest name="_2020.Tests.Days.Day8Tests.Part2_Pack(testCaseName: &quot;example1&quot;, _: &quot;5&quot;, expectedResult: &quot;8&quot;, fileContent: &quot;nop +0\r\nacc +1\r\njmp +4\r\nacc +3\r\njmp -3\r\n&quot;...)" storage="c:\workspace\github\adventofcode\2020.tests\bin\debug\netcoreapp3.1\2020.tests.dll" id="d87515a5-cd25-21bb-1381-51ed2081f274">
      <Execution id="cc03e3ee-7ab9-44a1-ac8e-4f862f8605cc" />
      <TestMethod codeBase="C:\Workspace\GitHub\AdventOfCode\2020.Tests\bin\Debug\netcoreapp3.1\2020.Tests.dll" adapterTypeName="executor://xunit/VsTestRunner2/netcoreapp" className="_2020.Tests.Days.Day8Tests" name="Part2_Pack" />
    </UnitTest>
    <UnitTest name="_2020.Tests.Days.Day16Tests.Part1_pack(testCaseName: &quot;example2&quot;, expectedResult: &quot;0&quot;, _: &quot;1716&quot;, fileContent: &quot;departure class: 0-1 or 4-19\r\ndeparture row: 0-5&quot;...)" storage="c:\workspace\github\adventofcode\2020.tests\bin\debug\netcoreapp3.1\2020.tests.dll" id="821db9cf-a5c7-f686-a035-a78be04f731f">
      <Execution id="0abd97c9-2823-43d8-86b4-9392735018fe" />
      <TestMethod codeBase="C:\Workspace\GitHub\AdventOfCode\2020.Tests\bin\Debug\netcoreapp3.1\2020.Tests.dll" adapterTypeName="executor://xunit/VsTestRunner2/netcoreapp" className="_2020.Tests.Days.Day16Tests" name="Part1_pack" />
    </UnitTest>
    <UnitTest name="_2020.Tests.Days.Day12Tests.Part2_Pack(testCaseName: &quot;example1&quot;, _: &quot;25&quot;, expectedResult: &quot;286&quot;, fileContent: &quot;F10\r\nN3\r\nF7\r\nR90\r\nF11&quot;)" storage="c:\workspace\github\adventofcode\2020.tests\bin\debug\netcoreapp3.1\2020.tests.dll" id="02ecd7ab-bcdf-e3ce-73c4-60d49e1f8cf1">
      <Execution id="1e9f3b15-f0d0-40a4-a653-ba9b96168127" />
      <TestMethod codeBase="C:\Workspace\GitHub\AdventOfCode\2020.Tests\bin\Debug\netcoreapp3.1\2020.Tests.dll" adapterTypeName="executor://xunit/VsTestRunner2/netcoreapp" className="_2020.Tests.Days.Day12Tests" name="Part2_Pack" />
    </UnitTest>
    <UnitTest name="_2020.Tests.Days.Day6Tests.Part2_Pack(testCaseName: &quot;puzzleinput&quot;, _: &quot;6551&quot;, expectedResult: &quot;3358&quot;, fileContent: &quot;nvlyak\r\nnyvha\r\nyaen\r\nqynia\r\n\r\nkend\r\nen&quot;...)" storage="c:\workspace\github\adventofcode\2020.tests\bin\debug\netcoreapp3.1\2020.tests.dll" id="0ae8165c-5db8-2151-c07c-655806764c15">
      <Execution id="146666b2-2386-4ec8-bd5c-f8b7520e372c" />
      <TestMethod codeBase="C:\Workspace\GitHub\AdventOfCode\2020.Tests\bin\Debug\netcoreapp3.1\2020.Tests.dll" adapterTypeName="executor://xunit/VsTestRunner2/netcoreapp" className="_2020.Tests.Days.Day6Tests" name="Part2_Pack" />
    </UnitTest>
    <UnitTest name="_2020.Tests.Days.Day15Tests.Part2_Pack(testCaseName: &quot;example2&quot;, _: &quot;1&quot;, expectedResult: &quot;2578&quot;, fileContent: &quot;1,3,2&quot;)" storage="c:\workspace\github\adventofcode\2020.tests\bin\debug\netcoreapp3.1\2020.tests.dll" id="c1b39591-e148-1ede-3450-ca36e80a70b0">
      <Execution id="674dde76-c312-42bb-8313-56ea3b9bf95c" />
      <TestMethod codeBase="C:\Workspace\GitHub\AdventOfCode\2020.Tests\bin\Debug\netcoreapp3.1\2020.Tests.dll" adapterTypeName="executor://xunit/VsTestRunner2/netcoreapp" className="_2020.Tests.Days.Day15Tests" name="Part2_Pack" />
    </UnitTest>
    <UnitTest name="_2020.Tests.Days.Day16Tests.Part2_Pack(testCaseName: &quot;example2&quot;, _: &quot;0&quot;, expectedResult: &quot;1716&quot;, fileContent: &quot;departure class: 0-1 or 4-19\r\ndeparture row: 0-5&quot;...)" storage="c:\workspace\github\adventofcode\2020.tests\bin\debug\netcoreapp3.1\2020.tests.dll" id="21cf7987-0bbe-7998-2a6a-b62be16638fd">
      <Execution id="772fb3ed-5027-45ac-8d10-5f7594e4f14c" />
      <TestMethod codeBase="C:\Workspace\GitHub\AdventOfCode\2020.Tests\bin\Debug\netcoreapp3.1\2020.Tests.dll" adapterTypeName="executor://xunit/VsTestRunner2/netcoreapp" className="_2020.Tests.Days.Day16Tests" name="Part2_Pack" />
    </UnitTest>
    <UnitTest name="_2020.Tests.Days.Day10Tests.Part2_Pack(testCaseName: &quot;example1&quot;, _: &quot;35&quot;, expectedResult: &quot;8&quot;, fileContent: &quot;16\r\n10\r\n15\r\n5\r\n1\r\n11\r\n7\r\n19\r\n6\r\n&quot;...)" storage="c:\workspace\github\adventofcode\2020.tests\bin\debug\netcoreapp3.1\2020.tests.dll" id="b2758025-0ea6-8920-1ed3-b47e23fd5591">
      <Execution id="78c7f926-5c56-48bf-9539-7a1cf7932fc7" />
      <TestMethod codeBase="C:\Workspace\GitHub\AdventOfCode\2020.Tests\bin\Debug\netcoreapp3.1\2020.Tests.dll" adapterTypeName="executor://xunit/VsTestRunner2/netcoreapp" className="_2020.Tests.Days.Day10Tests" name="Part2_Pack" />
    </UnitTest>
    <UnitTest name="_2020.Tests.Days.Day5Tests.Part2_Pack(testCaseName: &quot;mydata&quot;, _: &quot;998&quot;, expectedResult: &quot;676&quot;, fileContent: &quot;BFBBBBBLLR\r\nBBFFBBFRRL\r\nFBFBFFFRRL\r\nBBFFFBFR&quot;...)" storage="c:\workspace\github\adventofcode\2020.tests\bin\debug\netcoreapp3.1\2020.tests.dll" id="5670067d-1cf3-a96b-1c13-3fd4f02d341b">
      <Execution id="fab26b44-2673-4f00-90b0-b8568775919d" />
      <TestMethod codeBase="C:\Workspace\GitHub\AdventOfCode\2020.Tests\bin\Debug\netcoreapp3.1\2020.Tests.dll" adapterTypeName="executor://xunit/VsTestRunner2/netcoreapp" className="_2020.Tests.Days.Day5Tests" name="Part2_Pack" />
    </UnitTest>
    <UnitTest name="_2020.Tests.Days.Day15Tests.Part1_pack(testCaseName: &quot;example5&quot;, expectedResult: &quot;78&quot;, _: &quot;6895259&quot;, fileContent: &quot;2,3,1&quot;)" storage="c:\workspace\github\adventofcode\2020.tests\bin\debug\netcoreapp3.1\2020.tests.dll" id="59db20d0-347c-a453-444e-683e23e9a040">
      <Execution id="fe5ddf18-10e9-428b-ad44-29e478ea665a" />
      <TestMethod codeBase="C:\Workspace\GitHub\AdventOfCode\2020.Tests\bin\Debug\netcoreapp3.1\2020.Tests.dll" adapterTypeName="executor://xunit/VsTestRunner2/netcoreapp" className="_2020.Tests.Days.Day15Tests" name="Part1_pack" />
    </UnitTest>
    <UnitTest name="_2020.Tests.Days.Day15Tests.Part2_Pack(testCaseName: &quot;example4&quot;, _: &quot;27&quot;, expectedResult: &quot;261214&quot;, fileContent: &quot;1,2,3&quot;)" storage="c:\workspace\github\adventofcode\2020.tests\bin\debug\netcoreapp3.1\2020.tests.dll" id="69421f74-dab9-7682-2157-83ab4af72623">
      <Execution id="ce908ddd-27c4-4452-8565-5d2ed590b8ff" />
[...]
    </UnitTest>
    <UnitTest name="_2020.Tests.Days.Day3Tests.Part1_case3(fileContent: &quot;..##.......\r\n#...#...#..\r\n.#....#..#.\r\n..#.#&quot;...)" storage="c:\workspace\github\adventofcode\2020.tests\bin\debug\netcoreapp3.1\2020.tests.dll" id="e7fe6284-3fcb-b9cb-9a4e-f74cf392b140">
      <Execution id="f82308b9-734b-415f-adde-7d1993982430" />
      <TestMethod codeBase="C:\Workspace\GitHub\AdventOfCode\2020.Tests\bin\Debug\netcoreapp3.1\2020.Tests.dll" adapterTypeName="executor://xunit/VsTestRunner2/netcoreapp" className="_2020.Tests.Days.Day3Tests" name="Part1_case3" />
    </UnitTest>
    <UnitTest name="_2020.Tests.Days.Day16Tests.Part2_Pack(testCaseName: &quot;example1&quot;, _: &quot;71&quot;, expectedResult: &quot;0&quot;, fileContent: &quot;class: 1-3 or 5-7\r\nrow: 6-11 or 33-44\r\nseat: 1&quot;...)" storage="c:\workspace\github\adventofcode\2020.tests\bin\debug\netcoreapp3.1\2020.tests.dll" id="dffdb84d-1db1-5f4c-67d3-f3140d14b547">
      <Execution id="48453a67-1a4a-415c-90dc-ef665254cc76" />
      <TestMethod codeBase="C:\Workspace\GitHub\AdventOfCode\2020.Tests\bin\Debug\netcoreapp3.1\2020.Tests.dll" adapterTypeName="executor://xunit/VsTestRunner2/netcoreapp" className="_2020.Tests.Days.Day16Tests" name="Part2_Pack" />
    </UnitTest>
    <UnitTest name="_2020.Tests.Days.Day15Tests.Part2_Pack(testCaseName: &quot;example5&quot;, _: &quot;78&quot;, expectedResult: &quot;6895259&quot;, fileContent: &quot;2,3,1&quot;)" storage="c:\workspace\github\adventofcode\2020.tests\bin\debug\netcoreapp3.1\2020.tests.dll" id="ac7e7db2-01de-f348-0757-1a5540553b98">
      <Execution id="f6329f72-66ed-492a-9414-02dad3e727d8" />
      <TestMethod codeBase="C:\Workspace\GitHub\AdventOfCode\2020.Tests\bin\Debug\netcoreapp3.1\2020.Tests.dll" adapterTypeName="executor://xunit/VsTestRunner2/netcoreapp" className="_2020.Tests.Days.Day15Tests" name="Part2_Pack" />
    </UnitTest>
    <UnitTest name="_2020.Tests.Days.Day17Tests.Part1_pack(testCaseName: &quot;puzzleinput&quot;, expectedResult: &quot;338&quot;, _: &quot;2440&quot;, fileContent: &quot;.#.##..#\r\n....#.##\r\n##.###..\r\n.#.#.###\r\n#.&quot;...)" storage="c:\workspace\github\adventofcode\2020.tests\bin\debug\netcoreapp3.1\2020.tests.dll" id="5fa2b639-d7d3-7e54-f35e-518a5bab3568">
      <Execution id="7e520a54-d136-4195-9428-25ded99b20c3" />
      <TestMethod codeBase="C:\Workspace\GitHub\AdventOfCode\2020.Tests\bin\Debug\netcoreapp3.1\2020.Tests.dll" adapterTypeName="executor://xunit/VsTestRunner2/netcoreapp" className="_2020.Tests.Days.Day17Tests" name="Part1_pack" />
    </UnitTest>
    <UnitTest name="_2020.Tests.Days.Day11Tests.Part2_Pack(testCaseName: &quot;example1&quot;, _: &quot;37&quot;, expectedResult: &quot;26&quot;, fileContent: &quot;L.LL.LL.LL\r\nLLLLLLL.LL\r\nL.L.L..L..\r\nLLLL.LL.&quot;...)" storage="c:\workspace\github\adventofcode\2020.tests\bin\debug\netcoreapp3.1\2020.tests.dll" id="32ed6bd8-e0af-dd5c-7f74-96ea03b7cf74">
      <Execution id="b8e164a8-d5a5-4e1c-bf0f-d2697da2863d" />
      <TestMethod codeBase="C:\Workspace\GitHub\AdventOfCode\2020.Tests\bin\Debug\netcoreapp3.1\2020.Tests.dll" adapterTypeName="executor://xunit/VsTestRunner2/netcoreapp" className="_2020.Tests.Days.Day11Tests" name="Part2_Pack" />
    </UnitTest>
    <UnitTest name="_2020.Tests.Days.Day3Tests.Part1_case2(fileContent: &quot;...\r\n#..&quot;)" storage="c:\workspace\github\adventofcode\2020.tests\bin\debug\netcoreapp3.1\2020.tests.dll" id="136cf6b3-49e2-8bb0-486f-d1f9a3983f12">
      <Execution id="75474a98-6eaf-4439-a7fb-9e84a805cf46" />
      <TestMethod codeBase="C:\Workspace\GitHub\AdventOfCode\2020.Tests\bin\Debug\netcoreapp3.1\2020.Tests.dll" adapterTypeName="executor://xunit/VsTestRunner2/netcoreapp" className="_2020.Tests.Days.Day3Tests" name="Part1_case2" />
    </UnitTest>
  </TestDefinitions>
  <TestEntries>
    <TestEntry testId="56b8ecc6-4451-516f-e6ef-1f4a55f10fe8" executionId="1ba5666a-6471-4e62-8179-0876699adb4d" testListId="8c84fa94-04c1-424b-9868-57a2d4851a1d" />
    <TestEntry testId="d36ee119-83d8-bc35-7ac6-7f5ac328dab5" executionId="a0900597-6a26-42f8-8e85-7c8b7967e86d" testListId="8c84fa94-04c1-424b-9868-57a2d4851a1d" />
    <TestEntry testId="d87515a5-cd25-21bb-1381-51ed2081f274" executionId="cc03e3ee-7ab9-44a1-ac8e-4f862f8605cc" testListId="8c84fa94-04c1-424b-9868-57a2d4851a1d" />
    <TestEntry testId="db94a0d2-a22c-8314-89a3-1a38e815913a" executionId="e746a933-969f-4043-840e-3089b9b215b0" testListId="8c84fa94-04c1-424b-9868-57a2d4851a1d" />
    <TestEntry testId="821db9cf-a5c7-f686-a035-a78be04f731f" executionId="0abd97c9-2823-43d8-86b4-9392735018fe" testListId="8c84fa94-04c1-424b-9868-57a2d4851a1d" />
    <TestEntry testId="f6865024-5e66-1a8c-8eaa-13d5eb300007" executionId="dd225081-2577-4724-a9ed-3fca0fb1d319" testListId="8c84fa94-04c1-424b-9868-57a2d4851a1d" />
    <TestEntry testId="ea350fd8-4960-b90d-698c-7f319b46d10e" executionId="89232b13-b4dc-4a22-a94e-6d3cb0ca9a0c" testListId="8c84fa94-04c1-424b-9868-57a2d4851a1d" />
    <TestEntry testId="5d9c47dd-439e-67ac-b1d4-8dc742348d44" executionId="91217ec8-70f7-4efb-93a3-aa8f7606718c" testListId="8c84fa94-04c1-424b-9868-57a2d4851a1d" />
    <TestEntry testId="3e90431b-d28c-c271-ef23-978dcb2898e8" executionId="4c3b74c3-a8e2-4cc3-9b42-83c5d364d98a" testListId="8c84fa94-04c1-424b-9868-57a2d4851a1d" />
    <TestEntry testId="9cf0cba5-172e-c153-e796-92c43fe8b799" executionId="ae0d7c8c-4ebe-4857-9359-83fcc8cef643" testListId="8c84fa94-04c1-424b-9868-57a2d4851a1d" />
    <TestEntry testId="b9a0883d-021b-16e7-be90-275f6000cc9d" executionId="6a42b275-aa7e-4a14-b620-ad13f2b00555" testListId="8c84fa94-04c1-424b-9868-57a2d4851a1d" />
    <TestEntry testId="2aa3cc9c-1e67-63fe-0e48-b59a2268710d" executionId="afada3df-b37c-4cb5-b172-6291fa69b113" testListId="8c84fa94-04c1-424b-9868-57a2d4851a1d" />
    <TestEntry testId="9e27424c-7bf4-a54a-a23f-62f6c33d62bb" executionId="4763c2eb-528d-4d05-b1da-4b81a27822ef" testListId="8c84fa94-04c1-424b-9868-57a2d4851a1d" />
    <TestEntry testId="edfee89c-6991-817a-4b5f-507b7c5607c8" executionId="e7f37bed-0ace-4772-8d88-b5f0985a88fd" testListId="8c84fa94-04c1-424b-9868-57a2d4851a1d" />
    <TestEntry testId="02ecd7ab-bcdf-e3ce-73c4-60d49e1f8cf1" executionId="1e9f3b15-f0d0-40a4-a653-ba9b96168127" testListId="8c84fa94-04c1-424b-9868-57a2d4851a1d" />
    <TestEntry testId="136cf6b3-49e2-8bb0-486f-d1f9a3983f12" executionId="75474a98-6eaf-4439-a7fb-9e84a805cf46" testListId="8c84fa94-04c1-424b-9868-57a2d4851a1d" />
    <TestEntry testId="1f5e50cb-54fd-2c1d-5c96-c69e9c09c257" executionId="acb12e70-8465-48d9-99e3-9e78317a2bc7" testListId="8c84fa94-04c1-424b-9868-57a2d4851a1d" />
    <TestEntry testId="6c059688-c465-f5a5-7144-0e70ce180f19" executionId="962d3787-e01a-4f08-9c7f-43c5bcc6ddd1" testListId="8c84fa94-04c1-424b-9868-57a2d4851a1d" />
    <TestEntry testId="ac7e7db2-01de-f348-0757-1a5540553b98" executionId="f6329f72-66ed-492a-9414-02dad3e727d8" testListId="8c84fa94-04c1-424b-9868-57a2d4851a1d" />
    <TestEntry testId="4884422f-a201-6166-d234-44d86f6dd8d3" executionId="a09b6d1b-bf42-4968-a175-24bf0d21a5d9" testListId="8c84fa94-04c1-424b-9868-57a2d4851a1d" />
    <TestEntry testId="7deeee6f-5f68-e96c-55d2-19a70aab7c3d" executionId="3db23948-a8e5-45d0-850d-d96806cdf57a" testListId="8c84fa94-04c1-424b-9868-57a2d4851a1d" />
    <TestEntry testId="ef12b05a-db9c-a4d1-6bf6-f50fcc998ceb" executionId="651baa2c-3cb2-4baf-8f54-c024038b8cc3" testListId="8c84fa94-04c1-424b-9868-57a2d4851a1d" />
    <TestEntry testId="16df4b72-a1be-7d8a-175c-1e6c5237fc4e" executionId="46380487-51b4-4613-b8e4-9b54430c919c" testListId="8c84fa94-04c1-424b-9868-57a2d4851a1d" />
    <TestEntry testId="bdaba18c-2c59-04ae-e240-7ebf7e7a64fb" executionId="8c5d31fa-d6b8-440a-b4e7-f237f903e08d" testListId="8c84fa94-04c1-424b-9868-57a2d4851a1d" />
    <TestEntry testId="de2d88b7-cfd9-036b-e718-618c36e4686c" executionId="fd5b1e74-e01d-49da-8478-d6bdae6cce47" testListId="8c84fa94-04c1-424b-9868-57a2d4851a1d" />
    <TestEntry testId="04f07e51-e06f-f9ef-687e-27f8f50cd69c" executionId="2abe1b57-d762-48d7-b217-0f8745de1330" testListId="8c84fa94-04c1-424b-9868-57a2d4851a1d" />
    <TestEntry testId="2cc010d6-e101-5b64-2847-d92eb3aca667" executionId="5660a505-4a0a-49d4-a773-f541aa5a1546" testListId="8c84fa94-04c1-424b-9868-57a2d4851a1d" />
    <TestEntry testId="9d63c5ca-cd81-dfa2-45c3-bef99b47c927" executionId="17dbd096-0d02-4da9-9973-fd936e801b96" testListId="8c84fa94-04c1-424b-9868-57a2d4851a1d" />
    <TestEntry testId="babf93f6-1c89-9c1d-499b-7212ab41b8fb" executionId="cd43baa2-b175-4003-a757-691f1d6d33cc" testListId="8c84fa94-04c1-424b-9868-57a2d4851a1d" />
    <TestEntry testId="d950a7c4-72e5-0b34-aa9c-ed718050682b" executionId="3d6986c5-5a1e-4416-988a-f6410107d039" testListId="8c84fa94-04c1-424b-9868-57a2d4851a1d" />
    <TestEntry testId="5cb521d9-b508-87d2-d6b3-9430721a3a5b" executionId="8b3df526-3f6a-4c55-bff5-1069d3a10139" testListId="8c84fa94-04c1-424b-9868-57a2d4851a1d" />
    <TestEntry testId="b73fc7b5-5c4f-ce2b-029f-5099fc932df8" executionId="f1c06f89-6a57-4b6e-b187-078228f1e487" testListId="8c84fa94-04c1-424b-9868-57a2d4851a1d" />
    <TestEntry testId="26f20c36-20b3-9005-cb04-ee3276a58fd4" executionId="d2f50dfc-d451-4177-82fb-cc131082651b" testListId="8c84fa94-04c1-424b-9868-57a2d4851a1d" />
    <TestEntry testId="8aed83a5-1388-ee14-1e01-687801be888e" executionId="3b0833d4-4868-4bf2-a272-dbf674ce0ff0" testListId="8c84fa94-04c1-424b-9868-57a2d4851a1d" />
    <TestEntry testId="de8b5722-7c80-d4eb-b97c-ebe57717fb6c" executionId="acca3b84-3671-4063-8f72-bc1b41c544a7" testListId="8c84fa94-04c1-424b-9868-57a2d4851a1d" />
    <TestEntry testId="5fa2b639-d7d3-7e54-f35e-518a5bab3568" executionId="7e520a54-d136-4195-9428-25ded99b20c3" testListId="8c84fa94-04c1-424b-9868-57a2d4851a1d" />
    <TestEntry testId="9fcb3a2b-27f0-5f22-0206-56c0549b9a84" executionId="f7863f07-12ee-4c89-b097-d8250a4a832b" testListId="8c84fa94-04c1-424b-9868-57a2d4851a1d" />
    <TestEntry testId="159d3ea9-44fc-4aaa-9da0-18c06a48805e" executionId="5819c2a7-116e-472e-ada0-040d83bc1f77" testListId="8c84fa94-04c1-424b-9868-57a2d4851a1d" />
    <TestEntry testId="de573764-ea0d-8509-05be-8709ab895a61" executionId="88e719bb-3bb0-4d33-877a-9ca0f726d308" testListId="8c84fa94-04c1-424b-9868-57a2d4851a1d" />
    <TestEntry testId="6d960990-c3fd-9f28-bdad-0681fd0a7d6b" executionId="79d01bcb-140f-43b6-bb8a-af243006c4e8" testListId="8c84fa94-04c1-424b-9868-57a2d4851a1d" />
    <TestEntry testId="31e4599a-6dad-6e73-df11-b7eddbe65212" executionId="e9ccaec3-9b8c-440c-8ac1-5e89df371c48" testListId="8c84fa94-04c1-424b-9868-57a2d4851a1d" />
    <TestEntry testId="59db20d0-347c-a453-444e-683e23e9a040" executionId="fe5ddf18-10e9-428b-ad44-29e478ea665a" testListId="8c84fa94-04c1-424b-9868-57a2d4851a1d" />
    <TestEntry testId="32ed6bd8-e0af-dd5c-7f74-96ea03b7cf74" executionId="b8e164a8-d5a5-4e1c-bf0f-d2697da2863d" testListId="8c84fa94-04c1-424b-9868-57a2d4851a1d" />
    <TestEntry testId="c1b39591-e148-1ede-3450-ca36e80a70b0" executionId="674dde76-c312-42bb-8313-56ea3b9bf95c" testListId="8c84fa94-04c1-424b-9868-57a2d4851a1d" />
    <TestEntry testId="5a6838e8-c034-4ac2-cf4a-650d8f91ee6f" executionId="a0bb3c43-50b0-45a0-bcd7-ec55e8659783" testListId="8c84fa94-04c1-424b-9868-57a2d4851a1d" />
    <TestEntry testId="0e0b30c5-6422-25c8-2172-d67c44a7d25d" executionId="1a7c74c4-bcc1-4e78-90ed-d808f329f9ae" testListId="8c84fa94-04c1-424b-9868-57a2d4851a1d" />
    <TestEntry testId="67ca508f-a17c-3db3-c22c-394aa968c00c" executionId="855828b3-1163-4ea1-a8bf-334fc32c110c" testListId="8c84fa94-04c1-424b-9868-57a2d4851a1d" />
    <TestEntry testId="2de34128-cf23-033a-0c60-b9a1ffa1dd89" executionId="61050a54-a622-42cf-af47-51add7d534b3" testListId="8c84fa94-04c1-424b-9868-57a2d4851a1d" />
    <TestEntry testId="844a928f-443a-c27a-8ee8-10b193eadc8b" executionId="01144d7c-4540-46ac-9a55-a7d22d3b2784" testListId="8c84fa94-04c1-424b-9868-57a2d4851a1d" />
    <TestEntry testId="7df7f244-2fd3-a955-75ef-80b7d924f8e2" executionId="5b2c5920-e1a9-42ea-816a-125594de2811" testListId="8c84fa94-04c1-424b-9868-57a2d4851a1d" />
    <TestEntry testId="db9d81cc-9f3b-68f2-2d29-410e4425b6d1" executionId="bf9da368-8aae-49c7-ad35-f45f354b30f7" testListId="8c84fa94-04c1-424b-9868-57a2d4851a1d" />
    <TestEntry testId="6b95806a-569f-591e-33c5-cf371e97a169" executionId="79cae50b-292b-41f0-9f25-b588c640018a" testListId="8c84fa94-04c1-424b-9868-57a2d4851a1d" />
    <TestEntry testId="0b60d97b-b22a-43f0-3b65-c801f8f15e8d" executionId="ed468ec9-1991-4824-a533-6e2c1d13d88b" testListId="8c84fa94-04c1-424b-9868-57a2d4851a1d" />
    <TestEntry testId="36215da0-52f5-a57a-5cb4-ff033b29d94a" executionId="af5772a2-a8dd-4a0b-b9bf-2607c83585f3" testListId="8c84fa94-04c1-424b-9868-57a2d4851a1d" />
    <TestEntry testId="9c6adfa0-dd3c-9e72-a127-4e1805362479" executionId="aac99c68-1862-4105-b35f-8bf5deab74bb" testListId="8c84fa94-04c1-424b-9868-57a2d4851a1d" />
    <TestEntry testId="b27c9020-e789-a65d-c36f-5611503fe0b7" executionId="62fef178-b840-4d41-a9fb-d3a551b212ff" testListId="8c84fa94-04c1-424b-9868-57a2d4851a1d" />
    <TestEntry testId="99b22c00-0b2b-9e79-261c-dcb39b52aa8e" executionId="12448260-b805-4286-ac36-bf3fec249a57" testListId="8c84fa94-04c1-424b-9868-57a2d4851a1d" />
    <TestEntry testId="7505053a-8388-b504-70a1-f4bcc9da9d25" executionId="db83a5a8-a108-4aa0-ae6e-793c004ae0db" testListId="8c84fa94-04c1-424b-9868-57a2d4851a1d" />
    <TestEntry testId="dffdb84d-1db1-5f4c-67d3-f3140d14b547" executionId="48453a67-1a4a-415c-90dc-ef665254cc76" testListId="8c84fa94-04c1-424b-9868-57a2d4851a1d" />
    <TestEntry testId="e7fe6284-3fcb-b9cb-9a4e-f74cf392b140" executionId="f82308b9-734b-415f-adde-7d1993982430" testListId="8c84fa94-04c1-424b-9868-57a2d4851a1d" />
    <TestEntry testId="4d95249a-c4ec-74a6-909c-c074eed39474" executionId="19f6ff1e-030f-4107-8b6b-3f3b702fce17" testListId="8c84fa94-04c1-424b-9868-57a2d4851a1d" />
    <TestEntry testId="8146e86e-cd6b-cf36-e743-61cfc2778296" executionId="edfe2d5c-bc53-4d3a-bc17-4192e519e7b7" testListId="8c84fa94-04c1-424b-9868-57a2d4851a1d" />
    <TestEntry testId="3e8c6d43-8d09-84bb-a295-43059662202b" executionId="b71e74d4-a097-4b0c-80e8-d8bde65de0d7" testListId="8c84fa94-04c1-424b-9868-57a2d4851a1d" />
    <TestEntry testId="dce4b7c0-81f4-b41c-94b9-afb06d0ad99d" executionId="d0fd2262-dcd7-48d1-9129-eb506dd9c8b1" testListId="8c84fa94-04c1-424b-9868-57a2d4851a1d" />
    <TestEntry testId="90af8466-2ea2-b30d-8b80-8f3acbcf1032" executionId="ab5c2a07-91e8-467a-9f11-dbe9e39bdc71" testListId="8c84fa94-04c1-424b-9868-57a2d4851a1d" />
    <TestEntry testId="ead7075b-f824-edda-74c3-54f68b078b04" executionId="d84af07f-74dd-40a9-8d98-cae42d042341" testListId="8c84fa94-04c1-424b-9868-57a2d4851a1d" />
    <TestEntry testId="d612b35d-eb74-c9d6-7c08-b6087fbf724b" executionId="21f549ad-a3f1-4aee-849f-faec55da5ad1" testListId="8c84fa94-04c1-424b-9868-57a2d4851a1d" />
    <TestEntry testId="69421f74-dab9-7682-2157-83ab4af72623" executionId="ce908ddd-27c4-4452-8565-5d2ed590b8ff" testListId="8c84fa94-04c1-424b-9868-57a2d4851a1d" />
    <TestEntry testId="2c83aeec-41f1-c9e6-9c5b-7d5ecf29ccdd" executionId="920ba9c0-1f22-481c-b8b7-ad1290051f66" testListId="8c84fa94-04c1-424b-9868-57a2d4851a1d" />
    <TestEntry testId="b2758025-0ea6-8920-1ed3-b47e23fd5591" executionId="78c7f926-5c56-48bf-9539-7a1cf7932fc7" testListId="8c84fa94-04c1-424b-9868-57a2d4851a1d" />
    <TestEntry testId="fc6461b5-e450-3964-c0c6-8dde33d0fbf9" executionId="2a68f00c-73ba-4c0a-b0ad-8d1f03b7ca0e" testListId="8c84fa94-04c1-424b-9868-57a2d4851a1d" />
    <TestEntry testId="02be2eb2-b9b7-27e5-1198-908b3671a59d" executionId="6f046c17-0b71-43a1-9e1e-d25d41b4980b" testListId="8c84fa94-04c1-424b-9868-57a2d4851a1d" />
    <TestEntry testId="26e5e629-8263-4046-5e10-c84b3539586e" executionId="193c2c6b-864d-4c9c-9d49-23625edd9075" testListId="8c84fa94-04c1-424b-9868-57a2d4851a1d" />
    <TestEntry testId="0d9d879c-a85a-bdc6-b8ff-9a6ab509a103" executionId="60249e19-6b7c-4f61-8d98-8dda9f0ee511" testListId="8c84fa94-04c1-424b-9868-57a2d4851a1d" />
    <TestEntry testId="c8eb35de-3806-7a84-c356-ef8a1ba0e171" executionId="1575980d-0e00-4a5d-917c-c978e41ab851" testListId="8c84fa94-04c1-424b-9868-57a2d4851a1d" />
    <TestEntry testId="90e894cc-e9f5-0b66-7327-41b15f453ed9" executionId="c708abec-7ff1-45de-b69d-3c65aa6b5ea6" testListId="8c84fa94-04c1-424b-9868-57a2d4851a1d" />
    <TestEntry testId="216f5805-6dfd-d79f-4066-e2138129ea68" executionId="9fb4fc33-cb88-4e67-b32d-f0ddfeada1db" testListId="8c84fa94-04c1-424b-9868-57a2d4851a1d" />
    <TestEntry testId="9f0ccaf6-c07d-b20e-be6b-7733f88e5aab" executionId="62f090ea-005d-4547-937e-7345c40324a3" testListId="8c84fa94-04c1-424b-9868-57a2d4851a1d" />
    <TestEntry testId="f7e40ddb-a284-7426-9379-70e1c4cc7afa" executionId="5326a91d-2251-4735-a2eb-2c60c4e38777" testListId="8c84fa94-04c1-424b-9868-57a2d4851a1d" />
    <TestEntry testId="0f9af31d-0f66-fa47-7811-06be3c347ad8" executionId="e3c03c98-6559-46a9-bfb0-2d0dd2aba009" testListId="8c84fa94-04c1-424b-9868-57a2d4851a1d" />
    <TestEntry testId="0ae8165c-5db8-2151-c07c-655806764c15" executionId="146666b2-2386-4ec8-bd5c-f8b7520e372c" testListId="8c84fa94-04c1-424b-9868-57a2d4851a1d" />
    <TestEntry testId="375e425c-9b53-a326-01d6-888b92935a87" executionId="92796b2b-df60-4bbc-8a3a-b5c85f84eba9" testListId="8c84fa94-04c1-424b-9868-57a2d4851a1d" />
    <TestEntry testId="d07cd30b-d230-d13b-93e4-5f93de4f56b2" executionId="ccdb1c5d-ea28-4a17-a4ea-e398e2b0bb7d" testListId="8c84fa94-04c1-424b-9868-57a2d4851a1d" />
    <TestEntry testId="21cf7987-0bbe-7998-2a6a-b62be16638fd" executionId="772fb3ed-5027-45ac-8d10-5f7594e4f14c" testListId="8c84fa94-04c1-424b-9868-57a2d4851a1d" />
    <TestEntry testId="0a2c2f88-73a7-a432-398b-2f86564fd773" executionId="4cf362fc-6341-4177-bbb9-504be856df7b" testListId="8c84fa94-04c1-424b-9868-57a2d4851a1d" />
    <TestEntry testId="1bd4918e-984f-4b09-f089-8b165ff131a6" executionId="3b4fafc3-19e1-412c-a30e-7b61b0a3a521" testListId="8c84fa94-04c1-424b-9868-57a2d4851a1d" />
    <TestEntry testId="01c6738e-928f-12e9-002b-a3010d7f109b" executionId="0e702524-fb4f-430d-964b-dc23bd720850" testListId="8c84fa94-04c1-424b-9868-57a2d4851a1d" />
    <TestEntry testId="4dc9e345-1e1c-7c56-ffd6-51f432d6c33b" executionId="c946d297-dbe6-43f3-b892-4deed860f9f7" testListId="8c84fa94-04c1-424b-9868-57a2d4851a1d" />
    <TestEntry testId="e3b45518-8d0a-2cd6-89ed-a43178b94cdf" executionId="31c442b5-d758-42cd-970c-67c120c9d5ac" testListId="8c84fa94-04c1-424b-9868-57a2d4851a1d" />
    <TestEntry testId="9b48be43-b6dc-ab4a-e9b5-a0f0a0083d37" executionId="7e2e2254-9f3e-483b-82ea-e4b4983e1eb7" testListId="8c84fa94-04c1-424b-9868-57a2d4851a1d" />
    <TestEntry testId="5670067d-1cf3-a96b-1c13-3fd4f02d341b" executionId="fab26b44-2673-4f00-90b0-b8568775919d" testListId="8c84fa94-04c1-424b-9868-57a2d4851a1d" />
    <TestEntry testId="7e2b291f-4d36-b74a-6972-5466517a8596" executionId="11414fd8-8d2c-41c5-b278-f2d0ba7cc898" testListId="8c84fa94-04c1-424b-9868-57a2d4851a1d" />
  </TestEntries>
  <TestLists>
    <TestList name="Wyniki, których nie ma na liście" id="8c84fa94-04c1-424b-9868-57a2d4851a1d" />
    <TestList name="Wszystkie załadowane wyniki" id="19431567-8539-422a-85d7-44ee4e166bda" />
  </TestLists>
  <ResultSummary outcome="Completed">
    <Counters total="92" executed="92" passed="92" failed="0" error="0" timeout="0" aborted="0" inconclusive="0" passedButRunAborted="0" notRunnable="0" notExecuted="0" disconnected="0" warning="0" completed="0" inProgress="0" pending="0" />
    <Output>
      <StdOut>[xUnit.net 00:00:00.00] xUnit.net VSTest Adapter v2.4.3+1b45f5407b (64-bit .NET Core 3.1.10)&#xD;
[xUnit.net 00:00:00.79]   Discovering: 2020.Tests&#xD;
[xUnit.net 00:00:00.88]   Discovered:  2020.Tests&#xD;
[xUnit.net 00:00:00.89]   Starting:    2020.Tests&#xD;
[xUnit.net 00:00:41.87]   Finished:    2020.Tests&#xD;
</StdOut>
    </Output>
  </ResultSummary>
</TestRun>