<?xml version="1.0" encoding="utf-8"?>
<TestRun id="a9cc5db3-9e25-49e7-8654-58f146a2159c" name="pnaro@LAPTOP-35RG0TO8 2020-12-18 23:39:15" runUser="LAPTOP-35RG0TO8\pnaro" xmlns="http://microsoft.com/schemas/VisualStudio/TeamTest/2010">
  <Times creation="2020-12-18T23:39:15.5212352+01:00" queuing="2020-12-18T23:39:15.5212360+01:00" start="2020-12-18T23:39:14.2998465+01:00" finish="2020-12-18T23:39:55.5967132+01:00" />
  <TestSettings name="default" id="7aa2a48a-1bc7-43ce-a689-3bfd72d87ff8">
    <Deployment runDeploymentRoot="pnaro_LAPTOP-35RG0TO8_2020-12-18_23_39_15" />
  </TestSettings>
  <Results>
    <UnitTestResult executionId="809b50cf-a707-465e-ad6f-1aeeac386b91" testId="0b60d97b-b22a-43f0-3b65-c801f8f15e8d" testName="_2020.Tests.Days.Day9Tests.Part2_Pack(testCaseName: &quot;puzzleinput&quot;, _: &quot;41682220&quot;, preamble: &quot;25&quot;, expectedResult: &quot;5388976&quot;, fileContent: &quot;23\r\n3\r\n36\r\n14\r\n50\r\n8\r\n2\r\n44\r\n30\r\&quot;...)" computerName="LAPTOP-35RG0TO8" duration="00:00:00.0038952" startTime="2020-12-18T23:39:15.5387412+01:00" endTime="2020-12-18T23:39:15.5387419+01:00" testType="13cdc9d9-ddb5-4fa4-a97d-d965ccfc6d4b" outcome="Passed" testListId="8c84fa94-04c1-424b-9868-57a2d4851a1d" relativeResultsDirectory="809b50cf-a707-465e-ad6f-1aeeac386b91" />
    <UnitTestResult executionId="830fb002-463a-4719-bada-5d25d2375e8f" testId="21cf7987-0bbe-7998-2a6a-b62be16638fd" testName="_2020.Tests.Days.Day16Tests.Part2_Pack(testCaseName: &quot;example2&quot;, _: &quot;0&quot;, expectedResult: &quot;1716&quot;, fileContent: &quot;departure class: 0-1 or 4-19\r\ndeparture row: 0-5&quot;...)" computerName="LAPTOP-35RG0TO8" duration="00:00:00.0311976" startTime="2020-12-18T23:39:15.5179031+01:00" endTime="2020-12-18T23:39:15.5179032+01:00" testType="13cdc9d9-ddb5-4fa4-a97d-d965ccfc6d4b" outcome="Passed" testListId="8c84fa94-04c1-424b-9868-57a2d4851a1d" relativeResultsDirectory="830fb002-463a-4719-bada-5d25d2375e8f" />
    <UnitTestResult executionId="4f7ce541-89d9-47ba-b706-ef79487ecf86" testId="9c6adfa0-dd3c-9e72-a127-4e1805362479" testName="_2020.Tests.Days.Day14Tests.Part1_pack(testCaseName: &quot;puzzleinput&quot;, expectedResult: &quot;13496669152158&quot;, _: &quot;3278997609887&quot;, fileContent: &quot;mask = 01111X0011X11110XX11X110111001X00001\r\nmem&quot;...)" computerName="LAPTOP-35RG0TO8" duration="00:00:00.0241583" startTime="2020-12-18T23:39:15.4273570+01:00" endTime="2020-12-18T23:39:15.4274802+01:00" testType="13cdc9d9-ddb5-4fa4-a97d-d965ccfc6d4b" outcome="Passed" testListId="8c84fa94-04c1-424b-9868-57a2d4851a1d" relativeResultsDirectory="4f7ce541-89d9-47ba-b706-ef79487ecf86" />
    <UnitTestResult executionId="33936244-2de1-458b-9004-b0b3f7a17822" testId="b2758025-0ea6-8920-1ed3-b47e23fd5591" testName="_2020.Tests.Days.Day10Tests.Part2_Pack(testCaseName: &quot;example1&quot;, _: &quot;35&quot;, expectedResult: &quot;8&quot;, fileContent: &quot;16\r\n10\r\n15\r\n5\r\n1\r\n11\r\n7\r\n19\r\n6\r\n&quot;...)" computerName="LAPTOP-35RG0TO8" duration="00:00:00.0118224" startTime="2020-12-18T23:39:15.5337569+01:00" endTime="2020-12-18T23:39:15.5337580+01:00" testType="13cdc9d9-ddb5-4fa4-a97d-d965ccfc6d4b" outcome="Passed" testListId="8c84fa94-04c1-424b-9868-57a2d4851a1d" relativeResultsDirectory="33936244-2de1-458b-9004-b0b3f7a17822" />
    <UnitTestResult executionId="93358075-92fe-4e9c-8755-5e40aafad1c3" testId="2c83aeec-41f1-c9e6-9c5b-7d5ecf29ccdd" testName="_2020.Tests.Days.Day15Tests.Part1_pack(testCaseName: &quot;example1&quot;, expectedResult: &quot;436&quot;, _: &quot;175594&quot;, fileContent: &quot;0,3,6&quot;)" computerName="LAPTOP-35RG0TO8" duration="00:00:00.0002630" startTime="2020-12-18T23:39:15.5178564+01:00" endTime="2020-12-18T23:39:15.5178572+01:00" testType="13cdc9d9-ddb5-4fa4-a97d-d965ccfc6d4b" outcome="Passed" testListId="8c84fa94-04c1-424b-9868-57a2d4851a1d" relativeResultsDirectory="93358075-92fe-4e9c-8755-5e40aafad1c3" />
    <UnitTestResult executionId="b031b72d-3c59-4aad-b6ce-db3febe1e810" testId="0f9af31d-0f66-fa47-7811-06be3c347ad8" testName="_2020.Tests.Days.Day4Tests.Part2_Pack(testCaseName: &quot;invalid&quot;, _: &quot;4&quot;, expectedResult: &quot;0&quot;, fileContent: &quot;eyr:1972 cid:100\r\nhcl:#18171d ecl:amb hgt:170 pi&quot;...)" computerName="LAPTOP-35RG0TO8" duration="00:00:00.0024543" startTime="2020-12-18T23:39:15.5118824+01:00" endTime="2020-12-18T23:39:15.5118826+01:00" testType="13cdc9d9-ddb5-4fa4-a97d-d965ccfc6d4b" outcome="Passed" testListId="8c84fa94-04c1-424b-9868-57a2d4851a1d" relativeResultsDirectory="b031b72d-3c59-4aad-b6ce-db3febe1e810" />
    <UnitTestResult executionId="738eb1f9-3a40-4dfa-9020-34bfd89a499e" testId="b75d5504-15c9-62e2-7727-b66d1b06fae6" testName="_2020.Tests.Days.Day18Tests.Part2_Calculates_AsExpectedResult(testCase: &quot;5 * 9 * (7 * 3 * 3 + 9 * 3 + (8 + 6 * 4))&quot;, expectedResult: 669060)" computerName="LAPTOP-35RG0TO8" duration="00:00:00.0001756" startTime="2020-12-18T23:39:15.5236531+01:00" endTime="2020-12-18T23:39:15.5236536+01:00" testType="13cdc9d9-ddb5-4fa4-a97d-d965ccfc6d4b" outcome="Passed" testListId="8c84fa94-04c1-424b-9868-57a2d4851a1d" relativeResultsDirectory="738eb1f9-3a40-4dfa-9020-34bfd89a499e" />
    <UnitTestResult executionId="3f545ab2-3198-4bc7-a028-940616dc469b" testId="8146e86e-cd6b-cf36-e743-61cfc2778296" testName="_2020.Tests.Days.Day3Tests.Move_Works(fileContent: &quot;.......\r\n...X...\r\n......X&quot;, coordinates: [0, 0, 3, 1], isTree: False)" computerName="LAPTOP-35RG0TO8" duration="00:00:00.0000047" startTime="2020-12-18T23:39:15.5053892+01:00" endTime="2020-12-18T23:39:15.5053893+01:00" testType="13cdc9d9-ddb5-4fa4-a97d-d965ccfc6d4b" outcome="Passed" testListId="8c84fa94-04c1-424b-9868-57a2d4851a1d" relativeResultsDirectory="3f545ab2-3198-4bc7-a028-940616dc469b" />
    <UnitTestResult executionId="9e8b4008-58b8-4367-8105-98a44529d5a4" testId="4884422f-a201-6166-d234-44d86f6dd8d3" testName="_2020.Tests.Days.Day3Tests.Move_Works(fileContent: &quot;.......\r\n...X...\r\n......X&quot;, coordinates: [3, 1, 6, 2], isTree: False)" computerName="LAPTOP-35RG0TO8" duration="00:00:00.0000065" startTime="2020-12-18T23:39:15.5118294+01:00" endTime="2020-12-18T23:39:15.5118302+01:00" testType="13cdc9d9-ddb5-4fa4-a97d-d965ccfc6d4b" outcome="Passed" testListId="8c84fa94-04c1-424b-9868-57a2d4851a1d" relativeResultsDirectory="9e8b4008-58b8-4367-8105-98a44529d5a4" />
    <UnitTestResult executionId="82c827a9-3af7-445b-966c-cdc382f6f2c8" testId="7deeee6f-5f68-e96c-55d2-19a70aab7c3d" testName="_2020.Tests.Days.Day3Tests.Move_Works(fileContent: &quot;.......\r\n...#...\r\n......#&quot;, coordinates: [3, 1, 6, 2], isTree: True)" computerName="LAPTOP-35RG0TO8" duration="00:00:00.0000765" startTime="2020-12-18T23:39:15.5052966+01:00" endTime="2020-12-18T23:39:15.5052968+01:00" testType="13cdc9d9-ddb5-4fa4-a97d-d965ccfc6d4b" outcome="Passed" testListId="8c84fa94-04c1-424b-9868-57a2d4851a1d" relativeResultsDirectory="82c827a9-3af7-445b-966c-cdc382f6f2c8" />
    <UnitTestResult executionId="95d30861-5454-465d-87c6-8a6da7f029f7" testId="3e90431b-d28c-c271-ef23-978dcb2898e8" testName="_2020.Tests.Days.Day3Tests.Move_Works(fileContent: &quot;...\r\nX..&quot;, coordinates: [0, 0, 0, 1], isTree: False)" computerName="LAPTOP-35RG0TO8" duration="00:00:00.0212693" startTime="2020-12-18T23:39:15.5052611+01:00" endTime="2020-12-18T23:39:15.5052612+01:00" testType="13cdc9d9-ddb5-4fa4-a97d-d965ccfc6d4b" outcome="Passed" testListId="8c84fa94-04c1-424b-9868-57a2d4851a1d" relativeResultsDirectory="95d30861-5454-465d-87c6-8a6da7f029f7" />
    <UnitTestResult executionId="a5cf53eb-bf79-488f-9ff5-e59565f0c4d3" testId="43631560-4363-7ae1-1dad-8677710aa43a" testName="_2020.Tests.Days.Day18Tests.Part2_Calculates_AsExpectedResult(testCase: &quot;1 + 2 * 3 + 4 * 5 + 6&quot;, expectedResult: 231)" computerName="LAPTOP-35RG0TO8" duration="00:00:00.0001106" startTime="2020-12-18T23:39:15.5238185+01:00" endTime="2020-12-18T23:39:15.5238187+01:00" testType="13cdc9d9-ddb5-4fa4-a97d-d965ccfc6d4b" outcome="Passed" testListId="8c84fa94-04c1-424b-9868-57a2d4851a1d" relativeResultsDirectory="a5cf53eb-bf79-488f-9ff5-e59565f0c4d3" />
    <UnitTestResult executionId="3ba0b14a-4c20-490c-ad3f-d4c5eb6033da" testId="56b8ecc6-4451-516f-e6ef-1f4a55f10fe8" testName="_2020.Tests.Days.Day13Tests.Part2_Pack(testCaseName: &quot;example1&quot;, _: &quot;295&quot;, expectedResult: &quot;1068781&quot;, fileContent: &quot;939\r\n7,13,x,x,59,x,31,19&quot;)" computerName="LAPTOP-35RG0TO8" duration="00:00:00.0001442" startTime="2020-12-18T23:39:15.4966923+01:00" endTime="2020-12-18T23:39:15.4966933+01:00" testType="13cdc9d9-ddb5-4fa4-a97d-d965ccfc6d4b" outcome="Passed" testListId="8c84fa94-04c1-424b-9868-57a2d4851a1d" relativeResultsDirectory="3ba0b14a-4c20-490c-ad3f-d4c5eb6033da" />
    <UnitTestResult executionId="ec4ba621-cb6b-4d4b-bda9-cdcc88389b88" testId="5d9c47dd-439e-67ac-b1d4-8dc742348d44" testName="_2020.Tests.Days.Day10Tests.Part1_pack(testCaseName: &quot;example2&quot;, expectedResult: &quot;220&quot;, _: &quot;19208&quot;, fileContent: &quot;28\r\n33\r\n18\r\n42\r\n31\r\n14\r\n46\r\n20\r\n48&quot;...)" computerName="LAPTOP-35RG0TO8" duration="00:00:00.0000465" startTime="2020-12-18T23:39:15.5120148+01:00" endTime="2020-12-18T23:39:15.5120150+01:00" testType="13cdc9d9-ddb5-4fa4-a97d-d965ccfc6d4b" outcome="Passed" testListId="8c84fa94-04c1-424b-9868-57a2d4851a1d" relativeResultsDirectory="ec4ba621-cb6b-4d4b-bda9-cdcc88389b88" />
    <UnitTestResult executionId="43438707-9b07-431f-b10c-80bd1691c290" testId="8616f313-0874-0a03-7810-4f3d3de80c81" testName="_2020.Tests.Days.Day18Tests.Part2_Calculates_AsExpectedResult(testCase: &quot;5 + (8 * 3 + 9 + 3 * 4 * 3)&quot;, expectedResult: 1445)" computerName="LAPTOP-35RG0TO8" duration="00:00:00.0030374" startTime="2020-12-18T23:39:15.5180675+01:00" endTime="2020-12-18T23:39:15.5180677+01:00" testType="13cdc9d9-ddb5-4fa4-a97d-d965ccfc6d4b" outcome="Passed" testListId="8c84fa94-04c1-424b-9868-57a2d4851a1d" relativeResultsDirectory="43438707-9b07-431f-b10c-80bd1691c290" />
    <UnitTestResult executionId="53798a4c-eb5f-4ef6-9cd7-b1891a4669f1" testId="ef12b05a-db9c-a4d1-6bf6-f50fcc998ceb" testName="_2020.Tests.Days.Day15Tests.Part1_pack(testCaseName: &quot;example6&quot;, expectedResult: &quot;438&quot;, _: &quot;18&quot;, fileContent: &quot;3,2,1&quot;)" computerName="LAPTOP-35RG0TO8" duration="00:00:00.0003200" startTime="2020-12-18T23:39:15.5159818+01:00" endTime="2020-12-18T23:39:15.5159820+01:00" testType="13cdc9d9-ddb5-4fa4-a97d-d965ccfc6d4b" outcome="Passed" testListId="8c84fa94-04c1-424b-9868-57a2d4851a1d" relativeResultsDirectory="53798a4c-eb5f-4ef6-9cd7-b1891a4669f1" />
    <UnitTestResult executionId="af414876-785f-468f-a9a1-4f20f3596df7" testId="4d95249a-c4ec-74a6-909c-c074eed39474" testName="_2020.Tests.Days.Day10Tests.Part1_pack(testCaseName: &quot;example1&quot;, expectedResult: &quot;35&quot;, _: &quot;8&quot;, fileContent: &quot;16\r\n10\r\n15\r\n5\r\n1\r\n11\r\n7\r\n19\r\n6\r\n&quot;...)" computerName="LAPTOP-35RG0TO8" duration="00:00:00.0233892" startTime="2020-12-18T23:39:15.5119204+01:00" endTime="2020-12-18T23:39:15.5119205+01:00" testType="13cdc9d9-ddb5-4fa4-a97d-d965ccfc6d4b" outcome="Passed" testListId="8c84fa94-04c1-424b-9868-57a2d4851a1d" relativeResultsDirectory="af414876-785f-468f-a9a1-4f20f3596df7" />
    <UnitTestResult executionId="9cd7ed5e-28a5-4084-a5cc-bcc7e7034d00" testId="db94a0d2-a22c-8314-89a3-1a38e815913a" testName="_2020.Tests.Days.Day1Tests.Part2(lines: &quot;1753\r\n1976\r\n1574\r\n308\r\n1384\r\n1191\r\n173&quot;...)" computerName="LAPTOP-35RG0TO8" duration="00:00:00.0223551" startTime="2020-12-18T23:39:15.4462336+01:00" endTime="2020-12-18T23:39:15.4462341+01:00" testType="13cdc9d9-ddb5-4fa4-a97d-d965ccfc6d4b" outcome="Passed" testListId="8c84fa94-04c1-424b-9868-57a2d4851a1d" relativeResultsDirectory="9cd7ed5e-28a5-4084-a5cc-bcc7e7034d00" />
    <UnitTestResult executionId="b13c75b1-850b-46a4-9522-0f046393d7c0" testId="2aa3cc9c-1e67-63fe-0e48-b59a2268710d" testName="_2020.Tests.Days.Day15Tests.Part1_pack(testCaseName: &quot;example3&quot;, expectedResult: &quot;10&quot;, _: &quot;3544142&quot;, fileContent: &quot;2,1,3&quot;)" computerName="LAPTOP-35RG0TO8" duration="00:00:00.0003188" startTime="2020-12-18T23:39:15.5237117+01:00" endTime="2020-12-18T23:39:15.5237119+01:00" testType="13cdc9d9-ddb5-4fa4-a97d-d965ccfc6d4b" outcome="Passed" testListId="8c84fa94-04c1-424b-9868-57a2d4851a1d" relativeResultsDirectory="b13c75b1-850b-46a4-9522-0f046393d7c0" />
    <UnitTestResult executionId="f14d3305-13a7-4328-be98-d1e6090dec88" testId="d950a7c4-72e5-0b34-aa9c-ed718050682b" testName="_2020.Tests.Days.Day15Tests.Part1_pack(testCaseName: &quot;example2&quot;, expectedResult: &quot;1&quot;, _: &quot;2578&quot;, fileContent: &quot;1,3,2&quot;)" computerName="LAPTOP-35RG0TO8" duration="00:00:00.0252962" startTime="2020-12-18T23:39:15.5159415+01:00" endTime="2020-12-18T23:39:15.5159416+01:00" testType="13cdc9d9-ddb5-4fa4-a97d-d965ccfc6d4b" outcome="Passed" testListId="8c84fa94-04c1-424b-9868-57a2d4851a1d" relativeResultsDirectory="f14d3305-13a7-4328-be98-d1e6090dec88" />
    <UnitTestResult executionId="9b9a28d3-e557-438c-8762-cb9477fa83e9" testId="26f20c36-20b3-9005-cb04-ee3276a58fd4" testName="_2020.Tests.Days.Day1Tests.Part1(lines: &quot;1753\r\n1976\r\n1574\r\n308\r\n1384\r\n1191\r\n173&quot;...)" computerName="LAPTOP-35RG0TO8" duration="00:00:00.0083607" startTime="2020-12-18T23:39:15.4903488+01:00" endTime="2020-12-18T23:39:15.4903495+01:00" testType="13cdc9d9-ddb5-4fa4-a97d-d965ccfc6d4b" outcome="Passed" testListId="8c84fa94-04c1-424b-9868-57a2d4851a1d" relativeResultsDirectory="9b9a28d3-e557-438c-8762-cb9477fa83e9">
      <Output>
        <StdOut>answer for part 1 is: 989824</StdOut>
      </Output>
    </UnitTestResult>
    <UnitTestResult executionId="f680316b-c820-4cbd-b82b-d7bb1623c057" testId="0e0b30c5-6422-25c8-2172-d67c44a7d25d" testName="_2020.Tests.Days.Day10Tests.Part1_pack(testCaseName: &quot;puzzleinput&quot;, expectedResult: &quot;2059&quot;, _: &quot;86812553324672&quot;, fileContent: &quot;77\r\n58\r\n25\r\n92\r\n14\r\n154\r\n105\r\n112\r\&quot;...)" computerName="LAPTOP-35RG0TO8" duration="00:00:00.0000699" startTime="2020-12-18T23:39:15.5119842+01:00" endTime="2020-12-18T23:39:15.5119843+01:00" testType="13cdc9d9-ddb5-4fa4-a97d-d965ccfc6d4b" outcome="Passed" testListId="8c84fa94-04c1-424b-9868-57a2d4851a1d" relativeResultsDirectory="f680316b-c820-4cbd-b82b-d7bb1623c057" />
    <UnitTestResult executionId="424bb33a-1bd7-40ba-a215-9fd5d7fbd72a" testId="9cf0cba5-172e-c153-e796-92c43fe8b799" testName="_2020.Tests.Days.Day13Tests.Part2_Pack(testCaseName: &quot;puzzleinput&quot;, _: &quot;4135&quot;, expectedResult: &quot;640856202464541&quot;, fileContent: &quot;1011416\r\n41,x,x,x,x,x,x,x,x,x,x,x,x,x,x,x,x,x,x,&quot;...)" computerName="LAPTOP-35RG0TO8" duration="00:00:00.0414247" startTime="2020-12-18T23:39:15.4904902+01:00" endTime="2020-12-18T23:39:15.4904909+01:00" testType="13cdc9d9-ddb5-4fa4-a97d-d965ccfc6d4b" outcome="Passed" testListId="8c84fa94-04c1-424b-9868-57a2d4851a1d" relativeResultsDirectory="424bb33a-1bd7-40ba-a215-9fd5d7fbd72a" />
    <UnitTestResult executionId="f4ec337d-b307-4c47-b824-a4b0891254d6" testId="e3b45518-8d0a-2cd6-89ed-a43178b94cdf" testName="_2020.Tests.Days.Day9Tests.Part2_Pack(testCaseName: &quot;example1&quot;, _: &quot;127&quot;, preamble: &quot;5&quot;, expectedResult: &quot;62&quot;, fileContent: &quot;35\r\n20\r\n15\r\n25\r\n47\r\n40\r\n62\r\n55\r\n65&quot;...)" computerName="LAPTOP-35RG0TO8" duration="00:00:00.0000452" startTime="2020-12-18T23:39:15.5389658+01:00" endTime="2020-12-18T23:39:15.5389660+01:00" testType="13cdc9d9-ddb5-4fa4-a97d-d965ccfc6d4b" outcome="Passed" testListId="8c84fa94-04c1-424b-9868-57a2d4851a1d" relativeResultsDirectory="f4ec337d-b307-4c47-b824-a4b0891254d6" />
    <UnitTestResult executionId="de0594fc-4edf-4832-87a3-415d6fc5e079" testId="36215da0-52f5-a57a-5cb4-ff033b29d94a" testName="_2020.Tests.Days.Day16Tests.Part2_Pack(testCaseName: &quot;puzzleinput&quot;, _: &quot;20060&quot;, expectedResult: &quot;1213906609901&quot;, fileContent: &quot;departure location: 37-594 or 615-952\r\ndeparture&quot;...)" computerName="LAPTOP-35RG0TO8" duration="00:00:00.0073374" startTime="2020-12-18T23:39:15.5284916+01:00" endTime="2020-12-18T23:39:15.5284921+01:00" testType="13cdc9d9-ddb5-4fa4-a97d-d965ccfc6d4b" outcome="Passed" testListId="8c84fa94-04c1-424b-9868-57a2d4851a1d" relativeResultsDirectory="de0594fc-4edf-4832-87a3-415d6fc5e079" />
    <UnitTestResult executionId="a763bba3-644e-45e0-8972-c4b0044a7407" testId="6d960990-c3fd-9f28-bdad-0681fd0a7d6b" testName="_2020.Tests.Days.Day15Tests.Part2_Pack(testCaseName: &quot;example3&quot;, _: &quot;10&quot;, expectedResult: &quot;3544142&quot;, fileContent: &quot;2,1,3&quot;)" computerName="LAPTOP-35RG0TO8" duration="00:00:04.3564178" startTime="2020-12-18T23:39:51.5473836+01:00" endTime="2020-12-18T23:39:51.5473906+01:00" testType="13cdc9d9-ddb5-4fa4-a97d-d965ccfc6d4b" outcome="Passed" testListId="8c84fa94-04c1-424b-9868-57a2d4851a1d" relativeResultsDirectory="a763bba3-644e-45e0-8972-c4b0044a7407" />
    <UnitTestResult executionId="9f5cc154-507d-40ef-8ef7-f72b2bef46e1" testId="b27c9020-e789-a65d-c36f-5611503fe0b7" testName="_2020.Tests.Days.Day8Tests.Part1_pack(testCaseName: &quot;puzzleinput&quot;, expectedResult: &quot;2051&quot;, _: &quot;2304&quot;, fileContent: &quot;jmp +583\r\nacc +9\r\njmp +525\r\njmp +302\r\njmp &quot;...)" computerName="LAPTOP-35RG0TO8" duration="00:00:00.0004227" startTime="2020-12-18T23:39:15.4968718+01:00" endTime="2020-12-18T23:39:15.4968722+01:00" testType="13cdc9d9-ddb5-4fa4-a97d-d965ccfc6d4b" outcome="Passed" testListId="8c84fa94-04c1-424b-9868-57a2d4851a1d" relativeResultsDirectory="9f5cc154-507d-40ef-8ef7-f72b2bef46e1" />
    <UnitTestResult executionId="6cd0751b-3eda-4e28-8c0f-c9cb545de36b" testId="136cf6b3-49e2-8bb0-486f-d1f9a3983f12" testName="_2020.Tests.Days.Day3Tests.Part1_case2(fileContent: &quot;...\r\n#..&quot;)" computerName="LAPTOP-35RG0TO8" duration="00:00:00.0049260" startTime="2020-12-18T23:39:15.5162050+01:00" endTime="2020-12-18T23:39:15.5162055+01:00" testType="13cdc9d9-ddb5-4fa4-a97d-d965ccfc6d4b" outcome="Passed" testListId="8c84fa94-04c1-424b-9868-57a2d4851a1d" relativeResultsDirectory="6cd0751b-3eda-4e28-8c0f-c9cb545de36b">
      <Output>
        <StdOut>answer for part 1 is: 1</StdOut>
      </Output>
    </UnitTestResult>
    <UnitTestResult executionId="bb4d928f-4884-460c-8989-6952887d1513" testId="2cc010d6-e101-5b64-2847-d92eb3aca667" testName="_2020.Tests.Days.Day10Tests.Part2_Pack(testCaseName: &quot;puzzleinput&quot;, _: &quot;2059&quot;, expectedResult: &quot;86812553324672&quot;, fileContent: &quot;77\r\n58\r\n25\r\n92\r\n14\r\n154\r\n105\r\n112\r\&quot;...)" computerName="LAPTOP-35RG0TO8" duration="00:00:00.0000887" startTime="2020-12-18T23:39:15.5339574+01:00" endTime="2020-12-18T23:39:15.5339578+01:00" testType="13cdc9d9-ddb5-4fa4-a97d-d965ccfc6d4b" outcome="Passed" testListId="8c84fa94-04c1-424b-9868-57a2d4851a1d" relativeResultsDirectory="bb4d928f-4884-460c-8989-6952887d1513" />
    <UnitTestResult executionId="35a583ec-a6a7-4537-ba4a-bf6da92e31bc" testId="f6865024-5e66-1a8c-8eaa-13d5eb300007" testName="_2020.Tests.Days.Day6Tests.Part1_pack(testCaseName: &quot;puzzleinput&quot;, expectedResult: &quot;6551&quot;, _: &quot;3358&quot;, fileContent: &quot;nvlyak\r\nnyvha\r\nyaen\r\nqynia\r\n\r\nkend\r\nen&quot;...)" computerName="LAPTOP-35RG0TO8" duration="00:00:00.0160927" startTime="2020-12-18T23:39:15.5036372+01:00" endTime="2020-12-18T23:39:15.5036380+01:00" testType="13cdc9d9-ddb5-4fa4-a97d-d965ccfc6d4b" outcome="Passed" testListId="8c84fa94-04c1-424b-9868-57a2d4851a1d" relativeResultsDirectory="35a583ec-a6a7-4537-ba4a-bf6da92e31bc" />
    <UnitTestResult executionId="e89fe48d-457f-4991-abb0-541603734c24" testId="c1bf15e1-6fa1-858b-9ba8-a53ccc8ed266" testName="_2020.Tests.Days.Day18Tests.Part2_Calculates_AsExpectedResult(testCase: &quot;((2 + 4 * 9) * (6 + 9 * 8 + 6) + 6) + 2 + 4 * 2&quot;, expectedResult: 23340)" computerName="LAPTOP-35RG0TO8" duration="00:00:00.0001945" startTime="2020-12-18T23:39:15.5237718+01:00" endTime="2020-12-18T23:39:15.5237720+01:00" testType="13cdc9d9-ddb5-4fa4-a97d-d965ccfc6d4b" outcome="Passed" testListId="8c84fa94-04c1-424b-9868-57a2d4851a1d" relativeResultsDirectory="e89fe48d-457f-4991-abb0-541603734c24" />
    <UnitTestResult executionId="7fa5cb9b-f6f4-484f-aa62-36849ef0a344" testId="31e4599a-6dad-6e73-df11-b7eddbe65212" testName="_2020.Tests.Days.Day17Tests.Part2_Pack(testCaseName: &quot;puzzleinput&quot;, _: &quot;338&quot;, expectedResult: &quot;2440&quot;, fileContent: &quot;.#.##..#\r\n....#.##\r\n##.###..\r\n.#.#.###\r\n#.&quot;...)" computerName="LAPTOP-35RG0TO8" duration="00:00:16.0873561" startTime="2020-12-18T23:39:37.9604761+01:00" endTime="2020-12-18T23:39:37.9604848+01:00" testType="13cdc9d9-ddb5-4fa4-a97d-d965ccfc6d4b" outcome="Passed" testListId="8c84fa94-04c1-424b-9868-57a2d4851a1d" relativeResultsDirectory="7fa5cb9b-f6f4-484f-aa62-36849ef0a344" />
    <UnitTestResult executionId="78d16158-f214-4054-8b79-0a92c07bb28d" testId="6b95806a-569f-591e-33c5-cf371e97a169" testName="_2020.Tests.Days.Day7Tests.Part1_pack(testCaseName: &quot;puzzleinput&quot;, expectedResult: &quot;335&quot;, _: &quot;2431&quot;, fileContent: &quot;dim silver bags contain 3 posh fuchsia bags.\r\nwa&quot;...)" computerName="LAPTOP-35RG0TO8" duration="00:00:00.0230641" startTime="2020-12-18T23:39:15.5392511+01:00" endTime="2020-12-18T23:39:15.5392514+01:00" testType="13cdc9d9-ddb5-4fa4-a97d-d965ccfc6d4b" outcome="Passed" testListId="8c84fa94-04c1-424b-9868-57a2d4851a1d" relativeResultsDirectory="78d16158-f214-4054-8b79-0a92c07bb28d" />
    <UnitTestResult executionId="dea30d03-6cc6-428d-b698-b7328ceacc41" testId="7e2b291f-4d36-b74a-6972-5466517a8596" testName="_2020.Tests.Days.Day10Tests.Part2_Pack(testCaseName: &quot;example2&quot;, _: &quot;220&quot;, expectedResult: &quot;19208&quot;, fileContent: &quot;28\r\n33\r\n18\r\n42\r\n31\r\n14\r\n46\r\n20\r\n48&quot;...)" computerName="LAPTOP-35RG0TO8" duration="00:00:00.0000360" startTime="2020-12-18T23:39:15.5340271+01:00" endTime="2020-12-18T23:39:15.5340274+01:00" testType="13cdc9d9-ddb5-4fa4-a97d-d965ccfc6d4b" outcome="Passed" testListId="8c84fa94-04c1-424b-9868-57a2d4851a1d" relativeResultsDirectory="dea30d03-6cc6-428d-b698-b7328ceacc41" />
    <UnitTestResult executionId="c844c95e-cb41-45ba-82d5-327dd4da89d0" testId="4dc9e345-1e1c-7c56-ffd6-51f432d6c33b" testName="_2020.Tests.Days.Day9Tests.Part1_pack(testCaseName: &quot;example1&quot;, expectedResult: &quot;127&quot;, preamble: &quot;5&quot;, _: &quot;62&quot;, fileContent: &quot;35\r\n20\r\n15\r\n25\r\n47\r\n40\r\n62\r\n55\r\n65&quot;...)" computerName="LAPTOP-35RG0TO8" duration="00:00:00.0350574" startTime="2020-12-18T23:39:15.5286105+01:00" endTime="2020-12-18T23:39:15.5286110+01:00" testType="13cdc9d9-ddb5-4fa4-a97d-d965ccfc6d4b" outcome="Passed" testListId="8c84fa94-04c1-424b-9868-57a2d4851a1d" relativeResultsDirectory="c844c95e-cb41-45ba-82d5-327dd4da89d0" />
    <UnitTestResult executionId="929f489f-c8d8-489b-abcf-7e9cb749da4c" testId="90af8466-2ea2-b30d-8b80-8f3acbcf1032" testName="_2020.Tests.Days.Day15Tests.Part1_pack(testCaseName: &quot;puzzleinput&quot;, expectedResult: &quot;700&quot;, _: &quot;51358&quot;, fileContent: &quot;6,3,15,13,1,0&quot;)" computerName="LAPTOP-35RG0TO8" duration="00:00:00.0002678" startTime="2020-12-18T23:39:15.5179493+01:00" endTime="2020-12-18T23:39:15.5179495+01:00" testType="13cdc9d9-ddb5-4fa4-a97d-d965ccfc6d4b" outcome="Passed" testListId="8c84fa94-04c1-424b-9868-57a2d4851a1d" relativeResultsDirectory="929f489f-c8d8-489b-abcf-7e9cb749da4c" />
    <UnitTestResult executionId="d0a17b46-dbff-4948-8a1c-0df3197cdc08" testId="ead7075b-f824-edda-74c3-54f68b078b04" testName="_2020.Tests.Days.Day15Tests.Part2_Pack(testCaseName: &quot;example7&quot;, _: &quot;1836&quot;, expectedResult: &quot;362&quot;, fileContent: &quot;3,1,2&quot;)" computerName="LAPTOP-35RG0TO8" duration="00:00:04.0152168" startTime="2020-12-18T23:39:43.2472037+01:00" endTime="2020-12-18T23:39:43.2472099+01:00" testType="13cdc9d9-ddb5-4fa4-a97d-d965ccfc6d4b" outcome="Passed" testListId="8c84fa94-04c1-424b-9868-57a2d4851a1d" relativeResultsDirectory="d0a17b46-dbff-4948-8a1c-0df3197cdc08" />
    <UnitTestResult executionId="71cf6814-c204-4432-9d1f-20eccb715398" testId="6c059688-c465-f5a5-7144-0e70ce180f19" testName="_2020.Tests.Days.Day14Tests.Part1_pack(testCaseName: &quot;example2&quot;, expectedResult: &quot;51&quot;, _: &quot;208&quot;, fileContent: &quot;mask = 000000000000000000000000000000X1001X\r\nmem&quot;...)" computerName="LAPTOP-35RG0TO8" duration="00:00:00.0000969" startTime="2020-12-18T23:39:15.4818497+01:00" endTime="2020-12-18T23:39:15.4818499+01:00" testType="13cdc9d9-ddb5-4fa4-a97d-d965ccfc6d4b" outcome="Passed" testListId="8c84fa94-04c1-424b-9868-57a2d4851a1d" relativeResultsDirectory="71cf6814-c204-4432-9d1f-20eccb715398" />
    <UnitTestResult executionId="08e94660-ba4f-4dbd-a7dc-1cfb693f6dd6" testId="02ecd7ab-bcdf-e3ce-73c4-60d49e1f8cf1" testName="_2020.Tests.Days.Day12Tests.Part2_Pack(testCaseName: &quot;example1&quot;, _: &quot;25&quot;, expectedResult: &quot;286&quot;, fileContent: &quot;F10\r\nN3\r\nF7\r\nR90\r\nF11&quot;)" computerName="LAPTOP-35RG0TO8" duration="00:00:00.0000560" startTime="2020-12-18T23:39:15.4818188+01:00" endTime="2020-12-18T23:39:15.4818191+01:00" testType="13cdc9d9-ddb5-4fa4-a97d-d965ccfc6d4b" outcome="Passed" testListId="8c84fa94-04c1-424b-9868-57a2d4851a1d" relativeResultsDirectory="08e94660-ba4f-4dbd-a7dc-1cfb693f6dd6" />
    <UnitTestResult executionId="5260f4e1-d5a0-4f23-83e4-c5650c2292a5" testId="0d9d879c-a85a-bdc6-b8ff-9a6ab509a103" testName="_2020.Tests.Days.Day16Tests.Part1_pack(testCaseName: &quot;example1&quot;, expectedResult: &quot;71&quot;, _: &quot;0&quot;, fileContent: &quot;class: 1-3 or 5-7\r\nrow: 6-11 or 33-44\r\nseat: 1&quot;...)" computerName="LAPTOP-35RG0TO8" duration="00:00:00.0001369" startTime="2020-12-18T23:39:15.4970620+01:00" endTime="2020-12-18T23:39:15.4970624+01:00" testType="13cdc9d9-ddb5-4fa4-a97d-d965ccfc6d4b" outcome="Passed" testListId="8c84fa94-04c1-424b-9868-57a2d4851a1d" relativeResultsDirectory="5260f4e1-d5a0-4f23-83e4-c5650c2292a5" />
    <UnitTestResult executionId="7aea1621-de08-45e6-a855-d570411c342c" testId="ec5f10ca-3aba-60b0-6d4f-6390df8262d9" testName="_2020.Tests.Days.Day18Tests.Part2_Calculates_AsExpectedResult(testCase: &quot;2 * 3 + (4 * 5)&quot;, expectedResult: 46)" computerName="LAPTOP-35RG0TO8" duration="00:00:00.0001108" startTime="2020-12-18T23:39:15.5238645+01:00" endTime="2020-12-18T23:39:15.5238647+01:00" testType="13cdc9d9-ddb5-4fa4-a97d-d965ccfc6d4b" outcome="Passed" testListId="8c84fa94-04c1-424b-9868-57a2d4851a1d" relativeResultsDirectory="7aea1621-de08-45e6-a855-d570411c342c" />
    <UnitTestResult executionId="89284c6c-feb5-4ebb-a48e-13af1c88554e" testId="0ae8165c-5db8-2151-c07c-655806764c15" testName="_2020.Tests.Days.Day6Tests.Part2_Pack(testCaseName: &quot;puzzleinput&quot;, _: &quot;6551&quot;, expectedResult: &quot;3358&quot;, fileContent: &quot;nvlyak\r\nnyvha\r\nyaen\r\nqynia\r\n\r\nkend\r\nen&quot;...)" computerName="LAPTOP-35RG0TO8" duration="00:00:00.0015203" startTime="2020-12-18T23:39:15.4819280+01:00" endTime="2020-12-18T23:39:15.4819282+01:00" testType="13cdc9d9-ddb5-4fa4-a97d-d965ccfc6d4b" outcome="Passed" testListId="8c84fa94-04c1-424b-9868-57a2d4851a1d" relativeResultsDirectory="89284c6c-feb5-4ebb-a48e-13af1c88554e" />
    <UnitTestResult executionId="56b80c7a-08fe-4cc9-92e5-ed65b7f19285" testId="c8eb35de-3806-7a84-c356-ef8a1ba0e171" testName="_2020.Tests.Days.Day14Tests.Part2_Pack(testCaseName: &quot;puzzleinput&quot;, _: &quot;13496669152158&quot;, expectedResult: &quot;3278997609887&quot;, fileContent: &quot;mask = 01111X0011X11110XX11X110111001X00001\r\nmem&quot;...)" computerName="LAPTOP-35RG0TO8" duration="00:00:00.3871298" startTime="2020-12-18T23:39:15.8157375+01:00" endTime="2020-12-18T23:39:15.8157403+01:00" testType="13cdc9d9-ddb5-4fa4-a97d-d965ccfc6d4b" outcome="Passed" testListId="8c84fa94-04c1-424b-9868-57a2d4851a1d" relativeResultsDirectory="56b80c7a-08fe-4cc9-92e5-ed65b7f19285" />
    <UnitTestResult executionId="cbdff7ae-9931-491a-b688-2193d787a4d8" testId="69421f74-dab9-7682-2157-83ab4af72623" testName="_2020.Tests.Days.Day15Tests.Part2_Pack(testCaseName: &quot;example4&quot;, _: &quot;27&quot;, expectedResult: &quot;261214&quot;, fileContent: &quot;1,2,3&quot;)" computerName="LAPTOP-35RG0TO8" duration="00:00:03.9431598" startTime="2020-12-18T23:39:47.1905597+01:00" endTime="2020-12-18T23:39:47.1905647+01:00" testType="13cdc9d9-ddb5-4fa4-a97d-d965ccfc6d4b" outcome="Passed" testListId="8c84fa94-04c1-424b-9868-57a2d4851a1d" relativeResultsDirectory="cbdff7ae-9931-491a-b688-2193d787a4d8" />
    <UnitTestResult executionId="c93b4395-2472-4687-8476-ea5bf5ec294f" testId="0a2c2f88-73a7-a432-398b-2f86564fd773" testName="_2020.Tests.Days.Day13Tests.Part1_pack(testCaseName: &quot;example1&quot;, expectedResult: &quot;295&quot;, _: &quot;1068781&quot;, fileContent: &quot;939\r\n7,13,x,x,59,x,31,19&quot;)" computerName="LAPTOP-35RG0TO8" duration="00:00:00.0000764" startTime="2020-12-18T23:39:15.5051605+01:00" endTime="2020-12-18T23:39:15.5051609+01:00" testType="13cdc9d9-ddb5-4fa4-a97d-d965ccfc6d4b" outcome="Passed" testListId="8c84fa94-04c1-424b-9868-57a2d4851a1d" relativeResultsDirectory="c93b4395-2472-4687-8476-ea5bf5ec294f" />
    <UnitTestResult executionId="4ad79215-3287-48fb-92fd-b623d319235d" testId="5a6838e8-c034-4ac2-cf4a-650d8f91ee6f" testName="_2020.Tests.Days.Day15Tests.Part2_Pack(testCaseName: &quot;example1&quot;, _: &quot;436&quot;, expectedResult: &quot;175594&quot;, fileContent: &quot;0,3,6&quot;)" computerName="LAPTOP-35RG0TO8" duration="00:00:06.5759827" startTime="2020-12-18T23:39:22.0521642+01:00" endTime="2020-12-18T23:39:22.0521672+01:00" testType="13cdc9d9-ddb5-4fa4-a97d-d965ccfc6d4b" outcome="Passed" testListId="8c84fa94-04c1-424b-9868-57a2d4851a1d" relativeResultsDirectory="4ad79215-3287-48fb-92fd-b623d319235d" />
    <UnitTestResult executionId="01009f0b-4a4d-4623-9a10-45a184a5a032" testId="080b3b6b-2753-c9a6-9f1e-0b651fcd9c49" testName="_2020.Tests.Days.Day18Tests.Part2_Pack(testCaseName: &quot;puzzleinput&quot;, _: &quot;3885386961962&quot;, expectedResult: &quot;112899558798666&quot;, fileContent: &quot;2 + (2 + 6 * (4 * 5 * 8 * 7) + 3) * (9 + (4 * 3 * &quot;...)" computerName="LAPTOP-35RG0TO8" duration="00:00:00.0963981" startTime="2020-12-18T23:39:15.7591349+01:00" endTime="2020-12-18T23:39:15.7591375+01:00" testType="13cdc9d9-ddb5-4fa4-a97d-d965ccfc6d4b" outcome="Passed" testListId="8c84fa94-04c1-424b-9868-57a2d4851a1d" relativeResultsDirectory="01009f0b-4a4d-4623-9a10-45a184a5a032" />
    <UnitTestResult executionId="498eb8ca-8ec4-48c8-9350-559f2cc9626c" testId="5fa2b639-d7d3-7e54-f35e-518a5bab3568" testName="_2020.Tests.Days.Day17Tests.Part1_pack(testCaseName: &quot;puzzleinput&quot;, expectedResult: &quot;338&quot;, _: &quot;2440&quot;, fileContent: &quot;.#.##..#\r\n....#.##\r\n##.###..\r\n.#.#.###\r\n#.&quot;...)" computerName="LAPTOP-35RG0TO8" duration="00:00:00.1234988" startTime="2020-12-18T23:39:38.0843886+01:00" endTime="2020-12-18T23:39:38.0843985+01:00" testType="13cdc9d9-ddb5-4fa4-a97d-d965ccfc6d4b" outcome="Passed" testListId="8c84fa94-04c1-424b-9868-57a2d4851a1d" relativeResultsDirectory="498eb8ca-8ec4-48c8-9350-559f2cc9626c" />
    <UnitTestResult executionId="774d0d29-0419-4a90-9786-7e64b75358ea" testId="7df7f244-2fd3-a955-75ef-80b7d924f8e2" testName="_2020.Tests.Days.Day14Tests.Part2_Pack(testCaseName: &quot;example2&quot;, _: &quot;51&quot;, expectedResult: &quot;208&quot;, fileContent: &quot;mask = 000000000000000000000000000000X1001X\r\nmem&quot;...)" computerName="LAPTOP-35RG0TO8" duration="00:00:00.0000805" startTime="2020-12-18T23:39:15.8158507+01:00" endTime="2020-12-18T23:39:15.8158517+01:00" testType="13cdc9d9-ddb5-4fa4-a97d-d965ccfc6d4b" outcome="Passed" testListId="8c84fa94-04c1-424b-9868-57a2d4851a1d" relativeResultsDirectory="774d0d29-0419-4a90-9786-7e64b75358ea" />
    <UnitTestResult executionId="d0d93420-626b-4c07-921f-2187c98588c4" testId="e7fe6284-3fcb-b9cb-9a4e-f74cf392b140" testName="_2020.Tests.Days.Day3Tests.Part1_case3(fileContent: &quot;..##.......\r\n#...#...#..\r\n.#....#..#.\r\n..#.#&quot;...)" computerName="LAPTOP-35RG0TO8" duration="00:00:00.0001607" startTime="2020-12-18T23:39:15.5390130+01:00" endTime="2020-12-18T23:39:15.5390133+01:00" testType="13cdc9d9-ddb5-4fa4-a97d-d965ccfc6d4b" outcome="Passed" testListId="8c84fa94-04c1-424b-9868-57a2d4851a1d" relativeResultsDirectory="d0d93420-626b-4c07-921f-2187c98588c4" />
    <UnitTestResult executionId="e72402d9-b53f-4815-a43a-bc0047f5a0f7" testId="3e8c6d43-8d09-84bb-a295-43059662202b" testName="_2020.Tests.Days.Day15Tests.Part1_pack(testCaseName: &quot;example7&quot;, expectedResult: &quot;1836&quot;, _: &quot;362&quot;, fileContent: &quot;3,1,2&quot;)" computerName="LAPTOP-35RG0TO8" duration="00:00:00.0002918" startTime="2020-12-18T23:39:15.5160204+01:00" endTime="2020-12-18T23:39:15.5160206+01:00" testType="13cdc9d9-ddb5-4fa4-a97d-d965ccfc6d4b" outcome="Passed" testListId="8c84fa94-04c1-424b-9868-57a2d4851a1d" relativeResultsDirectory="e72402d9-b53f-4815-a43a-bc0047f5a0f7" />
    <UnitTestResult executionId="b27e54a9-cf92-4cb7-aa1d-5c770f246ff3" testId="5670067d-1cf3-a96b-1c13-3fd4f02d341b" testName="_2020.Tests.Days.Day5Tests.Part2_Pack(testCaseName: &quot;mydata&quot;, _: &quot;998&quot;, expectedResult: &quot;676&quot;, fileContent: &quot;BFBBBBBLLR\r\nBBFFBBFRRL\r\nFBFBFFFRRL\r\nBBFFFBFR&quot;...)" computerName="LAPTOP-35RG0TO8" duration="00:00:00.0178594" startTime="2020-12-18T23:39:15.5037050+01:00" endTime="2020-12-18T23:39:15.5037051+01:00" testType="13cdc9d9-ddb5-4fa4-a97d-d965ccfc6d4b" outcome="Passed" testListId="8c84fa94-04c1-424b-9868-57a2d4851a1d" relativeResultsDirectory="b27e54a9-cf92-4cb7-aa1d-5c770f246ff3" />
    <UnitTestResult executionId="3eda9aa6-df55-4b1d-9053-fa6cad32257c" testId="3313912d-5a78-642f-b1f1-ec6ce77d37ce" testName="_2020.Tests.Days.Day18Tests.Part1_Calculates_AsExpectedResult(testCase: &quot;((2 + 4 * 9) * (6 + 9 * 8 + 6) + 6) + 2 + 4 * 2&quot;, expectedResult: 13632)" computerName="LAPTOP-35RG0TO8" duration="00:00:00.0004543" startTime="2020-12-18T23:39:15.5286836+01:00" endTime="2020-12-18T23:39:15.5286842+01:00" testType="13cdc9d9-ddb5-4fa4-a97d-d965ccfc6d4b" outcome="Passed" testListId="8c84fa94-04c1-424b-9868-57a2d4851a1d" relativeResultsDirectory="3eda9aa6-df55-4b1d-9053-fa6cad32257c" />
    <UnitTestResult executionId="ff08b395-806f-4042-8207-8c2c3a2b48d8" testId="d36ee119-83d8-bc35-7ac6-7f5ac328dab5" testName="_2020.Tests.Days.Day3Tests.Move_Works(fileContent: &quot;.......\r\n...#...\r\n......#&quot;, coordinates: [0, 0, 3, 1], isTree: True)" computerName="LAPTOP-35RG0TO8" duration="00:00:00.0000085" startTime="2020-12-18T23:39:15.5053587+01:00" endTime="2020-12-18T23:39:15.5053588+01:00" testType="13cdc9d9-ddb5-4fa4-a97d-d965ccfc6d4b" outcome="Passed" testListId="8c84fa94-04c1-424b-9868-57a2d4851a1d" relativeResultsDirectory="ff08b395-806f-4042-8207-8c2c3a2b48d8" />
    <UnitTestResult executionId="be64716d-d0f3-48cd-a81e-f4be758a78e2" testId="de8b5722-7c80-d4eb-b97c-ebe57717fb6c" testName="_2020.Tests.Days.Day5Tests.Part1_pack(testCaseName: &quot;example1&quot;, expectedResult: &quot;820&quot;, _: &quot;&quot;, fileContent: &quot;BFFFBBFRRR\r\nFFFBBBFRRR\r\nBBFFBBFRLL&quot;)" computerName="LAPTOP-35RG0TO8" duration="00:00:00.0000488" startTime="2020-12-18T23:39:15.4817706+01:00" endTime="2020-12-18T23:39:15.4817715+01:00" testType="13cdc9d9-ddb5-4fa4-a97d-d965ccfc6d4b" outcome="Passed" testListId="8c84fa94-04c1-424b-9868-57a2d4851a1d" relativeResultsDirectory="be64716d-d0f3-48cd-a81e-f4be758a78e2" />
    <UnitTestResult executionId="de3d403d-8a36-4ce4-a9c2-a0197a63824d" testId="32ed6bd8-e0af-dd5c-7f74-96ea03b7cf74" testName="_2020.Tests.Days.Day11Tests.Part2_Pack(testCaseName: &quot;example1&quot;, _: &quot;37&quot;, expectedResult: &quot;26&quot;, fileContent: &quot;L.LL.LL.LL\r\nLLLLLLL.LL\r\nL.L.L..L..\r\nLLLL.LL.&quot;...)" computerName="LAPTOP-35RG0TO8" duration="00:00:00.0316323" startTime="2020-12-18T23:39:15.4901197+01:00" endTime="2020-12-18T23:39:15.4901207+01:00" testType="13cdc9d9-ddb5-4fa4-a97d-d965ccfc6d4b" outcome="Passed" testListId="8c84fa94-04c1-424b-9868-57a2d4851a1d" relativeResultsDirectory="de3d403d-8a36-4ce4-a9c2-a0197a63824d" />
    <UnitTestResult executionId="e96c0572-333e-40b2-bd17-5223644de0e6" testId="67ca508f-a17c-3db3-c22c-394aa968c00c" testName="_2020.Tests.Days.Day15Tests.Part2_Pack(testCaseName: &quot;example6&quot;, _: &quot;438&quot;, expectedResult: &quot;18&quot;, fileContent: &quot;3,2,1&quot;)" computerName="LAPTOP-35RG0TO8" duration="00:00:05.5421067" startTime="2020-12-18T23:39:33.7793138+01:00" endTime="2020-12-18T23:39:33.7793217+01:00" testType="13cdc9d9-ddb5-4fa4-a97d-d965ccfc6d4b" outcome="Passed" testListId="8c84fa94-04c1-424b-9868-57a2d4851a1d" relativeResultsDirectory="e96c0572-333e-40b2-bd17-5223644de0e6" />
    <UnitTestResult executionId="b5ec4cb1-a933-48e5-a128-550c6e447375" testId="bdaba18c-2c59-04ae-e240-7ebf7e7a64fb" testName="_2020.Tests.Days.Day7Tests.Part2_Pack(testCaseName: &quot;puzzleinput&quot;, _: &quot;335&quot;, expectedResult: &quot;2431&quot;, fileContent: &quot;dim silver bags contain 3 posh fuchsia bags.\r\nwa&quot;...)" computerName="LAPTOP-35RG0TO8" duration="00:00:00.0293424" startTime="2020-12-18T23:39:15.5158773+01:00" endTime="2020-12-18T23:39:15.5158785+01:00" testType="13cdc9d9-ddb5-4fa4-a97d-d965ccfc6d4b" outcome="Passed" testListId="8c84fa94-04c1-424b-9868-57a2d4851a1d" relativeResultsDirectory="b5ec4cb1-a933-48e5-a128-550c6e447375" />
    <UnitTestResult executionId="ba4034ca-c491-4082-8f85-e95417f3d438" testId="b73fc7b5-5c4f-ce2b-029f-5099fc932df8" testName="_2020.Tests.Days.Day9Tests.Part1_pack(testCaseName: &quot;puzzleinput&quot;, expectedResult: &quot;41682220&quot;, preamble: &quot;25&quot;, _: &quot;5388976&quot;, fileContent: &quot;23\r\n3\r\n36\r\n14\r\n50\r\n8\r\n2\r\n44\r\n30\r\&quot;...)" computerName="LAPTOP-35RG0TO8" duration="00:00:00.0005823" startTime="2020-12-18T23:39:15.5338276+01:00" endTime="2020-12-18T23:39:15.5338281+01:00" testType="13cdc9d9-ddb5-4fa4-a97d-d965ccfc6d4b" outcome="Passed" testListId="8c84fa94-04c1-424b-9868-57a2d4851a1d" relativeResultsDirectory="ba4034ca-c491-4082-8f85-e95417f3d438" />
    <UnitTestResult executionId="c587683a-0c7b-4cfe-adf1-943d0b949201" testId="16df4b72-a1be-7d8a-175c-1e6c5237fc4e" testName="_2020.Tests.Days.Day14Tests.Part1_pack(testCaseName: &quot;example1&quot;, expectedResult: &quot;165&quot;, _: &quot;&quot;, fileContent: &quot;mask = XXXXXXXXXXXXXXXXXXXXXXXXXXXXX1XXXX0X\r\nmem&quot;...)" computerName="LAPTOP-35RG0TO8" duration="00:00:00.0000400" startTime="2020-12-18T23:39:15.4819009+01:00" endTime="2020-12-18T23:39:15.4819011+01:00" testType="13cdc9d9-ddb5-4fa4-a97d-d965ccfc6d4b" outcome="Passed" testListId="8c84fa94-04c1-424b-9868-57a2d4851a1d" relativeResultsDirectory="c587683a-0c7b-4cfe-adf1-943d0b949201" />
    <UnitTestResult executionId="8f64f793-f388-4fce-8a97-1093c579b4ed" testId="d612b35d-eb74-c9d6-7c08-b6087fbf724b" testName="_2020.Tests.Days.Day13Tests.Part1_pack(testCaseName: &quot;puzzleinput&quot;, expectedResult: &quot;4135&quot;, _: &quot;640856202464541&quot;, fileContent: &quot;1011416\r\n41,x,x,x,x,x,x,x,x,x,x,x,x,x,x,x,x,x,x,&quot;...)" computerName="LAPTOP-35RG0TO8" duration="00:00:00.0188505" startTime="2020-12-18T23:39:15.5039108+01:00" endTime="2020-12-18T23:39:15.5039110+01:00" testType="13cdc9d9-ddb5-4fa4-a97d-d965ccfc6d4b" outcome="Passed" testListId="8c84fa94-04c1-424b-9868-57a2d4851a1d" relativeResultsDirectory="8f64f793-f388-4fce-8a97-1093c579b4ed" />
    <UnitTestResult executionId="8fa80443-0017-4084-9243-d1d522622940" testId="ea350fd8-4960-b90d-698c-7f319b46d10e" testName="_2020.Tests.Days.Day11Tests.Part1_pack(testCaseName: &quot;puzzleinput&quot;, expectedResult: &quot;2310&quot;, _: &quot;2074&quot;, fileContent: &quot;LLLLLLLLLL.LLLLLLLL.LLLLLLLLLLLLL.LLLLL.LLLL.LL.L.&quot;...)" computerName="LAPTOP-35RG0TO8" duration="00:00:01.6470910" startTime="2020-12-18T23:39:18.3421314+01:00" endTime="2020-12-18T23:39:18.3421476+01:00" testType="13cdc9d9-ddb5-4fa4-a97d-d965ccfc6d4b" outcome="Passed" testListId="8c84fa94-04c1-424b-9868-57a2d4851a1d" relativeResultsDirectory="8fa80443-0017-4084-9243-d1d522622940" />
    <UnitTestResult executionId="4049c63f-4ded-4d10-8558-522af6f946fd" testId="04f07e51-e06f-f9ef-687e-27f8f50cd69c" testName="_2020.Tests.Days.Day10Tests.Part1_pack(testCaseName: &quot;example_small&quot;, expectedResult: &quot;12&quot;, _: &quot;4&quot;, fileContent: &quot;3\r\n4\r\n5\r\n8\r\n9\r\n10&quot;)" computerName="LAPTOP-35RG0TO8" duration="00:00:00.0000908" startTime="2020-12-18T23:39:15.5119522+01:00" endTime="2020-12-18T23:39:15.5119523+01:00" testType="13cdc9d9-ddb5-4fa4-a97d-d965ccfc6d4b" outcome="Passed" testListId="8c84fa94-04c1-424b-9868-57a2d4851a1d" relativeResultsDirectory="4049c63f-4ded-4d10-8558-522af6f946fd" />
    <UnitTestResult executionId="98903f66-47d8-43a6-b5f2-6e0262e71329" testId="f0d3000f-be7b-27df-36a0-5c04859590b9" testName="_2020.Tests.Days.Day18Tests.Part1_pack(testCaseName: &quot;puzzleinput&quot;, expectedResult: &quot;3885386961962&quot;, _: &quot;112899558798666&quot;, fileContent: &quot;2 + (2 + 6 * (4 * 5 * 8 * 7) + 3) * (9 + (4 * 3 * &quot;...)" computerName="LAPTOP-35RG0TO8" duration="00:00:00.1783708" startTime="2020-12-18T23:39:15.6626303+01:00" endTime="2020-12-18T23:39:15.6626329+01:00" testType="13cdc9d9-ddb5-4fa4-a97d-d965ccfc6d4b" outcome="Passed" testListId="8c84fa94-04c1-424b-9868-57a2d4851a1d" relativeResultsDirectory="98903f66-47d8-43a6-b5f2-6e0262e71329" />
    <UnitTestResult executionId="9e30feb3-e41c-42bb-ae0f-54b0ac0281fa" testId="d07cd30b-d230-d13b-93e4-5f93de4f56b2" testName="_2020.Tests.Days.Day12Tests.Part1_pack(testCaseName: &quot;example1&quot;, expectedResult: &quot;25&quot;, _: &quot;286&quot;, fileContent: &quot;F10\r\nN3\r\nF7\r\nR90\r\nF11&quot;)" computerName="LAPTOP-35RG0TO8" duration="00:00:00.0014256" startTime="2020-12-18T23:39:15.4901968+01:00" endTime="2020-12-18T23:39:15.4901972+01:00" testType="13cdc9d9-ddb5-4fa4-a97d-d965ccfc6d4b" outcome="Passed" testListId="8c84fa94-04c1-424b-9868-57a2d4851a1d" relativeResultsDirectory="9e30feb3-e41c-42bb-ae0f-54b0ac0281fa" />
    <UnitTestResult executionId="e31c7ed7-6485-4509-ba48-83698a0dd293" testId="9f0ccaf6-c07d-b20e-be6b-7733f88e5aab" testName="_2020.Tests.Days.Day11Tests.Part1_pack(testCaseName: &quot;example1&quot;, expectedResult: &quot;37&quot;, _: &quot;26&quot;, fileContent: &quot;L.LL.LL.LL\r\nLLLLLLL.LL\r\nL.L.L..L..\r\nLLLL.LL.&quot;...)" computerName="LAPTOP-35RG0TO8" duration="00:00:00.0016931" startTime="2020-12-18T23:39:18.3439568+01:00" endTime="2020-12-18T23:39:18.3439696+01:00" testType="13cdc9d9-ddb5-4fa4-a97d-d965ccfc6d4b" outcome="Passed" testListId="8c84fa94-04c1-424b-9868-57a2d4851a1d" relativeResultsDirectory="e31c7ed7-6485-4509-ba48-83698a0dd293" />
    <UnitTestResult executionId="f68f1afa-c625-4416-8279-699055b7b517" testId="ec7478bc-4a20-3d74-98c7-efac9e3c0b10" testName="_2020.Tests.Days.Day18Tests.Part1_Calculates_AsExpectedResult(testCase: &quot;5 * 9 * (7 * 3 * 3 + 9 * 3 + (8 + 6 * 4))&quot;, expectedResult: 12240)" computerName="LAPTOP-35RG0TO8" duration="00:00:00.0021240" startTime="2020-12-18T23:39:15.5284202+01:00" endTime="2020-12-18T23:39:15.5284203+01:00" testType="13cdc9d9-ddb5-4fa4-a97d-d965ccfc6d4b" outcome="Passed" testListId="8c84fa94-04c1-424b-9868-57a2d4851a1d" relativeResultsDirectory="f68f1afa-c625-4416-8279-699055b7b517" />
    <UnitTestResult executionId="a4376239-e8f9-4b45-957e-2f70f32788e2" testId="216f5805-6dfd-d79f-4066-e2138129ea68" testName="_2020.Tests.Days.Day5Tests.Part1_pack(testCaseName: &quot;mydata&quot;, expectedResult: &quot;998&quot;, _: &quot;676&quot;, fileContent: &quot;BFBBBBBLLR\r\nBBFFBBFRRL\r\nFBFBFFFRRL\r\nBBFFFBFR&quot;...)" computerName="LAPTOP-35RG0TO8" duration="00:00:00.0130387" startTime="2020-12-18T23:39:15.4450031+01:00" endTime="2020-12-18T23:39:15.4450039+01:00" testType="13cdc9d9-ddb5-4fa4-a97d-d965ccfc6d4b" outcome="Passed" testListId="8c84fa94-04c1-424b-9868-57a2d4851a1d" relativeResultsDirectory="a4376239-e8f9-4b45-957e-2f70f32788e2" />
    <UnitTestResult executionId="f8e28867-c8d6-45bd-96ba-ce81fb7e2c64" testId="02be2eb2-b9b7-27e5-1198-908b3671a59d" testName="_2020.Tests.Days.Day16Tests.Part1_pack(testCaseName: &quot;puzzleinput&quot;, expectedResult: &quot;20060&quot;, _: &quot;1213906609901&quot;, fileContent: &quot;departure location: 37-594 or 615-952\r\ndeparture&quot;...)" computerName="LAPTOP-35RG0TO8" duration="00:00:00.0468284" startTime="2020-12-18T23:39:15.4969378+01:00" endTime="2020-12-18T23:39:15.4969382+01:00" testType="13cdc9d9-ddb5-4fa4-a97d-d965ccfc6d4b" outcome="Passed" testListId="8c84fa94-04c1-424b-9868-57a2d4851a1d" relativeResultsDirectory="f8e28867-c8d6-45bd-96ba-ce81fb7e2c64" />
    <UnitTestResult executionId="00fef03c-c82c-4518-b129-988138b453b2" testId="9d63c5ca-cd81-dfa2-45c3-bef99b47c927" testName="_2020.Tests.Days.Day3Tests.Part2_TC3(fileContent: &quot;..##.......\r\n#...#...#..\r\n.#....#..#.\r\n..#.#&quot;...)" computerName="LAPTOP-35RG0TO8" duration="00:00:00.0004596" startTime="2020-12-18T23:39:15.5392069+01:00" endTime="2020-12-18T23:39:15.5392072+01:00" testType="13cdc9d9-ddb5-4fa4-a97d-d965ccfc6d4b" outcome="Passed" testListId="8c84fa94-04c1-424b-9868-57a2d4851a1d" relativeResultsDirectory="00fef03c-c82c-4518-b129-988138b453b2" />
    <UnitTestResult executionId="1f1c94a8-fcfd-4d14-b3b4-96224f51706a" testId="334e5607-9cdb-e672-5c7f-406da37d6d7e" testName="_2020.Tests.Days.Day18Tests.Part1_Calculates_AsExpectedResult(testCase: &quot;5 + (8 * 3 + 9 + 3 * 4 * 3)&quot;, expectedResult: 437)" computerName="LAPTOP-35RG0TO8" duration="00:00:00.0001691" startTime="2020-12-18T23:39:15.5287239+01:00" endTime="2020-12-18T23:39:15.5287241+01:00" testType="13cdc9d9-ddb5-4fa4-a97d-d965ccfc6d4b" outcome="Passed" testListId="8c84fa94-04c1-424b-9868-57a2d4851a1d" relativeResultsDirectory="1f1c94a8-fcfd-4d14-b3b4-96224f51706a" />
    <UnitTestResult executionId="dc2c1be8-dae8-4e0d-9b19-b6dc0d7e9880" testId="821db9cf-a5c7-f686-a035-a78be04f731f" testName="_2020.Tests.Days.Day16Tests.Part1_pack(testCaseName: &quot;example2&quot;, expectedResult: &quot;0&quot;, _: &quot;1716&quot;, fileContent: &quot;departure class: 0-1 or 4-19\r\ndeparture row: 0-5&quot;...)" computerName="LAPTOP-35RG0TO8" duration="00:00:00.0000546" startTime="2020-12-18T23:39:15.4971332+01:00" endTime="2020-12-18T23:39:15.4971336+01:00" testType="13cdc9d9-ddb5-4fa4-a97d-d965ccfc6d4b" outcome="Passed" testListId="8c84fa94-04c1-424b-9868-57a2d4851a1d" relativeResultsDirectory="dc2c1be8-dae8-4e0d-9b19-b6dc0d7e9880" />
    <UnitTestResult executionId="1b4c332b-864a-491f-b77a-c9bbb2a2ed98" testId="2de34128-cf23-033a-0c60-b9a1ffa1dd89" testName="_2020.Tests.Days.Day15Tests.Part1_pack(testCaseName: &quot;example4&quot;, expectedResult: &quot;27&quot;, _: &quot;261214&quot;, fileContent: &quot;1,2,3&quot;)" computerName="LAPTOP-35RG0TO8" duration="00:00:00.0003073" startTime="2020-12-18T23:39:15.5180368+01:00" endTime="2020-12-18T23:39:15.5180370+01:00" testType="13cdc9d9-ddb5-4fa4-a97d-d965ccfc6d4b" outcome="Passed" testListId="8c84fa94-04c1-424b-9868-57a2d4851a1d" relativeResultsDirectory="1b4c332b-864a-491f-b77a-c9bbb2a2ed98" />
    <UnitTestResult executionId="2e1682cf-87c4-4bcb-b2a8-101b1ac798b0" testId="9fcb3a2b-27f0-5f22-0206-56c0549b9a84" testName="_2020.Tests.Days.Day6Tests.Part2_Pack(testCaseName: &quot;example1&quot;, _: &quot;11&quot;, expectedResult: &quot;6&quot;, fileContent: &quot;abc\r\n\r\na\r\nb\r\nc\r\n\r\nab\r\nac\r\n\r\na\r\&quot;...)" computerName="LAPTOP-35RG0TO8" duration="00:00:00.0239820" startTime="2020-12-18T23:39:15.4462493+01:00" endTime="2020-12-18T23:39:15.4462495+01:00" testType="13cdc9d9-ddb5-4fa4-a97d-d965ccfc6d4b" outcome="Passed" testListId="8c84fa94-04c1-424b-9868-57a2d4851a1d" relativeResultsDirectory="2e1682cf-87c4-4bcb-b2a8-101b1ac798b0" />
    <UnitTestResult executionId="3e49b545-c8ae-4ece-b5f3-640cd91af83e" testId="fc6461b5-e450-3964-c0c6-8dde33d0fbf9" testName="_2020.Tests.Days.Day4Tests.Part1Example(fileContent: &quot;ecl:gry pid:860033327 eyr:2020 hcl:#fffffd\r\nbyr:&quot;...)" computerName="LAPTOP-35RG0TO8" duration="00:00:00.0065699" startTime="2020-12-18T23:39:15.5283672+01:00" endTime="2020-12-18T23:39:15.5283680+01:00" testType="13cdc9d9-ddb5-4fa4-a97d-d965ccfc6d4b" outcome="Passed" testListId="8c84fa94-04c1-424b-9868-57a2d4851a1d" relativeResultsDirectory="3e49b545-c8ae-4ece-b5f3-640cd91af83e">
      <Output>
        <StdOut>answer for part 1 is: 2</StdOut>
      </Output>
    </UnitTestResult>
    <UnitTestResult executionId="51b98973-ba53-4ff8-bd92-fe9b78ba76dd" testId="dffdb84d-1db1-5f4c-67d3-f3140d14b547" testName="_2020.Tests.Days.Day16Tests.Part2_Pack(testCaseName: &quot;example1&quot;, _: &quot;71&quot;, expectedResult: &quot;0&quot;, fileContent: &quot;class: 1-3 or 5-7\r\nrow: 6-11 or 33-44\r\nseat: 1&quot;...)" computerName="LAPTOP-35RG0TO8" duration="00:00:00.0004583" startTime="2020-12-18T23:39:15.5235516+01:00" endTime="2020-12-18T23:39:15.5235532+01:00" testType="13cdc9d9-ddb5-4fa4-a97d-d965ccfc6d4b" outcome="Passed" testListId="8c84fa94-04c1-424b-9868-57a2d4851a1d" relativeResultsDirectory="51b98973-ba53-4ff8-bd92-fe9b78ba76dd" />
    <UnitTestResult executionId="dd8e1699-48b1-4829-9a47-51739941a9ca" testId="375e425c-9b53-a326-01d6-888b92935a87" testName="_2020.Tests.Days.Day7Tests.Part1_pack(testCaseName: &quot;example1&quot;, expectedResult: &quot;4&quot;, _: &quot;&quot;, fileContent: &quot;light red bags contain 1 bright white bag, 2 muted&quot;...)" computerName="LAPTOP-35RG0TO8" duration="00:00:00.0001121" startTime="2020-12-18T23:39:15.5393022+01:00" endTime="2020-12-18T23:39:15.5393024+01:00" testType="13cdc9d9-ddb5-4fa4-a97d-d965ccfc6d4b" outcome="Passed" testListId="8c84fa94-04c1-424b-9868-57a2d4851a1d" relativeResultsDirectory="dd8e1699-48b1-4829-9a47-51739941a9ca" />
    <UnitTestResult executionId="b4300ce0-3f52-43fd-8e03-277559f6a5e0" testId="c1b39591-e148-1ede-3450-ca36e80a70b0" testName="_2020.Tests.Days.Day15Tests.Part2_Pack(testCaseName: &quot;example2&quot;, _: &quot;1&quot;, expectedResult: &quot;2578&quot;, fileContent: &quot;1,3,2&quot;)" computerName="LAPTOP-35RG0TO8" duration="00:00:06.1842068" startTime="2020-12-18T23:39:28.2365776+01:00" endTime="2020-12-18T23:39:28.2365919+01:00" testType="13cdc9d9-ddb5-4fa4-a97d-d965ccfc6d4b" outcome="Passed" testListId="8c84fa94-04c1-424b-9868-57a2d4851a1d" relativeResultsDirectory="b4300ce0-3f52-43fd-8e03-277559f6a5e0" />
    <UnitTestResult executionId="00c8d530-f725-45c2-a9f0-ecfb30364214" testId="edfee89c-6991-817a-4b5f-507b7c5607c8" testName="_2020.Tests.Days.Day8Tests.Part1_pack(testCaseName: &quot;example1&quot;, expectedResult: &quot;5&quot;, _: &quot;8&quot;, fileContent: &quot;nop +0\r\nacc +1\r\njmp +4\r\nacc +3\r\njmp -3\r\n&quot;...)" computerName="LAPTOP-35RG0TO8" duration="00:00:00.0005584" startTime="2020-12-18T23:39:15.4967981+01:00" endTime="2020-12-18T23:39:15.4967986+01:00" testType="13cdc9d9-ddb5-4fa4-a97d-d965ccfc6d4b" outcome="Passed" testListId="8c84fa94-04c1-424b-9868-57a2d4851a1d" relativeResultsDirectory="00c8d530-f725-45c2-a9f0-ecfb30364214" />
    <UnitTestResult executionId="5d641123-06d0-49a0-80f5-2a05221e9ebe" testId="01c6738e-928f-12e9-002b-a3010d7f109b" testName="_2020.Tests.Days.Day8Tests.Part2_Pack(testCaseName: &quot;puzzleinput&quot;, _: &quot;2051&quot;, expectedResult: &quot;2304&quot;, fileContent: &quot;jmp +583\r\nacc +9\r\njmp +525\r\njmp +302\r\njmp &quot;...)" computerName="LAPTOP-35RG0TO8" duration="00:00:00.0115762" startTime="2020-12-18T23:39:15.4904504+01:00" endTime="2020-12-18T23:39:15.4904509+01:00" testType="13cdc9d9-ddb5-4fa4-a97d-d965ccfc6d4b" outcome="Passed" testListId="8c84fa94-04c1-424b-9868-57a2d4851a1d" relativeResultsDirectory="5d641123-06d0-49a0-80f5-2a05221e9ebe" />
    <UnitTestResult executionId="4bdf354d-0253-4905-a413-b36d0af353f9" testId="f628c761-3433-71e0-dc9a-7aeaf5162951" testName="_2020.Tests.Days.Day18Tests.Part2_Calculates_AsExpectedResult(testCase: &quot;1 + (2 * 3) + (4 * (5 + 6))&quot;, expectedResult: 51)" computerName="LAPTOP-35RG0TO8" duration="00:00:00.0241725" startTime="2020-12-18T23:39:15.5120518+01:00" endTime="2020-12-18T23:39:15.5120520+01:00" testType="13cdc9d9-ddb5-4fa4-a97d-d965ccfc6d4b" outcome="Passed" testListId="8c84fa94-04c1-424b-9868-57a2d4851a1d" relativeResultsDirectory="4bdf354d-0253-4905-a413-b36d0af353f9" />
    <UnitTestResult executionId="fea2e1a9-ec14-4c72-9cc2-c523681a0df6" testId="babf93f6-1c89-9c1d-499b-7212ab41b8fb" testName="_2020.Tests.Days.Day17Tests.Part2_Pack(testCaseName: &quot;example1&quot;, _: &quot;112&quot;, expectedResult: &quot;848&quot;, fileContent: &quot;.#.\r\n..#\r\n###&quot;)" computerName="LAPTOP-35RG0TO8" duration="00:00:06.4755453" startTime="2020-12-18T23:39:21.8728196+01:00" endTime="2020-12-18T23:39:21.8728328+01:00" testType="13cdc9d9-ddb5-4fa4-a97d-d965ccfc6d4b" outcome="Passed" testListId="8c84fa94-04c1-424b-9868-57a2d4851a1d" relativeResultsDirectory="fea2e1a9-ec14-4c72-9cc2-c523681a0df6" />
    <UnitTestResult executionId="a10344f8-6b29-4545-991f-398ac58476e9" testId="dce4b7c0-81f4-b41c-94b9-afb06d0ad99d" testName="_2020.Tests.Days.Day6Tests.Part1_pack(testCaseName: &quot;example1&quot;, expectedResult: &quot;11&quot;, _: &quot;6&quot;, fileContent: &quot;abc\r\n\r\na\r\nb\r\nc\r\n\r\nab\r\nac\r\n\r\na\r\&quot;...)" computerName="LAPTOP-35RG0TO8" duration="00:00:00.0000328" startTime="2020-12-18T23:39:15.5036802+01:00" endTime="2020-12-18T23:39:15.5036803+01:00" testType="13cdc9d9-ddb5-4fa4-a97d-d965ccfc6d4b" outcome="Passed" testListId="8c84fa94-04c1-424b-9868-57a2d4851a1d" relativeResultsDirectory="a10344f8-6b29-4545-991f-398ac58476e9" />
    <UnitTestResult executionId="e6d79c09-fd65-4021-a93a-48784b70ec94" testId="159d3ea9-44fc-4aaa-9da0-18c06a48805e" testName="_2020.Tests.Days.Day4Tests.Part2_Pack(testCaseName: &quot;valid&quot;, _: &quot;4&quot;, expectedResult: &quot;4&quot;, fileContent: &quot;pid:087499704 hgt:74in ecl:grn iyr:2012 eyr:2030 b&quot;...)" computerName="LAPTOP-35RG0TO8" duration="00:00:00.0053108" startTime="2020-12-18T23:39:15.5179871+01:00" endTime="2020-12-18T23:39:15.5179873+01:00" testType="13cdc9d9-ddb5-4fa4-a97d-d965ccfc6d4b" outcome="Passed" testListId="8c84fa94-04c1-424b-9868-57a2d4851a1d" relativeResultsDirectory="e6d79c09-fd65-4021-a93a-48784b70ec94" />
    <UnitTestResult executionId="e05cd4cb-dce1-42f6-83e0-ca3febed3a85" testId="bfaca6be-0b52-deae-c673-4467abedb8b9" testName="_2020.Tests.Days.Day18Tests.Part1_Calculates_AsExpectedResult(testCase: &quot;2 * 3 + (4 * 5)&quot;, expectedResult: 26)" computerName="LAPTOP-35RG0TO8" duration="00:00:00.0040867" startTime="2020-12-18T23:39:15.5239196+01:00" endTime="2020-12-18T23:39:15.5239198+01:00" testType="13cdc9d9-ddb5-4fa4-a97d-d965ccfc6d4b" outcome="Passed" testListId="8c84fa94-04c1-424b-9868-57a2d4851a1d" relativeResultsDirectory="e05cd4cb-dce1-42f6-83e0-ca3febed3a85" />
    <UnitTestResult executionId="0be96f1a-62b1-4abe-8f1f-ddebfb6d23c3" testId="9b48be43-b6dc-ab4a-e9b5-a0f0a0083d37" testName="_2020.Tests.Days.Day3Tests.Move_Works(fileContent: &quot;...\r\n#..&quot;, coordinates: [0, 0, 0, 1], isTree: True)" computerName="LAPTOP-35RG0TO8" duration="00:00:00.0000128" startTime="2020-12-18T23:39:15.5053282+01:00" endTime="2020-12-18T23:39:15.5053283+01:00" testType="13cdc9d9-ddb5-4fa4-a97d-d965ccfc6d4b" outcome="Passed" testListId="8c84fa94-04c1-424b-9868-57a2d4851a1d" relativeResultsDirectory="0be96f1a-62b1-4abe-8f1f-ddebfb6d23c3" />
    <UnitTestResult executionId="59a8a17f-8a0d-4a65-8d7c-aa0a73ab3104" testId="844a928f-443a-c27a-8ee8-10b193eadc8b" testName="_2020.Tests.Days.Day7Tests.Part2_Pack(testCaseName: &quot;example2&quot;, _: &quot;&quot;, expectedResult: &quot;126&quot;, fileContent: &quot;shiny gold bags contain 2 dark red bags.\r\ndark r&quot;...)" computerName="LAPTOP-35RG0TO8" duration="00:00:00.0465006" startTime="2020-12-18T23:39:15.4969175+01:00" endTime="2020-12-18T23:39:15.4969179+01:00" testType="13cdc9d9-ddb5-4fa4-a97d-d965ccfc6d4b" outcome="Passed" testListId="8c84fa94-04c1-424b-9868-57a2d4851a1d" relativeResultsDirectory="59a8a17f-8a0d-4a65-8d7c-aa0a73ab3104" />
    <UnitTestResult executionId="cf5b6fb0-dc32-4d1d-945d-6d58e7a2586f" testId="5cb521d9-b508-87d2-d6b3-9430721a3a5b" testName="_2020.Tests.Days.Day11Tests.Part2_Pack(testCaseName: &quot;puzzleinput&quot;, _: &quot;2310&quot;, expectedResult: &quot;2074&quot;, fileContent: &quot;LLLLLLLLLL.LLLLLLLL.LLLLLLLLLLLLL.LLLLL.LLLL.LL.L.&quot;...)" computerName="LAPTOP-35RG0TO8" duration="00:00:01.2645659" startTime="2020-12-18T23:39:16.6939823+01:00" endTime="2020-12-18T23:39:16.6939972+01:00" testType="13cdc9d9-ddb5-4fa4-a97d-d965ccfc6d4b" outcome="Passed" testListId="8c84fa94-04c1-424b-9868-57a2d4851a1d" relativeResultsDirectory="cf5b6fb0-dc32-4d1d-945d-6d58e7a2586f" />
    <UnitTestResult executionId="76b9086b-74d7-4988-9573-5f01915e9599" testId="f7e40ddb-a284-7426-9379-70e1c4cc7afa" testName="_2020.Tests.Days.Day12Tests.Part1_pack(testCaseName: &quot;puzzleinput&quot;, expectedResult: &quot;1565&quot;, _: &quot;78883&quot;, fileContent: &quot;E5\r\nR90\r\nE5\r\nL90\r\nF80\r\nL90\r\nE3\r\nN5\r&quot;...)" computerName="LAPTOP-35RG0TO8" duration="00:00:00.0053229" startTime="2020-12-18T23:39:15.4902563+01:00" endTime="2020-12-18T23:39:15.4902567+01:00" testType="13cdc9d9-ddb5-4fa4-a97d-d965ccfc6d4b" outcome="Passed" testListId="8c84fa94-04c1-424b-9868-57a2d4851a1d" relativeResultsDirectory="76b9086b-74d7-4988-9573-5f01915e9599" />
    <UnitTestResult executionId="6354101b-c2a7-42b5-b181-c13130dae890" testId="1bd4918e-984f-4b09-f089-8b165ff131a6" testName="_2020.Tests.Days.Day12Tests.Part2_Pack(testCaseName: &quot;puzzleinput&quot;, _: &quot;1565&quot;, expectedResult: &quot;78883&quot;, fileContent: &quot;E5\r\nR90\r\nE5\r\nL90\r\nF80\r\nL90\r\nE3\r\nN5\r&quot;...)" computerName="LAPTOP-35RG0TO8" duration="00:00:00.0124294" startTime="2020-12-18T23:39:15.4449209+01:00" endTime="2020-12-18T23:39:15.4449225+01:00" testType="13cdc9d9-ddb5-4fa4-a97d-d965ccfc6d4b" outcome="Passed" testListId="8c84fa94-04c1-424b-9868-57a2d4851a1d" relativeResultsDirectory="6354101b-c2a7-42b5-b181-c13130dae890" />
    <UnitTestResult executionId="e9c22c15-1291-48b4-9c13-3baf86b5b875" testId="26e5e629-8263-4046-5e10-c84b3539586e" testName="_2020.Tests.Days.Day2Tests.Part2(fileContent: &quot;1-5 k: kkkkhkkkkkkkkkk\r\n5-7 k: blkqhtxfgktdkxzkk&quot;...)" computerName="LAPTOP-35RG0TO8" duration="00:00:00.0084271" startTime="2020-12-18T23:39:15.4904056+01:00" endTime="2020-12-18T23:39:15.4904060+01:00" testType="13cdc9d9-ddb5-4fa4-a97d-d965ccfc6d4b" outcome="Passed" testListId="8c84fa94-04c1-424b-9868-57a2d4851a1d" relativeResultsDirectory="e9c22c15-1291-48b4-9c13-3baf86b5b875">
      <Output>
        <StdOut>answer for part 2 is: 708</StdOut>
      </Output>
    </UnitTestResult>
    <UnitTestResult executionId="7f25da59-0c4b-4fad-940d-2455a45c8419" testId="99b22c00-0b2b-9e79-261c-dcb39b52aa8e" testName="_2020.Tests.Days.Day3Tests.Part1(fileContent: &quot;.#.......#...........#.........\r\n..##.......#.#.&quot;...)" computerName="LAPTOP-35RG0TO8" duration="00:00:00.0018145" startTime="2020-12-18T23:39:15.5390871+01:00" endTime="2020-12-18T23:39:15.5390874+01:00" testType="13cdc9d9-ddb5-4fa4-a97d-d965ccfc6d4b" outcome="Passed" testListId="8c84fa94-04c1-424b-9868-57a2d4851a1d" relativeResultsDirectory="7f25da59-0c4b-4fad-940d-2455a45c8419">
      <Output>
        <StdOut>answer for part 1 is: 209</StdOut>
      </Output>
    </UnitTestResult>
    <UnitTestResult executionId="ab06b917-c22e-41b2-9e06-795beea797b4" testId="b9a0883d-021b-16e7-be90-275f6000cc9d" testName="_2020.Tests.Days.Day2Tests.Part1(fileContent: &quot;1-5 k: kkkkhkkkkkkkkkk\r\n5-7 k: blkqhtxfgktdkxzkk&quot;...)" computerName="LAPTOP-35RG0TO8" duration="00:00:00.0212224" startTime="2020-12-18T23:39:15.4456583+01:00" endTime="2020-12-18T23:39:15.4456600+01:00" testType="13cdc9d9-ddb5-4fa4-a97d-d965ccfc6d4b" outcome="Passed" testListId="8c84fa94-04c1-424b-9868-57a2d4851a1d" relativeResultsDirectory="ab06b917-c22e-41b2-9e06-795beea797b4">
      <Output>
        <StdOut>answer for part 1 is: 519</StdOut>
      </Output>
    </UnitTestResult>
    <UnitTestResult executionId="5eef6164-b466-4f6b-873c-7e9fa8d407ca" testId="90e894cc-e9f5-0b66-7327-41b15f453ed9" testName="_2020.Tests.Days.Day17Tests.Part1_pack(testCaseName: &quot;example1&quot;, expectedResult: &quot;112&quot;, _: &quot;848&quot;, fileContent: &quot;.#.\r\n..#\r\n###&quot;)" computerName="LAPTOP-35RG0TO8" duration="00:00:00.0268972" startTime="2020-12-18T23:39:38.1116082+01:00" endTime="2020-12-18T23:39:38.1116148+01:00" testType="13cdc9d9-ddb5-4fa4-a97d-d965ccfc6d4b" outcome="Passed" testListId="8c84fa94-04c1-424b-9868-57a2d4851a1d" relativeResultsDirectory="5eef6164-b466-4f6b-873c-7e9fa8d407ca" />
    <UnitTestResult executionId="f5b4ce9e-f815-4ddd-83ef-e88f47ef3961" testId="ac7e7db2-01de-f348-0757-1a5540553b98" testName="_2020.Tests.Days.Day15Tests.Part2_Pack(testCaseName: &quot;example5&quot;, _: &quot;78&quot;, expectedResult: &quot;6895259&quot;, fileContent: &quot;2,3,1&quot;)" computerName="LAPTOP-35RG0TO8" duration="00:00:05.4517939" startTime="2020-12-18T23:39:39.2316609+01:00" endTime="2020-12-18T23:39:39.2316678+01:00" testType="13cdc9d9-ddb5-4fa4-a97d-d965ccfc6d4b" outcome="Passed" testListId="8c84fa94-04c1-424b-9868-57a2d4851a1d" relativeResultsDirectory="f5b4ce9e-f815-4ddd-83ef-e88f47ef3961" />
    <UnitTestResult executionId="7bc77009-59df-4578-9070-78522957481a" testId="1f5e50cb-54fd-2c1d-5c96-c69e9c09c257" testName="_2020.Tests.Days.Day15Tests.Part2_Pack(testCaseName: &quot;puzzleinput&quot;, _: &quot;700&quot;, expectedResult: &quot;51358&quot;, fileContent: &quot;6,3,15,13,1,0&quot;)" computerName="LAPTOP-35RG0TO8" duration="00:00:03.9534798" startTime="2020-12-18T23:39:55.5012044+01:00" endTime="2020-12-18T23:39:55.5012108+01:00" testType="13cdc9d9-ddb5-4fa4-a97d-d965ccfc6d4b" outcome="Passed" testListId="8c84fa94-04c1-424b-9868-57a2d4851a1d" relativeResultsDirectory="7bc77009-59df-4578-9070-78522957481a" />
    <UnitTestResult executionId="7c142e4a-2616-4769-ac2f-0944ea60fe52" testId="9e27424c-7bf4-a54a-a23f-62f6c33d62bb" testName="_2020.Tests.Days.Day3Tests.Part2(fileContent: &quot;.#.......#...........#.........\r\n..##.......#.#.&quot;...)" computerName="LAPTOP-35RG0TO8" duration="00:00:00.0131228" startTime="2020-12-18T23:39:15.5388760+01:00" endTime="2020-12-18T23:39:15.5388768+01:00" testType="13cdc9d9-ddb5-4fa4-a97d-d965ccfc6d4b" outcome="Passed" testListId="8c84fa94-04c1-424b-9868-57a2d4851a1d" relativeResultsDirectory="7c142e4a-2616-4769-ac2f-0944ea60fe52">
      <Output>
        <StdOut>answer for part 2 is: 1574890240</StdOut>
      </Output>
    </UnitTestResult>
    <UnitTestResult executionId="db7a93d6-ae01-49ee-a298-e9c0be005366" testId="8aed83a5-1388-ee14-1e01-687801be888e" testName="_2020.Tests.Days.Day4Tests.Part1_pack(testCaseName: &quot;valid&quot;, expectedResult: &quot;4&quot;, _: &quot;4&quot;, fileContent: &quot;pid:087499704 hgt:74in ecl:grn iyr:2012 eyr:2030 b&quot;...)" computerName="LAPTOP-35RG0TO8" duration="00:00:00.0191411" startTime="2020-12-18T23:39:15.5051934+01:00" endTime="2020-12-18T23:39:15.5051936+01:00" testType="13cdc9d9-ddb5-4fa4-a97d-d965ccfc6d4b" outcome="Passed" testListId="8c84fa94-04c1-424b-9868-57a2d4851a1d" relativeResultsDirectory="db7a93d6-ae01-49ee-a298-e9c0be005366" />
    <UnitTestResult executionId="8bea8909-4669-4ac3-b8cb-3348f2e32ee0" testId="5b9149bb-3a0e-df91-0be0-26f9f7da6a9a" testName="_2020.Tests.Days.Day18Tests.Part1_Calculates_AsExpectedResult(testCase: &quot;1 + (2 * 3) + (4 * (5 + 6))&quot;, expectedResult: 51)" computerName="LAPTOP-35RG0TO8" duration="00:00:00.0002982" startTime="2020-12-18T23:39:15.5285430+01:00" endTime="2020-12-18T23:39:15.5285432+01:00" testType="13cdc9d9-ddb5-4fa4-a97d-d965ccfc6d4b" outcome="Passed" testListId="8c84fa94-04c1-424b-9868-57a2d4851a1d" relativeResultsDirectory="8bea8909-4669-4ac3-b8cb-3348f2e32ee0" />
    <UnitTestResult executionId="938135f0-7a2d-46c2-a738-f9a573e3288a" testId="de2d88b7-cfd9-036b-e718-618c36e4686c" testName="_2020.Tests.Days.Day4Tests.Part2(fileContent: &quot;eyr:2027\r\nhcl:#602927\r\nhgt:186cm byr:1939 iyr:&quot;...)" computerName="LAPTOP-35RG0TO8" duration="00:00:00.0061667" startTime="2020-12-18T23:39:15.5391600+01:00" endTime="2020-12-18T23:39:15.5391603+01:00" testType="13cdc9d9-ddb5-4fa4-a97d-d965ccfc6d4b" outcome="Passed" testListId="8c84fa94-04c1-424b-9868-57a2d4851a1d" relativeResultsDirectory="938135f0-7a2d-46c2-a738-f9a573e3288a">
      <Output>
        <StdOut>answer for part 2 is: 194</StdOut>
      </Output>
    </UnitTestResult>
    <UnitTestResult executionId="dd07e481-4464-44f6-9e8f-1290710b73c8" testId="db9d81cc-9f3b-68f2-2d29-410e4425b6d1" testName="_2020.Tests.Days.Day10Tests.Part2_Pack(testCaseName: &quot;example_small&quot;, _: &quot;12&quot;, expectedResult: &quot;4&quot;, fileContent: &quot;3\r\n4\r\n5\r\n8\r\n9\r\n10&quot;)" computerName="LAPTOP-35RG0TO8" duration="00:00:00.0000231" startTime="2020-12-18T23:39:15.5340807+01:00" endTime="2020-12-18T23:39:15.5340810+01:00" testType="13cdc9d9-ddb5-4fa4-a97d-d965ccfc6d4b" outcome="Passed" testListId="8c84fa94-04c1-424b-9868-57a2d4851a1d" relativeResultsDirectory="dd07e481-4464-44f6-9e8f-1290710b73c8" />
    <UnitTestResult executionId="5a559b26-27f6-46e6-a720-995dca728631" testId="6c7ab625-d6dc-0b1e-f7ad-fc94ba9002b5" testName="_2020.Tests.Days.Day18Tests.Part1_Calculates_AsExpectedResult(testCase: &quot;1 + 2 * 3 + 4 * 5 + 6&quot;, expectedResult: 71)" computerName="LAPTOP-35RG0TO8" duration="00:00:00.0001076" startTime="2020-12-18T23:39:15.5338990+01:00" endTime="2020-12-18T23:39:15.5338995+01:00" testType="13cdc9d9-ddb5-4fa4-a97d-d965ccfc6d4b" outcome="Passed" testListId="8c84fa94-04c1-424b-9868-57a2d4851a1d" relativeResultsDirectory="5a559b26-27f6-46e6-a720-995dca728631" />
    <UnitTestResult executionId="44693eba-ce8b-4314-bec7-65fb7a0bae09" testId="d87515a5-cd25-21bb-1381-51ed2081f274" testName="_2020.Tests.Days.Day8Tests.Part2_Pack(testCaseName: &quot;example1&quot;, _: &quot;5&quot;, expectedResult: &quot;8&quot;, fileContent: &quot;nop +0\r\nacc +1\r\njmp +4\r\nacc +3\r\njmp -3\r\n&quot;...)" computerName="LAPTOP-35RG0TO8" duration="00:00:00.0153931" startTime="2020-12-18T23:39:15.4450357+01:00" endTime="2020-12-18T23:39:15.4450359+01:00" testType="13cdc9d9-ddb5-4fa4-a97d-d965ccfc6d4b" outcome="Passed" testListId="8c84fa94-04c1-424b-9868-57a2d4851a1d" relativeResultsDirectory="44693eba-ce8b-4314-bec7-65fb7a0bae09" />
    <UnitTestResult executionId="2c21b80c-826b-4d4d-90e2-b5735812a2b0" testId="59db20d0-347c-a453-444e-683e23e9a040" testName="_2020.Tests.Days.Day15Tests.Part1_pack(testCaseName: &quot;example5&quot;, expectedResult: &quot;78&quot;, _: &quot;6895259&quot;, fileContent: &quot;2,3,1&quot;)" computerName="LAPTOP-35RG0TO8" duration="00:00:00.0003000" startTime="2020-12-18T23:39:15.5160793+01:00" endTime="2020-12-18T23:39:15.5160802+01:00" testType="13cdc9d9-ddb5-4fa4-a97d-d965ccfc6d4b" outcome="Passed" testListId="8c84fa94-04c1-424b-9868-57a2d4851a1d" relativeResultsDirectory="2c21b80c-826b-4d4d-90e2-b5735812a2b0" />
    <UnitTestResult executionId="938f1d97-fd2a-4641-aa00-c33a27314060" testId="7505053a-8388-b504-70a1-f4bcc9da9d25" testName="_2020.Tests.Days.Day4Tests.Part1_pack(testCaseName: &quot;invalid&quot;, expectedResult: &quot;4&quot;, _: &quot;0&quot;, fileContent: &quot;eyr:1972 cid:100\r\nhcl:#18171d ecl:amb hgt:170 pi&quot;...)" computerName="LAPTOP-35RG0TO8" duration="00:00:00.0000719" startTime="2020-12-18T23:39:15.5052241+01:00" endTime="2020-12-18T23:39:15.5052242+01:00" testType="13cdc9d9-ddb5-4fa4-a97d-d965ccfc6d4b" outcome="Passed" testListId="8c84fa94-04c1-424b-9868-57a2d4851a1d" relativeResultsDirectory="938f1d97-fd2a-4641-aa00-c33a27314060" />
    <UnitTestResult executionId="f2639f18-6ee4-48b5-8e71-f53ccef2b04f" testId="de573764-ea0d-8509-05be-8709ab895a61" testName="_2020.Tests.Days.Day4Tests.Part1(fileContent: &quot;eyr:2027\r\nhcl:#602927\r\nhgt:186cm byr:1939 iyr:&quot;...)" computerName="LAPTOP-35RG0TO8" duration="00:00:00.0020929" startTime="2020-12-18T23:39:15.5341489+01:00" endTime="2020-12-18T23:39:15.5341493+01:00" testType="13cdc9d9-ddb5-4fa4-a97d-d965ccfc6d4b" outcome="Passed" testListId="8c84fa94-04c1-424b-9868-57a2d4851a1d" relativeResultsDirectory="f2639f18-6ee4-48b5-8e71-f53ccef2b04f">
      <Output>
        <StdOut>answer for part 1 is: 235</StdOut>
      </Output>
    </UnitTestResult>
  </Results>
  <TestDefinitions>
    <UnitTest name="_2020.Tests.Days.Day9Tests.Part1_pack(testCaseName: &quot;example1&quot;, expectedResult: &quot;127&quot;, preamble: &quot;5&quot;, _: &quot;62&quot;, fileContent: &quot;35\r\n20\r\n15\r\n25\r\n47\r\n40\r\n62\r\n55\r\n65&quot;...)" storage="c:\workspace\github\adventofcode\2020.tests\bin\debug\netcoreapp3.1\2020.tests.dll" id="4dc9e345-1e1c-7c56-ffd6-51f432d6c33b">
      <Execution id="c844c95e-cb41-45ba-82d5-327dd4da89d0" />
      <TestMethod codeBase="C:\Workspace\GitHub\AdventOfCode\2020.Tests\bin\Debug\netcoreapp3.1\2020.Tests.dll" adapterTypeName="executor://xunit/VsTestRunner2/netcoreapp" className="_2020.Tests.Days.Day9Tests" name="Part1_pack" />
    </UnitTest>
    <UnitTest name="_2020.Tests.Days.Day7Tests.Part2_Pack(testCaseName: &quot;example2&quot;, _: &quot;&quot;, expectedResult: &quot;126&quot;, fileContent: &quot;shiny gold bags contain 2 dark red bags.\r\ndark r&quot;...)" storage="c:\workspace\github\adventofcode\2020.tests\bin\debug\netcoreapp3.1\2020.tests.dll" id="844a928f-443a-c27a-8ee8-10b193eadc8b">
      <Execution id="59a8a17f-8a0d-4a65-8d7c-aa0a73ab3104" />
      <TestMethod codeBase="C:\Workspace\GitHub\AdventOfCode\2020.Tests\bin\Debug\netcoreapp3.1\2020.Tests.dll" adapterTypeName="executor://xunit/VsTestRunner2/netcoreapp" className="_2020.Tests.Days.Day7Tests" name="Part2_Pack" />
    </UnitTest>
    <UnitTest name="_2020.Tests.Days.Day18Tests.Part2_Calculates_AsExpectedResult(testCase: &quot;5 + (8 * 3 + 9 + 3 * 4 * 3)&quot;, expectedResult: 1445)" storage="c:\workspace\github\adventofcode\2020.tests\bin\debug\netcoreapp3.1\2020.tests.dll" id="8616f313-0874-0a03-7810-4f3d3de80c81">
      <Execution id="43438707-9b07-431f-b10c-80bd1691c290" />
      <TestMethod codeBase="C:\Workspace\GitHub\AdventOfCode\2020.Tests\bin\Debug\netcoreapp3.1\2020.Tests.dll" adapterTypeName="executor://xunit/VsTestRunner2/netcoreapp" className="_2020.Tests.Days.Day18Tests" name="Part2_Calculates_AsExpectedResult" />
    </UnitTest>
    <UnitTest name="_2020.Tests.Days.Day17Tests.Part2_Pack(testCaseName: &quot;example1&quot;, _: &quot;112&quot;, expectedResult: &quot;848&quot;, fileContent: &quot;.#.\r\n..#\r\n###&quot;)" storage="c:\workspace\github\adventofcode\2020.tests\bin\debug\netcoreapp3.1\2020.tests.dll" id="babf93f6-1c89-9c1d-499b-7212ab41b8fb">
      <Execution id="fea2e1a9-ec14-4c72-9cc2-c523681a0df6" />
      <TestMethod codeBase="C:\Workspace\GitHub\AdventOfCode\2020.Tests\bin\Debug\netcoreapp3.1\2020.Tests.dll" adapterTypeName="executor://xunit/VsTestRunner2/netcoreapp" className="_2020.Tests.Days.Day17Tests" name="Part2_Pack" />
    </UnitTest>
    <UnitTest name="_2020.Tests.Days.Day11Tests.Part1_pack(testCaseName: &quot;example1&quot;, expectedResult: &quot;37&quot;, _: &quot;26&quot;, fileContent: &quot;L.LL.LL.LL\r\nLLLLLLL.LL\r\nL.L.L..L..\r\nLLLL.LL.&quot;...)" storage="c:\workspace\github\adventofcode\2020.tests\bin\debug\netcoreapp3.1\2020.tests.dll" id="9f0ccaf6-c07d-b20e-be6b-7733f88e5aab">
      <Execution id="e31c7ed7-6485-4509-ba48-83698a0dd293" />
      <TestMethod codeBase="C:\Workspace\GitHub\AdventOfCode\2020.Tests\bin\Debug\netcoreapp3.1\2020.Tests.dll" adapterTypeName="executor://xunit/VsTestRunner2/netcoreapp" className="_2020.Tests.Days.Day11Tests" name="Part1_pack" />
    </UnitTest>
    <UnitTest name="_2020.Tests.Days.Day10Tests.Part1_pack(testCaseName: &quot;example1&quot;, expectedResult: &quot;35&quot;, _: &quot;8&quot;, fileContent: &quot;16\r\n10\r\n15\r\n5\r\n1\r\n11\r\n7\r\n19\r\n6\r\n&quot;...)" storage="c:\workspace\github\adventofcode\2020.tests\bin\debug\netcoreapp3.1\2020.tests.dll" id="4d95249a-c4ec-74a6-909c-c074eed39474">
      <Execution id="af414876-785f-468f-a9a1-4f20f3596df7" />
      <TestMethod codeBase="C:\Workspace\GitHub\AdventOfCode\2020.Tests\bin\Debug\netcoreapp3.1\2020.Tests.dll" adapterTypeName="executor://xunit/VsTestRunner2/netcoreapp" className="_2020.Tests.Days.Day10Tests" name="Part1_pack" />
    </UnitTest>
    <UnitTest name="_2020.Tests.Days.Day15Tests.Part2_Pack(testCaseName: &quot;example1&quot;, _: &quot;436&quot;, expectedResult: &quot;175594&quot;, fileContent: &quot;0,3,6&quot;)" storage="c:\workspace\github\adventofcode\2020.tests\bin\debug\netcoreapp3.1\2020.tests.dll" id="5a6838e8-c034-4ac2-cf4a-650d8f91ee6f">
      <Execution id="4ad79215-3287-48fb-92fd-b623d319235d" />
      <TestMethod codeBase="C:\Workspace\GitHub\AdventOfCode\2020.Tests\bin\Debug\netcoreapp3.1\2020.Tests.dll" adapterTypeName="executor://xunit/VsTestRunner2/netcoreapp" className="_2020.Tests.Days.Day15Tests" name="Part2_Pack" />
    </UnitTest>
    <UnitTest name="_2020.Tests.Days.Day18Tests.Part1_Calculates_AsExpectedResult(testCase: &quot;5 * 9 * (7 * 3 * 3 + 9 * 3 + (8 + 6 * 4))&quot;, expectedResult: 12240)" storage="c:\workspace\github\adventofcode\2020.tests\bin\debug\netcoreapp3.1\2020.tests.dll" id="ec7478bc-4a20-3d74-98c7-efac9e3c0b10">
      <Execution id="f68f1afa-c625-4416-8279-699055b7b517" />
      <TestMethod codeBase="C:\Workspace\GitHub\AdventOfCode\2020.Tests\bin\Debug\netcoreapp3.1\2020.Tests.dll" adapterTypeName="executor://xunit/VsTestRunner2/netcoreapp" className="_2020.Tests.Days.Day18Tests" name="Part1_Calculates_AsExpectedResult" />
    </UnitTest>
    <UnitTest name="_2020.Tests.Days.Day3Tests.Part2_TC3(fileContent: &quot;..##.......\r\n#...#...#..\r\n.#....#..#.\r\n..#.#&quot;...)" storage="c:\workspace\github\adventofcode\2020.tests\bin\debug\netcoreapp3.1\2020.tests.dll" id="9d63c5ca-cd81-dfa2-45c3-bef99b47c927">
      <Execution id="00fef03c-c82c-4518-b129-988138b453b2" />
      <TestMethod codeBase="C:\Workspace\GitHub\AdventOfCode\2020.Tests\bin\Debug\netcoreapp3.1\2020.Tests.dll" adapterTypeName="executor://xunit/VsTestRunner2/netcoreapp" className="_2020.Tests.Days.Day3Tests" name="Part2_TC3" />
    </UnitTest>
    <UnitTest name="_2020.Tests.Days.Day5Tests.Part1_pack(testCaseName: &quot;example1&quot;, expectedResult: &quot;820&quot;, _: &quot;&quot;, fileContent: &quot;BFFFBBFRRR\r\nFFFBBBFRRR\r\nBBFFBBFRLL&quot;)" storage="c:\workspace\github\adventofcode\2020.tests\bin\debug\netcoreapp3.1\2020.tests.dll" id="de8b5722-7c80-d4eb-b97c-ebe57717fb6c">
      <Execution id="be64716d-d0f3-48cd-a81e-f4be758a78e2" />
      <TestMethod codeBase="C:\Workspace\GitHub\AdventOfCode\2020.Tests\bin\Debug\netcoreapp3.1\2020.Tests.dll" adapterTypeName="executor://xunit/VsTestRunner2/netcoreapp" className="_2020.Tests.Days.Day5Tests" name="Part1_pack" />
    </UnitTest>
    <UnitTest name="_2020.Tests.Days.Day10Tests.Part2_Pack(testCaseName: &quot;puzzleinput&quot;, _: &quot;2059&quot;, expectedResult: &quot;86812553324672&quot;, fileContent: &quot;77\r\n58\r\n25\r\n92\r\n14\r\n154\r\n105\r\n112\r\&quot;...)" storage="c:\workspace\github\adventofcode\2020.tests\bin\debug\netcoreapp3.1\2020.tests.dll" id="2cc010d6-e101-5b64-2847-d92eb3aca667">
      <Execution id="bb4d928f-4884-460c-8989-6952887d1513" />
      <TestMethod codeBase="C:\Workspace\GitHub\AdventOfCode\2020.Tests\bin\Debug\netcoreapp3.1\2020.Tests.dll" adapterTypeName="executor://xunit/VsTestRunner2/netcoreapp" className="_2020.Tests.Days.Day10Tests" name="Part2_Pack" />
    </UnitTest>
    <UnitTest name="_2020.Tests.Days.Day16Tests.Part1_pack(testCaseName: &quot;example1&quot;, expectedResult: &quot;71&quot;, _: &quot;0&quot;, fileContent: &quot;class: 1-3 or 5-7\r\nrow: 6-11 or 33-44\r\nseat: 1&quot;...)" storage="c:\workspace\github\adventofcode\2020.tests\bin\debug\netcoreapp3.1\2020.tests.dll" id="0d9d879c-a85a-bdc6-b8ff-9a6ab509a103">
      <Execution id="5260f4e1-d5a0-4f23-83e4-c5650c2292a5" />
      <TestMethod codeBase="C:\Workspace\GitHub\AdventOfCode\2020.Tests\bin\Debug\netcoreapp3.1\2020.Tests.dll" adapterTypeName="executor://xunit/VsTestRunner2/netcoreapp" className="_2020.Tests.Days.Day16Tests" name="Part1_pack" />
    </UnitTest>
    <UnitTest name="_2020.Tests.Days.Day15Tests.Part2_Pack(testCaseName: &quot;example3&quot;, _: &quot;10&quot;, expectedResult: &quot;3544142&quot;, fileContent: &quot;2,1,3&quot;)" storage="c:\workspace\github\adventofcode\2020.tests\bin\debug\netcoreapp3.1\2020.tests.dll" id="6d960990-c3fd-9f28-bdad-0681fd0a7d6b">
      <Execution id="a763bba3-644e-45e0-8972-c4b0044a7407" />
      <TestMethod codeBase="C:\Workspace\GitHub\AdventOfCode\2020.Tests\bin\Debug\netcoreapp3.1\2020.Tests.dll" adapterTypeName="executor://xunit/VsTestRunner2/netcoreapp" className="_2020.Tests.Days.Day15Tests" name="Part2_Pack" />
    </UnitTest>
    <UnitTest name="_2020.Tests.Days.Day17Tests.Part1_pack(testCaseName: &quot;example1&quot;, expectedResult: &quot;112&quot;, _: &quot;848&quot;, fileContent: &quot;.#.\r\n..#\r\n###&quot;)" storage="c:\workspace\github\adventofcode\2020.tests\bin\debug\netcoreapp3.1\2020.tests.dll" id="90e894cc-e9f5-0b66-7327-41b15f453ed9">
      <Execution id="5eef6164-b466-4f6b-873c-7e9fa8d407ca" />
      <TestMethod codeBase="C:\Workspace\GitHub\AdventOfCode\2020.Tests\bin\Debug\netcoreapp3.1\2020.Tests.dll" adapterTypeName="executor://xunit/VsTestRunner2/netcoreapp" className="_2020.Tests.Days.Day17Tests" name="Part1_pack" />
    </UnitTest>
    <UnitTest name="_2020.Tests.Days.Day7Tests.Part2_Pack(testCaseName: &quot;puzzleinput&quot;, _: &quot;335&quot;, expectedResult: &quot;2431&quot;, fileContent: &quot;dim silver bags contain 3 posh fuchsia bags.\r\nwa&quot;...)" storage="c:\workspace\github\adventofcode\2020.tests\bin\debug\netcoreapp3.1\2020.tests.dll" id="bdaba18c-2c59-04ae-e240-7ebf7e7a64fb">
      <Execution id="b5ec4cb1-a933-48e5-a128-550c6e447375" />
      <TestMethod codeBase="C:\Workspace\GitHub\AdventOfCode\2020.Tests\bin\Debug\netcoreapp3.1\2020.Tests.dll" adapterTypeName="executor://xunit/VsTestRunner2/netcoreapp" className="_2020.Tests.Days.Day7Tests" name="Part2_Pack" />
    </UnitTest>
    <UnitTest name="_2020.Tests.Days.Day4Tests.Part1_pack(testCaseName: &quot;valid&quot;, expectedResult: &quot;4&quot;, _: &quot;4&quot;, fileContent: &quot;pid:087499704 hgt:74in ecl:grn iyr:2012 eyr:2030 b&quot;...)" storage="c:\workspace\github\adventofcode\2020.tests\bin\debug\netcoreapp3.1\2020.tests.dll" id="8aed83a5-1388-ee14-1e01-687801be888e">
      <Execution id="db7a93d6-ae01-49ee-a298-e9c0be005366" />
      <TestMethod codeBase="C:\Workspace\GitHub\AdventOfCode\2020.Tests\bin\Debug\netcoreapp3.1\2020.Tests.dll" adapterTypeName="executor://xunit/VsTestRunner2/netcoreapp" className="_2020.Tests.Days.Day4Tests" name="Part1_pack" />
    </UnitTest>
    <UnitTest name="_2020.Tests.Days.Day10Tests.Part1_pack(testCaseName: &quot;puzzleinput&quot;, expectedResult: &quot;2059&quot;, _: &quot;86812553324672&quot;, fileContent: &quot;77\r\n58\r\n25\r\n92\r\n14\r\n154\r\n105\r\n112\r\&quot;...)" storage="c:\workspace\github\adventofcode\2020.tests\bin\debug\netcoreapp3.1\2020.tests.dll" id="0e0b30c5-6422-25c8-2172-d67c44a7d25d">
[...]
      <Execution id="498eb8ca-8ec4-48c8-9350-559f2cc9626c" />
      <TestMethod codeBase="C:\Workspace\GitHub\AdventOfCode\2020.Tests\bin\Debug\netcoreapp3.1\2020.Tests.dll" adapterTypeName="executor://xunit/VsTestRunner2/netcoreapp" className="_2020.Tests.Days.Day17Tests" name="Part1_pack" />
    </UnitTest>
    <UnitTest name="_2020.Tests.Days.Day11Tests.Part2_Pack(testCaseName: &quot;example1&quot;, _: &quot;37&quot;, expectedResult: &quot;26&quot;, fileContent: &quot;L.LL.LL.LL\r\nLLLLLLL.LL\r\nL.L.L..L..\r\nLLLL.LL.&quot;...)" storage="c:\workspace\github\adventofcode\2020.tests\bin\debug\netcoreapp3.1\2020.tests.dll" id="32ed6bd8-e0af-dd5c-7f74-96ea03b7cf74">
      <Execution id="de3d403d-8a36-4ce4-a9c2-a0197a63824d" />
      <TestMethod codeBase="C:\Workspace\GitHub\AdventOfCode\2020.Tests\bin\Debug\netcoreapp3.1\2020.Tests.dll" adapterTypeName="executor://xunit/VsTestRunner2/netcoreapp" className="_2020.Tests.Days.Day11Tests" name="Part2_Pack" />
    </UnitTest>
    <UnitTest name="_2020.Tests.Days.Day3Tests.Part1_case2(fileContent: &quot;...\r\n#..&quot;)" storage="c:\workspace\github\adventofcode\2020.tests\bin\debug\netcoreapp3.1\2020.tests.dll" id="136cf6b3-49e2-8bb0-486f-d1f9a3983f12">
      <Execution id="6cd0751b-3eda-4e28-8c0f-c9cb545de36b" />
      <TestMethod codeBase="C:\Workspace\GitHub\AdventOfCode\2020.Tests\bin\Debug\netcoreapp3.1\2020.Tests.dll" adapterTypeName="executor://xunit/VsTestRunner2/netcoreapp" className="_2020.Tests.Days.Day3Tests" name="Part1_case2" />
    </UnitTest>
  </TestDefinitions>
  <TestEntries>
    <TestEntry testId="0b60d97b-b22a-43f0-3b65-c801f8f15e8d" executionId="809b50cf-a707-465e-ad6f-1aeeac386b91" testListId="8c84fa94-04c1-424b-9868-57a2d4851a1d" />
    <TestEntry testId="21cf7987-0bbe-7998-2a6a-b62be16638fd" executionId="830fb002-463a-4719-bada-5d25d2375e8f" testListId="8c84fa94-04c1-424b-9868-57a2d4851a1d" />
    <TestEntry testId="9c6adfa0-dd3c-9e72-a127-4e1805362479" executionId="4f7ce541-89d9-47ba-b706-ef79487ecf86" testListId="8c84fa94-04c1-424b-9868-57a2d4851a1d" />
    <TestEntry testId="b2758025-0ea6-8920-1ed3-b47e23fd5591" executionId="33936244-2de1-458b-9004-b0b3f7a17822" testListId="8c84fa94-04c1-424b-9868-57a2d4851a1d" />
    <TestEntry testId="2c83aeec-41f1-c9e6-9c5b-7d5ecf29ccdd" executionId="93358075-92fe-4e9c-8755-5e40aafad1c3" testListId="8c84fa94-04c1-424b-9868-57a2d4851a1d" />
    <TestEntry testId="0f9af31d-0f66-fa47-7811-06be3c347ad8" executionId="b031b72d-3c59-4aad-b6ce-db3febe1e810" testListId="8c84fa94-04c1-424b-9868-57a2d4851a1d" />
    <TestEntry testId="b75d5504-15c9-62e2-7727-b66d1b06fae6" executionId="738eb1f9-3a40-4dfa-9020-34bfd89a499e" testListId="8c84fa94-04c1-424b-9868-57a2d4851a1d" />
    <TestEntry testId="8146e86e-cd6b-cf36-e743-61cfc2778296" executionId="3f545ab2-3198-4bc7-a028-940616dc469b" testListId="8c84fa94-04c1-424b-9868-57a2d4851a1d" />
    <TestEntry testId="4884422f-a201-6166-d234-44d86f6dd8d3" executionId="9e8b4008-58b8-4367-8105-98a44529d5a4" testListId="8c84fa94-04c1-424b-9868-57a2d4851a1d" />
    <TestEntry testId="7deeee6f-5f68-e96c-55d2-19a70aab7c3d" executionId="82c827a9-3af7-445b-966c-cdc382f6f2c8" testListId="8c84fa94-04c1-424b-9868-57a2d4851a1d" />
    <TestEntry testId="3e90431b-d28c-c271-ef23-978dcb2898e8" executionId="95d30861-5454-465d-87c6-8a6da7f029f7" testListId="8c84fa94-04c1-424b-9868-57a2d4851a1d" />
    <TestEntry testId="43631560-4363-7ae1-1dad-8677710aa43a" executionId="a5cf53eb-bf79-488f-9ff5-e59565f0c4d3" testListId="8c84fa94-04c1-424b-9868-57a2d4851a1d" />
    <TestEntry testId="56b8ecc6-4451-516f-e6ef-1f4a55f10fe8" executionId="3ba0b14a-4c20-490c-ad3f-d4c5eb6033da" testListId="8c84fa94-04c1-424b-9868-57a2d4851a1d" />
    <TestEntry testId="5d9c47dd-439e-67ac-b1d4-8dc742348d44" executionId="ec4ba621-cb6b-4d4b-bda9-cdcc88389b88" testListId="8c84fa94-04c1-424b-9868-57a2d4851a1d" />
    <TestEntry testId="8616f313-0874-0a03-7810-4f3d3de80c81" executionId="43438707-9b07-431f-b10c-80bd1691c290" testListId="8c84fa94-04c1-424b-9868-57a2d4851a1d" />
    <TestEntry testId="ef12b05a-db9c-a4d1-6bf6-f50fcc998ceb" executionId="53798a4c-eb5f-4ef6-9cd7-b1891a4669f1" testListId="8c84fa94-04c1-424b-9868-57a2d4851a1d" />
    <TestEntry testId="4d95249a-c4ec-74a6-909c-c074eed39474" executionId="af414876-785f-468f-a9a1-4f20f3596df7" testListId="8c84fa94-04c1-424b-9868-57a2d4851a1d" />
    <TestEntry testId="db94a0d2-a22c-8314-89a3-1a38e815913a" executionId="9cd7ed5e-28a5-4084-a5cc-bcc7e7034d00" testListId="8c84fa94-04c1-424b-9868-57a2d4851a1d" />
    <TestEntry testId="2aa3cc9c-1e67-63fe-0e48-b59a2268710d" executionId="b13c75b1-850b-46a4-9522-0f046393d7c0" testListId="8c84fa94-04c1-424b-9868-57a2d4851a1d" />
    <TestEntry testId="d950a7c4-72e5-0b34-aa9c-ed718050682b" executionId="f14d3305-13a7-4328-be98-d1e6090dec88" testListId="8c84fa94-04c1-424b-9868-57a2d4851a1d" />
    <TestEntry testId="26f20c36-20b3-9005-cb04-ee3276a58fd4" executionId="9b9a28d3-e557-438c-8762-cb9477fa83e9" testListId="8c84fa94-04c1-424b-9868-57a2d4851a1d" />
    <TestEntry testId="0e0b30c5-6422-25c8-2172-d67c44a7d25d" executionId="f680316b-c820-4cbd-b82b-d7bb1623c057" testListId="8c84fa94-04c1-424b-9868-57a2d4851a1d" />
    <TestEntry testId="9cf0cba5-172e-c153-e796-92c43fe8b799" executionId="424bb33a-1bd7-40ba-a215-9fd5d7fbd72a" testListId="8c84fa94-04c1-424b-9868-57a2d4851a1d" />
    <TestEntry testId="e3b45518-8d0a-2cd6-89ed-a43178b94cdf" executionId="f4ec337d-b307-4c47-b824-a4b0891254d6" testListId="8c84fa94-04c1-424b-9868-57a2d4851a1d" />
    <TestEntry testId="36215da0-52f5-a57a-5cb4-ff033b29d94a" executionId="de0594fc-4edf-4832-87a3-415d6fc5e079" testListId="8c84fa94-04c1-424b-9868-57a2d4851a1d" />
    <TestEntry testId="6d960990-c3fd-9f28-bdad-0681fd0a7d6b" executionId="a763bba3-644e-45e0-8972-c4b0044a7407" testListId="8c84fa94-04c1-424b-9868-57a2d4851a1d" />
    <TestEntry testId="b27c9020-e789-a65d-c36f-5611503fe0b7" executionId="9f5cc154-507d-40ef-8ef7-f72b2bef46e1" testListId="8c84fa94-04c1-424b-9868-57a2d4851a1d" />
    <TestEntry testId="136cf6b3-49e2-8bb0-486f-d1f9a3983f12" executionId="6cd0751b-3eda-4e28-8c0f-c9cb545de36b" testListId="8c84fa94-04c1-424b-9868-57a2d4851a1d" />
    <TestEntry testId="2cc010d6-e101-5b64-2847-d92eb3aca667" executionId="bb4d928f-4884-460c-8989-6952887d1513" testListId="8c84fa94-04c1-424b-9868-57a2d4851a1d" />
    <TestEntry testId="f6865024-5e66-1a8c-8eaa-13d5eb300007" executionId="35a583ec-a6a7-4537-ba4a-bf6da92e31bc" testListId="8c84fa94-04c1-424b-9868-57a2d4851a1d" />
    <TestEntry testId="c1bf15e1-6fa1-858b-9ba8-a53ccc8ed266" executionId="e89fe48d-457f-4991-abb0-541603734c24" testListId="8c84fa94-04c1-424b-9868-57a2d4851a1d" />
    <TestEntry testId="31e4599a-6dad-6e73-df11-b7eddbe65212" executionId="7fa5cb9b-f6f4-484f-aa62-36849ef0a344" testListId="8c84fa94-04c1-424b-9868-57a2d4851a1d" />
    <TestEntry testId="6b95806a-569f-591e-33c5-cf371e97a169" executionId="78d16158-f214-4054-8b79-0a92c07bb28d" testListId="8c84fa94-04c1-424b-9868-57a2d4851a1d" />
    <TestEntry testId="7e2b291f-4d36-b74a-6972-5466517a8596" executionId="dea30d03-6cc6-428d-b698-b7328ceacc41" testListId="8c84fa94-04c1-424b-9868-57a2d4851a1d" />
    <TestEntry testId="4dc9e345-1e1c-7c56-ffd6-51f432d6c33b" executionId="c844c95e-cb41-45ba-82d5-327dd4da89d0" testListId="8c84fa94-04c1-424b-9868-57a2d4851a1d" />
    <TestEntry testId="90af8466-2ea2-b30d-8b80-8f3acbcf1032" executionId="929f489f-c8d8-489b-abcf-7e9cb749da4c" testListId="8c84fa94-04c1-424b-9868-57a2d4851a1d" />
    <TestEntry testId="ead7075b-f824-edda-74c3-54f68b078b04" executionId="d0a17b46-dbff-4948-8a1c-0df3197cdc08" testListId="8c84fa94-04c1-424b-9868-57a2d4851a1d" />
    <TestEntry testId="6c059688-c465-f5a5-7144-0e70ce180f19" executionId="71cf6814-c204-4432-9d1f-20eccb715398" testListId="8c84fa94-04c1-424b-9868-57a2d4851a1d" />
    <TestEntry testId="02ecd7ab-bcdf-e3ce-73c4-60d49e1f8cf1" executionId="08e94660-ba4f-4dbd-a7dc-1cfb693f6dd6" testListId="8c84fa94-04c1-424b-9868-57a2d4851a1d" />
    <TestEntry testId="0d9d879c-a85a-bdc6-b8ff-9a6ab509a103" executionId="5260f4e1-d5a0-4f23-83e4-c5650c2292a5" testListId="8c84fa94-04c1-424b-9868-57a2d4851a1d" />
    <TestEntry testId="ec5f10ca-3aba-60b0-6d4f-6390df8262d9" executionId="7aea1621-de08-45e6-a855-d570411c342c" testListId="8c84fa94-04c1-424b-9868-57a2d4851a1d" />
    <TestEntry testId="0ae8165c-5db8-2151-c07c-655806764c15" executionId="89284c6c-feb5-4ebb-a48e-13af1c88554e" testListId="8c84fa94-04c1-424b-9868-57a2d4851a1d" />
    <TestEntry testId="c8eb35de-3806-7a84-c356-ef8a1ba0e171" executionId="56b80c7a-08fe-4cc9-92e5-ed65b7f19285" testListId="8c84fa94-04c1-424b-9868-57a2d4851a1d" />
    <TestEntry testId="69421f74-dab9-7682-2157-83ab4af72623" executionId="cbdff7ae-9931-491a-b688-2193d787a4d8" testListId="8c84fa94-04c1-424b-9868-57a2d4851a1d" />
    <TestEntry testId="0a2c2f88-73a7-a432-398b-2f86564fd773" executionId="c93b4395-2472-4687-8476-ea5bf5ec294f" testListId="8c84fa94-04c1-424b-9868-57a2d4851a1d" />
    <TestEntry testId="5a6838e8-c034-4ac2-cf4a-650d8f91ee6f" executionId="4ad79215-3287-48fb-92fd-b623d319235d" testListId="8c84fa94-04c1-424b-9868-57a2d4851a1d" />
    <TestEntry testId="080b3b6b-2753-c9a6-9f1e-0b651fcd9c49" executionId="01009f0b-4a4d-4623-9a10-45a184a5a032" testListId="8c84fa94-04c1-424b-9868-57a2d4851a1d" />
    <TestEntry testId="5fa2b639-d7d3-7e54-f35e-518a5bab3568" executionId="498eb8ca-8ec4-48c8-9350-559f2cc9626c" testListId="8c84fa94-04c1-424b-9868-57a2d4851a1d" />
    <TestEntry testId="7df7f244-2fd3-a955-75ef-80b7d924f8e2" executionId="774d0d29-0419-4a90-9786-7e64b75358ea" testListId="8c84fa94-04c1-424b-9868-57a2d4851a1d" />
    <TestEntry testId="e7fe6284-3fcb-b9cb-9a4e-f74cf392b140" executionId="d0d93420-626b-4c07-921f-2187c98588c4" testListId="8c84fa94-04c1-424b-9868-57a2d4851a1d" />
    <TestEntry testId="3e8c6d43-8d09-84bb-a295-43059662202b" executionId="e72402d9-b53f-4815-a43a-bc0047f5a0f7" testListId="8c84fa94-04c1-424b-9868-57a2d4851a1d" />
    <TestEntry testId="5670067d-1cf3-a96b-1c13-3fd4f02d341b" executionId="b27e54a9-cf92-4cb7-aa1d-5c770f246ff3" testListId="8c84fa94-04c1-424b-9868-57a2d4851a1d" />
    <TestEntry testId="3313912d-5a78-642f-b1f1-ec6ce77d37ce" executionId="3eda9aa6-df55-4b1d-9053-fa6cad32257c" testListId="8c84fa94-04c1-424b-9868-57a2d4851a1d" />
    <TestEntry testId="d36ee119-83d8-bc35-7ac6-7f5ac328dab5" executionId="ff08b395-806f-4042-8207-8c2c3a2b48d8" testListId="8c84fa94-04c1-424b-9868-57a2d4851a1d" />
    <TestEntry testId="de8b5722-7c80-d4eb-b97c-ebe57717fb6c" executionId="be64716d-d0f3-48cd-a81e-f4be758a78e2" testListId="8c84fa94-04c1-424b-9868-57a2d4851a1d" />
    <TestEntry testId="32ed6bd8-e0af-dd5c-7f74-96ea03b7cf74" executionId="de3d403d-8a36-4ce4-a9c2-a0197a63824d" testListId="8c84fa94-04c1-424b-9868-57a2d4851a1d" />
    <TestEntry testId="67ca508f-a17c-3db3-c22c-394aa968c00c" executionId="e96c0572-333e-40b2-bd17-5223644de0e6" testListId="8c84fa94-04c1-424b-9868-57a2d4851a1d" />
    <TestEntry testId="bdaba18c-2c59-04ae-e240-7ebf7e7a64fb" executionId="b5ec4cb1-a933-48e5-a128-550c6e447375" testListId="8c84fa94-04c1-424b-9868-57a2d4851a1d" />
    <TestEntry testId="b73fc7b5-5c4f-ce2b-029f-5099fc932df8" executionId="ba4034ca-c491-4082-8f85-e95417f3d438" testListId="8c84fa94-04c1-424b-9868-57a2d4851a1d" />
    <TestEntry testId="16df4b72-a1be-7d8a-175c-1e6c5237fc4e" executionId="c587683a-0c7b-4cfe-adf1-943d0b949201" testListId="8c84fa94-04c1-424b-9868-57a2d4851a1d" />
    <TestEntry testId="d612b35d-eb74-c9d6-7c08-b6087fbf724b" executionId="8f64f793-f388-4fce-8a97-1093c579b4ed" testListId="8c84fa94-04c1-424b-9868-57a2d4851a1d" />
    <TestEntry testId="ea350fd8-4960-b90d-698c-7f319b46d10e" executionId="8fa80443-0017-4084-9243-d1d522622940" testListId="8c84fa94-04c1-424b-9868-57a2d4851a1d" />
    <TestEntry testId="04f07e51-e06f-f9ef-687e-27f8f50cd69c" executionId="4049c63f-4ded-4d10-8558-522af6f946fd" testListId="8c84fa94-04c1-424b-9868-57a2d4851a1d" />
    <TestEntry testId="f0d3000f-be7b-27df-36a0-5c04859590b9" executionId="98903f66-47d8-43a6-b5f2-6e0262e71329" testListId="8c84fa94-04c1-424b-9868-57a2d4851a1d" />
    <TestEntry testId="d07cd30b-d230-d13b-93e4-5f93de4f56b2" executionId="9e30feb3-e41c-42bb-ae0f-54b0ac0281fa" testListId="8c84fa94-04c1-424b-9868-57a2d4851a1d" />
    <TestEntry testId="9f0ccaf6-c07d-b20e-be6b-7733f88e5aab" executionId="e31c7ed7-6485-4509-ba48-83698a0dd293" testListId="8c84fa94-04c1-424b-9868-57a2d4851a1d" />
    <TestEntry testId="ec7478bc-4a20-3d74-98c7-efac9e3c0b10" executionId="f68f1afa-c625-4416-8279-699055b7b517" testListId="8c84fa94-04c1-424b-9868-57a2d4851a1d" />
    <TestEntry testId="216f5805-6dfd-d79f-4066-e2138129ea68" executionId="a4376239-e8f9-4b45-957e-2f70f32788e2" testListId="8c84fa94-04c1-424b-9868-57a2d4851a1d" />
    <TestEntry testId="02be2eb2-b9b7-27e5-1198-908b3671a59d" executionId="f8e28867-c8d6-45bd-96ba-ce81fb7e2c64" testListId="8c84fa94-04c1-424b-9868-57a2d4851a1d" />
    <TestEntry testId="9d63c5ca-cd81-dfa2-45c3-bef99b47c927" executionId="00fef03c-c82c-4518-b129-988138b453b2" testListId="8c84fa94-04c1-424b-9868-57a2d4851a1d" />
    <TestEntry testId="334e5607-9cdb-e672-5c7f-406da37d6d7e" executionId="1f1c94a8-fcfd-4d14-b3b4-96224f51706a" testListId="8c84fa94-04c1-424b-9868-57a2d4851a1d" />
    <TestEntry testId="821db9cf-a5c7-f686-a035-a78be04f731f" executionId="dc2c1be8-dae8-4e0d-9b19-b6dc0d7e9880" testListId="8c84fa94-04c1-424b-9868-57a2d4851a1d" />
    <TestEntry testId="2de34128-cf23-033a-0c60-b9a1ffa1dd89" executionId="1b4c332b-864a-491f-b77a-c9bbb2a2ed98" testListId="8c84fa94-04c1-424b-9868-57a2d4851a1d" />
    <TestEntry testId="9fcb3a2b-27f0-5f22-0206-56c0549b9a84" executionId="2e1682cf-87c4-4bcb-b2a8-101b1ac798b0" testListId="8c84fa94-04c1-424b-9868-57a2d4851a1d" />
    <TestEntry testId="fc6461b5-e450-3964-c0c6-8dde33d0fbf9" executionId="3e49b545-c8ae-4ece-b5f3-640cd91af83e" testListId="8c84fa94-04c1-424b-9868-57a2d4851a1d" />
    <TestEntry testId="dffdb84d-1db1-5f4c-67d3-f3140d14b547" executionId="51b98973-ba53-4ff8-bd92-fe9b78ba76dd" testListId="8c84fa94-04c1-424b-9868-57a2d4851a1d" />
    <TestEntry testId="375e425c-9b53-a326-01d6-888b92935a87" executionId="dd8e1699-48b1-4829-9a47-51739941a9ca" testListId="8c84fa94-04c1-424b-9868-57a2d4851a1d" />
    <TestEntry testId="c1b39591-e148-1ede-3450-ca36e80a70b0" executionId="b4300ce0-3f52-43fd-8e03-277559f6a5e0" testListId="8c84fa94-04c1-424b-9868-57a2d4851a1d" />
    <TestEntry testId="edfee89c-6991-817a-4b5f-507b7c5607c8" executionId="00c8d530-f725-45c2-a9f0-ecfb30364214" testListId="8c84fa94-04c1-424b-9868-57a2d4851a1d" />
    <TestEntry testId="01c6738e-928f-12e9-002b-a3010d7f109b" executionId="5d641123-06d0-49a0-80f5-2a05221e9ebe" testListId="8c84fa94-04c1-424b-9868-57a2d4851a1d" />
    <TestEntry testId="f628c761-3433-71e0-dc9a-7aeaf5162951" executionId="4bdf354d-0253-4905-a413-b36d0af353f9" testListId="8c84fa94-04c1-424b-9868-57a2d4851a1d" />
    <TestEntry testId="babf93f6-1c89-9c1d-499b-7212ab41b8fb" executionId="fea2e1a9-ec14-4c72-9cc2-c523681a0df6" testListId="8c84fa94-04c1-424b-9868-57a2d4851a1d" />
    <TestEntry testId="dce4b7c0-81f4-b41c-94b9-afb06d0ad99d" executionId="a10344f8-6b29-4545-991f-398ac58476e9" testListId="8c84fa94-04c1-424b-9868-57a2d4851a1d" />
    <TestEntry testId="159d3ea9-44fc-4aaa-9da0-18c06a48805e" executionId="e6d79c09-fd65-4021-a93a-48784b70ec94" testListId="8c84fa94-04c1-424b-9868-57a2d4851a1d" />
    <TestEntry testId="bfaca6be-0b52-deae-c673-4467abedb8b9" executionId="e05cd4cb-dce1-42f6-83e0-ca3febed3a85" testListId="8c84fa94-04c1-424b-9868-57a2d4851a1d" />
    <TestEntry testId="9b48be43-b6dc-ab4a-e9b5-a0f0a0083d37" executionId="0be96f1a-62b1-4abe-8f1f-ddebfb6d23c3" testListId="8c84fa94-04c1-424b-9868-57a2d4851a1d" />
    <TestEntry testId="844a928f-443a-c27a-8ee8-10b193eadc8b" executionId="59a8a17f-8a0d-4a65-8d7c-aa0a73ab3104" testListId="8c84fa94-04c1-424b-9868-57a2d4851a1d" />
    <TestEntry testId="5cb521d9-b508-87d2-d6b3-9430721a3a5b" executionId="cf5b6fb0-dc32-4d1d-945d-6d58e7a2586f" testListId="8c84fa94-04c1-424b-9868-57a2d4851a1d" />
    <TestEntry testId="f7e40ddb-a284-7426-9379-70e1c4cc7afa" executionId="76b9086b-74d7-4988-9573-5f01915e9599" testListId="8c84fa94-04c1-424b-9868-57a2d4851a1d" />
    <TestEntry testId="1bd4918e-984f-4b09-f089-8b165ff131a6" executionId="6354101b-c2a7-42b5-b181-c13130dae890" testListId="8c84fa94-04c1-424b-9868-57a2d4851a1d" />
    <TestEntry testId="26e5e629-8263-4046-5e10-c84b3539586e" executionId="e9c22c15-1291-48b4-9c13-3baf86b5b875" testListId="8c84fa94-04c1-424b-9868-57a2d4851a1d" />
    <TestEntry testId="99b22c00-0b2b-9e79-261c-dcb39b52aa8e" executionId="7f25da59-0c4b-4fad-940d-2455a45c8419" testListId="8c84fa94-04c1-424b-9868-57a2d4851a1d" />
    <TestEntry testId="b9a0883d-021b-16e7-be90-275f6000cc9d" executionId="ab06b917-c22e-41b2-9e06-795beea797b4" testListId="8c84fa94-04c1-424b-9868-57a2d4851a1d" />
    <TestEntry testId="90e894cc-e9f5-0b66-7327-41b15f453ed9" executionId="5eef6164-b466-4f6b-873c-7e9fa8d407ca" testListId="8c84fa94-04c1-424b-9868-57a2d4851a1d" />
    <TestEntry testId="ac7e7db2-01de-f348-0757-1a5540553b98" executionId="f5b4ce9e-f815-4ddd-83ef-e88f47ef3961" testListId="8c84fa94-04c1-424b-9868-57a2d4851a1d" />
    <TestEntry testId="1f5e50cb-54fd-2c1d-5c96-c69e9c09c257" executionId="7bc77009-59df-4578-9070-78522957481a" testListId="8c84fa94-04c1-424b-9868-57a2d4851a1d" />
    <TestEntry testId="9e27424c-7bf4-a54a-a23f-62f6c33d62bb" executionId="7c142e4a-2616-4769-ac2f-0944ea60fe52" testListId="8c84fa94-04c1-424b-9868-57a2d4851a1d" />
    <TestEntry testId="8aed83a5-1388-ee14-1e01-687801be888e" executionId="db7a93d6-ae01-49ee-a298-e9c0be005366" testListId="8c84fa94-04c1-424b-9868-57a2d4851a1d" />
    <TestEntry testId="5b9149bb-3a0e-df91-0be0-26f9f7da6a9a" executionId="8bea8909-4669-4ac3-b8cb-3348f2e32ee0" testListId="8c84fa94-04c1-424b-9868-57a2d4851a1d" />
    <TestEntry testId="de2d88b7-cfd9-036b-e718-618c36e4686c" executionId="938135f0-7a2d-46c2-a738-f9a573e3288a" testListId="8c84fa94-04c1-424b-9868-57a2d4851a1d" />
    <TestEntry testId="db9d81cc-9f3b-68f2-2d29-410e4425b6d1" executionId="dd07e481-4464-44f6-9e8f-1290710b73c8" testListId="8c84fa94-04c1-424b-9868-57a2d4851a1d" />
    <TestEntry testId="6c7ab625-d6dc-0b1e-f7ad-fc94ba9002b5" executionId="5a559b26-27f6-46e6-a720-995dca728631" testListId="8c84fa94-04c1-424b-9868-57a2d4851a1d" />
    <TestEntry testId="d87515a5-cd25-21bb-1381-51ed2081f274" executionId="44693eba-ce8b-4314-bec7-65fb7a0bae09" testListId="8c84fa94-04c1-424b-9868-57a2d4851a1d" />
    <TestEntry testId="59db20d0-347c-a453-444e-683e23e9a040" executionId="2c21b80c-826b-4d4d-90e2-b5735812a2b0" testListId="8c84fa94-04c1-424b-9868-57a2d4851a1d" />
    <TestEntry testId="7505053a-8388-b504-70a1-f4bcc9da9d25" executionId="938f1d97-fd2a-4641-aa00-c33a27314060" testListId="8c84fa94-04c1-424b-9868-57a2d4851a1d" />
    <TestEntry testId="de573764-ea0d-8509-05be-8709ab895a61" executionId="f2639f18-6ee4-48b5-8e71-f53ccef2b04f" testListId="8c84fa94-04c1-424b-9868-57a2d4851a1d" />
  </TestEntries>
  <TestLists>
    <TestList name="Wyniki, których nie ma na liście" id="8c84fa94-04c1-424b-9868-57a2d4851a1d" />
    <TestList name="Wszystkie załadowane wyniki" id="19431567-8539-422a-85d7-44ee4e166bda" />
  </TestLists>
  <ResultSummary outcome="Completed">
    <Counters total="106" executed="106" passed="106" failed="0" error="0" timeout="0" aborted="0" inconclusive="0" passedButRunAborted="0" notRunnable="0" notExecuted="0" disconnected="0" warning="0" completed="0" inProgress="0" pending="0" />
    <Output>
      <StdOut>[xUnit.net 00:00:00.00] xUnit.net VSTest Adapter v2.4.3+1b45f5407b (64-bit .NET Core 3.1.10)&#xD;
[xUnit.net 00:00:00.36]   Discovering: 2020.Tests&#xD;
[xUnit.net 00:00:00.46]   Discovered:  2020.Tests&#xD;
[xUnit.net 00:00:00.46]   Starting:    2020.Tests&#xD;
[xUnit.net 00:00:40.62]   Finished:    2020.Tests&#xD;
</StdOut>
    </Output>
  </ResultSummary>
</TestRun>