<?xml version="1.0" encoding="utf-8"?>
<TestRun id="8161ad65-0c0c-420c-a4fc-fdc698ad1bbb" name="pnaro@LAPTOP-35RG0TO8 2020-12-22 01:09:54" runUser="LAPTOP-35RG0TO8\pnaro" xmlns="http://microsoft.com/schemas/VisualStudio/TeamTest/2010">
  <Times creation="2020-12-22T01:09:54.3314144+01:00" queuing="2020-12-22T01:09:54.3314159+01:00" start="2020-12-22T01:09:53.0454468+01:00" finish="2020-12-22T01:10:35.6004682+01:00" />
  <TestSettings name="default" id="bb458fed-fda6-4054-9333-5a609b86fb64">
    <Deployment runDeploymentRoot="pnaro_LAPTOP-35RG0TO8_2020-12-22_01_09_54" />
  </TestSettings>
  <Results>
    <UnitTestResult executionId="b65e4fee-0518-44f8-a5b2-a802a21a23e1" testId="d36ee119-83d8-bc35-7ac6-7f5ac328dab5" testName="_2020.Tests.Days.Day3Tests.Move_Works(fileContent: &quot;.......\r\n...#...\r\n......#&quot;, coordinates: [0, 0, 3, 1], isTree: True)" computerName="LAPTOP-35RG0TO8" duration="00:00:00.0000110" startTime="2020-12-22T01:09:54.2919939+01:00" endTime="2020-12-22T01:09:54.2919946+01:00" testType="13cdc9d9-ddb5-4fa4-a97d-d965ccfc6d4b" outcome="Passed" testListId="8c84fa94-04c1-424b-9868-57a2d4851a1d" relativeResultsDirectory="b65e4fee-0518-44f8-a5b2-a802a21a23e1" />
    <UnitTestResult executionId="b304c26d-5912-4ddc-b388-98ca1faafa82" testId="5b9149bb-3a0e-df91-0be0-26f9f7da6a9a" testName="_2020.Tests.Days.Day18Tests.Part1_Calculates_AsExpectedResult(testCase: &quot;1 + (2 * 3) + (4 * (5 + 6))&quot;, expectedResult: 51)" computerName="LAPTOP-35RG0TO8" duration="00:00:00.0003548" startTime="2020-12-22T01:09:54.3222333+01:00" endTime="2020-12-22T01:09:54.3222337+01:00" testType="13cdc9d9-ddb5-4fa4-a97d-d965ccfc6d4b" outcome="Passed" testListId="8c84fa94-04c1-424b-9868-57a2d4851a1d" relativeResultsDirectory="b304c26d-5912-4ddc-b388-98ca1faafa82" />
    <UnitTestResult executionId="49435103-604f-46c0-b28b-8e90e56d56cf" testId="3e90431b-d28c-c271-ef23-978dcb2898e8" testName="_2020.Tests.Days.Day3Tests.Move_Works(fileContent: &quot;...\r\nX..&quot;, coordinates: [0, 0, 0, 1], isTree: False)" computerName="LAPTOP-35RG0TO8" duration="00:00:00.0180980" startTime="2020-12-22T01:09:54.2400585+01:00" endTime="2020-12-22T01:09:54.2400591+01:00" testType="13cdc9d9-ddb5-4fa4-a97d-d965ccfc6d4b" outcome="Passed" testListId="8c84fa94-04c1-424b-9868-57a2d4851a1d" relativeResultsDirectory="49435103-604f-46c0-b28b-8e90e56d56cf" />
    <UnitTestResult executionId="14b72cae-9273-47d6-a322-4c3e7753cae0" testId="5fa2b639-d7d3-7e54-f35e-518a5bab3568" testName="_2020.Tests.Days.Day17Tests.Part1_pack(testCaseName: &quot;puzzleinput&quot;, expectedResult: &quot;338&quot;, _: &quot;2440&quot;, fileContent: &quot;.#.##..#\r\n....#.##\r\n##.###..\r\n.#.#.###\r\n#.&quot;...)" computerName="LAPTOP-35RG0TO8" duration="00:00:00.1168344" startTime="2020-12-22T01:10:19.0014388+01:00" endTime="2020-12-22T01:10:19.0014503+01:00" testType="13cdc9d9-ddb5-4fa4-a97d-d965ccfc6d4b" outcome="Passed" testListId="8c84fa94-04c1-424b-9868-57a2d4851a1d" relativeResultsDirectory="14b72cae-9273-47d6-a322-4c3e7753cae0" />
    <UnitTestResult executionId="fcc30df7-96ff-48e7-be12-1d552d56fb88" testId="0d9d879c-a85a-bdc6-b8ff-9a6ab509a103" testName="_2020.Tests.Days.Day16Tests.Part1_pack(testCaseName: &quot;example1&quot;, expectedResult: &quot;71&quot;, _: &quot;0&quot;, fileContent: &quot;class: 1-3 or 5-7\r\nrow: 6-11 or 33-44\r\nseat: 1&quot;...)" computerName="LAPTOP-35RG0TO8" duration="00:00:00.0001841" startTime="2020-12-22T01:09:54.3223541+01:00" endTime="2020-12-22T01:09:54.3223545+01:00" testType="13cdc9d9-ddb5-4fa4-a97d-d965ccfc6d4b" outcome="Passed" testListId="8c84fa94-04c1-424b-9868-57a2d4851a1d" relativeResultsDirectory="fcc30df7-96ff-48e7-be12-1d552d56fb88" />
    <UnitTestResult executionId="4297fed9-ba1d-403a-a622-1e3ba6ef10dd" testId="d87515a5-cd25-21bb-1381-51ed2081f274" testName="_2020.Tests.Days.Day8Tests.Part2_Pack(testCaseName: &quot;example1&quot;, _: &quot;5&quot;, expectedResult: &quot;8&quot;, fileContent: &quot;nop +0\r\nacc +1\r\njmp +4\r\nacc +3\r\njmp -3\r\n&quot;...)" computerName="LAPTOP-35RG0TO8" duration="00:00:00.0091979" startTime="2020-12-22T01:09:54.3322514+01:00" endTime="2020-12-22T01:09:54.3322518+01:00" testType="13cdc9d9-ddb5-4fa4-a97d-d965ccfc6d4b" outcome="Passed" testListId="8c84fa94-04c1-424b-9868-57a2d4851a1d" relativeResultsDirectory="4297fed9-ba1d-403a-a622-1e3ba6ef10dd" />
    <UnitTestResult executionId="a53a6b05-db6d-4727-960d-d1b1290be3a8" testId="b75d5504-15c9-62e2-7727-b66d1b06fae6" testName="_2020.Tests.Days.Day18Tests.Part2_Calculates_AsExpectedResult(testCase: &quot;5 * 9 * (7 * 3 * 3 + 9 * 3 + (8 + 6 * 4))&quot;, expectedResult: 669060)" computerName="LAPTOP-35RG0TO8" duration="00:00:00.0006482" startTime="2020-12-22T01:09:54.3012688+01:00" endTime="2020-12-22T01:09:54.3012694+01:00" testType="13cdc9d9-ddb5-4fa4-a97d-d965ccfc6d4b" outcome="Passed" testListId="8c84fa94-04c1-424b-9868-57a2d4851a1d" relativeResultsDirectory="a53a6b05-db6d-4727-960d-d1b1290be3a8" />
    <UnitTestResult executionId="0a27824f-32bb-429e-bbb8-0cf1cceebe46" testId="90e894cc-e9f5-0b66-7327-41b15f453ed9" testName="_2020.Tests.Days.Day17Tests.Part1_pack(testCaseName: &quot;example1&quot;, expectedResult: &quot;112&quot;, _: &quot;848&quot;, fileContent: &quot;.#.\r\n..#\r\n###&quot;)" computerName="LAPTOP-35RG0TO8" duration="00:00:00.0278992" startTime="2020-12-22T01:10:19.0297263+01:00" endTime="2020-12-22T01:10:19.0297357+01:00" testType="13cdc9d9-ddb5-4fa4-a97d-d965ccfc6d4b" outcome="Passed" testListId="8c84fa94-04c1-424b-9868-57a2d4851a1d" relativeResultsDirectory="0a27824f-32bb-429e-bbb8-0cf1cceebe46" />
    <UnitTestResult executionId="4f445ffc-c737-4745-85d2-8fa1ffcfd50e" testId="4884422f-a201-6166-d234-44d86f6dd8d3" testName="_2020.Tests.Days.Day3Tests.Move_Works(fileContent: &quot;.......\r\n...X...\r\n......X&quot;, coordinates: [3, 1, 6, 2], isTree: False)" computerName="LAPTOP-35RG0TO8" duration="00:00:00.0000077" startTime="2020-12-22T01:09:54.2921403+01:00" endTime="2020-12-22T01:09:54.2921408+01:00" testType="13cdc9d9-ddb5-4fa4-a97d-d965ccfc6d4b" outcome="Passed" testListId="8c84fa94-04c1-424b-9868-57a2d4851a1d" relativeResultsDirectory="4f445ffc-c737-4745-85d2-8fa1ffcfd50e" />
    <UnitTestResult executionId="126c07a9-ffe4-4506-af8b-74a769afb2cb" testId="ead7075b-f824-edda-74c3-54f68b078b04" testName="_2020.Tests.Days.Day15Tests.Part2_Pack(testCaseName: &quot;example7&quot;, _: &quot;1836&quot;, expectedResult: &quot;362&quot;, fileContent: &quot;3,1,2&quot;)" computerName="LAPTOP-35RG0TO8" duration="00:00:04.0972973" startTime="2020-12-22T01:10:23.3921727+01:00" endTime="2020-12-22T01:10:23.3921786+01:00" testType="13cdc9d9-ddb5-4fa4-a97d-d965ccfc6d4b" outcome="Passed" testListId="8c84fa94-04c1-424b-9868-57a2d4851a1d" relativeResultsDirectory="126c07a9-ffe4-4506-af8b-74a769afb2cb" />
    <UnitTestResult executionId="036826d7-1a3d-4965-896f-0700f235ae26" testId="7e2b291f-4d36-b74a-6972-5466517a8596" testName="_2020.Tests.Days.Day10Tests.Part2_Pack(testCaseName: &quot;example2&quot;, _: &quot;220&quot;, expectedResult: &quot;19208&quot;, fileContent: &quot;28\r\n33\r\n18\r\n42\r\n31\r\n14\r\n46\r\n20\r\n48&quot;...)" computerName="LAPTOP-35RG0TO8" duration="00:00:00.0000287" startTime="2020-12-22T01:09:54.3656846+01:00" endTime="2020-12-22T01:09:54.3656858+01:00" testType="13cdc9d9-ddb5-4fa4-a97d-d965ccfc6d4b" outcome="Passed" testListId="8c84fa94-04c1-424b-9868-57a2d4851a1d" relativeResultsDirectory="036826d7-1a3d-4965-896f-0700f235ae26" />
    <UnitTestResult executionId="831c778b-a2fa-4d74-9cc8-05e45cdf2e43" testId="5670067d-1cf3-a96b-1c13-3fd4f02d341b" testName="_2020.Tests.Days.Day5Tests.Part2_Pack(testCaseName: &quot;mydata&quot;, _: &quot;998&quot;, expectedResult: &quot;676&quot;, fileContent: &quot;BFBBBBBLLR\r\nBBFFBBFRRL\r\nFBFBFFFRRL\r\nBBFFFBFR&quot;...)" computerName="LAPTOP-35RG0TO8" duration="00:00:00.0171817" startTime="2020-12-22T01:09:54.3467725+01:00" endTime="2020-12-22T01:09:54.3467731+01:00" testType="13cdc9d9-ddb5-4fa4-a97d-d965ccfc6d4b" outcome="Passed" testListId="8c84fa94-04c1-424b-9868-57a2d4851a1d" relativeResultsDirectory="831c778b-a2fa-4d74-9cc8-05e45cdf2e43" />
    <UnitTestResult executionId="56255676-938d-4795-a3e4-abc517d070a0" testId="3313912d-5a78-642f-b1f1-ec6ce77d37ce" testName="_2020.Tests.Days.Day18Tests.Part1_Calculates_AsExpectedResult(testCase: &quot;((2 + 4 * 9) * (6 + 9 * 8 + 6) + 6) + 2 + 4 * 2&quot;, expectedResult: 13632)" computerName="LAPTOP-35RG0TO8" duration="00:00:00.0004587" startTime="2020-12-22T01:09:54.3224099+01:00" endTime="2020-12-22T01:09:54.3224102+01:00" testType="13cdc9d9-ddb5-4fa4-a97d-d965ccfc6d4b" outcome="Passed" testListId="8c84fa94-04c1-424b-9868-57a2d4851a1d" relativeResultsDirectory="56255676-938d-4795-a3e4-abc517d070a0" />
    <UnitTestResult executionId="932f47b7-2e08-497a-a7db-35f957c19347" testId="5e9fd67a-100d-f0f8-28f8-739d3a791929" testName="_2020.Tests.Days.Day19Tests.Part1_pack(testCaseName: &quot;example2&quot;, expectedResult: &quot;3&quot;, _: &quot;12&quot;, fileContent: &quot;42: 9 14 | 10 1\r\n9: 14 27 | 1 26\r\n10: 23 14 | &quot;...)" computerName="LAPTOP-35RG0TO8" duration="00:00:00.0018842" startTime="2020-12-22T01:09:54.3398665+01:00" endTime="2020-12-22T01:09:54.3398669+01:00" testType="13cdc9d9-ddb5-4fa4-a97d-d965ccfc6d4b" outcome="Passed" testListId="8c84fa94-04c1-424b-9868-57a2d4851a1d" relativeResultsDirectory="932f47b7-2e08-497a-a7db-35f957c19347" />
    <UnitTestResult executionId="75dd0d3b-de24-413b-ab4f-ad76b608d1b0" testId="02ecd7ab-bcdf-e3ce-73c4-60d49e1f8cf1" testName="_2020.Tests.Days.Day12Tests.Part2_Pack(testCaseName: &quot;example1&quot;, _: &quot;25&quot;, expectedResult: &quot;286&quot;, fileContent: &quot;F10\r\nN3\r\nF7\r\nR90\r\nF11&quot;)" computerName="LAPTOP-35RG0TO8" duration="00:00:00.0000390" startTime="2020-12-22T01:09:54.2915130+01:00" endTime="2020-12-22T01:09:54.2915144+01:00" testType="13cdc9d9-ddb5-4fa4-a97d-d965ccfc6d4b" outcome="Passed" testListId="8c84fa94-04c1-424b-9868-57a2d4851a1d" relativeResultsDirectory="75dd0d3b-de24-413b-ab4f-ad76b608d1b0" />
    <UnitTestResult executionId="33390278-0e0f-4ed4-9e00-448580d080cf" testId="9cf0cba5-172e-c153-e796-92c43fe8b799" testName="_2020.Tests.Days.Day13Tests.Part2_Pack(testCaseName: &quot;puzzleinput&quot;, _: &quot;4135&quot;, expectedResult: &quot;640856202464541&quot;, fileContent: &quot;1011416\r\n41,x,x,x,x,x,x,x,x,x,x,x,x,x,x,x,x,x,x,&quot;...)" computerName="LAPTOP-35RG0TO8" duration="00:00:00.0655295" startTime="2020-12-22T01:09:54.3659988+01:00" endTime="2020-12-22T01:09:54.3659992+01:00" testType="13cdc9d9-ddb5-4fa4-a97d-d965ccfc6d4b" outcome="Passed" testListId="8c84fa94-04c1-424b-9868-57a2d4851a1d" relativeResultsDirectory="33390278-0e0f-4ed4-9e00-448580d080cf" />
    <UnitTestResult executionId="1ff3a6c2-8fa6-466e-a019-382d7caa5680" testId="59db20d0-347c-a453-444e-683e23e9a040" testName="_2020.Tests.Days.Day15Tests.Part1_pack(testCaseName: &quot;example5&quot;, expectedResult: &quot;78&quot;, _: &quot;6895259&quot;, fileContent: &quot;2,3,1&quot;)" computerName="LAPTOP-35RG0TO8" duration="00:00:00.0002996" startTime="2020-12-22T01:09:54.3692486+01:00" endTime="2020-12-22T01:09:54.3692491+01:00" testType="13cdc9d9-ddb5-4fa4-a97d-d965ccfc6d4b" outcome="Passed" testListId="8c84fa94-04c1-424b-9868-57a2d4851a1d" relativeResultsDirectory="1ff3a6c2-8fa6-466e-a019-382d7caa5680" />
    <UnitTestResult executionId="16fab7c7-481a-403f-8a81-382a45c60dfa" testId="2de34128-cf23-033a-0c60-b9a1ffa1dd89" testName="_2020.Tests.Days.Day15Tests.Part1_pack(testCaseName: &quot;example4&quot;, expectedResult: &quot;27&quot;, _: &quot;261214&quot;, fileContent: &quot;1,2,3&quot;)" computerName="LAPTOP-35RG0TO8" duration="00:00:00.0005655" startTime="2020-12-22T01:09:54.3695271+01:00" endTime="2020-12-22T01:09:54.3695277+01:00" testType="13cdc9d9-ddb5-4fa4-a97d-d965ccfc6d4b" outcome="Passed" testListId="8c84fa94-04c1-424b-9868-57a2d4851a1d" relativeResultsDirectory="16fab7c7-481a-403f-8a81-382a45c60dfa" />
    <UnitTestResult executionId="0c92718e-43e0-45e3-a4a2-82ead441b6d2" testId="f628c761-3433-71e0-dc9a-7aeaf5162951" testName="_2020.Tests.Days.Day18Tests.Part2_Calculates_AsExpectedResult(testCase: &quot;1 + (2 * 3) + (4 * (5 + 6))&quot;, expectedResult: 51)" computerName="LAPTOP-35RG0TO8" duration="00:00:00.0398615" startTime="2020-12-22T01:09:54.3009703+01:00" endTime="2020-12-22T01:09:54.3009716+01:00" testType="13cdc9d9-ddb5-4fa4-a97d-d965ccfc6d4b" outcome="Passed" testListId="8c84fa94-04c1-424b-9868-57a2d4851a1d" relativeResultsDirectory="0c92718e-43e0-45e3-a4a2-82ead441b6d2" />
    <UnitTestResult executionId="3b43baf3-4628-4877-88c8-0b2634be034f" testId="99b22c00-0b2b-9e79-261c-dcb39b52aa8e" testName="_2020.Tests.Days.Day3Tests.Part1(fileContent: &quot;.#.......#...........#.........\r\n..##.......#.#.&quot;...)" computerName="LAPTOP-35RG0TO8" duration="00:00:00.0007626" startTime="2020-12-22T01:09:54.3320720+01:00" endTime="2020-12-22T01:09:54.3320733+01:00" testType="13cdc9d9-ddb5-4fa4-a97d-d965ccfc6d4b" outcome="Passed" testListId="8c84fa94-04c1-424b-9868-57a2d4851a1d" relativeResultsDirectory="3b43baf3-4628-4877-88c8-0b2634be034f">
      <Output>
        <StdOut>answer for part 1 is: 209</StdOut>
      </Output>
    </UnitTestResult>
    <UnitTestResult executionId="f3c46fb0-03b1-4e8d-9068-921604dfcfe9" testId="9f0ccaf6-c07d-b20e-be6b-7733f88e5aab" testName="_2020.Tests.Days.Day11Tests.Part1_pack(testCaseName: &quot;example1&quot;, expectedResult: &quot;37&quot;, _: &quot;26&quot;, fileContent: &quot;L.LL.LL.LL\r\nLLLLLLL.LL\r\nL.L.L..L..\r\nLLLL.LL.&quot;...)" computerName="LAPTOP-35RG0TO8" duration="00:00:00.0004751" startTime="2020-12-22T01:09:56.9017302+01:00" endTime="2020-12-22T01:09:56.9017425+01:00" testType="13cdc9d9-ddb5-4fa4-a97d-d965ccfc6d4b" outcome="Passed" testListId="8c84fa94-04c1-424b-9868-57a2d4851a1d" relativeResultsDirectory="f3c46fb0-03b1-4e8d-9068-921604dfcfe9" />
    <UnitTestResult executionId="18e5acf6-822c-4e09-89be-530e57f8f100" testId="9fcb3a2b-27f0-5f22-0206-56c0549b9a84" testName="_2020.Tests.Days.Day6Tests.Part2_Pack(testCaseName: &quot;example1&quot;, _: &quot;11&quot;, expectedResult: &quot;6&quot;, fileContent: &quot;abc\r\n\r\na\r\nb\r\nc\r\n\r\nab\r\nac\r\n\r\na\r\&quot;...)" computerName="LAPTOP-35RG0TO8" duration="00:00:00.0235173" startTime="2020-12-22T01:09:54.3658940+01:00" endTime="2020-12-22T01:09:54.3658944+01:00" testType="13cdc9d9-ddb5-4fa4-a97d-d965ccfc6d4b" outcome="Passed" testListId="8c84fa94-04c1-424b-9868-57a2d4851a1d" relativeResultsDirectory="18e5acf6-822c-4e09-89be-530e57f8f100" />
    <UnitTestResult executionId="951925b6-b88d-43f4-a40f-0dcef17b629f" testId="0621e765-88ea-dc42-5665-bfda0b35c593" testName="_2020.Tests.Days.Day20Tests.Part1_example1(testCaseName: &quot;example&quot;, expectedResult: &quot;20899048083289&quot;, _: &quot;2&quot;, fileContent: &quot;Tile 2311:\r\n..##.#..#.\r\n##..#.....\r\n#...##..&quot;...)" computerName="LAPTOP-35RG0TO8" duration="00:00:00.0004323" startTime="2020-12-22T01:09:54.5077810+01:00" endTime="2020-12-22T01:09:54.5077827+01:00" testType="13cdc9d9-ddb5-4fa4-a97d-d965ccfc6d4b" outcome="Passed" testListId="8c84fa94-04c1-424b-9868-57a2d4851a1d" relativeResultsDirectory="951925b6-b88d-43f4-a40f-0dcef17b629f" />
    <UnitTestResult executionId="1a918a05-b188-43bd-a12d-42b1257491c7" testId="0a2c2f88-73a7-a432-398b-2f86564fd773" testName="_2020.Tests.Days.Day13Tests.Part1_pack(testCaseName: &quot;example1&quot;, expectedResult: &quot;295&quot;, _: &quot;1068781&quot;, fileContent: &quot;939\r\n7,13,x,x,59,x,31,19&quot;)" computerName="LAPTOP-35RG0TO8" duration="00:00:00.0000777" startTime="2020-12-22T01:09:54.3746659+01:00" endTime="2020-12-22T01:09:54.3746662+01:00" testType="13cdc9d9-ddb5-4fa4-a97d-d965ccfc6d4b" outcome="Passed" testListId="8c84fa94-04c1-424b-9868-57a2d4851a1d" relativeResultsDirectory="1a918a05-b188-43bd-a12d-42b1257491c7" />
    <UnitTestResult executionId="9fddf1c8-edd3-4c14-a3c6-3f2da29c949e" testId="67ca508f-a17c-3db3-c22c-394aa968c00c" testName="_2020.Tests.Days.Day15Tests.Part2_Pack(testCaseName: &quot;example6&quot;, _: &quot;438&quot;, expectedResult: &quot;18&quot;, fileContent: &quot;3,2,1&quot;)" computerName="LAPTOP-35RG0TO8" duration="00:00:06.7524557" startTime="2020-12-22T01:10:12.9348935+01:00" endTime="2020-12-22T01:10:12.9349031+01:00" testType="13cdc9d9-ddb5-4fa4-a97d-d965ccfc6d4b" outcome="Passed" testListId="8c84fa94-04c1-424b-9868-57a2d4851a1d" relativeResultsDirectory="9fddf1c8-edd3-4c14-a3c6-3f2da29c949e" />
    <UnitTestResult executionId="dda0ad0e-d39d-4a1b-adc9-6435e18fceba" testId="ec7478bc-4a20-3d74-98c7-efac9e3c0b10" testName="_2020.Tests.Days.Day18Tests.Part1_Calculates_AsExpectedResult(testCase: &quot;5 * 9 * (7 * 3 * 3 + 9 * 3 + (8 + 6 * 4))&quot;, expectedResult: 12240)" computerName="LAPTOP-35RG0TO8" duration="00:00:00.0003656" startTime="2020-12-22T01:09:54.3221454+01:00" endTime="2020-12-22T01:09:54.3221466+01:00" testType="13cdc9d9-ddb5-4fa4-a97d-d965ccfc6d4b" outcome="Passed" testListId="8c84fa94-04c1-424b-9868-57a2d4851a1d" relativeResultsDirectory="dda0ad0e-d39d-4a1b-adc9-6435e18fceba" />
    <UnitTestResult executionId="597b05c5-86da-4733-a157-3c612dd7ba1e" testId="b73fc7b5-5c4f-ce2b-029f-5099fc932df8" testName="_2020.Tests.Days.Day9Tests.Part1_pack(testCaseName: &quot;puzzleinput&quot;, expectedResult: &quot;41682220&quot;, preamble: &quot;25&quot;, _: &quot;5388976&quot;, fileContent: &quot;23\r\n3\r\n36\r\n14\r\n50\r\n8\r\n2\r\n44\r\n30\r\&quot;...)" computerName="LAPTOP-35RG0TO8" duration="00:00:00.0006707" startTime="2020-12-22T01:09:54.3086202+01:00" endTime="2020-12-22T01:09:54.3086205+01:00" testType="13cdc9d9-ddb5-4fa4-a97d-d965ccfc6d4b" outcome="Passed" testListId="8c84fa94-04c1-424b-9868-57a2d4851a1d" relativeResultsDirectory="597b05c5-86da-4733-a157-3c612dd7ba1e" />
    <UnitTestResult executionId="b18905bb-9375-49f3-9e63-bc7e421e5578" testId="de573764-ea0d-8509-05be-8709ab895a61" testName="_2020.Tests.Days.Day4Tests.Part1(fileContent: &quot;eyr:2027\r\nhcl:#602927\r\nhgt:186cm byr:1939 iyr:&quot;...)" computerName="LAPTOP-35RG0TO8" duration="00:00:00.0027077" startTime="2020-12-22T01:09:54.3290660+01:00" endTime="2020-12-22T01:09:54.3290694+01:00" testType="13cdc9d9-ddb5-4fa4-a97d-d965ccfc6d4b" outcome="Passed" testListId="8c84fa94-04c1-424b-9868-57a2d4851a1d" relativeResultsDirectory="b18905bb-9375-49f3-9e63-bc7e421e5578">
      <Output>
        <StdOut>answer for part 1 is: 235</StdOut>
      </Output>
    </UnitTestResult>
    <UnitTestResult executionId="9eeff4bc-df87-4f23-960a-61d8d421cbb3" testId="21cf7987-0bbe-7998-2a6a-b62be16638fd" testName="_2020.Tests.Days.Day16Tests.Part2_Pack(testCaseName: &quot;example2&quot;, _: &quot;0&quot;, expectedResult: &quot;1716&quot;, fileContent: &quot;departure class: 0-1 or 4-19\r\ndeparture row: 0-5&quot;...)" computerName="LAPTOP-35RG0TO8" duration="00:00:00.0606500" startTime="2020-12-22T01:09:54.3600932+01:00" endTime="2020-12-22T01:09:54.3600934+01:00" testType="13cdc9d9-ddb5-4fa4-a97d-d965ccfc6d4b" outcome="Passed" testListId="8c84fa94-04c1-424b-9868-57a2d4851a1d" relativeResultsDirectory="9eeff4bc-df87-4f23-960a-61d8d421cbb3" />
    <UnitTestResult executionId="47fb96de-91bf-445a-909f-400d217e4d8f" testId="0f9af31d-0f66-fa47-7811-06be3c347ad8" testName="_2020.Tests.Days.Day4Tests.Part2_Pack(testCaseName: &quot;invalid&quot;, _: &quot;4&quot;, expectedResult: &quot;0&quot;, fileContent: &quot;eyr:1972 cid:100\r\nhcl:#18171d ecl:amb hgt:170 pi&quot;...)" computerName="LAPTOP-35RG0TO8" duration="00:00:00.0104545" startTime="2020-12-22T01:09:54.3087740+01:00" endTime="2020-12-22T01:09:54.3087747+01:00" testType="13cdc9d9-ddb5-4fa4-a97d-d965ccfc6d4b" outcome="Passed" testListId="8c84fa94-04c1-424b-9868-57a2d4851a1d" relativeResultsDirectory="47fb96de-91bf-445a-909f-400d217e4d8f" />
    <UnitTestResult executionId="11a585b5-8cbf-42ae-874e-bdb105237d4d" testId="080b3b6b-2753-c9a6-9f1e-0b651fcd9c49" testName="_2020.Tests.Days.Day18Tests.Part2_Pack(testCaseName: &quot;puzzleinput&quot;, _: &quot;3885386961962&quot;, expectedResult: &quot;112899558798666&quot;, fileContent: &quot;2 + (2 + 6 * (4 * 5 * 8 * 7) + 3) * (9 + (4 * 3 * &quot;...)" computerName="LAPTOP-35RG0TO8" duration="00:00:00.0717403" startTime="2020-12-22T01:09:54.6540125+01:00" endTime="2020-12-22T01:09:54.6540156+01:00" testType="13cdc9d9-ddb5-4fa4-a97d-d965ccfc6d4b" outcome="Passed" testListId="8c84fa94-04c1-424b-9868-57a2d4851a1d" relativeResultsDirectory="11a585b5-8cbf-42ae-874e-bdb105237d4d" />
    <UnitTestResult executionId="76f6033b-a5ab-44cf-94fe-824763756739" testId="01c6738e-928f-12e9-002b-a3010d7f109b" testName="_2020.Tests.Days.Day8Tests.Part2_Pack(testCaseName: &quot;puzzleinput&quot;, _: &quot;2051&quot;, expectedResult: &quot;2304&quot;, fileContent: &quot;jmp +583\r\nacc +9\r\njmp +525\r\njmp +302\r\njmp &quot;...)" computerName="LAPTOP-35RG0TO8" duration="00:00:00.0210254" startTime="2020-12-22T01:09:54.3400417+01:00" endTime="2020-12-22T01:09:54.3400421+01:00" testType="13cdc9d9-ddb5-4fa4-a97d-d965ccfc6d4b" outcome="Passed" testListId="8c84fa94-04c1-424b-9868-57a2d4851a1d" relativeResultsDirectory="76f6033b-a5ab-44cf-94fe-824763756739" />
    <UnitTestResult executionId="2db75f1f-8121-4f8b-a4be-3c66b9e2b0da" testId="5cb521d9-b508-87d2-d6b3-9430721a3a5b" testName="_2020.Tests.Days.Day11Tests.Part2_Pack(testCaseName: &quot;puzzleinput&quot;, _: &quot;2310&quot;, expectedResult: &quot;2074&quot;, fileContent: &quot;LLLLLLLLLL.LLLLLLLL.LLLLLLLLLLLLL.LLLLL.LLLL.LL.L.&quot;...)" computerName="LAPTOP-35RG0TO8" duration="00:00:01.3606345" startTime="2020-12-22T01:09:55.5903765+01:00" endTime="2020-12-22T01:09:55.5903884+01:00" testType="13cdc9d9-ddb5-4fa4-a97d-d965ccfc6d4b" outcome="Passed" testListId="8c84fa94-04c1-424b-9868-57a2d4851a1d" relativeResultsDirectory="2db75f1f-8121-4f8b-a4be-3c66b9e2b0da" />
    <UnitTestResult executionId="81c9fe10-ea3f-4a60-8059-b6220cf28248" testId="0ae8165c-5db8-2151-c07c-655806764c15" testName="_2020.Tests.Days.Day6Tests.Part2_Pack(testCaseName: &quot;puzzleinput&quot;, _: &quot;6551&quot;, expectedResult: &quot;3358&quot;, fileContent: &quot;nvlyak\r\nnyvha\r\nyaen\r\nqynia\r\n\r\nkend\r\nen&quot;...)" computerName="LAPTOP-35RG0TO8" duration="00:00:00.0021116" startTime="2020-12-22T01:09:54.3694453+01:00" endTime="2020-12-22T01:09:54.3694459+01:00" testType="13cdc9d9-ddb5-4fa4-a97d-d965ccfc6d4b" outcome="Passed" testListId="8c84fa94-04c1-424b-9868-57a2d4851a1d" relativeResultsDirectory="81c9fe10-ea3f-4a60-8059-b6220cf28248" />
    <UnitTestResult executionId="9bd35e68-5230-458c-8c27-acd37a740c03" testId="3e8c6d43-8d09-84bb-a295-43059662202b" testName="_2020.Tests.Days.Day15Tests.Part1_pack(testCaseName: &quot;example7&quot;, expectedResult: &quot;1836&quot;, _: &quot;362&quot;, fileContent: &quot;3,1,2&quot;)" computerName="LAPTOP-35RG0TO8" duration="00:00:00.0002610" startTime="2020-12-22T01:09:54.3691755+01:00" endTime="2020-12-22T01:09:54.3691760+01:00" testType="13cdc9d9-ddb5-4fa4-a97d-d965ccfc6d4b" outcome="Passed" testListId="8c84fa94-04c1-424b-9868-57a2d4851a1d" relativeResultsDirectory="9bd35e68-5230-458c-8c27-acd37a740c03" />
    <UnitTestResult executionId="e7625876-b9db-419a-afdb-f6677b7f47ae" testId="8bad9a6e-64b2-6364-8b28-5b3c61b85444" testName="_2020.Tests.Days.Day19Tests.Part2_Pack(testCaseName: &quot;example2&quot;, _: &quot;3&quot;, expectedResult: &quot;12&quot;, fileContent: &quot;42: 9 14 | 10 1\r\n9: 14 27 | 1 26\r\n10: 23 14 | &quot;...)" computerName="LAPTOP-35RG0TO8" duration="00:00:00.0161284" startTime="2020-12-22T01:09:54.5376000+01:00" endTime="2020-12-22T01:09:54.5376041+01:00" testType="13cdc9d9-ddb5-4fa4-a97d-d965ccfc6d4b" outcome="Passed" testListId="8c84fa94-04c1-424b-9868-57a2d4851a1d" relativeResultsDirectory="e7625876-b9db-419a-afdb-f6677b7f47ae" />
    <UnitTestResult executionId="535afeb3-13c6-4f7d-b1b6-c84ebbc92987" testId="f0d3000f-be7b-27df-36a0-5c04859590b9" testName="_2020.Tests.Days.Day18Tests.Part1_pack(testCaseName: &quot;puzzleinput&quot;, expectedResult: &quot;3885386961962&quot;, _: &quot;112899558798666&quot;, fileContent: &quot;2 + (2 + 6 * (4 * 5 * 8 * 7) + 3) * (9 + (4 * 3 * &quot;...)" computerName="LAPTOP-35RG0TO8" duration="00:00:00.3412867" startTime="2020-12-22T01:09:54.5822156+01:00" endTime="2020-12-22T01:09:54.5822177+01:00" testType="13cdc9d9-ddb5-4fa4-a97d-d965ccfc6d4b" outcome="Passed" testListId="8c84fa94-04c1-424b-9868-57a2d4851a1d" relativeResultsDirectory="535afeb3-13c6-4f7d-b1b6-c84ebbc92987" />
    <UnitTestResult executionId="13d1b2f3-b594-4999-aa98-bb0bbb553d0f" testId="56b8ecc6-4451-516f-e6ef-1f4a55f10fe8" testName="_2020.Tests.Days.Day13Tests.Part2_Pack(testCaseName: &quot;example1&quot;, _: &quot;295&quot;, expectedResult: &quot;1068781&quot;, fileContent: &quot;939\r\n7,13,x,x,59,x,31,19&quot;)" computerName="LAPTOP-35RG0TO8" duration="00:00:00.0000854" startTime="2020-12-22T01:09:54.3690676+01:00" endTime="2020-12-22T01:09:54.3690686+01:00" testType="13cdc9d9-ddb5-4fa4-a97d-d965ccfc6d4b" outcome="Passed" testListId="8c84fa94-04c1-424b-9868-57a2d4851a1d" relativeResultsDirectory="13d1b2f3-b594-4999-aa98-bb0bbb553d0f" />
    <UnitTestResult executionId="df608051-c531-4c7a-899c-a1ad41d08835" testId="fc6461b5-e450-3964-c0c6-8dde33d0fbf9" testName="_2020.Tests.Days.Day4Tests.Part1Example(fileContent: &quot;ecl:gry pid:860033327 eyr:2020 hcl:#fffffd\r\nbyr:&quot;...)" computerName="LAPTOP-35RG0TO8" duration="00:00:00.0043047" startTime="2020-12-22T01:09:54.3260596+01:00" endTime="2020-12-22T01:09:54.3260608+01:00" testType="13cdc9d9-ddb5-4fa4-a97d-d965ccfc6d4b" outcome="Passed" testListId="8c84fa94-04c1-424b-9868-57a2d4851a1d" relativeResultsDirectory="df608051-c531-4c7a-899c-a1ad41d08835">
      <Output>
        <StdOut>answer for part 1 is: 2</StdOut>
      </Output>
    </UnitTestResult>
    <UnitTestResult executionId="c6cd9a11-bda9-464f-bb47-3b0b154fa986" testId="e3b45518-8d0a-2cd6-89ed-a43178b94cdf" testName="_2020.Tests.Days.Day9Tests.Part2_Pack(testCaseName: &quot;example1&quot;, _: &quot;127&quot;, preamble: &quot;5&quot;, expectedResult: &quot;62&quot;, fileContent: &quot;35\r\n20\r\n15\r\n25\r\n47\r\n40\r\n62\r\n55\r\n65&quot;...)" computerName="LAPTOP-35RG0TO8" duration="00:00:00.0000405" startTime="2020-12-22T01:09:54.3164755+01:00" endTime="2020-12-22T01:09:54.3164758+01:00" testType="13cdc9d9-ddb5-4fa4-a97d-d965ccfc6d4b" outcome="Passed" testListId="8c84fa94-04c1-424b-9868-57a2d4851a1d" relativeResultsDirectory="c6cd9a11-bda9-464f-bb47-3b0b154fa986" />
    <UnitTestResult executionId="2b90f14d-b490-41aa-91cc-7d267b86a044" testId="f6865024-5e66-1a8c-8eaa-13d5eb300007" testName="_2020.Tests.Days.Day6Tests.Part1_pack(testCaseName: &quot;puzzleinput&quot;, expectedResult: &quot;6551&quot;, _: &quot;3358&quot;, fileContent: &quot;nvlyak\r\nnyvha\r\nyaen\r\nqynia\r\n\r\nkend\r\nen&quot;...)" computerName="LAPTOP-35RG0TO8" duration="00:00:00.0184521" startTime="2020-12-22T01:09:54.3747240+01:00" endTime="2020-12-22T01:09:54.3747243+01:00" testType="13cdc9d9-ddb5-4fa4-a97d-d965ccfc6d4b" outcome="Passed" testListId="8c84fa94-04c1-424b-9868-57a2d4851a1d" relativeResultsDirectory="2b90f14d-b490-41aa-91cc-7d267b86a044" />
    <UnitTestResult executionId="de4bc484-0933-42c4-aab2-c8a5c4b9144e" testId="216f5805-6dfd-d79f-4066-e2138129ea68" testName="_2020.Tests.Days.Day5Tests.Part1_pack(testCaseName: &quot;mydata&quot;, expectedResult: &quot;998&quot;, _: &quot;676&quot;, fileContent: &quot;BFBBBBBLLR\r\nBBFFBBFRRL\r\nFBFBFFFRRL\r\nBBFFFBFR&quot;...)" computerName="LAPTOP-35RG0TO8" duration="00:00:00.0102417" startTime="2020-12-22T01:09:54.3325403+01:00" endTime="2020-12-22T01:09:54.3325407+01:00" testType="13cdc9d9-ddb5-4fa4-a97d-d965ccfc6d4b" outcome="Passed" testListId="8c84fa94-04c1-424b-9868-57a2d4851a1d" relativeResultsDirectory="de4bc484-0933-42c4-aab2-c8a5c4b9144e" />
    <UnitTestResult executionId="d964c23d-db95-459a-8a47-9b09dfd76f18" testId="2457c214-d49a-003d-4e5f-ffc3d1c0b075" testName="_2020.Tests.Days.Day19Tests.Part2_Pack(testCaseName: &quot;puzzleexample&quot;, _: &quot;147&quot;, expectedResult: &quot;263&quot;, fileContent: &quot;90: 86 86\r\n122: 86 1 | 99 20\r\n116: 86 58 | 99 &quot;...)" computerName="LAPTOP-35RG0TO8" duration="00:00:00.2451543" startTime="2020-12-22T01:09:54.5180928+01:00" endTime="2020-12-22T01:09:54.5180949+01:00" testType="13cdc9d9-ddb5-4fa4-a97d-d965ccfc6d4b" outcome="Passed" testListId="8c84fa94-04c1-424b-9868-57a2d4851a1d" relativeResultsDirectory="d964c23d-db95-459a-8a47-9b09dfd76f18" />
    <UnitTestResult executionId="ef475765-27e1-4378-8401-4b77f41e8264" testId="b2758025-0ea6-8920-1ed3-b47e23fd5591" testName="_2020.Tests.Days.Day10Tests.Part2_Pack(testCaseName: &quot;example1&quot;, _: &quot;35&quot;, expectedResult: &quot;8&quot;, fileContent: &quot;16\r\n10\r\n15\r\n5\r\n1\r\n11\r\n7\r\n19\r\n6\r\n&quot;...)" computerName="LAPTOP-35RG0TO8" duration="00:00:00.0248557" startTime="2020-12-22T01:09:54.3602716+01:00" endTime="2020-12-22T01:09:54.3602718+01:00" testType="13cdc9d9-ddb5-4fa4-a97d-d965ccfc6d4b" outcome="Passed" testListId="8c84fa94-04c1-424b-9868-57a2d4851a1d" relativeResultsDirectory="ef475765-27e1-4378-8401-4b77f41e8264" />
    <UnitTestResult executionId="0f0f803c-9d7c-473b-a01c-c612e52da2b7" testId="821db9cf-a5c7-f686-a035-a78be04f731f" testName="_2020.Tests.Days.Day16Tests.Part1_pack(testCaseName: &quot;example2&quot;, expectedResult: &quot;0&quot;, _: &quot;1716&quot;, fileContent: &quot;departure class: 0-1 or 4-19\r\ndeparture row: 0-5&quot;...)" computerName="LAPTOP-35RG0TO8" duration="00:00:00.0000541" startTime="2020-12-22T01:09:54.3224380+01:00" endTime="2020-12-22T01:09:54.3224383+01:00" testType="13cdc9d9-ddb5-4fa4-a97d-d965ccfc6d4b" outcome="Passed" testListId="8c84fa94-04c1-424b-9868-57a2d4851a1d" relativeResultsDirectory="0f0f803c-9d7c-473b-a01c-c612e52da2b7" />
    <UnitTestResult executionId="c79463c2-31a7-4236-9dc6-ff52891c6a02" testId="6c059688-c465-f5a5-7144-0e70ce180f19" testName="_2020.Tests.Days.Day14Tests.Part1_pack(testCaseName: &quot;example2&quot;, expectedResult: &quot;51&quot;, _: &quot;208&quot;, fileContent: &quot;mask = 000000000000000000000000000000X1001X\r\nmem&quot;...)" computerName="LAPTOP-35RG0TO8" duration="00:00:00.0000868" startTime="2020-12-22T01:09:54.3574916+01:00" endTime="2020-12-22T01:09:54.3574919+01:00" testType="13cdc9d9-ddb5-4fa4-a97d-d965ccfc6d4b" outcome="Passed" testListId="8c84fa94-04c1-424b-9868-57a2d4851a1d" relativeResultsDirectory="c79463c2-31a7-4236-9dc6-ff52891c6a02" />
    <UnitTestResult executionId="4d2894da-adf7-4580-be83-532340e4dca9" testId="dce4b7c0-81f4-b41c-94b9-afb06d0ad99d" testName="_2020.Tests.Days.Day6Tests.Part1_pack(testCaseName: &quot;example1&quot;, expectedResult: &quot;11&quot;, _: &quot;6&quot;, fileContent: &quot;abc\r\n\r\na\r\nb\r\nc\r\n\r\nab\r\nac\r\n\r\na\r\&quot;...)" computerName="LAPTOP-35RG0TO8" duration="00:00:00.0000520" startTime="2020-12-22T01:09:54.3747910+01:00" endTime="2020-12-22T01:09:54.3747913+01:00" testType="13cdc9d9-ddb5-4fa4-a97d-d965ccfc6d4b" outcome="Passed" testListId="8c84fa94-04c1-424b-9868-57a2d4851a1d" relativeResultsDirectory="4d2894da-adf7-4580-be83-532340e4dca9" />
    <UnitTestResult executionId="6386fe64-7cfb-41cd-a487-f51b322345b0" testId="e1d927d7-1291-e12a-bf18-839c35a2f680" testName="_2020.Tests.Days.Day21Tests.Part2_Pack(testCaseName: &quot;puzzleexample&quot;, _: &quot;2176&quot;, expectedResult: &quot;lvv,xblchx,tr,gzvsg,jlsqx,fnntr,pmz,csqc&quot;, fileContent: &quot;hptqj nsmzxmb fzrl dqzqc lpdzt jlsqx hxppxj thfxd &quot;...)" computerName="LAPTOP-35RG0TO8" duration="00:00:00.0193128" startTime="2020-12-22T01:09:54.3399506+01:00" endTime="2020-12-22T01:09:54.3399517+01:00" testType="13cdc9d9-ddb5-4fa4-a97d-d965ccfc6d4b" outcome="Passed" testListId="8c84fa94-04c1-424b-9868-57a2d4851a1d" relativeResultsDirectory="6386fe64-7cfb-41cd-a487-f51b322345b0" />
    <UnitTestResult executionId="eb010621-87b9-4dd6-8653-563f4bc7ef86" testId="2c83aeec-41f1-c9e6-9c5b-7d5ecf29ccdd" testName="_2020.Tests.Days.Day15Tests.Part1_pack(testCaseName: &quot;example1&quot;, expectedResult: &quot;436&quot;, _: &quot;175594&quot;, fileContent: &quot;0,3,6&quot;)" computerName="LAPTOP-35RG0TO8" duration="00:00:00.0002637" startTime="2020-12-22T01:09:54.3693149+01:00" endTime="2020-12-22T01:09:54.3693154+01:00" testType="13cdc9d9-ddb5-4fa4-a97d-d965ccfc6d4b" outcome="Passed" testListId="8c84fa94-04c1-424b-9868-57a2d4851a1d" relativeResultsDirectory="eb010621-87b9-4dd6-8653-563f4bc7ef86" />
    <UnitTestResult executionId="1642ff90-86f2-431c-bab2-36229f955d44" testId="1bd4918e-984f-4b09-f089-8b165ff131a6" testName="_2020.Tests.Days.Day12Tests.Part2_Pack(testCaseName: &quot;puzzleinput&quot;, _: &quot;1565&quot;, expectedResult: &quot;78883&quot;, fileContent: &quot;E5\r\nR90\r\nE5\r\nL90\r\nF80\r\nL90\r\nE3\r\nN5\r&quot;...)" computerName="LAPTOP-35RG0TO8" duration="00:00:00.0135715" startTime="2020-12-22T01:09:54.2243154+01:00" endTime="2020-12-22T01:09:54.2244453+01:00" testType="13cdc9d9-ddb5-4fa4-a97d-d965ccfc6d4b" outcome="Passed" testListId="8c84fa94-04c1-424b-9868-57a2d4851a1d" relativeResultsDirectory="1642ff90-86f2-431c-bab2-36229f955d44" />
    <UnitTestResult executionId="9c894223-8d3f-4ee8-b8a9-3ff5240814cf" testId="db9d81cc-9f3b-68f2-2d29-410e4425b6d1" testName="_2020.Tests.Days.Day10Tests.Part2_Pack(testCaseName: &quot;example_small&quot;, _: &quot;12&quot;, expectedResult: &quot;4&quot;, fileContent: &quot;3\r\n4\r\n5\r\n8\r\n9\r\n10&quot;)" computerName="LAPTOP-35RG0TO8" duration="00:00:00.0000176" startTime="2020-12-22T01:09:54.3657519+01:00" endTime="2020-12-22T01:09:54.3657524+01:00" testType="13cdc9d9-ddb5-4fa4-a97d-d965ccfc6d4b" outcome="Passed" testListId="8c84fa94-04c1-424b-9868-57a2d4851a1d" relativeResultsDirectory="9c894223-8d3f-4ee8-b8a9-3ff5240814cf" />
    <UnitTestResult executionId="cab8b6db-8304-4eb0-89c0-5d1c177be2ea" testId="de8b5722-7c80-d4eb-b97c-ebe57717fb6c" testName="_2020.Tests.Days.Day5Tests.Part1_pack(testCaseName: &quot;example1&quot;, expectedResult: &quot;820&quot;, _: &quot;&quot;, fileContent: &quot;BFFFBBFRRR\r\nFFFBBBFRRR\r\nBBFFBBFRLL&quot;)" computerName="LAPTOP-35RG0TO8" duration="00:00:00.0000301" startTime="2020-12-22T01:09:54.3396549+01:00" endTime="2020-12-22T01:09:54.3396563+01:00" testType="13cdc9d9-ddb5-4fa4-a97d-d965ccfc6d4b" outcome="Passed" testListId="8c84fa94-04c1-424b-9868-57a2d4851a1d" relativeResultsDirectory="cab8b6db-8304-4eb0-89c0-5d1c177be2ea" />
    <UnitTestResult executionId="9caa6cf8-a803-444c-8634-3390a560711a" testId="ac5db98b-95ab-8428-6c0e-9c3d2b01381d" testName="_2020.Tests.Days.Day19Tests.Part1_pack(testCaseName: &quot;example&quot;, expectedResult: &quot;2&quot;, _: &quot;2&quot;, fileContent: &quot;0: 4 1 5\r\n1: 2 3 | 3 2\r\n2: 4 4 | 5 5\r\n3: 4 5&quot;...)" computerName="LAPTOP-35RG0TO8" duration="00:00:00.0020810" startTime="2020-12-22T01:09:54.3465994+01:00" endTime="2020-12-22T01:09:54.3466026+01:00" testType="13cdc9d9-ddb5-4fa4-a97d-d965ccfc6d4b" outcome="Passed" testListId="8c84fa94-04c1-424b-9868-57a2d4851a1d" relativeResultsDirectory="9caa6cf8-a803-444c-8634-3390a560711a" />
    <UnitTestResult executionId="d026e113-c1fa-4717-85d3-8ae6e08e53ba" testId="ac7e7db2-01de-f348-0757-1a5540553b98" testName="_2020.Tests.Days.Day15Tests.Part2_Pack(testCaseName: &quot;example5&quot;, _: &quot;78&quot;, expectedResult: &quot;6895259&quot;, fileContent: &quot;2,3,1&quot;)" computerName="LAPTOP-35RG0TO8" duration="00:00:06.3592492" startTime="2020-12-22T01:10:19.2945487+01:00" endTime="2020-12-22T01:10:19.2945551+01:00" testType="13cdc9d9-ddb5-4fa4-a97d-d965ccfc6d4b" outcome="Passed" testListId="8c84fa94-04c1-424b-9868-57a2d4851a1d" relativeResultsDirectory="d026e113-c1fa-4717-85d3-8ae6e08e53ba" />
    <UnitTestResult executionId="fe77bee8-e8fb-4ef4-b43b-217264010113" testId="8616f313-0874-0a03-7810-4f3d3de80c81" testName="_2020.Tests.Days.Day18Tests.Part2_Calculates_AsExpectedResult(testCase: &quot;5 + (8 * 3 + 9 + 3 * 4 * 3)&quot;, expectedResult: 1445)" computerName="LAPTOP-35RG0TO8" duration="00:00:00.0006541" startTime="2020-12-22T01:09:54.3011783+01:00" endTime="2020-12-22T01:09:54.3011789+01:00" testType="13cdc9d9-ddb5-4fa4-a97d-d965ccfc6d4b" outcome="Passed" testListId="8c84fa94-04c1-424b-9868-57a2d4851a1d" relativeResultsDirectory="fe77bee8-e8fb-4ef4-b43b-217264010113" />
    <UnitTestResult executionId="bf1b759b-643e-4cb5-bde5-3d4226afc5d4" testId="9b48be43-b6dc-ab4a-e9b5-a0f0a0083d37" testName="_2020.Tests.Days.Day3Tests.Move_Works(fileContent: &quot;...\r\n#..&quot;, coordinates: [0, 0, 0, 1], isTree: True)" computerName="LAPTOP-35RG0TO8" duration="00:00:00.0000111" startTime="2020-12-22T01:09:54.2918925+01:00" endTime="2020-12-22T01:09:54.2918932+01:00" testType="13cdc9d9-ddb5-4fa4-a97d-d965ccfc6d4b" outcome="Passed" testListId="8c84fa94-04c1-424b-9868-57a2d4851a1d" relativeResultsDirectory="bf1b759b-643e-4cb5-bde5-3d4226afc5d4" />
    <UnitTestResult executionId="a06405c9-c4b5-462d-bfd5-43f65fcf4b9f" testId="159d3ea9-44fc-4aaa-9da0-18c06a48805e" testName="_2020.Tests.Days.Day4Tests.Part2_Pack(testCaseName: &quot;valid&quot;, _: &quot;4&quot;, expectedResult: &quot;4&quot;, fileContent: &quot;pid:087499704 hgt:74in ecl:grn iyr:2012 eyr:2030 b&quot;...)" computerName="LAPTOP-35RG0TO8" duration="00:00:00.0037008" startTime="2020-12-22T01:09:54.3163546+01:00" endTime="2020-12-22T01:09:54.3163549+01:00" testType="13cdc9d9-ddb5-4fa4-a97d-d965ccfc6d4b" outcome="Passed" testListId="8c84fa94-04c1-424b-9868-57a2d4851a1d" relativeResultsDirectory="a06405c9-c4b5-462d-bfd5-43f65fcf4b9f" />
    <UnitTestResult executionId="115de9dc-ea15-4c10-8fc7-d2c80e3f049a" testId="0b60d97b-b22a-43f0-3b65-c801f8f15e8d" testName="_2020.Tests.Days.Day9Tests.Part2_Pack(testCaseName: &quot;puzzleinput&quot;, _: &quot;41682220&quot;, preamble: &quot;25&quot;, expectedResult: &quot;5388976&quot;, fileContent: &quot;23\r\n3\r\n36\r\n14\r\n50\r\n8\r\n2\r\n44\r\n30\r\&quot;...)" computerName="LAPTOP-35RG0TO8" duration="00:00:00.0055024" startTime="2020-12-22T01:09:54.3164260+01:00" endTime="2020-12-22T01:09:54.3164263+01:00" testType="13cdc9d9-ddb5-4fa4-a97d-d965ccfc6d4b" outcome="Passed" testListId="8c84fa94-04c1-424b-9868-57a2d4851a1d" relativeResultsDirectory="115de9dc-ea15-4c10-8fc7-d2c80e3f049a" />
    <UnitTestResult executionId="bc364e74-f9cd-4cb6-a31a-4cf0da44da95" testId="c1b39591-e148-1ede-3450-ca36e80a70b0" testName="_2020.Tests.Days.Day15Tests.Part2_Pack(testCaseName: &quot;example2&quot;, _: &quot;1&quot;, expectedResult: &quot;2578&quot;, fileContent: &quot;1,3,2&quot;)" computerName="LAPTOP-35RG0TO8" duration="00:00:05.9208968" startTime="2020-12-22T01:10:06.1807787+01:00" endTime="2020-12-22T01:10:06.1807900+01:00" testType="13cdc9d9-ddb5-4fa4-a97d-d965ccfc6d4b" outcome="Passed" testListId="8c84fa94-04c1-424b-9868-57a2d4851a1d" relativeResultsDirectory="bc364e74-f9cd-4cb6-a31a-4cf0da44da95" />
    <UnitTestResult executionId="978c3dc6-99ca-4bdb-81cb-3b64b8830230" testId="bdaba18c-2c59-04ae-e240-7ebf7e7a64fb" testName="_2020.Tests.Days.Day7Tests.Part2_Pack(testCaseName: &quot;puzzleinput&quot;, _: &quot;335&quot;, expectedResult: &quot;2431&quot;, fileContent: &quot;dim silver bags contain 3 posh fuchsia bags.\r\nwa&quot;...)" computerName="LAPTOP-35RG0TO8" duration="00:00:00.0337145" startTime="2020-12-22T01:09:54.3400823+01:00" endTime="2020-12-22T01:09:54.3400828+01:00" testType="13cdc9d9-ddb5-4fa4-a97d-d965ccfc6d4b" outcome="Passed" testListId="8c84fa94-04c1-424b-9868-57a2d4851a1d" relativeResultsDirectory="978c3dc6-99ca-4bdb-81cb-3b64b8830230" />
    <UnitTestResult executionId="5e794007-3bf5-44a9-b5b3-a61d4c0587ea" testId="844a928f-443a-c27a-8ee8-10b193eadc8b" testName="_2020.Tests.Days.Day7Tests.Part2_Pack(testCaseName: &quot;example2&quot;, _: &quot;&quot;, expectedResult: &quot;126&quot;, fileContent: &quot;shiny gold bags contain 2 dark red bags.\r\ndark r&quot;...)" computerName="LAPTOP-35RG0TO8" duration="00:00:00.0487990" startTime="2020-12-22T01:09:54.3162431+01:00" endTime="2020-12-22T01:09:54.3162435+01:00" testType="13cdc9d9-ddb5-4fa4-a97d-d965ccfc6d4b" outcome="Passed" testListId="8c84fa94-04c1-424b-9868-57a2d4851a1d" relativeResultsDirectory="5e794007-3bf5-44a9-b5b3-a61d4c0587ea" />
    <UnitTestResult executionId="e419d07f-1fac-46a7-8459-b791d21c39bb" testId="355791e2-453d-1a99-4de5-71823162968c" testName="_2020.Tests.Days.Day19Tests.Part2_Pack(testCaseName: &quot;example&quot;, _: &quot;2&quot;, expectedResult: &quot;2&quot;, fileContent: &quot;0: 4 1 5\r\n1: 2 3 | 3 2\r\n2: 4 4 | 5 5\r\n3: 4 5&quot;...)" computerName="LAPTOP-35RG0TO8" duration="00:00:00.0001979" startTime="2020-12-22T01:09:54.5377990+01:00" endTime="2020-12-22T01:09:54.5378000+01:00" testType="13cdc9d9-ddb5-4fa4-a97d-d965ccfc6d4b" outcome="Passed" testListId="8c84fa94-04c1-424b-9868-57a2d4851a1d" relativeResultsDirectory="e419d07f-1fac-46a7-8459-b791d21c39bb" />
    <UnitTestResult executionId="eb33dd30-e0f2-4142-b117-1fbf91701101" testId="f7e40ddb-a284-7426-9379-70e1c4cc7afa" testName="_2020.Tests.Days.Day12Tests.Part1_pack(testCaseName: &quot;puzzleinput&quot;, expectedResult: &quot;1565&quot;, _: &quot;78883&quot;, fileContent: &quot;E5\r\nR90\r\nE5\r\nL90\r\nF80\r\nL90\r\nE3\r\nN5\r&quot;...)" computerName="LAPTOP-35RG0TO8" duration="00:00:00.0019160" startTime="2020-12-22T01:09:54.3013337+01:00" endTime="2020-12-22T01:09:54.3013341+01:00" testType="13cdc9d9-ddb5-4fa4-a97d-d965ccfc6d4b" outcome="Passed" testListId="8c84fa94-04c1-424b-9868-57a2d4851a1d" relativeResultsDirectory="eb33dd30-e0f2-4142-b117-1fbf91701101" />
    <UnitTestResult executionId="adcc81d2-e625-49ba-9305-4455ea79a7f0" testId="4dc9e345-1e1c-7c56-ffd6-51f432d6c33b" testName="_2020.Tests.Days.Day9Tests.Part1_pack(testCaseName: &quot;example1&quot;, expectedResult: &quot;127&quot;, preamble: &quot;5&quot;, _: &quot;62&quot;, fileContent: &quot;35\r\n20\r\n15\r\n25\r\n47\r\n40\r\n62\r\n55\r\n65&quot;...)" computerName="LAPTOP-35RG0TO8" duration="00:00:00.0462796" startTime="2020-12-22T01:09:54.3085364+01:00" endTime="2020-12-22T01:09:54.3085368+01:00" testType="13cdc9d9-ddb5-4fa4-a97d-d965ccfc6d4b" outcome="Passed" testListId="8c84fa94-04c1-424b-9868-57a2d4851a1d" relativeResultsDirectory="adcc81d2-e625-49ba-9305-4455ea79a7f0" />
    <UnitTestResult executionId="053a8e72-bd8c-4424-bad9-809555dd6ef2" testId="26f20c36-20b3-9005-cb04-ee3276a58fd4" testName="_2020.Tests.Days.Day1Tests.Part1(lines: &quot;1753\r\n1976\r\n1574\r\n308\r\n1384\r\n1191\r\n173&quot;...)" computerName="LAPTOP-35RG0TO8" duration="00:00:00.0070725" startTime="2020-12-22T01:09:54.3083721+01:00" endTime="2020-12-22T01:09:54.3083727+01:00" testType="13cdc9d9-ddb5-4fa4-a97d-d965ccfc6d4b" outcome="Passed" testListId="8c84fa94-04c1-424b-9868-57a2d4851a1d" relativeResultsDirectory="053a8e72-bd8c-4424-bad9-809555dd6ef2">
      <Output>
        <StdOut>answer for part 1 is: 989824</StdOut>
      </Output>
    </UnitTestResult>
    <UnitTestResult executionId="16093926-5e2a-479a-935f-143a913328f2" testId="160b6563-2105-ca70-48f4-f9c0ddc5ea76" testName="_2020.Tests.Days.Day19Tests.Part1_pack(testCaseName: &quot;puzzleexample&quot;, expectedResult: &quot;147&quot;, _: &quot;263&quot;, fileContent: &quot;90: 86 86\r\n122: 86 1 | 99 20\r\n116: 86 58 | 99 &quot;...)" computerName="LAPTOP-35RG0TO8" duration="00:00:00.0831183" startTime="2020-12-22T01:09:54.3397751+01:00" endTime="2020-12-22T01:09:54.3397764+01:00" testType="13cdc9d9-ddb5-4fa4-a97d-d965ccfc6d4b" outcome="Passed" testListId="8c84fa94-04c1-424b-9868-57a2d4851a1d" relativeResultsDirectory="16093926-5e2a-479a-935f-143a913328f2" />
    <UnitTestResult executionId="e7623822-6ac0-4653-b56b-102377427f8b" testId="334e5607-9cdb-e672-5c7f-406da37d6d7e" testName="_2020.Tests.Days.Day18Tests.Part1_Calculates_AsExpectedResult(testCase: &quot;5 + (8 * 3 + 9 + 3 * 4 * 3)&quot;, expectedResult: 437)" computerName="LAPTOP-35RG0TO8" duration="00:00:00.0001537" startTime="2020-12-22T01:09:54.3225276+01:00" endTime="2020-12-22T01:09:54.3225279+01:00" testType="13cdc9d9-ddb5-4fa4-a97d-d965ccfc6d4b" outcome="Passed" testListId="8c84fa94-04c1-424b-9868-57a2d4851a1d" relativeResultsDirectory="e7623822-6ac0-4653-b56b-102377427f8b" />
    <UnitTestResult executionId="2b6ebc86-2262-41e1-b559-8b2544228fd1" testId="26e5e629-8263-4046-5e10-c84b3539586e" testName="_2020.Tests.Days.Day2Tests.Part2(fileContent: &quot;1-5 k: kkkkhkkkkkkkkkk\r\n5-7 k: blkqhtxfgktdkxzkk&quot;...)" computerName="LAPTOP-35RG0TO8" duration="00:00:00.0056891" startTime="2020-12-22T01:09:54.3082755+01:00" endTime="2020-12-22T01:09:54.3082767+01:00" testType="13cdc9d9-ddb5-4fa4-a97d-d965ccfc6d4b" outcome="Passed" testListId="8c84fa94-04c1-424b-9868-57a2d4851a1d" relativeResultsDirectory="2b6ebc86-2262-41e1-b559-8b2544228fd1">
      <Output>
        <StdOut>answer for part 2 is: 708</StdOut>
      </Output>
    </UnitTestResult>
    <UnitTestResult executionId="c2670bdd-c445-4e65-9b1c-da5f92989e27" testId="5d9c47dd-439e-67ac-b1d4-8dc742348d44" testName="_2020.Tests.Days.Day10Tests.Part1_pack(testCaseName: &quot;example2&quot;, expectedResult: &quot;220&quot;, _: &quot;19208&quot;, fileContent: &quot;28\r\n33\r\n18\r\n42\r\n31\r\n14\r\n46\r\n20\r\n48&quot;...)" computerName="LAPTOP-35RG0TO8" duration="00:00:00.0000433" startTime="2020-12-22T01:09:54.3570951+01:00" endTime="2020-12-22T01:09:54.3571134+01:00" testType="13cdc9d9-ddb5-4fa4-a97d-d965ccfc6d4b" outcome="Passed" testListId="8c84fa94-04c1-424b-9868-57a2d4851a1d" relativeResultsDirectory="c2670bdd-c445-4e65-9b1c-da5f92989e27" />
    <UnitTestResult executionId="66ae1fce-9b57-4022-bde4-dd9a99ca02d7" testId="4d95249a-c4ec-74a6-909c-c074eed39474" testName="_2020.Tests.Days.Day10Tests.Part1_pack(testCaseName: &quot;example1&quot;, expectedResult: &quot;35&quot;, _: &quot;8&quot;, fileContent: &quot;16\r\n10\r\n15\r\n5\r\n1\r\n11\r\n7\r\n19\r\n6\r\n&quot;...)" computerName="LAPTOP-35RG0TO8" duration="00:00:00.0378483" startTime="2020-12-22T01:09:54.3468991+01:00" endTime="2020-12-22T01:09:54.3468997+01:00" testType="13cdc9d9-ddb5-4fa4-a97d-d965ccfc6d4b" outcome="Passed" testListId="8c84fa94-04c1-424b-9868-57a2d4851a1d" relativeResultsDirectory="66ae1fce-9b57-4022-bde4-dd9a99ca02d7" />
    <UnitTestResult executionId="a52c2ab2-27d5-4e6d-a2e8-976000896e50" testId="5a6838e8-c034-4ac2-cf4a-650d8f91ee6f" testName="_2020.Tests.Days.Day15Tests.Part2_Pack(testCaseName: &quot;example1&quot;, _: &quot;436&quot;, expectedResult: &quot;175594&quot;, fileContent: &quot;0,3,6&quot;)" computerName="LAPTOP-35RG0TO8" duration="00:00:05.9397574" startTime="2020-12-22T01:10:00.2592914+01:00" endTime="2020-12-22T01:10:00.2593033+01:00" testType="13cdc9d9-ddb5-4fa4-a97d-d965ccfc6d4b" outcome="Passed" testListId="8c84fa94-04c1-424b-9868-57a2d4851a1d" relativeResultsDirectory="a52c2ab2-27d5-4e6d-a2e8-976000896e50" />
    <UnitTestResult executionId="c10c3db9-8f4f-461a-8636-6c1c46f8382c" testId="43631560-4363-7ae1-1dad-8677710aa43a" testName="_2020.Tests.Days.Day18Tests.Part2_Calculates_AsExpectedResult(testCase: &quot;1 + 2 * 3 + 4 * 5 + 6&quot;, expectedResult: 231)" computerName="LAPTOP-35RG0TO8" duration="00:00:00.0058280" startTime="2020-12-22T01:09:54.3161838+01:00" endTime="2020-12-22T01:09:54.3161849+01:00" testType="13cdc9d9-ddb5-4fa4-a97d-d965ccfc6d4b" outcome="Passed" testListId="8c84fa94-04c1-424b-9868-57a2d4851a1d" relativeResultsDirectory="c10c3db9-8f4f-461a-8636-6c1c46f8382c" />
    <UnitTestResult executionId="93a23f53-f430-4929-a885-ccaeb9ead4e3" testId="d950a7c4-72e5-0b34-aa9c-ed718050682b" testName="_2020.Tests.Days.Day15Tests.Part1_pack(testCaseName: &quot;example2&quot;, expectedResult: &quot;1&quot;, _: &quot;2578&quot;, fileContent: &quot;1,3,2&quot;)" computerName="LAPTOP-35RG0TO8" duration="00:00:00.0353380" startTime="2020-12-22T01:09:54.3658420+01:00" endTime="2020-12-22T01:09:54.3658424+01:00" testType="13cdc9d9-ddb5-4fa4-a97d-d965ccfc6d4b" outcome="Passed" testListId="8c84fa94-04c1-424b-9868-57a2d4851a1d" relativeResultsDirectory="93a23f53-f430-4929-a885-ccaeb9ead4e3" />
    <UnitTestResult executionId="388ddd3a-5ee4-4db0-ae5f-ccf740aa3b45" testId="69421f74-dab9-7682-2157-83ab4af72623" testName="_2020.Tests.Days.Day15Tests.Part2_Pack(testCaseName: &quot;example4&quot;, _: &quot;27&quot;, expectedResult: &quot;261214&quot;, fileContent: &quot;1,2,3&quot;)" computerName="LAPTOP-35RG0TO8" duration="00:00:04.0419368" startTime="2020-12-22T01:10:27.4343263+01:00" endTime="2020-12-22T01:10:27.4343332+01:00" testType="13cdc9d9-ddb5-4fa4-a97d-d965ccfc6d4b" outcome="Passed" testListId="8c84fa94-04c1-424b-9868-57a2d4851a1d" relativeResultsDirectory="388ddd3a-5ee4-4db0-ae5f-ccf740aa3b45" />
    <UnitTestResult executionId="79ab22a7-a6dd-4d34-ad63-81706413fffb" testId="a4cd1902-2540-f6fa-9160-be37d82d086c" testName="_2020.Tests.Days.Day21Tests.Part2_Pack(testCaseName: &quot;example&quot;, _: &quot;5&quot;, expectedResult: &quot;mxmxvkd,sqjhc,fvjkl&quot;, fileContent: &quot;mxmxvkd kfcds sqjhc nhms (contains dairy, fish)\r\&quot;...)" computerName="LAPTOP-35RG0TO8" duration="00:00:00.0655351" startTime="2020-12-22T01:09:54.3323410+01:00" endTime="2020-12-22T01:09:54.3323414+01:00" testType="13cdc9d9-ddb5-4fa4-a97d-d965ccfc6d4b" outcome="Passed" testListId="8c84fa94-04c1-424b-9868-57a2d4851a1d" relativeResultsDirectory="79ab22a7-a6dd-4d34-ad63-81706413fffb" />
    <UnitTestResult executionId="729a473c-f296-44b9-b3b9-8d2dc0eef06e" testId="32ed6bd8-e0af-dd5c-7f74-96ea03b7cf74" testName="_2020.Tests.Days.Day11Tests.Part2_Pack(testCaseName: &quot;example1&quot;, _: &quot;37&quot;, expectedResult: &quot;26&quot;, fileContent: &quot;L.LL.LL.LL\r\nLLLLLLL.LL\r\nL.L.L..L..\r\nLLLL.LL.&quot;...)" computerName="LAPTOP-35RG0TO8" duration="00:00:00.0433013" startTime="2020-12-22T01:09:54.3014413+01:00" endTime="2020-12-22T01:09:54.3014419+01:00" testType="13cdc9d9-ddb5-4fa4-a97d-d965ccfc6d4b" outcome="Passed" testListId="8c84fa94-04c1-424b-9868-57a2d4851a1d" relativeResultsDirectory="729a473c-f296-44b9-b3b9-8d2dc0eef06e" />
    <UnitTestResult executionId="d23bed64-c98e-4d76-9809-7412f89a73fe" testId="de2d88b7-cfd9-036b-e718-618c36e4686c" testName="_2020.Tests.Days.Day4Tests.Part2(fileContent: &quot;eyr:2027\r\nhcl:#602927\r\nhgt:186cm byr:1939 iyr:&quot;...)" computerName="LAPTOP-35RG0TO8" duration="00:00:00.0069400" startTime="2020-12-22T01:09:54.3324267+01:00" endTime="2020-12-22T01:09:54.3324270+01:00" testType="13cdc9d9-ddb5-4fa4-a97d-d965ccfc6d4b" outcome="Passed" testListId="8c84fa94-04c1-424b-9868-57a2d4851a1d" relativeResultsDirectory="d23bed64-c98e-4d76-9809-7412f89a73fe">
      <Output>
        <StdOut>answer for part 2 is: 194</StdOut>
      </Output>
    </UnitTestResult>
    <UnitTestResult executionId="525a4d97-0cb0-4162-9b7e-68e9eca6286e" testId="8aed83a5-1388-ee14-1e01-687801be888e" testName="_2020.Tests.Days.Day4Tests.Part1_pack(testCaseName: &quot;valid&quot;, expectedResult: &quot;4&quot;, _: &quot;4&quot;, fileContent: &quot;pid:087499704 hgt:74in ecl:grn iyr:2012 eyr:2030 b&quot;...)" computerName="LAPTOP-35RG0TO8" duration="00:00:00.0197134" startTime="2020-12-22T01:09:54.2398592+01:00" endTime="2020-12-22T01:09:54.2398658+01:00" testType="13cdc9d9-ddb5-4fa4-a97d-d965ccfc6d4b" outcome="Passed" testListId="8c84fa94-04c1-424b-9868-57a2d4851a1d" relativeResultsDirectory="525a4d97-0cb0-4162-9b7e-68e9eca6286e" />
    <UnitTestResult executionId="bf3fc7f7-15f3-41b1-8645-d251f0b93513" testId="04f07e51-e06f-f9ef-687e-27f8f50cd69c" testName="_2020.Tests.Days.Day10Tests.Part1_pack(testCaseName: &quot;example_small&quot;, expectedResult: &quot;12&quot;, _: &quot;4&quot;, fileContent: &quot;3\r\n4\r\n5\r\n8\r\n9\r\n10&quot;)" computerName="LAPTOP-35RG0TO8" duration="00:00:00.0002300" startTime="2020-12-22T01:09:54.3550744+01:00" endTime="2020-12-22T01:09:54.3550754+01:00" testType="13cdc9d9-ddb5-4fa4-a97d-d965ccfc6d4b" outcome="Passed" testListId="8c84fa94-04c1-424b-9868-57a2d4851a1d" relativeResultsDirectory="bf3fc7f7-15f3-41b1-8645-d251f0b93513" />
    <UnitTestResult executionId="21e9c222-77b1-49c3-a7d6-7ee6110ca2fb" testId="02be2eb2-b9b7-27e5-1198-908b3671a59d" testName="_2020.Tests.Days.Day16Tests.Part1_pack(testCaseName: &quot;puzzleinput&quot;, expectedResult: &quot;20060&quot;, _: &quot;1213906609901&quot;, fileContent: &quot;departure location: 37-594 or 615-952\r\ndeparture&quot;...)" computerName="LAPTOP-35RG0TO8" duration="00:00:00.0544132" startTime="2020-12-22T01:09:54.3222911+01:00" endTime="2020-12-22T01:09:54.3222914+01:00" testType="13cdc9d9-ddb5-4fa4-a97d-d965ccfc6d4b" outcome="Passed" testListId="8c84fa94-04c1-424b-9868-57a2d4851a1d" relativeResultsDirectory="21e9c222-77b1-49c3-a7d6-7ee6110ca2fb" />
    <UnitTestResult executionId="03479e95-afed-4ec3-b03d-6ee572fd3a96" testId="6c7ab625-d6dc-0b1e-f7ad-fc94ba9002b5" testName="_2020.Tests.Days.Day18Tests.Part1_Calculates_AsExpectedResult(testCase: &quot;1 + 2 * 3 + 4 * 5 + 6&quot;, expectedResult: 71)" computerName="LAPTOP-35RG0TO8" duration="00:00:00.0001188" startTime="2020-12-22T01:09:54.3225799+01:00" endTime="2020-12-22T01:09:54.3225803+01:00" testType="13cdc9d9-ddb5-4fa4-a97d-d965ccfc6d4b" outcome="Passed" testListId="8c84fa94-04c1-424b-9868-57a2d4851a1d" relativeResultsDirectory="03479e95-afed-4ec3-b03d-6ee572fd3a96" />
    <UnitTestResult executionId="81e8439c-9f2c-44e9-975d-59c0574c5507" testId="36215da0-52f5-a57a-5cb4-ff033b29d94a" testName="_2020.Tests.Days.Day16Tests.Part2_Pack(testCaseName: &quot;puzzleinput&quot;, _: &quot;20060&quot;, expectedResult: &quot;1213906609901&quot;, fileContent: &quot;departure location: 37-594 or 615-952\r\ndeparture&quot;...)" computerName="LAPTOP-35RG0TO8" duration="00:00:00.0073321" startTime="2020-12-22T01:09:54.3657992+01:00" endTime="2020-12-22T01:09:54.3657997+01:00" testType="13cdc9d9-ddb5-4fa4-a97d-d965ccfc6d4b" outcome="Passed" testListId="8c84fa94-04c1-424b-9868-57a2d4851a1d" relativeResultsDirectory="81e8439c-9f2c-44e9-975d-59c0574c5507" />
    <UnitTestResult executionId="e81017e8-f905-40fc-affc-a5cb3c146580" testId="c8eb35de-3806-7a84-c356-ef8a1ba0e171" testName="_2020.Tests.Days.Day14Tests.Part2_Pack(testCaseName: &quot;puzzleinput&quot;, _: &quot;13496669152158&quot;, expectedResult: &quot;3278997609887&quot;, fileContent: &quot;mask = 01111X0011X11110XX11X110111001X00001\r\nmem&quot;...)" computerName="LAPTOP-35RG0TO8" duration="00:00:00.4274823" startTime="2020-12-22T01:09:54.7177844+01:00" endTime="2020-12-22T01:09:54.7177872+01:00" testType="13cdc9d9-ddb5-4fa4-a97d-d965ccfc6d4b" outcome="Passed" testListId="8c84fa94-04c1-424b-9868-57a2d4851a1d" relativeResultsDirectory="e81017e8-f905-40fc-affc-a5cb3c146580" />
    <UnitTestResult executionId="6f72d13e-51a7-4d42-8cf3-937c6260492d" testId="ec5f10ca-3aba-60b0-6d4f-6390df8262d9" testName="_2020.Tests.Days.Day18Tests.Part2_Calculates_AsExpectedResult(testCase: &quot;2 * 3 + (4 * 5)&quot;, expectedResult: 46)" computerName="LAPTOP-35RG0TO8" duration="00:00:00.0036280" startTime="2020-12-22T01:09:54.3163075+01:00" endTime="2020-12-22T01:09:54.3163080+01:00" testType="13cdc9d9-ddb5-4fa4-a97d-d965ccfc6d4b" outcome="Passed" testListId="8c84fa94-04c1-424b-9868-57a2d4851a1d" relativeResultsDirectory="6f72d13e-51a7-4d42-8cf3-937c6260492d" />
    <UnitTestResult executionId="4672b3cf-43de-4885-86a5-fc0b4f2a4704" testId="e7fe6284-3fcb-b9cb-9a4e-f74cf392b140" testName="_2020.Tests.Days.Day3Tests.Part1_case3(fileContent: &quot;..##.......\r\n#...#...#..\r\n.#....#..#.\r\n..#.#&quot;...)" computerName="LAPTOP-35RG0TO8" duration="00:00:00.0035175" startTime="2020-12-22T01:09:54.3292932+01:00" endTime="2020-12-22T01:09:54.3292937+01:00" testType="13cdc9d9-ddb5-4fa4-a97d-d965ccfc6d4b" outcome="Passed" testListId="8c84fa94-04c1-424b-9868-57a2d4851a1d" relativeResultsDirectory="4672b3cf-43de-4885-86a5-fc0b4f2a4704" />
    <UnitTestResult executionId="bd5df32e-f014-4895-9cba-fe13c41e004b" testId="babf93f6-1c89-9c1d-499b-7212ab41b8fb" testName="_2020.Tests.Days.Day17Tests.Part2_Pack(testCaseName: &quot;example1&quot;, _: &quot;112&quot;, expectedResult: &quot;848&quot;, fileContent: &quot;.#.\r\n..#\r\n###&quot;)" computerName="LAPTOP-35RG0TO8" duration="00:00:06.0826380" startTime="2020-12-22T01:10:00.3242341+01:00" endTime="2020-12-22T01:10:00.3242437+01:00" testType="13cdc9d9-ddb5-4fa4-a97d-d965ccfc6d4b" outcome="Passed" testListId="8c84fa94-04c1-424b-9868-57a2d4851a1d" relativeResultsDirectory="bd5df32e-f014-4895-9cba-fe13c41e004b" />
    <UnitTestResult executionId="11768225-348c-4682-b019-8672d4eddf99" testId="d612b35d-eb74-c9d6-7c08-b6087fbf724b" testName="_2020.Tests.Days.Day13Tests.Part1_pack(testCaseName: &quot;puzzleinput&quot;, expectedResult: &quot;4135&quot;, _: &quot;640856202464541&quot;, fileContent: &quot;1011416\r\n41,x,x,x,x,x,x,x,x,x,x,x,x,x,x,x,x,x,x,&quot;...)" computerName="LAPTOP-35RG0TO8" duration="00:00:00.0163879" startTime="2020-12-22T01:09:54.3745932+01:00" endTime="2020-12-22T01:09:54.3745935+01:00" testType="13cdc9d9-ddb5-4fa4-a97d-d965ccfc6d4b" outcome="Passed" testListId="8c84fa94-04c1-424b-9868-57a2d4851a1d" relativeResultsDirectory="11768225-348c-4682-b019-8672d4eddf99" />
    <UnitTestResult executionId="e1357248-85f1-428e-985c-e46521e96030" testId="90af8466-2ea2-b30d-8b80-8f3acbcf1032" testName="_2020.Tests.Days.Day15Tests.Part1_pack(testCaseName: &quot;puzzleinput&quot;, expectedResult: &quot;700&quot;, _: &quot;51358&quot;, fileContent: &quot;6,3,15,13,1,0&quot;)" computerName="LAPTOP-35RG0TO8" duration="00:00:00.0004117" startTime="2020-12-22T01:09:54.3693778+01:00" endTime="2020-12-22T01:09:54.3693784+01:00" testType="13cdc9d9-ddb5-4fa4-a97d-d965ccfc6d4b" outcome="Passed" testListId="8c84fa94-04c1-424b-9868-57a2d4851a1d" relativeResultsDirectory="e1357248-85f1-428e-985c-e46521e96030" />
    <UnitTestResult executionId="927f5669-71d7-4e8c-999c-3f5f609b13db" testId="edfee89c-6991-817a-4b5f-507b7c5607c8" testName="_2020.Tests.Days.Day8Tests.Part1_pack(testCaseName: &quot;example1&quot;, expectedResult: &quot;5&quot;, _: &quot;8&quot;, fileContent: &quot;nop +0\r\nacc +1\r\njmp +4\r\nacc +3\r\njmp -3\r\n&quot;...)" computerName="LAPTOP-35RG0TO8" duration="00:00:00.0006789" startTime="2020-12-22T01:09:54.3463761+01:00" endTime="2020-12-22T01:09:54.3463776+01:00" testType="13cdc9d9-ddb5-4fa4-a97d-d965ccfc6d4b" outcome="Passed" testListId="8c84fa94-04c1-424b-9868-57a2d4851a1d" relativeResultsDirectory="927f5669-71d7-4e8c-999c-3f5f609b13db" />
    <UnitTestResult executionId="4eb7e333-9ca0-4334-ad80-5394113bc468" testId="31e4599a-6dad-6e73-df11-b7eddbe65212" testName="_2020.Tests.Days.Day17Tests.Part2_Pack(testCaseName: &quot;puzzleinput&quot;, _: &quot;338&quot;, expectedResult: &quot;2440&quot;, fileContent: &quot;.#.##..#\r\n....#.##\r\n##.###..\r\n.#.#.###\r\n#.&quot;...)" computerName="LAPTOP-35RG0TO8" duration="00:00:18.5594971" startTime="2020-12-22T01:10:18.8840603+01:00" endTime="2020-12-22T01:10:18.8840734+01:00" testType="13cdc9d9-ddb5-4fa4-a97d-d965ccfc6d4b" outcome="Passed" testListId="8c84fa94-04c1-424b-9868-57a2d4851a1d" relativeResultsDirectory="4eb7e333-9ca0-4334-ad80-5394113bc468" />
    <UnitTestResult executionId="b6483ed7-508d-45c0-a895-4346fc3f592a" testId="ea350fd8-4960-b90d-698c-7f319b46d10e" testName="_2020.Tests.Days.Day11Tests.Part1_pack(testCaseName: &quot;puzzleinput&quot;, expectedResult: &quot;2310&quot;, _: &quot;2074&quot;, fileContent: &quot;LLLLLLLLLL.LLLLLLLL.LLLLLLLLLLLLL.LLLLL.LLLL.LL.L.&quot;...)" computerName="LAPTOP-35RG0TO8" duration="00:00:01.3091384" startTime="2020-12-22T01:09:56.9007771+01:00" endTime="2020-12-22T01:09:56.9007891+01:00" testType="13cdc9d9-ddb5-4fa4-a97d-d965ccfc6d4b" outcome="Passed" testListId="8c84fa94-04c1-424b-9868-57a2d4851a1d" relativeResultsDirectory="b6483ed7-508d-45c0-a895-4346fc3f592a" />
    <UnitTestResult executionId="f7c0850d-e4e6-4e7b-8f47-9fff994bdf49" testId="2aa3cc9c-1e67-63fe-0e48-b59a2268710d" testName="_2020.Tests.Days.Day15Tests.Part1_pack(testCaseName: &quot;example3&quot;, expectedResult: &quot;10&quot;, _: &quot;3544142&quot;, fileContent: &quot;2,1,3&quot;)" computerName="LAPTOP-35RG0TO8" duration="00:00:00.0006257" startTime="2020-12-22T01:09:54.3744891+01:00" endTime="2020-12-22T01:09:54.3744902+01:00" testType="13cdc9d9-ddb5-4fa4-a97d-d965ccfc6d4b" outcome="Passed" testListId="8c84fa94-04c1-424b-9868-57a2d4851a1d" relativeResultsDirectory="f7c0850d-e4e6-4e7b-8f47-9fff994bdf49" />
    <UnitTestResult executionId="63171d2e-cff6-4b6c-b68d-16cdaeebaa35" testId="8146e86e-cd6b-cf36-e743-61cfc2778296" testName="_2020.Tests.Days.Day3Tests.Move_Works(fileContent: &quot;.......\r\n...X...\r\n......X&quot;, coordinates: [0, 0, 3, 1], isTree: False)" computerName="LAPTOP-35RG0TO8" duration="00:00:00.0000083" startTime="2020-12-22T01:09:54.2920713+01:00" endTime="2020-12-22T01:09:54.2920718+01:00" testType="13cdc9d9-ddb5-4fa4-a97d-d965ccfc6d4b" outcome="Passed" testListId="8c84fa94-04c1-424b-9868-57a2d4851a1d" relativeResultsDirectory="63171d2e-cff6-4b6c-b68d-16cdaeebaa35" />
    <UnitTestResult executionId="3775d1b8-9f68-47e3-a43b-bdfb5c2facc0" testId="7505053a-8388-b504-70a1-f4bcc9da9d25" testName="_2020.Tests.Days.Day4Tests.Part1_pack(testCaseName: &quot;invalid&quot;, expectedResult: &quot;4&quot;, _: &quot;0&quot;, fileContent: &quot;eyr:1972 cid:100\r\nhcl:#18171d ecl:amb hgt:170 pi&quot;...)" computerName="LAPTOP-35RG0TO8" duration="00:00:00.0000666" startTime="2020-12-22T01:09:54.2918150+01:00" endTime="2020-12-22T01:09:54.2918155+01:00" testType="13cdc9d9-ddb5-4fa4-a97d-d965ccfc6d4b" outcome="Passed" testListId="8c84fa94-04c1-424b-9868-57a2d4851a1d" relativeResultsDirectory="3775d1b8-9f68-47e3-a43b-bdfb5c2facc0" />
    <UnitTestResult executionId="f0e95273-0a79-4840-9aa7-0208d0c4579a" testId="16df4b72-a1be-7d8a-175c-1e6c5237fc4e" testName="_2020.Tests.Days.Day14Tests.Part1_pack(testCaseName: &quot;example1&quot;, expectedResult: &quot;165&quot;, _: &quot;&quot;, fileContent: &quot;mask = XXXXXXXXXXXXXXXXXXXXXXXXXXXXX1XXXX0X\r\nmem&quot;...)" computerName="LAPTOP-35RG0TO8" duration="00:00:00.0000546" startTime="2020-12-22T01:09:54.3576206+01:00" endTime="2020-12-22T01:09:54.3576220+01:00" testType="13cdc9d9-ddb5-4fa4-a97d-d965ccfc6d4b" outcome="Passed" testListId="8c84fa94-04c1-424b-9868-57a2d4851a1d" relativeResultsDirectory="f0e95273-0a79-4840-9aa7-0208d0c4579a" />
    <UnitTestResult executionId="0a6d097e-3481-44ba-a206-3822858a7258" testId="ef12b05a-db9c-a4d1-6bf6-f50fcc998ceb" testName="_2020.Tests.Days.Day15Tests.Part1_pack(testCaseName: &quot;example6&quot;, expectedResult: &quot;438&quot;, _: &quot;18&quot;, fileContent: &quot;3,2,1&quot;)" computerName="LAPTOP-35RG0TO8" duration="00:00:00.0003092" startTime="2020-12-22T01:09:54.3659486+01:00" endTime="2020-12-22T01:09:54.3659490+01:00" testType="13cdc9d9-ddb5-4fa4-a97d-d965ccfc6d4b" outcome="Passed" testListId="8c84fa94-04c1-424b-9868-57a2d4851a1d" relativeResultsDirectory="0a6d097e-3481-44ba-a206-3822858a7258" />
    <UnitTestResult executionId="1d1f26e6-ffbf-45e9-8e5f-062c4506fa05" testId="9d63c5ca-cd81-dfa2-45c3-bef99b47c927" testName="_2020.Tests.Days.Day3Tests.Part2_TC3(fileContent: &quot;..##.......\r\n#...#...#..\r\n.#....#..#.\r\n..#.#&quot;...)" computerName="LAPTOP-35RG0TO8" duration="00:00:00.0001688" startTime="2020-12-22T01:09:54.3321810+01:00" endTime="2020-12-22T01:09:54.3321815+01:00" testType="13cdc9d9-ddb5-4fa4-a97d-d965ccfc6d4b" outcome="Passed" testListId="8c84fa94-04c1-424b-9868-57a2d4851a1d" relativeResultsDirectory="1d1f26e6-ffbf-45e9-8e5f-062c4506fa05" />
    <UnitTestResult executionId="27e60742-f9bf-4dc3-8e51-64cab6263e3a" testId="bfaca6be-0b52-deae-c673-4467abedb8b9" testName="_2020.Tests.Days.Day18Tests.Part1_Calculates_AsExpectedResult(testCase: &quot;2 * 3 + (4 * 5)&quot;, expectedResult: 26)" computerName="LAPTOP-35RG0TO8" duration="00:00:00.0009452" startTime="2020-12-22T01:09:54.3165112+01:00" endTime="2020-12-22T01:09:54.3165115+01:00" testType="13cdc9d9-ddb5-4fa4-a97d-d965ccfc6d4b" outcome="Passed" testListId="8c84fa94-04c1-424b-9868-57a2d4851a1d" relativeResultsDirectory="27e60742-f9bf-4dc3-8e51-64cab6263e3a" />
    <UnitTestResult executionId="5a4aa063-c69f-4c8f-9157-e09d0eb49175" testId="c1bf15e1-6fa1-858b-9ba8-a53ccc8ed266" testName="_2020.Tests.Days.Day18Tests.Part2_Calculates_AsExpectedResult(testCase: &quot;((2 + 4 * 9) * (6 + 9 * 8 + 6) + 6) + 2 + 4 * 2&quot;, expectedResult: 23340)" computerName="LAPTOP-35RG0TO8" duration="00:00:00.0007512" startTime="2020-12-22T01:09:54.3013776+01:00" endTime="2020-12-22T01:09:54.3013782+01:00" testType="13cdc9d9-ddb5-4fa4-a97d-d965ccfc6d4b" outcome="Passed" testListId="8c84fa94-04c1-424b-9868-57a2d4851a1d" relativeResultsDirectory="5a4aa063-c69f-4c8f-9157-e09d0eb49175" />
    <UnitTestResult executionId="329794b3-bc89-4cec-8fc8-fe3a43bb0ab6" testId="7df7f244-2fd3-a955-75ef-80b7d924f8e2" testName="_2020.Tests.Days.Day14Tests.Part2_Pack(testCaseName: &quot;example2&quot;, _: &quot;51&quot;, expectedResult: &quot;208&quot;, fileContent: &quot;mask = 000000000000000000000000000000X1001X\r\nmem&quot;...)" computerName="LAPTOP-35RG0TO8" duration="00:00:00.0000597" startTime="2020-12-22T01:09:54.7178358+01:00" endTime="2020-12-22T01:09:54.7178359+01:00" testType="13cdc9d9-ddb5-4fa4-a97d-d965ccfc6d4b" outcome="Passed" testListId="8c84fa94-04c1-424b-9868-57a2d4851a1d" relativeResultsDirectory="329794b3-bc89-4cec-8fc8-fe3a43bb0ab6" />
    <UnitTestResult executionId="4737fe8c-d458-4dab-be64-604cc391f286" testId="375e425c-9b53-a326-01d6-888b92935a87" testName="_2020.Tests.Days.Day7Tests.Part1_pack(testCaseName: &quot;example1&quot;, expectedResult: &quot;4&quot;, _: &quot;&quot;, fileContent: &quot;light red bags contain 1 bright white bag, 2 muted&quot;...)" computerName="LAPTOP-35RG0TO8" duration="00:00:00.0002190" startTime="2020-12-22T01:09:54.3602185+01:00" endTime="2020-12-22T01:09:54.3602187+01:00" testType="13cdc9d9-ddb5-4fa4-a97d-d965ccfc6d4b" outcome="Passed" testListId="8c84fa94-04c1-424b-9868-57a2d4851a1d" relativeResultsDirectory="4737fe8c-d458-4dab-be64-604cc391f286" />
    <UnitTestResult executionId="8a8c3273-5c9f-46c2-9a5d-6faee65ce651" testId="136cf6b3-49e2-8bb0-486f-d1f9a3983f12" testName="_2020.Tests.Days.Day3Tests.Part1_case2(fileContent: &quot;...\r\n#..&quot;)" computerName="LAPTOP-35RG0TO8" duration="00:00:00.0073162" startTime="2020-12-22T01:09:54.3084432+01:00" endTime="2020-12-22T01:09:54.3084436+01:00" testType="13cdc9d9-ddb5-4fa4-a97d-d965ccfc6d4b" outcome="Passed" testListId="8c84fa94-04c1-424b-9868-57a2d4851a1d" relativeResultsDirectory="8a8c3273-5c9f-46c2-9a5d-6faee65ce651">
      <Output>
        <StdOut>answer for part 1 is: 1</StdOut>
      </Output>
    </UnitTestResult>
    <UnitTestResult executionId="97c4c3fa-4470-42e8-8f0e-64c0530d3b4c" testId="b9a0883d-021b-16e7-be90-275f6000cc9d" testName="_2020.Tests.Days.Day2Tests.Part1(fileContent: &quot;1-5 k: kkkkhkkkkkkkkkk\r\n5-7 k: blkqhtxfgktdkxzkk&quot;...)" computerName="LAPTOP-35RG0TO8" duration="00:00:00.0270471" startTime="2020-12-22T01:09:54.2431358+01:00" endTime="2020-12-22T01:09:54.2431376+01:00" testType="13cdc9d9-ddb5-4fa4-a97d-d965ccfc6d4b" outcome="Passed" testListId="8c84fa94-04c1-424b-9868-57a2d4851a1d" relativeResultsDirectory="97c4c3fa-4470-42e8-8f0e-64c0530d3b4c">
      <Output>
        <StdOut>answer for part 1 is: 519</StdOut>
      </Output>
    </UnitTestResult>
    <UnitTestResult executionId="e7fbc3a3-9a3f-498b-9c41-f2331c0d4402" testId="efa601cc-54d7-c236-5a09-1fc8039d2d61" testName="_2020.Tests.Days.Day21Tests.Part1_pack(testCaseName: &quot;example&quot;, expectedResult: &quot;5&quot;, _: &quot;mxmxvkd,sqjhc,fvjkl&quot;, fileContent: &quot;mxmxvkd kfcds sqjhc nhms (contains dairy, fish)\r\&quot;...)" computerName="LAPTOP-35RG0TO8" duration="00:00:00.0001119" startTime="2020-12-22T01:09:54.3600130+01:00" endTime="2020-12-22T01:09:54.3600137+01:00" testType="13cdc9d9-ddb5-4fa4-a97d-d965ccfc6d4b" outcome="Passed" testListId="8c84fa94-04c1-424b-9868-57a2d4851a1d" relativeResultsDirectory="e7fbc3a3-9a3f-498b-9c41-f2331c0d4402" />
    <UnitTestResult executionId="9f438624-0739-4517-b3cb-a021f09bfdec" testId="9e27424c-7bf4-a54a-a23f-62f6c33d62bb" testName="_2020.Tests.Days.Day3Tests.Part2(fileContent: &quot;.#.......#...........#.........\r\n..##.......#.#.&quot;...)" computerName="LAPTOP-35RG0TO8" duration="00:00:00.0143871" startTime="2020-12-22T01:09:54.3292110+01:00" endTime="2020-12-22T01:09:54.3292115+01:00" testType="13cdc9d9-ddb5-4fa4-a97d-d965ccfc6d4b" outcome="Passed" testListId="8c84fa94-04c1-424b-9868-57a2d4851a1d" relativeResultsDirectory="9f438624-0739-4517-b3cb-a021f09bfdec">
      <Output>
        <StdOut>answer for part 2 is: 1574890240</StdOut>
      </Output>
    </UnitTestResult>
    <UnitTestResult executionId="39d0ca67-8746-4fdb-bf7e-1b70be4f7b0a" testId="854f4902-0945-d06b-12ec-30d497dc6ec6" testName="_2020.Tests.Days.Day20Tests.Part2_Pack" computerName="LAPTOP-35RG0TO8" duration="00:00:00.0010000" startTime="2020-12-22T01:09:54.5127117+01:00" endTime="2020-12-22T01:09:54.5127137+01:00" testType="13cdc9d9-ddb5-4fa4-a97d-d965ccfc6d4b" outcome="NotExecuted" testListId="8c84fa94-04c1-424b-9868-57a2d4851a1d" relativeResultsDirectory="39d0ca67-8746-4fdb-bf7e-1b70be4f7b0a">
      <Output>
        <StdOut>Only running in interactive mode.</StdOut>
      </Output>
    </UnitTestResult>
    <UnitTestResult executionId="fda7f346-df92-401e-81a8-03fea066ea50" testId="db94a0d2-a22c-8314-89a3-1a38e815913a" testName="_2020.Tests.Days.Day1Tests.Part2(lines: &quot;1753\r\n1976\r\n1574\r\n308\r\n1384\r\n1191\r\n173&quot;...)" computerName="LAPTOP-35RG0TO8" duration="00:00:00.0218883" startTime="2020-12-22T01:09:54.2445344+01:00" endTime="2020-12-22T01:09:54.2445352+01:00" testType="13cdc9d9-ddb5-4fa4-a97d-d965ccfc6d4b" outcome="Passed" testListId="8c84fa94-04c1-424b-9868-57a2d4851a1d" relativeResultsDirectory="fda7f346-df92-401e-81a8-03fea066ea50" />
    <UnitTestResult executionId="61ea6a4f-51e3-4744-8610-6de177e0d4d3" testId="dffdb84d-1db1-5f4c-67d3-f3140d14b547" testName="_2020.Tests.Days.Day16Tests.Part2_Pack(testCaseName: &quot;example1&quot;, _: &quot;71&quot;, expectedResult: &quot;0&quot;, fileContent: &quot;class: 1-3 or 5-7\r\nrow: 6-11 or 33-44\r\nseat: 1&quot;...)" computerName="LAPTOP-35RG0TO8" duration="00:00:00.0002091" startTime="2020-12-22T01:09:54.3601787+01:00" endTime="2020-12-22T01:09:54.3601789+01:00" testType="13cdc9d9-ddb5-4fa4-a97d-d965ccfc6d4b" outcome="Passed" testListId="8c84fa94-04c1-424b-9868-57a2d4851a1d" relativeResultsDirectory="61ea6a4f-51e3-4744-8610-6de177e0d4d3" />
    <UnitTestResult executionId="d369ec2b-49e9-41b1-bc55-3cfd02a5552a" testId="4e787288-240c-d848-e3c2-d3a128fdd4ab" testName="_2020.Tests.Days.Day20Tests.Part1_example1(testCaseName: &quot;puzzleinput&quot;, expectedResult: &quot;2699020245973&quot;, _: &quot;263&quot;, fileContent: &quot;Tile 2729:\r\n.....#####\r\n##..##.#.#\r\n......#.&quot;...)" computerName="LAPTOP-35RG0TO8" duration="00:00:00.2342183" startTime="2020-12-22T01:09:54.5073189+01:00" endTime="2020-12-22T01:09:54.5073228+01:00" testType="13cdc9d9-ddb5-4fa4-a97d-d965ccfc6d4b" outcome="Passed" testListId="8c84fa94-04c1-424b-9868-57a2d4851a1d" relativeResultsDirectory="d369ec2b-49e9-41b1-bc55-3cfd02a5552a" />
    <UnitTestResult executionId="75a31264-fac1-4eb1-a72a-c86926db5a82" testId="6b95806a-569f-591e-33c5-cf371e97a169" testName="_2020.Tests.Days.Day7Tests.Part1_pack(testCaseName: &quot;puzzleinput&quot;, expectedResult: &quot;335&quot;, _: &quot;2431&quot;, fileContent: &quot;dim silver bags contain 3 posh fuchsia bags.\r\nwa&quot;...)" computerName="LAPTOP-35RG0TO8" duration="00:00:00.0296302" startTime="2020-12-22T01:09:54.3601383+01:00" endTime="2020-12-22T01:09:54.3601384+01:00" testType="13cdc9d9-ddb5-4fa4-a97d-d965ccfc6d4b" outcome="Passed" testListId="8c84fa94-04c1-424b-9868-57a2d4851a1d" relativeResultsDirectory="75a31264-fac1-4eb1-a72a-c86926db5a82" />
    <UnitTestResult executionId="b5d9db97-64c5-4955-a7c2-bdebfd19d599" testId="1f5e50cb-54fd-2c1d-5c96-c69e9c09c257" testName="_2020.Tests.Days.Day15Tests.Part2_Pack(testCaseName: &quot;puzzleinput&quot;, _: &quot;700&quot;, expectedResult: &quot;51358&quot;, fileContent: &quot;6,3,15,13,1,0&quot;)" computerName="LAPTOP-35RG0TO8" duration="00:00:03.9853138" startTime="2020-12-22T01:10:35.4834807+01:00" endTime="2020-12-22T01:10:35.4834886+01:00" testType="13cdc9d9-ddb5-4fa4-a97d-d965ccfc6d4b" outcome="Passed" testListId="8c84fa94-04c1-424b-9868-57a2d4851a1d" relativeResultsDirectory="b5d9db97-64c5-4955-a7c2-bdebfd19d599" />
    <UnitTestResult executionId="81bddfec-1260-45a8-8407-3b4c94cd3ef6" testId="b27c9020-e789-a65d-c36f-5611503fe0b7" testName="_2020.Tests.Days.Day8Tests.Part1_pack(testCaseName: &quot;puzzleinput&quot;, expectedResult: &quot;2051&quot;, _: &quot;2304&quot;, fileContent: &quot;jmp +583\r\nacc +9\r\njmp +525\r\njmp +302\r\njmp &quot;...)" computerName="LAPTOP-35RG0TO8" duration="00:00:00.0002299" startTime="2020-12-22T01:09:54.3464758+01:00" endTime="2020-12-22T01:09:54.3464765+01:00" testType="13cdc9d9-ddb5-4fa4-a97d-d965ccfc6d4b" outcome="Passed" testListId="8c84fa94-04c1-424b-9868-57a2d4851a1d" relativeResultsDirectory="81bddfec-1260-45a8-8407-3b4c94cd3ef6" />
    <UnitTestResult executionId="edd38f56-9abd-4796-844a-af55afcf4dbf" testId="9c6adfa0-dd3c-9e72-a127-4e1805362479" testName="_2020.Tests.Days.Day14Tests.Part1_pack(testCaseName: &quot;puzzleinput&quot;, expectedResult: &quot;13496669152158&quot;, _: &quot;3278997609887&quot;, fileContent: &quot;mask = 01111X0011X11110XX11X110111001X00001\r\nmem&quot;...)" computerName="LAPTOP-35RG0TO8" duration="00:00:00.0436615" startTime="2020-12-22T01:09:54.3573566+01:00" endTime="2020-12-22T01:09:54.3573569+01:00" testType="13cdc9d9-ddb5-4fa4-a97d-d965ccfc6d4b" outcome="Passed" testListId="8c84fa94-04c1-424b-9868-57a2d4851a1d" relativeResultsDirectory="edd38f56-9abd-4796-844a-af55afcf4dbf" />
    <UnitTestResult executionId="84ffc439-b4c6-4349-ab23-22349df96e99" testId="7deeee6f-5f68-e96c-55d2-19a70aab7c3d" testName="_2020.Tests.Days.Day3Tests.Move_Works(fileContent: &quot;.......\r\n...#...\r\n......#&quot;, coordinates: [3, 1, 6, 2], isTree: True)" computerName="LAPTOP-35RG0TO8" duration="00:00:00.0000477" startTime="2020-12-22T01:09:54.2917568+01:00" endTime="2020-12-22T01:09:54.2917581+01:00" testType="13cdc9d9-ddb5-4fa4-a97d-d965ccfc6d4b" outcome="Passed" testListId="8c84fa94-04c1-424b-9868-57a2d4851a1d" relativeResultsDirectory="84ffc439-b4c6-4349-ab23-22349df96e99" />
    <UnitTestResult executionId="8e28e5a0-b286-4466-8f81-4b4565a5db45" testId="6d960990-c3fd-9f28-bdad-0681fd0a7d6b" testName="_2020.Tests.Days.Day15Tests.Part2_Pack(testCaseName: &quot;example3&quot;, _: &quot;10&quot;, expectedResult: &quot;3544142&quot;, fileContent: &quot;2,1,3&quot;)" computerName="LAPTOP-35RG0TO8" duration="00:00:04.0631701" startTime="2020-12-22T01:10:31.4979035+01:00" endTime="2020-12-22T01:10:31.4979126+01:00" testType="13cdc9d9-ddb5-4fa4-a97d-d965ccfc6d4b" outcome="Passed" testListId="8c84fa94-04c1-424b-9868-57a2d4851a1d" relativeResultsDirectory="8e28e5a0-b286-4466-8f81-4b4565a5db45" />
    <UnitTestResult executionId="672af546-3ff4-4d65-89c5-94ab96965fce" testId="2cc010d6-e101-5b64-2847-d92eb3aca667" testName="_2020.Tests.Days.Day10Tests.Part2_Pack(testCaseName: &quot;puzzleinput&quot;, _: &quot;2059&quot;, expectedResult: &quot;86812553324672&quot;, fileContent: &quot;77\r\n58\r\n25\r\n92\r\n14\r\n154\r\n105\r\n112\r\&quot;...)" computerName="LAPTOP-35RG0TO8" duration="00:00:00.0000982" startTime="2020-12-22T01:09:54.3603042+01:00" endTime="2020-12-22T01:09:54.3603043+01:00" testType="13cdc9d9-ddb5-4fa4-a97d-d965ccfc6d4b" outcome="Passed" testListId="8c84fa94-04c1-424b-9868-57a2d4851a1d" relativeResultsDirectory="672af546-3ff4-4d65-89c5-94ab96965fce" />
    <UnitTestResult executionId="08a3b561-a4d3-41f3-b030-1fa18ce6536e" testId="0e0b30c5-6422-25c8-2172-d67c44a7d25d" testName="_2020.Tests.Days.Day10Tests.Part1_pack(testCaseName: &quot;puzzleinput&quot;, expectedResult: &quot;2059&quot;, _: &quot;86812553324672&quot;, fileContent: &quot;77\r\n58\r\n25\r\n92\r\n14\r\n154\r\n105\r\n112\r\&quot;...)" computerName="LAPTOP-35RG0TO8" duration="00:00:00.0000730" startTime="2020-12-22T01:09:54.3551704+01:00" endTime="2020-12-22T01:09:54.3551708+01:00" testType="13cdc9d9-ddb5-4fa4-a97d-d965ccfc6d4b" outcome="Passed" testListId="8c84fa94-04c1-424b-9868-57a2d4851a1d" relativeResultsDirectory="08a3b561-a4d3-41f3-b030-1fa18ce6536e" />
    <UnitTestResult executionId="9c36bb53-a79f-4286-8388-cbe21229fd57" testId="0bed3344-fa0a-42d1-498c-c81531501fe8" testName="_2020.Tests.Days.Day21Tests.Part1_pack(testCaseName: &quot;puzzleexample&quot;, expectedResult: &quot;2176&quot;, _: &quot;lvv,xblchx,tr,gzvsg,jlsqx,fnntr,pmz,csqc&quot;, fileContent: &quot;hptqj nsmzxmb fzrl dqzqc lpdzt jlsqx hxppxj thfxd &quot;...)" computerName="LAPTOP-35RG0TO8" duration="00:00:00.0208795" startTime="2020-12-22T01:09:54.3576900+01:00" endTime="2020-12-22T01:09:54.3576903+01:00" testType="13cdc9d9-ddb5-4fa4-a97d-d965ccfc6d4b" outcome="Passed" testListId="8c84fa94-04c1-424b-9868-57a2d4851a1d" relativeResultsDirectory="9c36bb53-a79f-4286-8388-cbe21229fd57" />
    <UnitTestResult executionId="5fc72b28-e460-404e-a798-6b70c3903a78" testId="d07cd30b-d230-d13b-93e4-5f93de4f56b2" testName="_2020.Tests.Days.Day12Tests.Part1_pack(testCaseName: &quot;example1&quot;, expectedResult: &quot;25&quot;, _: &quot;286&quot;, fileContent: &quot;F10\r\nN3\r\nF7\r\nR90\r\nF11&quot;)" computerName="LAPTOP-35RG0TO8" duration="00:00:00.0022905" startTime="2020-12-22T01:09:54.3010969+01:00" endTime="2020-12-22T01:09:54.3010979+01:00" testType="13cdc9d9-ddb5-4fa4-a97d-d965ccfc6d4b" outcome="Passed" testListId="8c84fa94-04c1-424b-9868-57a2d4851a1d" relativeResultsDirectory="5fc72b28-e460-404e-a798-6b70c3903a78" />
  </Results>
  <TestDefinitions>
    <UnitTest name="_2020.Tests.Days.Day9Tests.Part1_pack(testCaseName: &quot;example1&quot;, expectedResult: &quot;127&quot;, preamble: &quot;5&quot;, _: &quot;62&quot;, fileContent: &quot;35\r\n20\r\n15\r\n25\r\n47\r\n40\r\n62\r\n55\r\n65&quot;...)" storage="c:\workspace\github\adventofcode\2020.tests\bin\debug\netcoreapp3.1\2020.tests.dll" id="4dc9e345-1e1c-7c56-ffd6-51f432d6c33b">
      <Execution id="adcc81d2-e625-49ba-9305-4455ea79a7f0" />
      <TestMethod codeBase="C:\Workspace\GitHub\AdventOfCode\2020.Tests\bin\Debug\netcoreapp3.1\2020.Tests.dll" adapterTypeName="executor://xunit/VsTestRunner2/netcoreapp" className="_2020.Tests.Days.Day9Tests" name="Part1_pack" />
    </UnitTest>
    <UnitTest name="_2020.Tests.Days.Day7Tests.Part2_Pack(testCaseName: &quot;example2&quot;, _: &quot;&quot;, expectedResult: &quot;126&quot;, fileContent: &quot;shiny gold bags contain 2 dark red bags.\r\ndark r&quot;...)" storage="c:\workspace\github\adventofcode\2020.tests\bin\debug\netcoreapp3.1\2020.tests.dll" id="844a928f-443a-c27a-8ee8-10b193eadc8b">
      <Execution id="5e794007-3bf5-44a9-b5b3-a61d4c0587ea" />
      <TestMethod codeBase="C:\Workspace\GitHub\AdventOfCode\2020.Tests\bin\Debug\netcoreapp3.1\2020.Tests.dll" adapterTypeName="executor://xunit/VsTestRunner2/netcoreapp" className="_2020.Tests.Days.Day7Tests" name="Part2_Pack" />
    </UnitTest>
    <UnitTest name="_2020.Tests.Days.Day18Tests.Part2_Calculates_AsExpectedResult(testCase: &quot;5 + (8 * 3 + 9 + 3 * 4 * 3)&quot;, expectedResult: 1445)" storage="c:\workspace\github\adventofcode\2020.tests\bin\debug\netcoreapp3.1\2020.tests.dll" id="8616f313-0874-0a03-7810-4f3d3de80c81">
      <Execution id="fe77bee8-e8fb-4ef4-b43b-217264010113" />
      <TestMethod codeBase="C:\Workspace\GitHub\AdventOfCode\2020.Tests\bin\Debug\netcoreapp3.1\2020.Tests.dll" adapterTypeName="executor://xunit/VsTestRunner2/netcoreapp" className="_2020.Tests.Days.Day18Tests" name="Part2_Calculates_AsExpectedResult" />
    </UnitTest>
[...]
    <TestEntry testId="b75d5504-15c9-62e2-7727-b66d1b06fae6" executionId="a53a6b05-db6d-4727-960d-d1b1290be3a8" testListId="8c84fa94-04c1-424b-9868-57a2d4851a1d" />
    <TestEntry testId="90e894cc-e9f5-0b66-7327-41b15f453ed9" executionId="0a27824f-32bb-429e-bbb8-0cf1cceebe46" testListId="8c84fa94-04c1-424b-9868-57a2d4851a1d" />
    <TestEntry testId="4884422f-a201-6166-d234-44d86f6dd8d3" executionId="4f445ffc-c737-4745-85d2-8fa1ffcfd50e" testListId="8c84fa94-04c1-424b-9868-57a2d4851a1d" />
    <TestEntry testId="ead7075b-f824-edda-74c3-54f68b078b04" executionId="126c07a9-ffe4-4506-af8b-74a769afb2cb" testListId="8c84fa94-04c1-424b-9868-57a2d4851a1d" />
    <TestEntry testId="7e2b291f-4d36-b74a-6972-5466517a8596" executionId="036826d7-1a3d-4965-896f-0700f235ae26" testListId="8c84fa94-04c1-424b-9868-57a2d4851a1d" />
    <TestEntry testId="5670067d-1cf3-a96b-1c13-3fd4f02d341b" executionId="831c778b-a2fa-4d74-9cc8-05e45cdf2e43" testListId="8c84fa94-04c1-424b-9868-57a2d4851a1d" />
    <TestEntry testId="3313912d-5a78-642f-b1f1-ec6ce77d37ce" executionId="56255676-938d-4795-a3e4-abc517d070a0" testListId="8c84fa94-04c1-424b-9868-57a2d4851a1d" />
    <TestEntry testId="5e9fd67a-100d-f0f8-28f8-739d3a791929" executionId="932f47b7-2e08-497a-a7db-35f957c19347" testListId="8c84fa94-04c1-424b-9868-57a2d4851a1d" />
    <TestEntry testId="02ecd7ab-bcdf-e3ce-73c4-60d49e1f8cf1" executionId="75dd0d3b-de24-413b-ab4f-ad76b608d1b0" testListId="8c84fa94-04c1-424b-9868-57a2d4851a1d" />
    <TestEntry testId="9cf0cba5-172e-c153-e796-92c43fe8b799" executionId="33390278-0e0f-4ed4-9e00-448580d080cf" testListId="8c84fa94-04c1-424b-9868-57a2d4851a1d" />
    <TestEntry testId="59db20d0-347c-a453-444e-683e23e9a040" executionId="1ff3a6c2-8fa6-466e-a019-382d7caa5680" testListId="8c84fa94-04c1-424b-9868-57a2d4851a1d" />
    <TestEntry testId="2de34128-cf23-033a-0c60-b9a1ffa1dd89" executionId="16fab7c7-481a-403f-8a81-382a45c60dfa" testListId="8c84fa94-04c1-424b-9868-57a2d4851a1d" />
    <TestEntry testId="f628c761-3433-71e0-dc9a-7aeaf5162951" executionId="0c92718e-43e0-45e3-a4a2-82ead441b6d2" testListId="8c84fa94-04c1-424b-9868-57a2d4851a1d" />
    <TestEntry testId="99b22c00-0b2b-9e79-261c-dcb39b52aa8e" executionId="3b43baf3-4628-4877-88c8-0b2634be034f" testListId="8c84fa94-04c1-424b-9868-57a2d4851a1d" />
    <TestEntry testId="9f0ccaf6-c07d-b20e-be6b-7733f88e5aab" executionId="f3c46fb0-03b1-4e8d-9068-921604dfcfe9" testListId="8c84fa94-04c1-424b-9868-57a2d4851a1d" />
    <TestEntry testId="9fcb3a2b-27f0-5f22-0206-56c0549b9a84" executionId="18e5acf6-822c-4e09-89be-530e57f8f100" testListId="8c84fa94-04c1-424b-9868-57a2d4851a1d" />
    <TestEntry testId="0621e765-88ea-dc42-5665-bfda0b35c593" executionId="951925b6-b88d-43f4-a40f-0dcef17b629f" testListId="8c84fa94-04c1-424b-9868-57a2d4851a1d" />
    <TestEntry testId="0a2c2f88-73a7-a432-398b-2f86564fd773" executionId="1a918a05-b188-43bd-a12d-42b1257491c7" testListId="8c84fa94-04c1-424b-9868-57a2d4851a1d" />
    <TestEntry testId="67ca508f-a17c-3db3-c22c-394aa968c00c" executionId="9fddf1c8-edd3-4c14-a3c6-3f2da29c949e" testListId="8c84fa94-04c1-424b-9868-57a2d4851a1d" />
    <TestEntry testId="ec7478bc-4a20-3d74-98c7-efac9e3c0b10" executionId="dda0ad0e-d39d-4a1b-adc9-6435e18fceba" testListId="8c84fa94-04c1-424b-9868-57a2d4851a1d" />
    <TestEntry testId="b73fc7b5-5c4f-ce2b-029f-5099fc932df8" executionId="597b05c5-86da-4733-a157-3c612dd7ba1e" testListId="8c84fa94-04c1-424b-9868-57a2d4851a1d" />
    <TestEntry testId="de573764-ea0d-8509-05be-8709ab895a61" executionId="b18905bb-9375-49f3-9e63-bc7e421e5578" testListId="8c84fa94-04c1-424b-9868-57a2d4851a1d" />
    <TestEntry testId="21cf7987-0bbe-7998-2a6a-b62be16638fd" executionId="9eeff4bc-df87-4f23-960a-61d8d421cbb3" testListId="8c84fa94-04c1-424b-9868-57a2d4851a1d" />
    <TestEntry testId="0f9af31d-0f66-fa47-7811-06be3c347ad8" executionId="47fb96de-91bf-445a-909f-400d217e4d8f" testListId="8c84fa94-04c1-424b-9868-57a2d4851a1d" />
    <TestEntry testId="080b3b6b-2753-c9a6-9f1e-0b651fcd9c49" executionId="11a585b5-8cbf-42ae-874e-bdb105237d4d" testListId="8c84fa94-04c1-424b-9868-57a2d4851a1d" />
    <TestEntry testId="01c6738e-928f-12e9-002b-a3010d7f109b" executionId="76f6033b-a5ab-44cf-94fe-824763756739" testListId="8c84fa94-04c1-424b-9868-57a2d4851a1d" />
    <TestEntry testId="5cb521d9-b508-87d2-d6b3-9430721a3a5b" executionId="2db75f1f-8121-4f8b-a4be-3c66b9e2b0da" testListId="8c84fa94-04c1-424b-9868-57a2d4851a1d" />
    <TestEntry testId="0ae8165c-5db8-2151-c07c-655806764c15" executionId="81c9fe10-ea3f-4a60-8059-b6220cf28248" testListId="8c84fa94-04c1-424b-9868-57a2d4851a1d" />
    <TestEntry testId="3e8c6d43-8d09-84bb-a295-43059662202b" executionId="9bd35e68-5230-458c-8c27-acd37a740c03" testListId="8c84fa94-04c1-424b-9868-57a2d4851a1d" />
    <TestEntry testId="8bad9a6e-64b2-6364-8b28-5b3c61b85444" executionId="e7625876-b9db-419a-afdb-f6677b7f47ae" testListId="8c84fa94-04c1-424b-9868-57a2d4851a1d" />
    <TestEntry testId="f0d3000f-be7b-27df-36a0-5c04859590b9" executionId="535afeb3-13c6-4f7d-b1b6-c84ebbc92987" testListId="8c84fa94-04c1-424b-9868-57a2d4851a1d" />
    <TestEntry testId="56b8ecc6-4451-516f-e6ef-1f4a55f10fe8" executionId="13d1b2f3-b594-4999-aa98-bb0bbb553d0f" testListId="8c84fa94-04c1-424b-9868-57a2d4851a1d" />
    <TestEntry testId="fc6461b5-e450-3964-c0c6-8dde33d0fbf9" executionId="df608051-c531-4c7a-899c-a1ad41d08835" testListId="8c84fa94-04c1-424b-9868-57a2d4851a1d" />
    <TestEntry testId="e3b45518-8d0a-2cd6-89ed-a43178b94cdf" executionId="c6cd9a11-bda9-464f-bb47-3b0b154fa986" testListId="8c84fa94-04c1-424b-9868-57a2d4851a1d" />
    <TestEntry testId="f6865024-5e66-1a8c-8eaa-13d5eb300007" executionId="2b90f14d-b490-41aa-91cc-7d267b86a044" testListId="8c84fa94-04c1-424b-9868-57a2d4851a1d" />
    <TestEntry testId="216f5805-6dfd-d79f-4066-e2138129ea68" executionId="de4bc484-0933-42c4-aab2-c8a5c4b9144e" testListId="8c84fa94-04c1-424b-9868-57a2d4851a1d" />
    <TestEntry testId="2457c214-d49a-003d-4e5f-ffc3d1c0b075" executionId="d964c23d-db95-459a-8a47-9b09dfd76f18" testListId="8c84fa94-04c1-424b-9868-57a2d4851a1d" />
    <TestEntry testId="b2758025-0ea6-8920-1ed3-b47e23fd5591" executionId="ef475765-27e1-4378-8401-4b77f41e8264" testListId="8c84fa94-04c1-424b-9868-57a2d4851a1d" />
    <TestEntry testId="821db9cf-a5c7-f686-a035-a78be04f731f" executionId="0f0f803c-9d7c-473b-a01c-c612e52da2b7" testListId="8c84fa94-04c1-424b-9868-57a2d4851a1d" />
    <TestEntry testId="6c059688-c465-f5a5-7144-0e70ce180f19" executionId="c79463c2-31a7-4236-9dc6-ff52891c6a02" testListId="8c84fa94-04c1-424b-9868-57a2d4851a1d" />
    <TestEntry testId="dce4b7c0-81f4-b41c-94b9-afb06d0ad99d" executionId="4d2894da-adf7-4580-be83-532340e4dca9" testListId="8c84fa94-04c1-424b-9868-57a2d4851a1d" />
    <TestEntry testId="e1d927d7-1291-e12a-bf18-839c35a2f680" executionId="6386fe64-7cfb-41cd-a487-f51b322345b0" testListId="8c84fa94-04c1-424b-9868-57a2d4851a1d" />
    <TestEntry testId="2c83aeec-41f1-c9e6-9c5b-7d5ecf29ccdd" executionId="eb010621-87b9-4dd6-8653-563f4bc7ef86" testListId="8c84fa94-04c1-424b-9868-57a2d4851a1d" />
    <TestEntry testId="1bd4918e-984f-4b09-f089-8b165ff131a6" executionId="1642ff90-86f2-431c-bab2-36229f955d44" testListId="8c84fa94-04c1-424b-9868-57a2d4851a1d" />
    <TestEntry testId="db9d81cc-9f3b-68f2-2d29-410e4425b6d1" executionId="9c894223-8d3f-4ee8-b8a9-3ff5240814cf" testListId="8c84fa94-04c1-424b-9868-57a2d4851a1d" />
    <TestEntry testId="de8b5722-7c80-d4eb-b97c-ebe57717fb6c" executionId="cab8b6db-8304-4eb0-89c0-5d1c177be2ea" testListId="8c84fa94-04c1-424b-9868-57a2d4851a1d" />
    <TestEntry testId="ac5db98b-95ab-8428-6c0e-9c3d2b01381d" executionId="9caa6cf8-a803-444c-8634-3390a560711a" testListId="8c84fa94-04c1-424b-9868-57a2d4851a1d" />
    <TestEntry testId="ac7e7db2-01de-f348-0757-1a5540553b98" executionId="d026e113-c1fa-4717-85d3-8ae6e08e53ba" testListId="8c84fa94-04c1-424b-9868-57a2d4851a1d" />
    <TestEntry testId="8616f313-0874-0a03-7810-4f3d3de80c81" executionId="fe77bee8-e8fb-4ef4-b43b-217264010113" testListId="8c84fa94-04c1-424b-9868-57a2d4851a1d" />
    <TestEntry testId="9b48be43-b6dc-ab4a-e9b5-a0f0a0083d37" executionId="bf1b759b-643e-4cb5-bde5-3d4226afc5d4" testListId="8c84fa94-04c1-424b-9868-57a2d4851a1d" />
    <TestEntry testId="159d3ea9-44fc-4aaa-9da0-18c06a48805e" executionId="a06405c9-c4b5-462d-bfd5-43f65fcf4b9f" testListId="8c84fa94-04c1-424b-9868-57a2d4851a1d" />
    <TestEntry testId="0b60d97b-b22a-43f0-3b65-c801f8f15e8d" executionId="115de9dc-ea15-4c10-8fc7-d2c80e3f049a" testListId="8c84fa94-04c1-424b-9868-57a2d4851a1d" />
    <TestEntry testId="c1b39591-e148-1ede-3450-ca36e80a70b0" executionId="bc364e74-f9cd-4cb6-a31a-4cf0da44da95" testListId="8c84fa94-04c1-424b-9868-57a2d4851a1d" />
    <TestEntry testId="bdaba18c-2c59-04ae-e240-7ebf7e7a64fb" executionId="978c3dc6-99ca-4bdb-81cb-3b64b8830230" testListId="8c84fa94-04c1-424b-9868-57a2d4851a1d" />
    <TestEntry testId="844a928f-443a-c27a-8ee8-10b193eadc8b" executionId="5e794007-3bf5-44a9-b5b3-a61d4c0587ea" testListId="8c84fa94-04c1-424b-9868-57a2d4851a1d" />
    <TestEntry testId="355791e2-453d-1a99-4de5-71823162968c" executionId="e419d07f-1fac-46a7-8459-b791d21c39bb" testListId="8c84fa94-04c1-424b-9868-57a2d4851a1d" />
    <TestEntry testId="f7e40ddb-a284-7426-9379-70e1c4cc7afa" executionId="eb33dd30-e0f2-4142-b117-1fbf91701101" testListId="8c84fa94-04c1-424b-9868-57a2d4851a1d" />
    <TestEntry testId="4dc9e345-1e1c-7c56-ffd6-51f432d6c33b" executionId="adcc81d2-e625-49ba-9305-4455ea79a7f0" testListId="8c84fa94-04c1-424b-9868-57a2d4851a1d" />
    <TestEntry testId="26f20c36-20b3-9005-cb04-ee3276a58fd4" executionId="053a8e72-bd8c-4424-bad9-809555dd6ef2" testListId="8c84fa94-04c1-424b-9868-57a2d4851a1d" />
    <TestEntry testId="160b6563-2105-ca70-48f4-f9c0ddc5ea76" executionId="16093926-5e2a-479a-935f-143a913328f2" testListId="8c84fa94-04c1-424b-9868-57a2d4851a1d" />
    <TestEntry testId="334e5607-9cdb-e672-5c7f-406da37d6d7e" executionId="e7623822-6ac0-4653-b56b-102377427f8b" testListId="8c84fa94-04c1-424b-9868-57a2d4851a1d" />
    <TestEntry testId="26e5e629-8263-4046-5e10-c84b3539586e" executionId="2b6ebc86-2262-41e1-b559-8b2544228fd1" testListId="8c84fa94-04c1-424b-9868-57a2d4851a1d" />
    <TestEntry testId="5d9c47dd-439e-67ac-b1d4-8dc742348d44" executionId="c2670bdd-c445-4e65-9b1c-da5f92989e27" testListId="8c84fa94-04c1-424b-9868-57a2d4851a1d" />
    <TestEntry testId="4d95249a-c4ec-74a6-909c-c074eed39474" executionId="66ae1fce-9b57-4022-bde4-dd9a99ca02d7" testListId="8c84fa94-04c1-424b-9868-57a2d4851a1d" />
    <TestEntry testId="5a6838e8-c034-4ac2-cf4a-650d8f91ee6f" executionId="a52c2ab2-27d5-4e6d-a2e8-976000896e50" testListId="8c84fa94-04c1-424b-9868-57a2d4851a1d" />
    <TestEntry testId="43631560-4363-7ae1-1dad-8677710aa43a" executionId="c10c3db9-8f4f-461a-8636-6c1c46f8382c" testListId="8c84fa94-04c1-424b-9868-57a2d4851a1d" />
    <TestEntry testId="d950a7c4-72e5-0b34-aa9c-ed718050682b" executionId="93a23f53-f430-4929-a885-ccaeb9ead4e3" testListId="8c84fa94-04c1-424b-9868-57a2d4851a1d" />
    <TestEntry testId="69421f74-dab9-7682-2157-83ab4af72623" executionId="388ddd3a-5ee4-4db0-ae5f-ccf740aa3b45" testListId="8c84fa94-04c1-424b-9868-57a2d4851a1d" />
    <TestEntry testId="a4cd1902-2540-f6fa-9160-be37d82d086c" executionId="79ab22a7-a6dd-4d34-ad63-81706413fffb" testListId="8c84fa94-04c1-424b-9868-57a2d4851a1d" />
    <TestEntry testId="32ed6bd8-e0af-dd5c-7f74-96ea03b7cf74" executionId="729a473c-f296-44b9-b3b9-8d2dc0eef06e" testListId="8c84fa94-04c1-424b-9868-57a2d4851a1d" />
    <TestEntry testId="de2d88b7-cfd9-036b-e718-618c36e4686c" executionId="d23bed64-c98e-4d76-9809-7412f89a73fe" testListId="8c84fa94-04c1-424b-9868-57a2d4851a1d" />
    <TestEntry testId="8aed83a5-1388-ee14-1e01-687801be888e" executionId="525a4d97-0cb0-4162-9b7e-68e9eca6286e" testListId="8c84fa94-04c1-424b-9868-57a2d4851a1d" />
    <TestEntry testId="04f07e51-e06f-f9ef-687e-27f8f50cd69c" executionId="bf3fc7f7-15f3-41b1-8645-d251f0b93513" testListId="8c84fa94-04c1-424b-9868-57a2d4851a1d" />
    <TestEntry testId="02be2eb2-b9b7-27e5-1198-908b3671a59d" executionId="21e9c222-77b1-49c3-a7d6-7ee6110ca2fb" testListId="8c84fa94-04c1-424b-9868-57a2d4851a1d" />
    <TestEntry testId="6c7ab625-d6dc-0b1e-f7ad-fc94ba9002b5" executionId="03479e95-afed-4ec3-b03d-6ee572fd3a96" testListId="8c84fa94-04c1-424b-9868-57a2d4851a1d" />
    <TestEntry testId="36215da0-52f5-a57a-5cb4-ff033b29d94a" executionId="81e8439c-9f2c-44e9-975d-59c0574c5507" testListId="8c84fa94-04c1-424b-9868-57a2d4851a1d" />
    <TestEntry testId="c8eb35de-3806-7a84-c356-ef8a1ba0e171" executionId="e81017e8-f905-40fc-affc-a5cb3c146580" testListId="8c84fa94-04c1-424b-9868-57a2d4851a1d" />
    <TestEntry testId="ec5f10ca-3aba-60b0-6d4f-6390df8262d9" executionId="6f72d13e-51a7-4d42-8cf3-937c6260492d" testListId="8c84fa94-04c1-424b-9868-57a2d4851a1d" />
    <TestEntry testId="e7fe6284-3fcb-b9cb-9a4e-f74cf392b140" executionId="4672b3cf-43de-4885-86a5-fc0b4f2a4704" testListId="8c84fa94-04c1-424b-9868-57a2d4851a1d" />
    <TestEntry testId="babf93f6-1c89-9c1d-499b-7212ab41b8fb" executionId="bd5df32e-f014-4895-9cba-fe13c41e004b" testListId="8c84fa94-04c1-424b-9868-57a2d4851a1d" />
    <TestEntry testId="d612b35d-eb74-c9d6-7c08-b6087fbf724b" executionId="11768225-348c-4682-b019-8672d4eddf99" testListId="8c84fa94-04c1-424b-9868-57a2d4851a1d" />
    <TestEntry testId="90af8466-2ea2-b30d-8b80-8f3acbcf1032" executionId="e1357248-85f1-428e-985c-e46521e96030" testListId="8c84fa94-04c1-424b-9868-57a2d4851a1d" />
    <TestEntry testId="edfee89c-6991-817a-4b5f-507b7c5607c8" executionId="927f5669-71d7-4e8c-999c-3f5f609b13db" testListId="8c84fa94-04c1-424b-9868-57a2d4851a1d" />
    <TestEntry testId="31e4599a-6dad-6e73-df11-b7eddbe65212" executionId="4eb7e333-9ca0-4334-ad80-5394113bc468" testListId="8c84fa94-04c1-424b-9868-57a2d4851a1d" />
    <TestEntry testId="ea350fd8-4960-b90d-698c-7f319b46d10e" executionId="b6483ed7-508d-45c0-a895-4346fc3f592a" testListId="8c84fa94-04c1-424b-9868-57a2d4851a1d" />
    <TestEntry testId="2aa3cc9c-1e67-63fe-0e48-b59a2268710d" executionId="f7c0850d-e4e6-4e7b-8f47-9fff994bdf49" testListId="8c84fa94-04c1-424b-9868-57a2d4851a1d" />
    <TestEntry testId="8146e86e-cd6b-cf36-e743-61cfc2778296" executionId="63171d2e-cff6-4b6c-b68d-16cdaeebaa35" testListId="8c84fa94-04c1-424b-9868-57a2d4851a1d" />
    <TestEntry testId="7505053a-8388-b504-70a1-f4bcc9da9d25" executionId="3775d1b8-9f68-47e3-a43b-bdfb5c2facc0" testListId="8c84fa94-04c1-424b-9868-57a2d4851a1d" />
    <TestEntry testId="16df4b72-a1be-7d8a-175c-1e6c5237fc4e" executionId="f0e95273-0a79-4840-9aa7-0208d0c4579a" testListId="8c84fa94-04c1-424b-9868-57a2d4851a1d" />
    <TestEntry testId="ef12b05a-db9c-a4d1-6bf6-f50fcc998ceb" executionId="0a6d097e-3481-44ba-a206-3822858a7258" testListId="8c84fa94-04c1-424b-9868-57a2d4851a1d" />
    <TestEntry testId="9d63c5ca-cd81-dfa2-45c3-bef99b47c927" executionId="1d1f26e6-ffbf-45e9-8e5f-062c4506fa05" testListId="8c84fa94-04c1-424b-9868-57a2d4851a1d" />
    <TestEntry testId="bfaca6be-0b52-deae-c673-4467abedb8b9" executionId="27e60742-f9bf-4dc3-8e51-64cab6263e3a" testListId="8c84fa94-04c1-424b-9868-57a2d4851a1d" />
    <TestEntry testId="c1bf15e1-6fa1-858b-9ba8-a53ccc8ed266" executionId="5a4aa063-c69f-4c8f-9157-e09d0eb49175" testListId="8c84fa94-04c1-424b-9868-57a2d4851a1d" />
    <TestEntry testId="7df7f244-2fd3-a955-75ef-80b7d924f8e2" executionId="329794b3-bc89-4cec-8fc8-fe3a43bb0ab6" testListId="8c84fa94-04c1-424b-9868-57a2d4851a1d" />
    <TestEntry testId="375e425c-9b53-a326-01d6-888b92935a87" executionId="4737fe8c-d458-4dab-be64-604cc391f286" testListId="8c84fa94-04c1-424b-9868-57a2d4851a1d" />
    <TestEntry testId="136cf6b3-49e2-8bb0-486f-d1f9a3983f12" executionId="8a8c3273-5c9f-46c2-9a5d-6faee65ce651" testListId="8c84fa94-04c1-424b-9868-57a2d4851a1d" />
    <TestEntry testId="b9a0883d-021b-16e7-be90-275f6000cc9d" executionId="97c4c3fa-4470-42e8-8f0e-64c0530d3b4c" testListId="8c84fa94-04c1-424b-9868-57a2d4851a1d" />
    <TestEntry testId="efa601cc-54d7-c236-5a09-1fc8039d2d61" executionId="e7fbc3a3-9a3f-498b-9c41-f2331c0d4402" testListId="8c84fa94-04c1-424b-9868-57a2d4851a1d" />
    <TestEntry testId="9e27424c-7bf4-a54a-a23f-62f6c33d62bb" executionId="9f438624-0739-4517-b3cb-a021f09bfdec" testListId="8c84fa94-04c1-424b-9868-57a2d4851a1d" />
    <TestEntry testId="854f4902-0945-d06b-12ec-30d497dc6ec6" executionId="39d0ca67-8746-4fdb-bf7e-1b70be4f7b0a" testListId="8c84fa94-04c1-424b-9868-57a2d4851a1d" />
    <TestEntry testId="db94a0d2-a22c-8314-89a3-1a38e815913a" executionId="fda7f346-df92-401e-81a8-03fea066ea50" testListId="8c84fa94-04c1-424b-9868-57a2d4851a1d" />
    <TestEntry testId="dffdb84d-1db1-5f4c-67d3-f3140d14b547" executionId="61ea6a4f-51e3-4744-8610-6de177e0d4d3" testListId="8c84fa94-04c1-424b-9868-57a2d4851a1d" />
    <TestEntry testId="4e787288-240c-d848-e3c2-d3a128fdd4ab" executionId="d369ec2b-49e9-41b1-bc55-3cfd02a5552a" testListId="8c84fa94-04c1-424b-9868-57a2d4851a1d" />
    <TestEntry testId="6b95806a-569f-591e-33c5-cf371e97a169" executionId="75a31264-fac1-4eb1-a72a-c86926db5a82" testListId="8c84fa94-04c1-424b-9868-57a2d4851a1d" />
    <TestEntry testId="1f5e50cb-54fd-2c1d-5c96-c69e9c09c257" executionId="b5d9db97-64c5-4955-a7c2-bdebfd19d599" testListId="8c84fa94-04c1-424b-9868-57a2d4851a1d" />
    <TestEntry testId="b27c9020-e789-a65d-c36f-5611503fe0b7" executionId="81bddfec-1260-45a8-8407-3b4c94cd3ef6" testListId="8c84fa94-04c1-424b-9868-57a2d4851a1d" />
    <TestEntry testId="9c6adfa0-dd3c-9e72-a127-4e1805362479" executionId="edd38f56-9abd-4796-844a-af55afcf4dbf" testListId="8c84fa94-04c1-424b-9868-57a2d4851a1d" />
    <TestEntry testId="7deeee6f-5f68-e96c-55d2-19a70aab7c3d" executionId="84ffc439-b4c6-4349-ab23-22349df96e99" testListId="8c84fa94-04c1-424b-9868-57a2d4851a1d" />
    <TestEntry testId="6d960990-c3fd-9f28-bdad-0681fd0a7d6b" executionId="8e28e5a0-b286-4466-8f81-4b4565a5db45" testListId="8c84fa94-04c1-424b-9868-57a2d4851a1d" />
    <TestEntry testId="2cc010d6-e101-5b64-2847-d92eb3aca667" executionId="672af546-3ff4-4d65-89c5-94ab96965fce" testListId="8c84fa94-04c1-424b-9868-57a2d4851a1d" />
    <TestEntry testId="0e0b30c5-6422-25c8-2172-d67c44a7d25d" executionId="08a3b561-a4d3-41f3-b030-1fa18ce6536e" testListId="8c84fa94-04c1-424b-9868-57a2d4851a1d" />
    <TestEntry testId="0bed3344-fa0a-42d1-498c-c81531501fe8" executionId="9c36bb53-a79f-4286-8388-cbe21229fd57" testListId="8c84fa94-04c1-424b-9868-57a2d4851a1d" />
    <TestEntry testId="d07cd30b-d230-d13b-93e4-5f93de4f56b2" executionId="5fc72b28-e460-404e-a798-6b70c3903a78" testListId="8c84fa94-04c1-424b-9868-57a2d4851a1d" />
  </TestEntries>
  <TestLists>
    <TestList name="Wyniki, których nie ma na liście" id="8c84fa94-04c1-424b-9868-57a2d4851a1d" />
    <TestList name="Wszystkie załadowane wyniki" id="19431567-8539-422a-85d7-44ee4e166bda" />
  </TestLists>
  <ResultSummary outcome="Completed">
    <Counters total="119" executed="118" passed="118" failed="0" error="0" timeout="0" aborted="0" inconclusive="0" passedButRunAborted="0" notRunnable="0" notExecuted="0" disconnected="0" warning="0" completed="0" inProgress="0" pending="0" />
    <Output>
      <StdOut>[xUnit.net 00:00:00.00] xUnit.net VSTest Adapter v2.4.3+1b45f5407b (64-bit .NET Core 3.1.10)&#xD;
[xUnit.net 00:00:00.35]   Discovering: 2020.Tests&#xD;
[xUnit.net 00:00:00.47]   Discovered:  2020.Tests&#xD;
[xUnit.net 00:00:00.47]   Starting:    2020.Tests&#xD;
[xUnit.net 00:00:00.87]       Only running in interactive mode.&#xD;
Test „_2020.Tests.Days.Day20Tests.Part2_Pack” został pominięty w przebiegu testu.&#xD;
[xUnit.net 00:00:41.84]   Finished:    2020.Tests&#xD;
</StdOut>
    </Output>
    <RunInfos>
      <RunInfo computerName="LAPTOP-35RG0TO8" outcome="Warning" timestamp="2020-12-22T01:09:54.5121673+01:00">
        <Text>[xUnit.net 00:00:00.87]     _2020.Tests.Days.Day20Tests.Part2_Pack [SKIP]</Text>
      </RunInfo>
    </RunInfos>
  </ResultSummary>
</TestRun>